<?xml version="1.0" encoding="UTF-8"?>
<TestSuite Name="[Laser Printer] Full Horizon Basic Duplex TC">
  <StartTime>
2022-03-23 15:18:29
</StartTime>
  <TestCase Name="Driver Version">
    <StartTime>
2022-03-23 15:18:29
</StartTime>
    <Repeat RepeatCount="1">
      <StartTime>
2022-03-23 15:18:29
</StartTime>
      <Loop LoopCount="1">
        <StartTime>
2022-03-23 15:18:29
</StartTime>
        <Statement StatementName="Destination_Selection_Application.Destination Selection_DriverVersion">
          <StartTime>
2022-03-23 15:18:29
</StartTime>
          <StartTime>
2022-03-23 15:18:29
</StartTime>
          <Statement StatementName="Hallasan.Open File For Print (C:\GFriend_PotG\Potg_Driver\PotG Testfile\YMC_DriverVersion.pdf,HP Smart Printing)">
            <StartTime>
2022-03-23 15:18:29
</StartTime>
            <Result>
Fail
</Result>
            <ErrorDescription>
Fail to click printer selection
</ErrorDescription>
            <EndTime>
2022-03-23 15:18:47
</EndTime>
          </Statement>
          <Statement StatementName="Hallasan.Get Driver Window(HP Smart Printing)">
            <StartTime>
2022-03-23 15:18:47
</StartTime>
            <Result>
Pass
</Result>
            <EndTime>
2022-03-23 15:18:47
</EndTime>
          </Statement>
          <Statement StatementName="Windows.Wait For Name (HP Smart Printing,30)">
            <StartTime>
2022-03-23 15:18:47
</StartTime>
            <Result>
Pass
</Result>
            <EndTime>
2022-03-23 15:18:47
</EndTime>
          </Statement>
          <Statement StatementName="Sleep(6)">
            <StartTime>
2022-03-23 15:18:47
</StartTime>
            <Result>
Pass
</Result>
            <EndTime>
2022-03-23 15:18:53
</EndTime>
          </Statement>
          <Result>
Fail
</Result>
          <EndTime>
2022-03-23 15:18:53
</EndTime>
          <Result>
Fail
</Result>
          <EndTime>
2022-03-23 15:18:53
</EndTime>
        </Statement>
        <Statement StatementName="Used_Destination_Selection_Function.not Used Destination Selection Function">
          <StartTime>
2022-03-23 15:18:53
</StartTime>
          <StartTime>
2022-03-23 15:18:53
</StartTime>
          <Result>
Pass
</Result>
          <EndTime>
2022-03-23 15:18:53
</EndTime>
          <Result>
Pass
</Result>
          <EndTime>
2022-03-23 15:18:53
</EndTime>
        </Statement>
        <Statement StatementName="Windows.Wait For ID (AboutButton,15)">
          <StartTime>
2022-03-23 15:18:53
</StartTime>
          <Result>
Fail
</Result>
          <ErrorDescription>
Can not find element with given automation ID : AboutButton
</ErrorDescription>
          <ScreenShot>
.\Windows_Screenshot_220323_15185330.png
</ScreenShot>
          <AdditionalInfo>
System.Windows.Automation.ElementNotAvailableException: Element not available ---&gt; System.Runtime.InteropServices.COMException: An event was unable to invoke any of the subscribers (Exception from HRESULT: 0x80040201)
   at UIAutomationClient.IUIAutomationElement.GetCurrentPropertyValueEx(Int32 propertyId, Int32 ignoreDefaultValue)
   at System.Windows.Automation.AutomationElement.GetCurrentPropertyValue(AutomationProperty property, Boolean ignoreDefaultValue)
   --- End of inner exception stack trace ---
   at System.Windows.Automation.AutomationElement.GetCurrentPropertyValue(AutomationProperty property, Boolean ignoreDefaultValue)
   at System.Windows.Automation.AutomationElement.GetCurrentPropertyValue(AutomationProperty property)
   at System.Windows.Automation.AutomationElement.GetPropertyValue(AutomationProperty property, Boolean cached)
   at System.Windows.Automation.AutomationElement.AutomationElementInformation.get_ProcessId()
   at HP.GFriend.Keywords.Windows.SelectElement(AutomationElement rootElement, Condition condition, TimeSpan timeOut, TreeScope scope) in C:\Jenkins\workspace\Build_And_Release_GFriend_Official\GFLibraries\GFK.Windows\Windows.cs:line 134
   at HP.GFriend.Keywords.Windows.WaitForId(String automationId, String timeoutInSec) in C:\Jenkins\workspace\Build_And_Release_GFriend_Official\GFLibraries\GFK.Windows\Windows.cs:line 1011
</AdditionalInfo>
          <EndTime>
2022-03-23 15:18:53
</EndTime>
        </Statement>
        <Statement StatementName="Windows.Click ID(AboutButton)">
          <StartTime>
2022-03-23 15:18:53
</StartTime>
          <Result>
Fail
</Result>
          <ErrorDescription>
Can not find element with given automation ID : AboutButton
</ErrorDescription>
          <ScreenShot>
.\Windows_Screenshot_220323_15185763.png
</ScreenShot>
          <EndTime>
2022-03-23 15:18:57
</EndTime>
        </Statement>
        <Statement StatementName="Sleep(5)">
          <StartTime>
2022-03-23 15:18:57
</StartTime>
          <Result>
Pass
</Result>
          <EndTime>
2022-03-23 15:19:02
</EndTime>
        </Statement>
        <Statement StatementName="Windows.Capture Screen Shot(Capture.jpg)">
          <StartTime>
2022-03-23 15:19:02
</StartTime>
          <Result>
Pass
</Result>
          <ScreenShot>
.\Windows_Screenshot_220323_15190271.png
</ScreenShot>
          <EndTime>
2022-03-23 15:19:02
</EndTime>
        </Statement>
        <Statement StatementName="Sleep(5)">
          <StartTime>
2022-03-23 15:19:02
</StartTime>
          <Result>
Pass
</Result>
          <EndTime>
2022-03-23 15:19:07
</EndTime>
        </Statement>
        <Statement StatementName="Hallasan.Confirm">
          <StartTime>
2022-03-23 15:19:07
</StartTime>
          <Result>
Pass
</Result>
          <EndTime>
2022-03-23 15:19:10
</EndTime>
        </Statement>
        <Statement StatementName="Sleep(5)">
          <StartTime>
2022-03-23 15:19:10
</StartTime>
          <Result>
Pass
</Result>
          <EndTime>
2022-03-23 15:19:15
</EndTime>
        </Statement>
        <Statement StatementName="Click_Print_Button.Print">
          <StartTime>
2022-03-23 15:19:15
</StartTime>
          <StartTime>
2022-03-23 15:19:15
</StartTime>
          <Statement StatementName="Hallasan.Click Print Button">
            <StartTime>
2022-03-23 15:19:15
</StartTime>
            <Result>
Error
</Result>
            <ErrorDescription>
Error during click print button
</ErrorDescription>
            <AdditionalInfo>
System.NullReferenceException: Object reference not set to an instance of an object.
   at HP.GFriend.Keywords.ApplicationUtils.ClickPrintButtonInAcrobatReader(Windows windowsController) in C:\Jenkins\workspace\Build_And_Release_GFriend_Official\GFLibraries\GFK.Windows\ApplicationUtils.cs:line 398
   at HP.GFriend.Keywords.Windows.ClickPrintButton() in C:\Jenkins\workspace\Build_And_Release_GFriend_Official\GFLibraries\GFK.Windows\Windows.cs:line 935
</AdditionalInfo>
            <EndTime>
2022-03-23 15:19:22
</EndTime>
          </Statement>
          <Statement StatementName="Sleep(20)">
            <StartTime>
2022-03-23 15:19:22
</StartTime>
            <Result>
Pass
</Result>
            <EndTime>
2022-03-23 15:19:42
</EndTime>
          </Statement>
          <If Condition=" Hallasan.Close Application">
            <StartTime>
2022-03-23 15:19:42
</StartTime>
            <ConditionResult>
ERROR
</ConditionResult>
            <ErrorDescription>
Error during close
</ErrorDescription>
            <StatementBlock Kind="ERROR">
              <StartTime>
2022-03-23 15:19:42
</StartTime>
              <Block>
                <StartTime>
2022-03-23 15:19:42
</StartTime>
                <Result>
PASS
</Result>
                <EndTime>
2022-03-23 15:19:42
</EndTime>
              </Block>
              <EndTime>
2022-03-23 15:19:42
</EndTime>
              <Result>
PASS
</Result>
            </StatementBlock>
            <Result>
PASS
</Result>
            <EndTime>
2022-03-23 15:19:42
</EndTime>
          </If>
          <Statement StatementName="Sleep(20)">
            <StartTime>
2022-03-23 15:19:42
</StartTime>
            <Result>
Pass
</Result>
            <EndTime>
2022-03-23 15:20:02
</EndTime>
          </Statement>
          <Result>
Error
</Result>
          <EndTime>
2022-03-23 15:20:02
</EndTime>
          <Result>
Error
</Result>
          <EndTime>
2022-03-23 15:20:02
</EndTime>
        </Statement>
        <Statement StatementName="Destination_Selection_Application.PT Value_DriverVersion">
          <StartTime>
2022-03-23 15:20:02
</StartTime>
          <StartTime>
2022-03-23 15:20:02
</StartTime>
          <Statement StatementName="XML.Load From File (C:\temp\H_JobSetup_OutPT.xml)">
            <StartTime>
2022-03-23 15:20:02
</StartTime>
            <Result>
Pass
</Result>
            <EndTime>
2022-03-23 15:20:02
</EndTime>
          </Statement>
          <Statement StatementName="XML.Get Attribute (${value},//*[@name='ns0000:JobTelemetryUserOption']/psf:Option,name)">
            <StartTime>
2022-03-23 15:20:02
</StartTime>
            <Result>
Pass
</Result>
            <Output>
ns0000:OptOut
</Output>
            <EndTime>
2022-03-23 15:20:02
</EndTime>
          </Statement>
          <Statement StatementName="Equals (${value},ns0000:OptOut)">
            <StartTime>
2022-03-23 15:20:02
</StartTime>
            <Result>
Pass
</Result>
            <EndTime>
2022-03-23 15:20:02
</EndTime>
          </Statement>
          <Statement StatementName="Run Command(cmd /c copy c:\temp\H_JobSetup_OutPT.xml &quot;${OUTPUT_FOLDER}&quot;,${commandOutput},5)">
            <StartTime>
2022-03-23 15:20:02
</StartTime>
            <Result>
Pass
</Result>
            <Output>
        1 file(s) copied.

</Output>
            <EndTime>
2022-03-23 15:20:02
</EndTime>
          </Statement>
          <Result>
Pass
</Result>
          <EndTime>
2022-03-23 15:20:02
</EndTime>
          <Result>
Pass
</Result>
          <EndTime>
2022-03-23 15:20:02
</EndTime>
        </Statement>
        <Result>
ERROR
</Result>
        <EndTime>
2022-03-23 15:20:02
</EndTime>
      </Loop>
      <Result>
ERROR
</Result>
      <EndTime>
2022-03-23 15:20:02
</EndTime>
    </Repeat>
    <Result>
ERROR
</Result>
    <EndTime>
2022-03-23 15:20:02
</EndTime>
  </TestCase>
  <EndTime>
2022-03-23 15:20:02
</EndTime>
</TestSuite>