<?xml version="1.0" encoding="UTF-8"?>
<TestSuite Name="PSA_Moreto">
  <StartTime>
2024-07-25 15:30:10
</StartTime>
  <TestCase Name="17. NUP_2UP_RightBottom">
    <StartTime>
2024-07-25 15:30:10
</StartTime>
    <Statement StatementName="Destination_Selection_PSA_Application.Destination Selection_2UP_RightBottom_PSA">
      <StartTime>
2024-07-25 15:30:10
</StartTime>
      <StartTime>
2024-07-25 15:30:10
</StartTime>
      <Statement StatementName="Hallasan.Open File For Print (C:\GFriend_PotG\Potg_Driver\PotG Testfile\YMC_2UP_RightBottom.pdf,HP_PrintSupport_App)">
        <StartTime>
2024-07-25 15:30:10
</StartTime>
        <Result>
Pass
</Result>
        <EndTime>
2024-07-25 15:30:43
</EndTime>
      </Statement>
      <Statement StatementName="Windows.Wait For Name (HP_PrintSupport_App,20)">
        <StartTime>
2024-07-25 15:30:43
</StartTime>
        <Result>
Pass
</Result>
        <EndTime>
2024-07-25 15:30:43
</EndTime>
      </Statement>
      <Statement StatementName="Sleep(6)">
        <StartTime>
2024-07-25 15:30:43
</StartTime>
        <Result>
Pass
</Result>
        <EndTime>
2024-07-25 15:30:49
</EndTime>
      </Statement>
      <Result>
PASS
</Result>
      <EndTime>
2024-07-25 15:30:49
</EndTime>
      <Result>
Pass
</Result>
      <EndTime>
2024-07-25 15:30:49
</EndTime>
    </Statement>
    <Statement StatementName="Used_Destination_Selection_Function.not Used Destination Selection Function">
      <StartTime>
2024-07-25 15:30:49
</StartTime>
      <StartTime>
2024-07-25 15:30:49
</StartTime>
      <Result>
PASS
</Result>
      <EndTime>
2024-07-25 15:30:49
</EndTime>
      <Result>
Pass
</Result>
      <EndTime>
2024-07-25 15:30:49
</EndTime>
    </Statement>
    <Statement StatementName="Destination_Selection_PSA_Application.Expections_Error">
      <StartTime>
2024-07-25 15:30:49
</StartTime>
      <StartTime>
2024-07-25 15:30:49
</StartTime>
      <Statement StatementName="Windows.Capture Full Screen (SS)">
        <StartTime>
2024-07-25 15:30:49
</StartTime>
        <Result>
Pass
</Result>
        <ScreenShot>
.\Windows_Screenshot_240725_15304934.png
</ScreenShot>
        <EndTime>
2024-07-25 15:30:49
</EndTime>
      </Statement>
      <If Condition=" Windows.Select Child Window With Title (HP_PrintSupport_App,5)">
        <StartTime>
2024-07-25 15:30:49
</StartTime>
        <ConditionResult>
FAIL
</ConditionResult>
        <ErrorDescription>
Can not find target application
</ErrorDescription>
        <ScreenShot>
.\Windows_Screenshot_240725_15305454.png
</ScreenShot>
        <StatementBlock Kind="FAIL">
          <StartTime>
2024-07-25 15:30:54
</StartTime>
          <Block>
            <StartTime>
2024-07-25 15:30:54
</StartTime>
            <Statement StatementName="Pass (Childpop was not displayed)">
              <StartTime>
2024-07-25 15:30:54
</StartTime>
              <Result>
Pass
</Result>
              <Output>
Childpop was not displayed
</Output>
              <EndTime>
2024-07-25 15:30:54
</EndTime>
            </Statement>
            <Result>
PASS
</Result>
            <EndTime>
2024-07-25 15:30:54
</EndTime>
          </Block>
          <EndTime>
2024-07-25 15:30:54
</EndTime>
          <Result>
PASS
</Result>
        </StatementBlock>
        <Result>
PASS
</Result>
        <EndTime>
2024-07-25 15:30:54
</EndTime>
      </If>
      <Statement StatementName="Windows.Capture Full Screen (SSS)">
        <StartTime>
2024-07-25 15:30:54
</StartTime>
        <Result>
Pass
</Result>
        <ScreenShot>
.\Windows_Screenshot_240725_15305465.png
</ScreenShot>
        <EndTime>
2024-07-25 15:30:54
</EndTime>
      </Statement>
      <If Condition=" Windows.Select Application (HP_PrintSupport_App,5)">
        <StartTime>
2024-07-25 15:30:54
</StartTime>
        <ConditionResult>
FAIL
</ConditionResult>
        <ErrorDescription>
Can not find target application
</ErrorDescription>
        <ScreenShot>
.\Windows_Screenshot_240725_15310011.png
</ScreenShot>
        <StatementBlock Kind="FAIL">
          <StartTime>
2024-07-25 15:31:00
</StartTime>
          <Block>
            <StartTime>
2024-07-25 15:31:00
</StartTime>
            <Statement StatementName="Pass (Childpop was not displayed)">
              <StartTime>
2024-07-25 15:31:00
</StartTime>
              <Result>
Pass
</Result>
              <Output>
Childpop was not displayed
</Output>
              <EndTime>
2024-07-25 15:31:00
</EndTime>
            </Statement>
            <Result>
PASS
</Result>
            <EndTime>
2024-07-25 15:31:00
</EndTime>
          </Block>
          <EndTime>
2024-07-25 15:31:00
</EndTime>
          <Result>
PASS
</Result>
        </StatementBlock>
        <Result>
PASS
</Result>
        <EndTime>
2024-07-25 15:31:00
</EndTime>
      </If>
      <Result>
PASS
</Result>
      <EndTime>
2024-07-25 15:31:00
</EndTime>
      <Result>
Pass
</Result>
      <EndTime>
2024-07-25 15:31:00
</EndTime>
    </Statement>
    <Statement StatementName="Windows.Wait For ID (Part.DocumentNUp,5)">
      <StartTime>
2024-07-25 15:31:00
</StartTime>
      <Result>
Pass
</Result>
      <EndTime>
2024-07-25 15:31:00
</EndTime>
    </Statement>
    <Statement StatementName="Windows.Click ID With Mouse (Part.DocumentNUp)">
      <StartTime>
2024-07-25 15:31:00
</StartTime>
      <Result>
Pass
</Result>
      <EndTime>
2024-07-25 15:31:00
</EndTime>
    </Statement>
    <Statement StatementName="Windows.Wait For Name (2 pages per sheet,5)">
      <StartTime>
2024-07-25 15:31:00
</StartTime>
      <Result>
Pass
</Result>
      <EndTime>
2024-07-25 15:31:01
</EndTime>
    </Statement>
    <Statement StatementName="Windows.Click Name (2 pages per sheet)">
      <StartTime>
2024-07-25 15:31:01
</StartTime>
      <Result>
Pass
</Result>
      <EndTime>
2024-07-25 15:31:01
</EndTime>
    </Statement>
    <Statement StatementName="Sleep(6)">
      <StartTime>
2024-07-25 15:31:01
</StartTime>
      <Result>
Pass
</Result>
      <EndTime>
2024-07-25 15:31:07
</EndTime>
    </Statement>
    <Statement StatementName="Windows.Wait For ID (NUPPageOrderControl,5)">
      <StartTime>
2024-07-25 15:31:07
</StartTime>
      <Result>
Pass
</Result>
      <EndTime>
2024-07-25 15:31:07
</EndTime>
    </Statement>
    <Statement StatementName="Windows.Click ID With Mouse (NUPPageOrderControl)">
      <StartTime>
2024-07-25 15:31:07
</StartTime>
      <Result>
Pass
</Result>
      <EndTime>
2024-07-25 15:31:07
</EndTime>
    </Statement>
    <Statement StatementName="Windows.Wait For Name (Right, then Down,5)">
      <StartTime>
2024-07-25 15:31:07
</StartTime>
      <Result>
Error
</Result>
      <ErrorDescription>
Unexpected exception
</ErrorDescription>
      <AdditionalInfo>
System.MissingMethodException: Method 'HP.GFriend.Keywords.Windows.WaitForName' not found.
   at System.RuntimeType.InvokeMember(String name, BindingFlags bindingFlags, Binder binder, Object target, Object[] providedArgs, ParameterModifier[] modifiers, CultureInfo culture, String[] namedParams)
   at System.Type.InvokeMember(String name, BindingFlags invokeAttr, Binder binder, Object target, Object[] args)
   at HP.GFriend.Core.Execution.Executor.Execute(Statement aStatement, TestDataManager testDataManager, Int32 repeat, Int32 stackLevel, Dictionary`2 arguments)
</AdditionalInfo>
      <EndTime>
2024-07-25 15:31:07
</EndTime>
    </Statement>
    <Statement StatementName="Windows.Click Name (Right, then Down)">
      <StartTime>
2024-07-25 15:31:07
</StartTime>
      <Result>
Error
</Result>
      <ErrorDescription>
Index should be a number
</ErrorDescription>
      <EndTime>
2024-07-25 15:31:08
</EndTime>
    </Statement>
    <Statement StatementName="Windows.Capture Screen Shot(2 pages per sheet_RB.jpg)">
      <StartTime>
2024-07-25 15:31:08
</StartTime>
      <Result>
Pass
</Result>
      <ScreenShot>
.\Windows_Screenshot_240725_15310806.png
</ScreenShot>
      <EndTime>
2024-07-25 15:31:08
</EndTime>
    </Statement>
    <Statement StatementName="Sleep(5)">
      <StartTime>
2024-07-25 15:31:08
</StartTime>
      <Result>
Pass
</Result>
      <EndTime>
2024-07-25 15:31:13
</EndTime>
    </Statement>
    <Statement StatementName="Hallasan.Confirm">
      <StartTime>
2024-07-25 15:31:13
</StartTime>
      <Result>
Fail
</Result>
      <ErrorDescription>
Can not find element with given automation ID : App.OK
</ErrorDescription>
      <ScreenShot>
.\Hallasan_Screenshot_240725_15311657.png
</ScreenShot>
      <EndTime>
2024-07-25 15:31:16
</EndTime>
    </Statement>
    <Statement StatementName="Sleep(5)">
      <StartTime>
2024-07-25 15:31:16
</StartTime>
      <Result>
Pass
</Result>
      <EndTime>
2024-07-25 15:31:21
</EndTime>
    </Statement>
    <Statement StatementName="Click_Print_Button.Print">
      <StartTime>
2024-07-25 15:31:21
</StartTime>
      <StartTime>
2024-07-25 15:31:21
</StartTime>
      <Statement StatementName="Hallasan.Click Print Button">
        <StartTime>
2024-07-25 15:31:21
</StartTime>
        <Result>
Error
</Result>
        <ErrorDescription>
Error during click print button
</ErrorDescription>
        <AdditionalInfo>
System.NullReferenceException: Object reference not set to an instance of an object.
   at HP.GFriend.Keywords.ApplicationUtils.ClickPrintButtonInAcrobatReader(Windows windowsController) in C:\Jenkins\workspace\Build_And_Release_GFriend_Official\GFLibraries\GFK.Windows\ApplicationUtils.cs:line 398
   at HP.GFriend.Keywords.Windows.ClickPrintButton() in C:\Jenkins\workspace\Build_And_Release_GFriend_Official\GFLibraries\GFK.Windows\Windows.cs:line 1009
</AdditionalInfo>
        <EndTime>
2024-07-25 15:31:28
</EndTime>
      </Statement>
      <Statement StatementName="Sleep(10)">
        <StartTime>
2024-07-25 15:31:28
</StartTime>
      </Statement>
    </Statement>
  </TestCase>
</TestSuite>