<?xml version="1.0" encoding="UTF-8"?>
<TestSuite  Name="PSA_DragonFly">
<StartTime>
2024-06-10 12:18:31
</StartTime>
<TestCase  Name="2.Envelopes">
<StartTime>
2024-06-10 12:18:31
</StartTime>
<Statement  StatementName="Destination_Selection_Application.Destination Selection_Envelopes_PSA">
<StartTime>
2024-06-10 12:18:31
</StartTime>
<StartTime>
2024-06-10 12:18:31
</StartTime>
<Statement  StatementName="Hallasan.Open File For Print (C:\GFriend_PotG\Potg_Driver\PotG Testfile\PSA\YMC_PSA_ENVELOPES.pdf,HP_PrintSupport_App)">
<StartTime>
2024-06-10 12:18:31
</StartTime>
<ConditionResult>
FAIL
</ConditionResult>
<ErrorDescription>
Can not find target application
</ErrorDescription>
<ScreenShot>
.\Windows_Screenshot_240610_12183255.png
</ScreenShot>
<StatementBlock  Kind="FAIL">
<StartTime>
2024-06-10 12:18:32
</StartTime>
<Block>
<StartTime>
2024-06-10 12:18:32
</StartTime>
<Statement  StatementName="Pass (Childpop was not displayed)">
<StartTime>
2024-06-10 12:18:32
</StartTime>
<Result>
Pass
</Result>
<Output>
Childpop was not displayed
</Output>
<EndTime>
2024-06-10 12:18:32
</EndTime>
</Statement>
<Result>
PASS
</Result>
<EndTime>
2024-06-10 12:18:32
</EndTime>
</Block>
<EndTime>
2024-06-10 12:18:32
</EndTime>
<Result>
PASS
</Result>
</StatementBlock>
<Result>
PASS
</Result>
<EndTime>
2024-06-10 12:18:32
</EndTime>
</If>
<Statement  StatementName="Windows.Wait For ID (ui_Preset_Combo)">
<StartTime>
2024-06-10 12:18:32
</StartTime>
<Result>
Error
</Result>
<ErrorDescription>
Unexpected exception
</ErrorDescription>
<AdditionalInfo>
System.MissingMethodException: Method &apos;HP.GFriend.Keywords.Windows.WaitForId&apos; not found.
   at System.RuntimeType.InvokeMember(String name, BindingFlags bindingFlags, Binder binder, Object target, Object[] providedArgs, ParameterModifier[] modifiers, CultureInfo culture, String[] namedParams)
   at System.Type.InvokeMember(String name, BindingFlags invokeAttr, Binder binder, Object target, Object[] args)
   at HP.GFriend.Core.Execution.Executor.Execute(Statement aStatement, TestDataManager testDataManager, Int32 repeat, Int32 stackLevel, Dictionary`2 arguments)
</AdditionalInfo>
<EndTime>
2024-06-10 12:18:32
</EndTime>
</Statement>
<Statement  StatementName="Windows.Click ID With Mouse (ui_Preset_Combo,10)">
<StartTime>
2024-06-10 12:18:32
</StartTime>
<Result>
Error
</Result>
<ErrorDescription>
Unexpected exception
</ErrorDescription>
<AdditionalInfo>
System.MissingMethodException: Method &apos;HP.GFriend.Keywords.Windows.ClickIDWithMouse&apos; not found.
   at System.RuntimeType.InvokeMember(String name, BindingFlags bindingFlags, Binder binder, Object target, Object[] providedArgs, ParameterModifier[] modifiers, CultureInfo culture, String[] namedParams)
   at System.Type.InvokeMember(String name, BindingFlags invokeAttr, Binder binder, Object target, Object[] args)
   at HP.GFriend.Core.Execution.Executor.Execute(Statement aStatement, TestDataManager testDataManager, Int32 repeat, Int32 stackLevel, Dictionary`2 arguments)
</AdditionalInfo>
<EndTime>
2024-06-10 12:18:32
</EndTime>
</Statement>
<Statement  StatementName="Windows.Wait For Name (Envelopes,5)">
<StartTime>
2024-06-10 12:18:32
</StartTime>
<Result>
Fail
</Result>
<ErrorDescription>
Can not find element with given name : Envelopes
</ErrorDescription>
<ScreenShot>
.\Windows_Screenshot_240610_12183796.png
</ScreenShot>
<EndTime>
2024-06-10 12:18:37
</EndTime>
</Statement>
<Statement  StatementName="Windows.Click Name (Envelopes)">
<StartTime>
2024-06-10 12:18:37
</StartTime>
<Result>
Fail
</Result>
<ErrorDescription>
Can not find element with given Text : Envelopes
</ErrorDescription>
<ScreenShot>
.\Windows_Screenshot_240610_12184115.png
</ScreenShot>
<EndTime>
2024-06-10 12:18:41
</EndTime>
</Statement>
<Statement  StatementName="Sleep(5)">
<StartTime>
2024-06-10 12:18:41
</StartTime>
<Result>
Pass
</Result>
<EndTime>
2024-06-10 12:18:46
</EndTime>
</Statement>
<Statement  StatementName="Hallasan.Confirm">
<StartTime>
2024-06-10 12:18:46
</StartTime>
<Result>
Fail
</Result>
<ErrorDescription>
Can not find element with given automation ID : App.OK
</ErrorDescription>
<ScreenShot>
.\Hallasan_Screenshot_240610_12184965.png
</ScreenShot>
<EndTime>
2024-06-10 12:18:49
</EndTime>
</Statement>
<Statement  StatementName="Sleep(5)">
<StartTime>
2024-06-10 12:18:49
</StartTime>
<Result>
Pass
</Result>
<EndTime>
2024-06-10 12:18:54
</EndTime>
</Statement>
<Statement  StatementName="Click_Print_Button.Print">
<StartTime>
2024-06-10 12:18:54
</StartTime>
<StartTime>
2024-06-10 12:18:54
</StartTime>
<Statement  StatementName="Hallasan.Click Print Button">
<StartTime>
2024-06-10 12:18:54
</StartTime>
<Result>
Error
</Result>
<ErrorDescription>
Error during click print button
</ErrorDescription>
<AdditionalInfo>
System.NullReferenceException: Object reference not set to an instance of an object.
   at HP.GFriend.Keywords.ApplicationUtils.ClickPrintButtonInAcrobatReader(Windows windowsController) in C:\Jenkins\workspace\Build_And_Release_GFriend_Official\GFLibraries\GFK.Windows\ApplicationUtils.cs:line 398
   at HP.GFriend.Keywords.Windows.ClickPrintButton() in C:\Jenkins\workspace\Build_And_Release_GFriend_Official\GFLibraries\GFK.Windows\Windows.cs:line 1009
</AdditionalInfo>
<EndTime>
2024-06-10 12:19:02
</EndTime>
</Statement>
<Statement  StatementName="Sleep(10)">
<StartTime>
2024-06-10 12:19:02
</StartTime>
<Result>
Pass
</Result>
<EndTime>
2024-06-10 12:19:03
</EndTime>
</Statement>
<Statement  StatementName="Windows.Wait For Name (HP_PrintSupport_App,30)">
<StartTime>
2024-06-10 12:19:03
</StartTime>
<Result>
Pass
</Result>
<EndTime>
2024-06-10 12:19:03
</EndTime>
</Statement>
<Statement  StatementName="Sleep(6)">
<StartTime>
2024-06-10 12:19:03
</StartTime>
<Result>
Pass
</Result>
<EndTime>
2024-06-10 12:19:09
</EndTime>
</Statement>
<Result>
PASS
</Result>
<EndTime>
2024-06-10 12:19:09
</EndTime>
<Result>
Pass
</Result>
<EndTime>
2024-06-10 12:19:09
</EndTime>
</Statement>
<Statement  StatementName="Used_Destination_Selection_Function.not Used Destination Selection Function">
<StartTime>
2024-06-10 12:19:09
</StartTime>
<StartTime>
2024-06-10 12:19:09
</StartTime>
<Result>
PASS
</Result>
<EndTime>
2024-06-10 12:19:10
</EndTime>
<Result>
Pass
</Result>
<EndTime>
2024-06-10 12:19:10
</EndTime>
</Statement>
<If  Condition=" Windows.Select Child Window With Title (HP_PrintSupport_App,5)">
<StartTime>
2024-06-10 12:19:10
</StartTime>
<Result>
Pass
</Result>
<EndTime>
2024-06-10 12:19:12
</EndTime>
</Statement>
<If  Condition=" Hallasan.Close Application">
<StartTime>
2024-06-10 12:19:12
</StartTime>
<ConditionResult>
PASS
</ConditionResult>
<StatementBlock  Kind="PASS">
<StartTime>
2024-06-10 12:19:12
</StartTime>
<Block>
<StartTime>
2024-06-10 12:19:12
</StartTime>
<Result>
PASS
</Result>
<EndTime>
2024-06-10 12:19:12
</EndTime>
</Block>
<EndTime>
2024-06-10 12:19:12
</EndTime>
<Result>
PASS
</Result>
</StatementBlock>
<Result>
PASS
</Result>
<EndTime>
2024-06-10 12:19:12
</EndTime>
</If>
<Statement  StatementName="Sleep(10)">
<StartTime>
2024-06-10 12:19:12
</StartTime>
<ConditionResult>
FAIL
</ConditionResult>
<ErrorDescription>
Can not find target application
</ErrorDescription>
<ScreenShot>
.\Windows_Screenshot_240610_12191517.png
</ScreenShot>
<StatementBlock  Kind="FAIL">
<StartTime>
2024-06-10 12:19:15
</StartTime>
<Block>
<StartTime>
2024-06-10 12:19:15
</StartTime>
<Statement  StatementName="Pass (Childpop was not displayed)">
<StartTime>
2024-06-10 12:19:15
</StartTime>
<Result>
Pass
</Result>
<Output>
Childpop was not displayed
</Output>
<EndTime>
2024-06-10 12:19:15
</EndTime>
</Statement>
<Result>
PASS
</Result>
<EndTime>
2024-06-10 12:19:15
</EndTime>
</Block>
<EndTime>
2024-06-10 12:19:15
</EndTime>
<Result>
PASS
</Result>
</StatementBlock>
<Result>
PASS
</Result>
<EndTime>
2024-06-10 12:19:15
</EndTime>
</If>
<Statement  StatementName="Windows.Wait For ID (ui_Preset_Combo)">
<StartTime>
2024-06-10 12:19:15
</StartTime>
<Result>
Error
</Result>
<ErrorDescription>
Unexpected exception
</ErrorDescription>
<AdditionalInfo>
System.MissingMethodException: Method &apos;HP.GFriend.Keywords.Windows.WaitForId&apos; not found.
   at System.RuntimeType.InvokeMember(String name, BindingFlags bindingFlags, Binder binder, Object target, Object[] providedArgs, ParameterModifier[] modifiers, CultureInfo culture, String[] namedParams)
   at System.Type.InvokeMember(String name, BindingFlags invokeAttr, Binder binder, Object target, Object[] args)
   at HP.GFriend.Core.Execution.Executor.Execute(Statement aStatement, TestDataManager testDataManager, Int32 repeat, Int32 stackLevel, Dictionary`2 arguments)
</AdditionalInfo>
<EndTime>
2024-06-10 12:19:15
</EndTime>
</Statement>
<Statement  StatementName="Windows.Click ID With Mouse (ui_Preset_Combo,10)">
<StartTime>
2024-06-10 12:19:15
</StartTime>
<Result>
Error
</Result>
<ErrorDescription>
Unexpected exception
</ErrorDescription>
<AdditionalInfo>
System.MissingMethodException: Method &apos;HP.GFriend.Keywords.Windows.ClickIDWithMouse&apos; not found.
   at System.RuntimeType.InvokeMember(String name, BindingFlags bindingFlags, Binder binder, Object target, Object[] providedArgs, ParameterModifier[] modifiers, CultureInfo culture, String[] namedParams)
   at System.Type.InvokeMember(String name, BindingFlags invokeAttr, Binder binder, Object target, Object[] args)
   at HP.GFriend.Core.Execution.Executor.Execute(Statement aStatement, TestDataManager testDataManager, Int32 repeat, Int32 stackLevel, Dictionary`2 arguments)
</AdditionalInfo>
<EndTime>
2024-06-10 12:19:15
</EndTime>
</Statement>
<Statement  StatementName="Windows.Wait For Name (Envelopes,5)">
<StartTime>
2024-06-10 12:19:15
</StartTime>
<Result>
Fail
</Result>
<ErrorDescription>
Can not find element with given name : Envelopes
</ErrorDescription>
<ScreenShot>
.\Windows_Screenshot_240610_12192045.png
</ScreenShot>
<EndTime>
2024-06-10 12:19:20
</EndTime>
</Statement>
<Statement  StatementName="Windows.Click Name (Envelopes)">
<StartTime>
2024-06-10 12:19:20
</StartTime>
<Result>
Pass
</Result>
<EndTime>
2024-06-10 12:19:22
</EndTime>
</Statement>
<Result>
ERROR
</Result>
<EndTime>
2024-06-10 12:19:22
</EndTime>
<Result>
Error
</Result>
<EndTime>
2024-06-10 12:19:22
</EndTime>
</Statement>
<Statement  StatementName="Destination_Selection_Application.PT Value_EnvelopePlain_PSA">
<StartTime>
2024-06-10 12:19:22
</StartTime>
<StartTime>
2024-06-10 12:19:22
</StartTime>
<Statement  StatementName="XML.Load From File (C:\temp\H_JobSetup_OutPT.xml)">
<StartTime>
2024-06-10 12:19:22
</StartTime>
<Result>
Pass
</Result>
<EndTime>
2024-06-10 12:19:22
</EndTime>
</Statement>
<Statement  StatementName="XML.Get Attribute (${value},//*[@name=&apos;psk:PageMediaType&apos;]/psf:Option,name)">
<StartTime>
2024-06-10 12:19:22
</StartTime>
<Result>
Pass
</Result>
<Output>
psk:Label
</Output>
<EndTime>
2024-06-10 12:19:22
</EndTime>
</Statement>
<Statement  StatementName="Equals (${value},psk:Label)">
<StartTime>
2024-06-10 12:19:22
</StartTime>
<Result>
Pass
</Result>
<EndTime>
2024-06-10 12:19:22
</EndTime>
</Statement>
<Statement  StatementName="XML.Get Attribute (${value},//*[@name=&apos;ns0000:JobTelemetryUserOption&apos;]/psf:Option,name)">
<StartTime>
2024-06-10 12:19:22
</StartTime>
<Result>
Pass
</Result>
<Output>
ns0000:OptIn
</Output>
<EndTime>
2024-06-10 12:19:22
</EndTime>
</Statement>
<Statement  StatementName="Equals (${value},ns0000:OptIn)">
<StartTime>
2024-06-10 12:19:22
</StartTime>
<Result>
Pass
</Result>
<EndTime>
2024-06-10 12:19:22
</EndTime>
</Statement>
<Statement  StatementName="Run Command(cmd /c copy c:\temp\H_JobSetup_OutPT.xml &quot;${OUTPUT_FOLDER}&quot;,${commandOutput},5)">
<StartTime>
2024-06-10 12:19:22
</StartTime>
<Result>
Pass
</Result>
<Output>
        1 file(s) copied.

</Output>
<EndTime>
2024-06-10 12:19:22
</EndTime>
</Statement>
<Result>
PASS
</Result>
<EndTime>
2024-06-10 12:19:22
</EndTime>
<Result>
Pass
</Result>
<EndTime>
2024-06-10 12:19:22
</EndTime>
</Statement>
<Result>
ERROR
</Result>
<EndTime>
2024-06-10 12:19:22
</EndTime>
</TestCase>
<EndTime>
2024-06-10 12:19:22
</EndTime>
</TestSuite>
