<?xml version="1.0" encoding="UTF-8"?>
<TestSuite  Name="[Laser Printer] Full Horizon Basic Duplex TC">
<StartTime>
2021-10-25 13:14:41
</StartTime>
<TestCase  Name="General Everyday Printing">
<StartTime>
2021-10-25 13:14:41
</StartTime>
<Statement  StatementName="Destination_Selection_Application.Destination Selection_General_Everyday_Printing">
<StartTime>
2021-10-25 13:14:41
</StartTime>
<StartTime>
2021-10-25 13:14:41
</StartTime>
<Statement  StatementName="Hallasan.Open File For Print (C:\GFriend_PotG\Potg_Driver\PotG Testfile\YMC_General_Everyday_Printing.pdf,HP Smart Printing)">
<StartTime>
2021-10-25 13:14:41
</StartTime>
<Result>
Error
</Result>
<ErrorDescription>
Unexpected exception
</ErrorDescription>
<AdditionalInfo>
System.Reflection.TargetInvocationException: Exception has been thrown by the target of an invocation. ---&gt; System.NullReferenceException: Object reference not set to an instance of an object.
   at HP.GFriend.Utils.UIAManaged.ApplicationUtilsManaged.OpenAcrobatReader(String filePath, String printerName, WindowsManaged windowsController) in C:\Jenkins\workspace\Build_And_Release_GFriend_Official\GFUtils\UIAManaged\ApplicationUtilsManaged.cs:line 37
   at HP.GFriend.Keywords.ApplicationUtils.OpenAcrobatReader(String filePath, String printerName, Windows windowsController) in C:\Jenkins\workspace\Build_And_Release_GFriend_Official\GFLibraries\GFK.Windows\ApplicationUtils.cs:line 292
   --- End of inner exception stack trace ---
   at System.RuntimeMethodHandle.InvokeMethod(Object target, Object[] arguments, Signature sig, Boolean constructor)
   at System.Reflection.RuntimeMethodInfo.UnsafeInvokeInternal(Object obj, Object[] parameters, Object[] arguments)
   at System.Reflection.RuntimeMethodInfo.Invoke(Object obj, BindingFlags invokeAttr, Binder binder, Object[] parameters, CultureInfo culture)
   at System.RuntimeType.InvokeMember(String name, BindingFlags bindingFlags, Binder binder, Object target, Object[] providedArgs, ParameterModifier[] modifiers, CultureInfo culture, String[] namedParams)
   at HP.GFriend.Core.Execution.Executor.Execute(Statement aStatement, TestDataManager testDataManager, Int32 repeat, Int32 stackLevel, Dictionary`2 arguments)
</AdditionalInfo>
<EndTime>
2021-10-25 13:15:09
</EndTime>
</Statement>
<Statement  StatementName="Windows.Wait For Name (HP Smart Printing,30)">
<StartTime>
2021-10-25 13:15:09
</StartTime>
<Result>
Pass
</Result>
<EndTime>
2021-10-25 13:15:09
</EndTime>
</Statement>
<Statement  StatementName="Sleep(6)">
<StartTime>
2021-10-25 13:15:09
</StartTime>
<Result>
Pass
</Result>
<EndTime>
2021-10-25 13:15:15
</EndTime>
</Statement>
<Result>
Error
</Result>
<EndTime>
2021-10-25 13:15:15
</EndTime>
<Result>
Error
</Result>
<EndTime>
2021-10-25 13:15:15
</EndTime>
</Statement>
<Statement  StatementName="Used_Destination_Selection_Function.not Used Destination Selection Function">
<StartTime>
2021-10-25 13:15:15
</StartTime>
<StartTime>
2021-10-25 13:15:15
</StartTime>
<Result>
Pass
</Result>
<EndTime>
2021-10-25 13:15:15
</EndTime>
<Result>
Pass
</Result>
<EndTime>
2021-10-25 13:15:15
</EndTime>
</Statement>
<Statement  StatementName="Hallasan.Set Combobox (ui_PresetComboBox,_GeneralPrint)">
<StartTime>
2021-10-25 13:15:15
</StartTime>
<Result>
Fail
</Result>
<ErrorDescription>
Can not find combobox : ui_PresetComboBox
</ErrorDescription>
<EndTime>
2021-10-25 13:15:17
</EndTime>
</Statement>
<Statement  StatementName="Sleep(5)">
<StartTime>
2021-10-25 13:15:17
</StartTime>
<Result>
Pass
</Result>
<EndTime>
2021-10-25 13:15:22
</EndTime>
</Statement>
<Statement  StatementName="Hallasan.Confirm">
<StartTime>
2021-10-25 13:15:22
</StartTime>
<Result>
Fail
</Result>
<ErrorDescription>
Can not find element with given automation ID : App.OK
</ErrorDescription>
<ScreenShot>
.\Hallasan_Screenshot_211025_13152677.png
</ScreenShot>
<EndTime>
2021-10-25 13:15:26
</EndTime>
</Statement>
<Statement  StatementName="Sleep(5)">
<StartTime>
2021-10-25 13:15:26
</StartTime>
<Result>
Pass
</Result>
<EndTime>
2021-10-25 13:15:31
</EndTime>
</Statement>
<Statement  StatementName="Click_Print_Button.Print">
<StartTime>
2021-10-25 13:15:31
</StartTime>
<StartTime>
2021-10-25 13:15:31
</StartTime>
<Statement  StatementName="Hallasan.Click Print Button">
<StartTime>
2021-10-25 13:15:31
</StartTime>
<Result>
Error
</Result>
<ErrorDescription>
Error during click print button
</ErrorDescription>
<AdditionalInfo>
System.NullReferenceException: Object reference not set to an instance of an object.
   at HP.GFriend.Keywords.ApplicationUtils.ClickPrintButtonInAcrobatReader(Windows windowsController) in C:\Jenkins\workspace\Build_And_Release_GFriend_Official\GFLibraries\GFK.Windows\ApplicationUtils.cs:line 398
   at HP.GFriend.Keywords.Windows.ClickPrintButton() in C:\Jenkins\workspace\Build_And_Release_GFriend_Official\GFLibraries\GFK.Windows\Windows.cs:line 935
</AdditionalInfo>
<EndTime>
2021-10-25 13:15:39
</EndTime>
</Statement>
<Statement  StatementName="Sleep(20)">
<StartTime>
2021-10-25 13:15:39
</StartTime>
