<?xml version="1.0" encoding="UTF-8"?>
<TestSuite Name="PSA_DragonFly">
  <StartTime>
2024-06-07 12:47:29
</StartTime>
  <TestCase Name="1.Factory defaults">
    <StartTime>
2024-06-07 12:47:29
</StartTime>
    <Statement StatementName="Destination_Selection_Application.Destination Selection_Factory_defaults">
      <StartTime>
2024-06-07 12:47:29
</StartTime>
      <StartTime>
2024-06-07 12:47:29
</StartTime>
      <Statement StatementName="Hallasan.Open File For Print (C:\GFriend_PotG\Potg_Driver\PotG Testfile\PSA\YMC_PSA_FactoryDefaults.pdf,PSA_Application)">
        <StartTime>
2024-06-07 12:47:29
</StartTime>
        <Result>
Pass
</Result>
        <EndTime>
2024-06-07 12:48:06
</EndTime>
      </Statement>
      <Statement StatementName="Windows.Wait For Name (PSA_Application,30)">
        <StartTime>
2024-06-07 12:48:06
</StartTime>
        <Result>
Pass
</Result>
        <EndTime>
2024-06-07 12:48:06
</EndTime>
      </Statement>
      <Statement StatementName="Sleep(6)">
        <StartTime>
2024-06-07 12:48:06
</StartTime>
        <Result>
Pass
</Result>
        <EndTime>
2024-06-07 12:48:12
</EndTime>
      </Statement>
      <Result>
PASS
</Result>
      <EndTime>
2024-06-07 12:48:12
</EndTime>
      <Result>
Pass
</Result>
      <EndTime>
2024-06-07 12:48:12
</EndTime>
    </Statement>
    <Statement StatementName="Used_Destination_Selection_Function.not Used Destination Selection Function">
      <StartTime>
2024-06-07 12:48:12
</StartTime>
      <StartTime>
2024-06-07 12:48:12
</StartTime>
      <Result>
PASS
</Result>
      <EndTime>
2024-06-07 12:48:12
</EndTime>
      <Result>
Pass
</Result>
      <EndTime>
2024-06-07 12:48:12
</EndTime>
    </Statement>
    <Statement StatementName="Windows.Select Application (HP PrintSupportApp)">
      <StartTime>
2024-06-07 12:48:12
</StartTime>
      <Result>
Fail
</Result>
      <ErrorDescription>
Can not find target application
</ErrorDescription>
      <ScreenShot>
.\Windows_Screenshot_240607_12481802.png
</ScreenShot>
      <EndTime>
2024-06-07 12:48:18
</EndTime>
    </Statement>
    <Statement StatementName="Windows.Wait For ID (ui_Preset_Combo,20)">
      <StartTime>
2024-06-07 12:48:18
</StartTime>
      <Result>
Pass
</Result>
      <EndTime>
2024-06-07 12:48:20
</EndTime>
    </Statement>
    <Statement StatementName="Windows.Wait For Name (Envelopes)">
      <StartTime>
2024-06-07 12:48:20
</StartTime>
      <Result>
Error
</Result>
      <ErrorDescription>
Unexpected exception
</ErrorDescription>
      <AdditionalInfo>
System.MissingMethodException: Method 'HP.GFriend.Keywords.Windows.WaitForName' not found.
   at System.RuntimeType.InvokeMember(String name, BindingFlags bindingFlags, Binder binder, Object target, Object[] providedArgs, ParameterModifier[] modifiers, CultureInfo culture, String[] namedParams)
   at System.Type.InvokeMember(String name, BindingFlags invokeAttr, Binder binder, Object target, Object[] args)
   at HP.GFriend.Core.Execution.Executor.Execute(Statement aStatement, TestDataManager testDataManager, Int32 repeat, Int32 stackLevel, Dictionary`2 arguments)
</AdditionalInfo>
      <EndTime>
2024-06-07 12:48:20
</EndTime>
    </Statement>
    <Statement StatementName="Sleep(5)">
      <StartTime>
2024-06-07 12:48:20
</StartTime>
      <Result>
Pass
</Result>
      <EndTime>
2024-06-07 12:48:25
</EndTime>
    </Statement>
    <Statement StatementName="Hallasan.Confirm">
      <StartTime>
2024-06-07 12:48:25
</StartTime>
      <Result>
Pass
</Result>
      <EndTime>
2024-06-07 12:48:26
</EndTime>
    </Statement>
    <Statement StatementName="Sleep(5)">
      <StartTime>
2024-06-07 12:48:26
</StartTime>
      <Result>
Pass
</Result>
      <EndTime>
2024-06-07 12:48:31
</EndTime>
    </Statement>
    <Statement StatementName="Click_Print_Button.Print">
      <StartTime>
2024-06-07 12:48:31
</StartTime>
      <StartTime>
2024-06-07 12:48:31
</StartTime>
      <Statement StatementName="Hallasan.Click Print Button">
        <StartTime>
2024-06-07 12:48:31
</StartTime>
        <Result>
Error
</Result>
        <ErrorDescription>
Error during click print button
</ErrorDescription>
        <AdditionalInfo>
System.NullReferenceException: Object reference not set to an instance of an object.
   at HP.GFriend.Keywords.ApplicationUtils.ClickPrintButtonInAcrobatReader(Windows windowsController) in C:\Jenkins\workspace\Build_And_Release_GFriend_Official\GFLibraries\GFK.Windows\ApplicationUtils.cs:line 398
   at HP.GFriend.Keywords.Windows.ClickPrintButton() in C:\Jenkins\workspace\Build_And_Release_GFriend_Official\GFLibraries\GFK.Windows\Windows.cs:line 1009
</AdditionalInfo>
        <EndTime>
2024-06-07 12:48:38
</EndTime>
      </Statement>
      <Statement StatementName="Sleep(20)">
        <StartTime>
2024-06-07 12:48:38
</StartTime>
      </Statement>
    </Statement>
  </TestCase>
</TestSuite>