2021-11-09 15:18:54.379 [T] ?::?::Parsing start
2021-11-09 15:18:54.379 [T] ?::?::Parsing Variable File : C:\GFriend_PotG\scripts\Acual Script\Testfile.gfvar
2021-11-09 15:18:54.379 [T] ?::?::Creating custom library with C:\GFriend_PotG\scripts\Acual Script\Destination_Selection_Application.gflib
2021-11-09 15:18:54.379 [T] ?::?::Parsing start
2021-11-09 15:18:54.461 [T] ?::?::Parsing Variable File : C:\GFriend_PotG\scripts\Acual Script\Testfile.gfvar
2021-11-09 15:18:54.461 [D] ?::?::Post Action
2021-11-09 15:18:54.461 [T] ?::?::All Used Libraries::C:\GFriend_PotG\scripts\Acual Script\Destination_Selection_Application.gflib
2021-11-09 15:18:54.461 [T] ?::?::Device ID : __NO__DUT__
2021-11-09 15:18:54.461 [T] ?::?::BuiltIn is used BuiltIn
2021-11-09 15:18:54.461 [T] ?::?::Windows is used Windows
2021-11-09 15:18:54.461 [T] ?::?::XML is used XML
2021-11-09 15:18:54.461 [T] ?::?::Device ID : __DEFUALT__DUT__
2021-11-09 15:18:54.461 [T] ?::?::Hallasan is used Hallasan
2021-11-09 15:19:26.855 [T] ?::?::Parsing done
2021-11-09 15:19:26.855 [T] ?::?::Destination_Selection_Application is crated
2021-11-09 15:19:26.855 [T] ?::?::Creating custom library with C:\GFriend_PotG\scripts\Acual Script\Used_Destination_Selection_Function.gflib
2021-11-09 15:19:26.855 [T] ?::?::Parsing start
2021-11-09 15:19:26.855 [T] ?::?::Parsing Variable File : C:\GFriend_PotG\scripts\Acual Script\Testfile.gfvar
2021-11-09 15:19:26.855 [D] ?::?::Post Action
2021-11-09 15:19:26.855 [T] ?::?::All Used Libraries::C:\GFriend_PotG\scripts\Acual Script\Used_Destination_Selection_Function.gflib
2021-11-09 15:19:26.855 [T] ?::?::Device ID : __NO__DUT__
2021-11-09 15:19:26.855 [T] ?::?::BuiltIn is used BuiltIn
2021-11-09 15:19:26.855 [T] ?::?::Windows is used Windows
2021-11-09 15:19:26.855 [T] ?::?::Device ID : __DEFUALT__DUT__
2021-11-09 15:19:26.855 [T] ?::?::Hallasan is used Hallasan
2021-11-09 15:19:26.855 [T] ?::?::Parsing done
2021-11-09 15:19:26.855 [T] ?::?::Used_Destination_Selection_Function is crated
2021-11-09 15:19:26.855 [T] ?::?::Creating custom library with C:\GFriend_PotG\scripts\Acual Script\Click_Print_Button.gflib
2021-11-09 15:19:26.871 [T] ?::?::Parsing start
2021-11-09 15:19:26.871 [T] ?::?::Parsing Variable File : C:\GFriend_PotG\scripts\Acual Script\Testfile.gfvar
2021-11-09 15:19:26.871 [D] ?::?::Post Action
2021-11-09 15:19:26.871 [T] ?::?::All Used Libraries::C:\GFriend_PotG\scripts\Acual Script\Click_Print_Button.gflib
2021-11-09 15:19:26.871 [T] ?::?::Device ID : __NO__DUT__
2021-11-09 15:19:26.871 [T] ?::?::BuiltIn is used BuiltIn
2021-11-09 15:19:26.871 [T] ?::?::Windows is used Windows
2021-11-09 15:19:26.871 [T] ?::?::Device ID : __DEFUALT__DUT__
2021-11-09 15:19:26.871 [T] ?::?::Hallasan is used Hallasan
2021-11-09 15:19:26.871 [T] ?::?::Parsing done
2021-11-09 15:19:26.871 [T] ?::?::Click_Print_Button is crated
2021-11-09 15:19:26.871 [D] ?::?::Post Action
2021-11-09 15:19:26.871 [T] ?::?::All Used Libraries::C:\GFriend_PotG\scripts\Acual Script\[Laser Printer] Full Horizon Basic Duplex TC.txt
2021-11-09 15:19:26.871 [T] ?::?::Device ID : __NO__DUT__
2021-11-09 15:19:26.871 [T] ?::?::BuiltIn is used BuiltIn
2021-11-09 15:19:26.871 [T] ?::?::XML is used XML
2021-11-09 15:19:26.871 [T] ?::?::Windows is used Windows
2021-11-09 15:19:26.871 [T] ?::?::Device ID : __DEFUALT__DUT__
2021-11-09 15:19:26.871 [T] ?::?::Hallasan is used Hallasan
2021-11-09 15:19:26.871 [T] ?::?::Destination_Selection_Application is used Destination_Selection_Application
2021-11-09 15:19:26.871 [T] ?::?::Used_Destination_Selection_Function is used Used_Destination_Selection_Function
2021-11-09 15:19:26.871 [T] ?::?::Click_Print_Button is used Click_Print_Button
2021-11-09 15:19:26.887 [T] ?::?::Loading Library : BuiltIn -> BuiltIn
2021-11-09 15:19:26.887 [T] ?::?::Library type is native library.
2021-11-09 15:19:26.887 [T] ?::?::Loading Library : XML -> XML
2021-11-09 15:19:26.887 [T] ?::?::Library type is native library.
2021-11-09 15:19:26.887 [T] ?::?::Loading Library : Windows -> Windows
2021-11-09 15:19:26.887 [T] ?::?::Library type is native library.
2021-11-09 15:19:26.887 [T] ?::?::Loading Library : Hallasan -> Hallasan
2021-11-09 15:19:26.887 [T] ?::?::Library type is native library.
2021-11-09 15:19:26.887 [T] ?::?::Loading Library : Destination_Selection_Application -> Destination_Selection_Application
2021-11-09 15:19:26.902 [T] ?::?::Library type is custom library.
2021-11-09 15:19:26.903 [T] ?::?::Loading Library : Used_Destination_Selection_Function -> Used_Destination_Selection_Function
2021-11-09 15:19:26.903 [T] ?::?::Library type is custom library.
2021-11-09 15:19:26.904 [T] ?::?::Loading Library : Click_Print_Button -> Click_Print_Button
2021-11-09 15:19:26.904 [T] ?::?::Library type is custom library.
2021-11-09 15:19:26.904 [T] ?::?::Prevent PC to sleep
2021-11-09 15:19:26.904 [D] ?::?::192.168.0.8
2021-11-09 15:19:26.904 [T] ?::?::Loop : 1
2021-11-09 15:19:26.919 [T] ?::?::Destination_Selection_Application.Destination Selection_Letter is called
2021-11-09 15:19:26.967 [T] ?::?::Hallasan.Open File For Print (C:\GFriend_PotG\Potg_Driver\PotG Testfile\YMC Letter.pdf,HP Smart Printing) is called
2021-11-09 15:19:26.967 [T] ?::?::Open Acrobat Reader
2021-11-09 15:19:27.109 [T] ?::?::Process is started with C:\GFriend_PotG\Potg_Driver\PotG Testfile\YMC Letter.pdf and Process Id is 304
2021-11-09 15:19:37.122 [T] ?::?::Current focused process id : 4932
2021-11-09 15:19:37.122 [D] ?::?::Finding target in 
2021-11-09 15:19:37.335 [T] ?::?::Get Acrobat Reader
2021-11-09 15:19:37.353 [D] ?::?::Finding target in 
2021-11-09 15:19:39.616 [D] ?::?::Get Print Dialog
2021-11-09 15:19:44.621 [D] ?::?::Finding target in YMC Letter.pdf - Adobe Acrobat Reader DC (32-bit)
2021-11-09 15:19:44.641 [D] ?::?::Select printer combobox
2021-11-09 15:19:44.644 [D] ?::?::Finding target in 
2021-11-09 15:19:44.646 [T] ?::?::Expand/Collapse Pattern
2021-11-09 15:19:44.653 [T] ?::?::Expand
2021-11-09 15:19:44.856 [D] ?::?::Printer select
2021-11-09 15:19:44.874 [D] ?::?::Finding target in Printer:
2021-11-09 15:19:44.899 [T] ?::?::Select Pattern
2021-11-09 15:19:47.957 [D] ?::?::Finding printer properties
2021-11-09 15:19:47.958 [D] ?::?::Finding target in 
2021-11-09 15:19:47.975 [D] ?::?::Properties element is null? : False
2021-11-09 15:19:47.976 [T] ?::?::Invoke Pattern
2021-11-09 15:19:48.025 [D] ?::?::UI Automation Event : InvokePatternIdentifiers.InvokedEvent
2021-11-09 15:19:58.039 [T] ?::?::Keyword executed with result = Pass
2021-11-09 15:19:58.056 [T] ?::?::Hallasan.Get Driver Window(HP Smart Printing) is called
2021-11-09 15:19:58.059 [D] ?::?::Finding target in 
2021-11-09 15:19:58.434 [T] ?::?::Keyword executed with result = Pass
2021-11-09 15:19:58.437 [T] ?::?::Windows.Wait For Name (HP Smart Printing,30) is called
2021-11-09 15:19:58.438 [D] ?::?::Finding target in HP Smart Printing
2021-11-09 15:19:58.442 [T] ?::?::Keyword executed with result = Pass
2021-11-09 15:19:58.443 [T] ?::?::Sleep(6) is called
2021-11-09 15:20:04.473 [T] ?::?::Keyword executed with result = Pass
2021-11-09 15:20:04.587 [T] ?::?::Used_Destination_Selection_Function.not Used Destination Selection Function is called
2021-11-09 15:20:04.723 [T] ?::?::Hallasan.Set Combobox (Part.PageMediaSize,Option.NorthAmericaLetter) is called
2021-11-09 15:20:04.726 [D] ?::?::Finding target in HP Smart Printing
2021-11-09 15:20:05.641 [T] ?::?::Expand/Collapse Pattern
2021-11-09 15:20:05.647 [T] ?::?::Expand
2021-11-09 15:20:05.910 [D] ?::?::Finding target in Paper Size
2021-11-09 15:20:05.940 [T] ?::?::Expand/Collapse Pattern
2021-11-09 15:20:05.942 [T] ?::?::Collapse
2021-11-09 15:20:06.006 [T] ?::?::Keyword executed with result = Pass
2021-11-09 15:20:06.020 [T] ?::?::Windows.Capture Screen Shot(Capture.jpg) is called
2021-11-09 15:20:06.172 [T] ?::?::Keyword executed with result = Pass
2021-11-09 15:20:06.209 [T] ?::?::Sleep(5) is called
2021-11-09 15:20:11.268 [T] ?::?::Keyword executed with result = Pass
2021-11-09 15:20:11.300 [T] ?::?::Hallasan.Confirm is called
2021-11-09 15:20:11.304 [D] ?::?::Finding target in HP Smart Printing
2021-11-09 15:20:11.946 [T] ?::?::Selected element name : OK
2021-11-09 15:20:11.947 [T] ?::?::Invoke Pattern
2021-11-09 15:20:11.972 [D] ?::?::UI Automation Event : InvokePatternIdentifiers.InvokedEvent
2021-11-09 15:20:12.001 [T] ?::?::Keyword executed with result = Pass
2021-11-09 15:20:12.039 [T] ?::?::Sleep(5) is called
2021-11-09 15:20:17.080 [T] ?::?::Keyword executed with result = Pass
2021-11-09 15:20:17.090 [T] ?::?::Click_Print_Button.Print is called
2021-11-09 15:20:17.148 [T] ?::?::Hallasan.Click Print Button is called
2021-11-09 15:20:19.168 [D] ?::?::Missing target. Get focused
2021-11-09 15:20:19.173 [D] ?::?::Finding target in 
2021-11-09 15:20:19.368 [D] ?::?::Finding target in YMC Letter.pdf - Adobe Acrobat Reader DC (32-bit)
2021-11-09 15:20:19.591 [T] ?::?::Invoke Pattern
2021-11-09 15:20:19.722 [T] ?::?::Keyword executed with result = Pass
2021-11-09 15:20:19.746 [T] ?::?::Sleep(20) is called
2021-11-09 15:20:19.755 [D] ?::?::UI Automation Event : InvokePatternIdentifiers.InvokedEvent
2021-11-09 15:20:39.780 [T] ?::?::Keyword executed with result = Pass
2021-11-09 15:20:39.819 [T] ?::?::If :  Hallasan.Close Application is called
2021-11-09 15:20:39.956 [T] ?::?::Keyword executed with result = Pass
2021-11-09 15:20:40.014 [T] ?::?::Sleep(20) is called
2021-11-09 15:21:00.055 [T] ?::?::Keyword executed with result = Pass
2021-11-09 15:21:00.093 [T] ?::?::Destination_Selection_Application.PT Value_NorthAmericaLetter is called
2021-11-09 15:21:00.134 [T] ?::?::XML.Load From File (C:\temp\H_JobSetup_OutPT.xml) is called
2021-11-09 15:21:00.134 [E] ?::?::Error with xml
System.Xml.XmlException: Root element is missing.
   at System.Xml.XmlTextReaderImpl.Throw(Exception e)
   at System.Xml.XmlTextReaderImpl.ParseDocumentContent()
   at System.Xml.XmlLoader.Load(XmlDocument doc, XmlReader reader, Boolean preserveWhitespace)
   at System.Xml.XmlDocument.Load(XmlReader reader)
   at System.Xml.XmlDocument.Load(String filename)
   at HP.GFriend.Keywords.XML.LoadFromFile(String filePath) in C:\Jenkins\workspace\Build_And_Release_GFriend_Official\GFLibraries\GFK.XML\XML.cs:line 89
2021-11-09 15:21:00.191 [T] ?::?::Keyword executed with result = Error
2021-11-09 15:21:00.213 [T] ?::?::XML.Get Attribute (${value},//*[@name='psk:PageMediaSize']/psf:Option,name) is called
2021-11-09 15:21:00.274 [E] ?::?::Unexpected exception : GetAttribute
System.Reflection.TargetInvocationException: Exception has been thrown by the target of an invocation. ---> System.Xml.XPath.XPathException: Namespace prefix 'psf' is not defined.
   at MS.Internal.Xml.XPath.CompiledXpathExpr.UndefinedXsltContext.LookupNamespace(String prefix)
   at MS.Internal.Xml.XPath.BaseAxisQuery.SetXsltContext(XsltContext context)
   at MS.Internal.Xml.XPath.CompiledXpathExpr.SetContext(IXmlNamespaceResolver nsResolver)
   at System.Xml.XmlNode.SelectSingleNode(String xpath, XmlNamespaceManager nsmgr)
   at HP.GFriend.Keywords.XML.GetAttribute(String saveTo, String xPath, String attributeName) in C:\Jenkins\workspace\Build_And_Release_GFriend_Official\GFLibraries\GFK.XML\XML.cs:line 131
   --- End of inner exception stack trace ---
   at System.RuntimeMethodHandle.InvokeMethod(Object target, Object[] arguments, Signature sig, Boolean constructor)
   at System.Reflection.RuntimeMethodInfo.UnsafeInvokeInternal(Object obj, Object[] parameters, Object[] arguments)
   at System.Reflection.RuntimeMethodInfo.Invoke(Object obj, BindingFlags invokeAttr, Binder binder, Object[] parameters, CultureInfo culture)
   at System.RuntimeType.InvokeMember(String name, BindingFlags bindingFlags, Binder binder, Object target, Object[] providedArgs, ParameterModifier[] modifiers, CultureInfo culture, String[] namedParams)
   at HP.GFriend.Core.Execution.Executor.Execute(Statement aStatement, TestDataManager testDataManager, Int32 repeat, Int32 stackLevel, Dictionary`2 arguments)
2021-11-09 15:21:00.281 [T] ?::?::Equals (${value},psk:NorthAmericaLetter) is called
2021-11-09 15:21:00.311 [T] ?::?::Keyword executed with result = Fail
2021-11-09 15:21:00.349 [T] ?::?::XML.Get Attribute (${value},//*[@name='ns0000:JobTelemetryUserOption']/psf:Option,name) is called
2021-11-09 15:21:00.390 [E] ?::?::Unexpected exception : GetAttribute
System.Reflection.TargetInvocationException: Exception has been thrown by the target of an invocation. ---> System.Xml.XPath.XPathException: Namespace prefix 'psf' is not defined.
   at MS.Internal.Xml.XPath.CompiledXpathExpr.UndefinedXsltContext.LookupNamespace(String prefix)
   at MS.Internal.Xml.XPath.BaseAxisQuery.SetXsltContext(XsltContext context)
   at MS.Internal.Xml.XPath.CompiledXpathExpr.SetContext(IXmlNamespaceResolver nsResolver)
   at System.Xml.XmlNode.SelectSingleNode(String xpath, XmlNamespaceManager nsmgr)
   at HP.GFriend.Keywords.XML.GetAttribute(String saveTo, String xPath, String attributeName) in C:\Jenkins\workspace\Build_And_Release_GFriend_Official\GFLibraries\GFK.XML\XML.cs:line 131
   --- End of inner exception stack trace ---
   at System.RuntimeMethodHandle.InvokeMethod(Object target, Object[] arguments, Signature sig, Boolean constructor)
   at System.Reflection.RuntimeMethodInfo.UnsafeInvokeInternal(Object obj, Object[] parameters, Object[] arguments)
   at System.Reflection.RuntimeMethodInfo.Invoke(Object obj, BindingFlags invokeAttr, Binder binder, Object[] parameters, CultureInfo culture)
   at System.RuntimeType.InvokeMember(String name, BindingFlags bindingFlags, Binder binder, Object target, Object[] providedArgs, ParameterModifier[] modifiers, CultureInfo culture, String[] namedParams)
   at HP.GFriend.Core.Execution.Executor.Execute(Statement aStatement, TestDataManager testDataManager, Int32 repeat, Int32 stackLevel, Dictionary`2 arguments)
2021-11-09 15:21:00.402 [T] ?::?::Equals (${value},ns0000:OptIn) is called
2021-11-09 15:21:00.434 [T] ?::?::Keyword executed with result = Fail
2021-11-09 15:21:00.450 [T] ?::?::Run Command(cmd /c copy c:\temp\H_JobSetup_OutPT.xml "${OUTPUT_FOLDER}",${commandOutput},5) is called
2021-11-09 15:21:00.882 [T] ?::?::Keyword executed with result = Pass
2021-11-09 15:21:00.974 [T] ?::?::Loop : 1
2021-11-09 15:21:00.975 [T] ?::?::Destination_Selection_Application.Destination Selection_A4 is called
2021-11-09 15:21:01.020 [T] ?::?::Hallasan.Open File For Print (C:\GFriend_PotG\Potg_Driver\PotG Testfile\YMC A4.pdf,HP Smart Printing) is called
2021-11-09 15:21:01.033 [T] ?::?::Open Acrobat Reader
2021-11-09 15:21:01.220 [T] ?::?::Process is started with C:\GFriend_PotG\Potg_Driver\PotG Testfile\YMC A4.pdf and Process Id is 21788
2021-11-09 15:21:07.214 [E] ?::?::Error during open program.
System.Threading.ThreadAbortException: Thread was being aborted.
   at System.Threading.Thread.SleepInternal(Int32 millisecondsTimeout)
   at System.Threading.Thread.Sleep(Int32 millisecondsTimeout)
   at System.Threading.Thread.Sleep(TimeSpan timeout)
   at HP.GFriend.Keywords.Windows.OpenWithPath(String executablePath, String waitTime) in C:\Jenkins\workspace\Build_And_Release_GFriend_Official\GFLibraries\GFK.Windows\Windows.cs:line 866
2021-11-09 15:21:07.336 [E] ?::?::Unexpected exception : OpenFileForPrint
System.Threading.ThreadAbortException: Thread was being aborted.
   at System.RuntimeMethodHandle.InvokeMethod(Object target, Object[] arguments, Signature sig, Boolean constructor)
   at System.Reflection.RuntimeMethodInfo.UnsafeInvokeInternal(Object obj, Object[] parameters, Object[] arguments)
   at System.Reflection.RuntimeMethodInfo.Invoke(Object obj, BindingFlags invokeAttr, Binder binder, Object[] parameters, CultureInfo culture)
   at System.RuntimeType.InvokeMember(String name, BindingFlags bindingFlags, Binder binder, Object target, Object[] providedArgs, ParameterModifier[] modifiers, CultureInfo culture, String[] namedParams)
   at HP.GFriend.Core.Execution.Executor.Execute(Statement aStatement, TestDataManager testDataManager, Int32 repeat, Int32 stackLevel, Dictionary`2 arguments)
2021-11-09 15:21:07.341 [E] ?::?::Unexpected Error
System.Threading.ThreadAbortException: Thread was being aborted.
   at HP.GFriend.Core.Execution.Executor.Execute(Statement aStatement, TestDataManager testDataManager, Int32 repeat, Int32 stackLevel, Dictionary`2 arguments)
   at HP.GFriend.Core.Execution.Statement.Run(TestDataManager testDataManager, Int32 repeatCount, Int32 stackLevel, Dictionary`2 arguments)
   at HP.GFriend.Core.Custom.CustomKeyword.Run(TestDataManager testDataManager, Object[] parameters, Int32 repeat)
   at HP.GFriend.Core.Execution.Executor.Execute(Statement aStatement, TestDataManager testDataManager, Int32 repeat, Int32 stackLevel, Dictionary`2 arguments)
   at HP.GFriend.Core.Execution.Statement.Run(TestDataManager testDataManager, Int32 repeatCount, Int32 stackLevel, Dictionary`2 arguments)
   at HP.GFriend.Core.Execution.RepeatBlock.Run(TestDataManager testDataManager, Int32 repeatCount, Int32 stackLevel, Dictionary`2 arguments)
   at HP.GFriend.Core.Execution.TestCase.Run(TestDataManager testDataManager, Int32 repeatCount, Int32 stackLevel, Dictionary`2 arguments)
   at HP.GFriend.Core.Execution.TestSuite.Run(TestDataManager testDataManager, List`1 tcToRun)
   at HP.GFriend.Core.Execution.Runner.Run(String tsPath, TestDataManager& testDataManager, List`1 tcToRun, String libraryPath, String defaultDut, Dictionary`2 variables)
