<?xml version="1.0" encoding="UTF-8"?>
<TestSuite Name="PSA_DragonFly">
  <StartTime>
2024-06-12 14:57:06
</StartTime>
  <TestCase Name="5.Pages per Sheet:2UP_RightDown_Border">
    <StartTime>
2024-06-12 14:57:06
</StartTime>
    <Statement StatementName="Destination_Selection_PSA_Application.Destination Selection_2UP_RightDown_Border_PSA">
      <StartTime>
2024-06-12 14:57:06
</StartTime>
      <StartTime>
2024-06-12 14:57:06
</StartTime>
      <Statement StatementName="Hallasan.Open File For Print (C:\GFriend_PotG\Potg_Driver\PotG Testfile\PSA\YMC_2Pages_RightthenDown_withBorder.pdf,HP_PrintSupport_App)">
        <StartTime>
2024-06-12 14:57:07
</StartTime>
        <Result>
Pass
</Result>
        <EndTime>
2024-06-12 14:58:11
</EndTime>
      </Statement>
      <Statement StatementName="Windows.Wait For Name (HP_PrintSupport_App,30)">
        <StartTime>
2024-06-12 14:58:11
</StartTime>
        <Result>
Pass
</Result>
        <EndTime>
2024-06-12 14:58:11
</EndTime>
      </Statement>
      <Statement StatementName="Sleep(6)">
        <StartTime>
2024-06-12 14:58:11
</StartTime>
        <Result>
Pass
</Result>
        <EndTime>
2024-06-12 14:58:17
</EndTime>
      </Statement>
      <Result>
PASS
</Result>
      <EndTime>
2024-06-12 14:58:17
</EndTime>
      <Result>
Pass
</Result>
      <EndTime>
2024-06-12 14:58:17
</EndTime>
    </Statement>
    <Statement StatementName="Used_Destination_Selection_Function.not Used Destination Selection Function">
      <StartTime>
2024-06-12 14:58:17
</StartTime>
      <StartTime>
2024-06-12 14:58:17
</StartTime>
      <Result>
PASS
</Result>
      <EndTime>
2024-06-12 14:58:17
</EndTime>
      <Result>
Pass
</Result>
      <EndTime>
2024-06-12 14:58:17
</EndTime>
    </Statement>
    <Statement StatementName="Destination_Selection_PSA_Application.Expections_Error">
      <StartTime>
2024-06-12 14:58:17
</StartTime>
      <StartTime>
2024-06-12 14:58:17
</StartTime>
      <Statement StatementName="Windows.Capture Full Screen (SS)">
        <StartTime>
2024-06-12 14:58:17
</StartTime>
        <Result>
Pass
</Result>
        <ScreenShot>
.\Windows_Screenshot_240612_14581774.png
</ScreenShot>
        <EndTime>
2024-06-12 14:58:17
</EndTime>
      </Statement>
      <If Condition=" Windows.Select Child Window With Title (HP_PrintSupport_App,10)">
        <StartTime>
2024-06-12 14:58:17
</StartTime>
        <ConditionResult>
FAIL
</ConditionResult>
        <ErrorDescription>
Can not find target application
</ErrorDescription>
        <ScreenShot>
.\Windows_Screenshot_240612_14582813.png
</ScreenShot>
        <StatementBlock Kind="FAIL">
          <StartTime>
2024-06-12 14:58:28
</StartTime>
          <Block>
            <StartTime>
2024-06-12 14:58:28
</StartTime>
            <Statement StatementName="Pass (Childpop was not displayed)">
              <StartTime>
2024-06-12 14:58:28
</StartTime>
              <Result>
Pass
</Result>
              <Output>
Childpop was not displayed
</Output>
              <EndTime>
2024-06-12 14:58:28
</EndTime>
            </Statement>
            <Result>
PASS
</Result>
            <EndTime>
2024-06-12 14:58:28
</EndTime>
          </Block>
          <EndTime>
2024-06-12 14:58:28
</EndTime>
          <Result>
PASS
</Result>
        </StatementBlock>
        <Result>
PASS
</Result>
        <EndTime>
2024-06-12 14:58:28
</EndTime>
      </If>
      <Statement StatementName="Windows.Capture Full Screen (SSS)">
        <StartTime>
2024-06-12 14:58:28
</StartTime>
        <Result>
Pass
</Result>
        <ScreenShot>
.\Windows_Screenshot_240612_14582823.png
</ScreenShot>
        <EndTime>
2024-06-12 14:58:28
</EndTime>
      </Statement>
      <If Condition=" Windows.Select Application (HP_PrintSupport_App,10)">
        <StartTime>
2024-06-12 14:58:28
</StartTime>
        <ConditionResult>
FAIL
</ConditionResult>
        <ErrorDescription>
Can not find target application
</ErrorDescription>
        <ScreenShot>
.\Windows_Screenshot_240612_14583836.png
</ScreenShot>
        <StatementBlock Kind="FAIL">
          <StartTime>
2024-06-12 14:58:38
</StartTime>
          <Block>
            <StartTime>
2024-06-12 14:58:38
</StartTime>
            <Statement StatementName="Pass (Childpop was not displayed)">
              <StartTime>
2024-06-12 14:58:38
</StartTime>
              <Result>
Pass
</Result>
              <Output>
Childpop was not displayed
</Output>
              <EndTime>
2024-06-12 14:58:38
</EndTime>
            </Statement>
            <Result>
PASS
</Result>
            <EndTime>
2024-06-12 14:58:38
</EndTime>
          </Block>
          <EndTime>
2024-06-12 14:58:38
</EndTime>
          <Result>
PASS
</Result>
        </StatementBlock>
        <Result>
PASS
</Result>
        <EndTime>
2024-06-12 14:58:38
</EndTime>
      </If>
      <Result>
PASS
</Result>
      <EndTime>
2024-06-12 14:58:38
</EndTime>
      <Result>
Pass
</Result>
      <EndTime>
2024-06-12 14:58:38
</EndTime>
    </Statement>
    <Statement StatementName="Windows.Click ID With Mouse (ui_NupCount)">
      <StartTime>
2024-06-12 14:58:38
</StartTime>
      <Result>
Pass
</Result>
      <EndTime>
2024-06-12 14:58:39
</EndTime>
    </Statement>
    <Statement StatementName="Windows.Wait For Name (2 pages per sheet,5)">
      <StartTime>
2024-06-12 14:58:39
</StartTime>
      <Result>
Pass
</Result>
      <EndTime>
2024-06-12 14:58:39
</EndTime>
    </Statement>
    <Statement StatementName="Windows.Click Name With Mouse (2 pages per sheet)">
      <StartTime>
2024-06-12 14:58:39
</StartTime>
      <Result>
Error
</Result>
      <ErrorDescription>
Error during click
</ErrorDescription>
      <ScreenShot>
.\Windows_Screenshot_240612_14583980.png
</ScreenShot>
      <AdditionalInfo>
System.NullReferenceException: Object reference not set to an instance of an object.
   at HP.GFriend.Keywords.Windows.ClickNameWithMouse(String name) in C:\Jenkins\workspace\Build_And_Release_GFriend_Official\GFLibraries\GFK.Windows\Windows.cs:line 1649
</AdditionalInfo>
      <EndTime>
2024-06-12 14:58:39
</EndTime>
    </Statement>
    <Statement StatementName="Windows.Capture Screen Shot(2UP_RightDown_Border.jpg)">
      <StartTime>
2024-06-12 14:58:39
</StartTime>
      <Result>
Pass
</Result>
      <ScreenShot>
.\Windows_Screenshot_240612_14583990.png
</ScreenShot>
      <EndTime>
2024-06-12 14:58:39
</EndTime>
    </Statement>
    <Statement StatementName="Sleep(5)">
      <StartTime>
2024-06-12 14:58:39
</StartTime>
      <Result>
Pass
</Result>
      <EndTime>
2024-06-12 14:58:44
</EndTime>
    </Statement>
    <Statement StatementName="Hallasan.Confirm">
      <StartTime>
2024-06-12 14:58:44
</StartTime>
      <Result>
Fail
</Result>
      <ErrorDescription>
Can not find element with given automation ID : App.OK
</ErrorDescription>
      <ScreenShot>
.\Hallasan_Screenshot_240612_14584825.png
</ScreenShot>
      <EndTime>
2024-06-12 14:58:48
</EndTime>
    </Statement>
    <Statement StatementName="Sleep(5)">
      <StartTime>
2024-06-12 14:58:48
</StartTime>
      <Result>
Pass
</Result>
      <EndTime>
2024-06-12 14:58:53
</EndTime>
    </Statement>
    <Statement StatementName="Click_Print_Button.Print">
      <StartTime>
2024-06-12 14:58:53
</StartTime>
      <StartTime>
2024-06-12 14:58:53
</StartTime>
      <Statement StatementName="Hallasan.Click Print Button">
        <StartTime>
2024-06-12 14:58:53
</StartTime>
        <Result>
Error
</Result>
        <ErrorDescription>
Error during click print button
</ErrorDescription>
        <AdditionalInfo>
System.NullReferenceException: Object reference not set to an instance of an object.
   at HP.GFriend.Keywords.ApplicationUtils.ClickPrintButtonInAcrobatReader(Windows windowsController) in C:\Jenkins\workspace\Build_And_Release_GFriend_Official\GFLibraries\GFK.Windows\ApplicationUtils.cs:line 398
   at HP.GFriend.Keywords.Windows.ClickPrintButton() in C:\Jenkins\workspace\Build_And_Release_GFriend_Official\GFLibraries\GFK.Windows\Windows.cs:line 1009
</AdditionalInfo>
        <EndTime>
2024-06-12 14:59:00
</EndTime>
      </Statement>
      <Statement StatementName="Sleep(10)">
        <StartTime>
2024-06-12 14:59:00
</StartTime>
        <Result>
Pass
</Result>
        <EndTime>
2024-06-12 14:59:10
</EndTime>
      </Statement>
      <If Condition=" Hallasan.Close Application">
        <StartTime>
2024-06-12 14:59:10
</StartTime>
        <ConditionResult>
PASS
</ConditionResult>
        <StatementBlock Kind="PASS">
          <StartTime>
2024-06-12 14:59:10
</StartTime>
          <Block>
            <StartTime>
2024-06-12 14:59:10
</StartTime>
            <Result>
PASS
</Result>
            <EndTime>
2024-06-12 14:59:10
</EndTime>
          </Block>
          <EndTime>
2024-06-12 14:59:10
</EndTime>
          <Result>
PASS
</Result>
        </StatementBlock>
        <Result>
PASS
</Result>
        <EndTime>
2024-06-12 14:59:10
</EndTime>
      </If>
      <Statement StatementName="Sleep(10)">
        <StartTime>
2024-06-12 14:59:10
</StartTime>
        <Result>
Pass
</Result>
        <EndTime>
2024-06-12 14:59:20
</EndTime>
      </Statement>
      <Result>
ERROR
</Result>
      <EndTime>
2024-06-12 14:59:20
</EndTime>
      <Result>
Error
</Result>
      <EndTime>
2024-06-12 14:59:20
</EndTime>
    </Statement>
    <Statement StatementName="Destination_Selection_Application.PT Value_2UP_RightDown_Border_PSA">
      <StartTime>
2024-06-12 14:59:20
</StartTime>
      <Result>
Error
</Result>
      <ErrorDescription>
Can not find specified keyword
</ErrorDescription>
      <EndTime>
2024-06-12 14:59:20
</EndTime>
    </Statement>
    <Result>
ERROR
</Result>
    <EndTime>
2024-06-12 14:59:20
</EndTime>
  </TestCase>
  <EndTime>
2024-06-12 14:59:20
</EndTime>
</TestSuite>