<?xml version="1.0" encoding="UTF-8"?>
<TestSuite Name="[Laser Printer] Full Horizon Basic Duplex TC">
  <StartTime>
2021-10-25 16:19:28
</StartTime>
  <TestCase Name="Two-Sided Printing:TwoSidedLongEdge">
    <StartTime>
2021-10-25 16:19:28
</StartTime>
    <Repeat RepeatCount="1">
      <StartTime>
2021-10-25 16:19:28
</StartTime>
      <Loop LoopCount="1">
        <StartTime>
2021-10-25 16:19:28
</StartTime>
        <Statement StatementName="Destination_Selection_Application.Destination Selection_TwoSidedLongEdge">
          <StartTime>
2021-10-25 16:19:28
</StartTime>
          <StartTime>
2021-10-25 16:19:28
</StartTime>
          <Statement StatementName="Hallasan.Open File For Print (C:\GFriend_PotG\Potg_Driver\PotG Testfile\YMC_TwoSidedLongEdge.pdf,HP Smart Printing)">
            <StartTime>
2021-10-25 16:19:28
</StartTime>
            <Result>
Error
</Result>
            <ErrorDescription>
Unexpected exception
</ErrorDescription>
            <AdditionalInfo>
System.Reflection.TargetInvocationException: Exception has been thrown by the target of an invocation. ---&gt; System.NullReferenceException: Object reference not set to an instance of an object.
   at HP.GFriend.Utils.UIAManaged.ApplicationUtilsManaged.OpenAcrobatReader(String filePath, String printerName, WindowsManaged windowsController) in C:\Jenkins\workspace\Build_And_Release_GFriend_Official\GFUtils\UIAManaged\ApplicationUtilsManaged.cs:line 37
   at HP.GFriend.Keywords.ApplicationUtils.OpenAcrobatReader(String filePath, String printerName, Windows windowsController) in C:\Jenkins\workspace\Build_And_Release_GFriend_Official\GFLibraries\GFK.Windows\ApplicationUtils.cs:line 292
   --- End of inner exception stack trace ---
   at System.RuntimeMethodHandle.InvokeMethod(Object target, Object[] arguments, Signature sig, Boolean constructor)
   at System.Reflection.RuntimeMethodInfo.UnsafeInvokeInternal(Object obj, Object[] parameters, Object[] arguments)
   at System.Reflection.RuntimeMethodInfo.Invoke(Object obj, BindingFlags invokeAttr, Binder binder, Object[] parameters, CultureInfo culture)
   at System.RuntimeType.InvokeMember(String name, BindingFlags bindingFlags, Binder binder, Object target, Object[] providedArgs, ParameterModifier[] modifiers, CultureInfo culture, String[] namedParams)
   at HP.GFriend.Core.Execution.Executor.Execute(Statement aStatement, TestDataManager testDataManager, Int32 repeat, Int32 stackLevel, Dictionary`2 arguments)
</AdditionalInfo>
            <EndTime>
2021-10-25 16:20:18
</EndTime>
          </Statement>
          <Statement StatementName="Windows.Wait For Name (HP Smart Printing,30)">
            <StartTime>
2021-10-25 16:20:18
</StartTime>
            <Result>
Fail
</Result>
            <ErrorDescription>
Can not find element with given name : HP Smart Printing
</ErrorDescription>
            <ScreenShot>
.\Windows_Screenshot_211025_16204891.png
</ScreenShot>
            <EndTime>
2021-10-25 16:20:48
</EndTime>
          </Statement>
          <Statement StatementName="Sleep(6)">
            <StartTime>
2021-10-25 16:20:48
</StartTime>
            <Result>
Pass
</Result>
            <EndTime>
2021-10-25 16:20:54
</EndTime>
          </Statement>
          <Result>
Fail
</Result>
          <EndTime>
2021-10-25 16:20:54
</EndTime>
          <Result>
Fail
</Result>
          <EndTime>
2021-10-25 16:20:54
</EndTime>
        </Statement>
        <Statement StatementName="Used_Destination_Selection_Function.not Used Destination Selection Function">
          <StartTime>
2021-10-25 16:20:54
</StartTime>
          <StartTime>
2021-10-25 16:20:54
</StartTime>
          <Result>
Pass
</Result>
          <EndTime>
2021-10-25 16:20:54
</EndTime>
          <Result>
Pass
</Result>
          <EndTime>
2021-10-25 16:20:55
</EndTime>
        </Statement>
        <Statement StatementName="Hallasan.Set Combobox (Part.JobDuplexAllDocumentsContiguously,Option.TwoSidedLongEdge)">
          <StartTime>
2021-10-25 16:20:55
</StartTime>
          <Result>
Fail
</Result>
          <ErrorDescription>
Can not find combobox : Part.JobDuplexAllDocumentsContiguously
</ErrorDescription>
          <EndTime>
2021-10-25 16:20:57
</EndTime>
        </Statement>
        <Statement StatementName="Windows.Capture Screen Shot(Capture.jpg)">
          <StartTime>
2021-10-25 16:20:57
</StartTime>
          <Result>
Pass
</Result>
          <ScreenShot>
.\Windows_Screenshot_211025_16205723.png
</ScreenShot>
          <EndTime>
2021-10-25 16:20:57
</EndTime>
        </Statement>
        <Statement StatementName="Sleep(5)">
          <StartTime>
2021-10-25 16:20:57
</StartTime>
          <Result>
Pass
</Result>
          <EndTime>
2021-10-25 16:21:02
</EndTime>
        </Statement>
        <Statement StatementName="Hallasan.Confirm">
          <StartTime>
2021-10-25 16:21:02
</StartTime>
          <Result>
Fail
</Result>
          <ErrorDescription>
Can not find element with given automation ID : App.OK
</ErrorDescription>
          <ScreenShot>
.\Hallasan_Screenshot_211025_16210551.png
</ScreenShot>
          <EndTime>
2021-10-25 16:21:05
</EndTime>
        </Statement>
        <Statement StatementName="Sleep(5)">
          <StartTime>
2021-10-25 16:21:05
</StartTime>
          <Result>
Pass
</Result>
          <EndTime>
2021-10-25 16:21:10
</EndTime>
        </Statement>
        <Statement StatementName="Click_Print_Button.Print">
          <StartTime>
2021-10-25 16:21:10
</StartTime>
          <StartTime>
2021-10-25 16:21:10
</StartTime>
          <Statement StatementName="Hallasan.Click Print Button">
            <StartTime>
2021-10-25 16:21:10
</StartTime>
            <Result>
Error
</Result>
            <ErrorDescription>
Error during click print button
</ErrorDescription>
            <AdditionalInfo>
System.NullReferenceException: Object reference not set to an instance of an object.
   at HP.GFriend.Keywords.ApplicationUtils.ClickPrintButtonInAcrobatReader(Windows windowsController) in C:\Jenkins\workspace\Build_And_Release_GFriend_Official\GFLibraries\GFK.Windows\ApplicationUtils.cs:line 398
   at HP.GFriend.Keywords.Windows.ClickPrintButton() in C:\Jenkins\workspace\Build_And_Release_GFriend_Official\GFLibraries\GFK.Windows\Windows.cs:line 935
</AdditionalInfo>
            <EndTime>
2021-10-25 16:21:17
</EndTime>
          </Statement>
          <Statement StatementName="Sleep(20)">
            <StartTime>
2021-10-25 16:21:17
</StartTime>
            <Result>
Pass
</Result>
            <EndTime>
2021-10-25 16:21:37
</EndTime>
          </Statement>
          <If Condition=" Hallasan.Close Application">
            <StartTime>
2021-10-25 16:21:37
</StartTime>
            <ConditionResult>
ERROR
</ConditionResult>
            <ErrorDescription>
Error during close
</ErrorDescription>
            <StatementBlock Kind="ERROR">
              <StartTime>
2021-10-25 16:21:37
</StartTime>
              <Block>
                <StartTime>
2021-10-25 16:21:37
</StartTime>
                <Result>
PASS
</Result>
                <EndTime>
2021-10-25 16:21:37
</EndTime>
              </Block>
              <EndTime>
2021-10-25 16:21:37
</EndTime>
              <Result>
PASS
</Result>
            </StatementBlock>
            <Result>
PASS
</Result>
            <EndTime>
2021-10-25 16:21:37
</EndTime>
          </If>
          <Statement StatementName="Sleep(20)">
            <StartTime>
2021-10-25 16:21:37
</StartTime>
            <Result>
Pass
</Result>
            <EndTime>
2021-10-25 16:21:57
</EndTime>
          </Statement>
          <Result>
Error
</Result>
          <EndTime>
2021-10-25 16:21:57
</EndTime>
          <Result>
Error
</Result>
          <EndTime>
2021-10-25 16:21:57
</EndTime>
        </Statement>
        <Statement StatementName="Destination_Selection_Application.PT Value_TwoSidedLongEdge">
          <StartTime>
2021-10-25 16:21:57
</StartTime>
          <StartTime>
2021-10-25 16:21:57
</StartTime>
          <Statement StatementName="XML.Load From File (C:\temp\H_JobSetup_OutPT.xml)">
            <StartTime>
2021-10-25 16:21:57
</StartTime>
            <Result>
Pass
</Result>
            <EndTime>
2021-10-25 16:21:57
</EndTime>
          </Statement>
          <Statement StatementName="XML.Get Attribute (${value},//*[@name='psk:JobDuplexAllDocumentsContiguously']/psf:Option,name)">
            <StartTime>
2021-10-25 16:21:57
</StartTime>
            <Result>
Pass
</Result>
            <Output>
psk:OneSided
</Output>
            <EndTime>
2021-10-25 16:21:57
</EndTime>
          </Statement>
          <Statement StatementName="Equals (${value},psk:TwoSidedLongEdge)">
            <StartTime>
2021-10-25 16:21:57
</StartTime>
            <Result>
Fail
</Result>
            <ErrorDescription>
psk:OneSided and psk:TwoSidedLongEdge are not same
</ErrorDescription>
            <EndTime>
2021-10-25 16:21:57
</EndTime>
          </Statement>
          <Statement StatementName="XML.Get Attribute (${value},//*[@name='ns0000:JobTelemetryUserOption']/psf:Option,name)">
            <StartTime>
2021-10-25 16:21:57
</StartTime>
            <Result>
Pass
</Result>
            <Output>
ns0000:OptIn
</Output>
            <EndTime>
2021-10-25 16:21:57
</EndTime>
          </Statement>
          <Statement StatementName="Equals (${value},ns0000:OptIn)">
            <StartTime>
2021-10-25 16:21:57
</StartTime>
            <Result>
Pass
</Result>
            <EndTime>
2021-10-25 16:21:57
</EndTime>
          </Statement>
          <Statement StatementName="Run Command(cmd /c copy c:\temp\H_JobSetup_OutPT.xml &quot;${OUTPUT_FOLDER}&quot;,${commandOutput},5)">
            <StartTime>
2021-10-25 16:21:57
</StartTime>
            <Result>
Pass
</Result>
            <Output>
        1 file(s) copied.

</Output>
            <EndTime>
2021-10-25 16:21:58
</EndTime>
          </Statement>
          <Result>
Fail
</Result>
          <EndTime>
2021-10-25 16:21:58
</EndTime>
          <Result>
Fail
</Result>
          <EndTime>
2021-10-25 16:21:58
</EndTime>
        </Statement>
        <Result>
FAIL
</Result>
        <EndTime>
2021-10-25 16:21:58
</EndTime>
      </Loop>
      <Result>
FAIL
</Result>
      <EndTime>
2021-10-25 16:21:58
</EndTime>
    </Repeat>
    <Result>
FAIL
</Result>
    <EndTime>
2021-10-25 16:21:58
</EndTime>
  </TestCase>
  <EndTime>
2021-10-25 16:21:58
</EndTime>
</TestSuite>