<?xml version="1.0" encoding="UTF-8"?>
<TestSuite Name="PSA_DragonFly">
  <StartTime>
2024-06-12 12:44:00
</StartTime>
  <TestCase Name="5.Pages per Sheet:2UP_RightDown_Border">
    <StartTime>
2024-06-12 12:44:00
</StartTime>
    <Statement StatementName="Destination_Selection_PSA_Application.Destination Selection_2UP_RightDown_Border_PSA">
      <StartTime>
2024-06-12 12:44:00
</StartTime>
      <StartTime>
2024-06-12 12:44:00
</StartTime>
      <Statement StatementName="Hallasan.Open File For Print (C:\GFriend_PotG\Potg_Driver\PotG Testfile\PSA\YMC_2Pages_RightthenDown_withBorder.pdf,HP_PrintSupport_App)">
        <StartTime>
2024-06-12 12:44:00
</StartTime>
        <Result>
Pass
</Result>
        <EndTime>
2024-06-12 12:45:03
</EndTime>
      </Statement>
      <Statement StatementName="Windows.Wait For Name (HP_PrintSupport_App,30)">
        <StartTime>
2024-06-12 12:45:03
</StartTime>
        <Result>
Pass
</Result>
        <EndTime>
2024-06-12 12:45:03
</EndTime>
      </Statement>
      <Statement StatementName="Sleep(6)">
        <StartTime>
2024-06-12 12:45:03
</StartTime>
        <Result>
Pass
</Result>
        <EndTime>
2024-06-12 12:45:09
</EndTime>
      </Statement>
      <Result>
PASS
</Result>
      <EndTime>
2024-06-12 12:45:09
</EndTime>
      <Result>
Pass
</Result>
      <EndTime>
2024-06-12 12:45:09
</EndTime>
    </Statement>
    <Statement StatementName="Used_Destination_Selection_Function.not Used Destination Selection Function">
      <StartTime>
2024-06-12 12:45:09
</StartTime>
      <StartTime>
2024-06-12 12:45:09
</StartTime>
      <Result>
PASS
</Result>
      <EndTime>
2024-06-12 12:45:09
</EndTime>
      <Result>
Pass
</Result>
      <EndTime>
2024-06-12 12:45:09
</EndTime>
    </Statement>
    <Statement StatementName="Destination_Selection_PSA_Application.Expections_Error">
      <StartTime>
2024-06-12 12:45:09
</StartTime>
      <StartTime>
2024-06-12 12:45:09
</StartTime>
      <Statement StatementName="Windows.Capture Full Screen (SS)">
        <StartTime>
2024-06-12 12:45:09
</StartTime>
        <Result>
Pass
</Result>
        <ScreenShot>
.\Windows_Screenshot_240612_12450984.png
</ScreenShot>
        <EndTime>
2024-06-12 12:45:09
</EndTime>
      </Statement>
      <If Condition=" Windows.Select Child Window With Title (HP_PrintSupport_App,10)">
        <StartTime>
2024-06-12 12:45:09
</StartTime>
        <ConditionResult>
FAIL
</ConditionResult>
        <ErrorDescription>
Can not find target application
</ErrorDescription>
        <ScreenShot>
.\Windows_Screenshot_240612_12452029.png
</ScreenShot>
        <StatementBlock Kind="FAIL">
          <StartTime>
2024-06-12 12:45:20
</StartTime>
          <Block>
            <StartTime>
2024-06-12 12:45:20
</StartTime>
            <Statement StatementName="Pass (Childpop was not displayed)">
              <StartTime>
2024-06-12 12:45:20
</StartTime>
              <Result>
Pass
</Result>
              <Output>
Childpop was not displayed
</Output>
              <EndTime>
2024-06-12 12:45:20
</EndTime>
            </Statement>
            <Result>
PASS
</Result>
            <EndTime>
2024-06-12 12:45:20
</EndTime>
          </Block>
          <EndTime>
2024-06-12 12:45:20
</EndTime>
          <Result>
PASS
</Result>
        </StatementBlock>
        <Result>
PASS
</Result>
        <EndTime>
2024-06-12 12:45:20
</EndTime>
      </If>
      <Statement StatementName="Windows.Capture Full Screen (SSS)">
        <StartTime>
2024-06-12 12:45:20
</StartTime>
        <Result>
Pass
</Result>
        <ScreenShot>
.\Windows_Screenshot_240612_12452036.png
</ScreenShot>
        <EndTime>
2024-06-12 12:45:20
</EndTime>
      </Statement>
      <If Condition=" Windows.Select Application (HP_PrintSupport_App,10)">
        <StartTime>
2024-06-12 12:45:20
</StartTime>
        <ConditionResult>
FAIL
</ConditionResult>
        <ErrorDescription>
Can not find target application
</ErrorDescription>
        <ScreenShot>
.\Windows_Screenshot_240612_12453046.png
</ScreenShot>
        <StatementBlock Kind="FAIL">
          <StartTime>
2024-06-12 12:45:30
</StartTime>
          <Block>
            <StartTime>
2024-06-12 12:45:30
</StartTime>
            <Statement StatementName="Pass (Childpop was not displayed)">
              <StartTime>
2024-06-12 12:45:30
</StartTime>
              <Result>
Pass
</Result>
              <Output>
Childpop was not displayed
</Output>
              <EndTime>
2024-06-12 12:45:30
</EndTime>
            </Statement>
            <Result>
PASS
</Result>
            <EndTime>
2024-06-12 12:45:30
</EndTime>
          </Block>
          <EndTime>
2024-06-12 12:45:30
</EndTime>
          <Result>
PASS
</Result>
        </StatementBlock>
        <Result>
PASS
</Result>
        <EndTime>
2024-06-12 12:45:30
</EndTime>
      </If>
      <Result>
PASS
</Result>
      <EndTime>
2024-06-12 12:45:30
</EndTime>
      <Result>
Pass
</Result>
      <EndTime>
2024-06-12 12:45:30
</EndTime>
    </Statement>
    <Statement StatementName="Windows.Wait For ID (ui_NupCount,5)">
      <StartTime>
2024-06-12 12:45:30
</StartTime>
      <Result>
Pass
</Result>
      <EndTime>
2024-06-12 12:45:30
</EndTime>
    </Statement>
    <Statement StatementName="Windows.Click ID With Mouse (ui_NupCount)">
      <StartTime>
2024-06-12 12:45:30
</StartTime>
      <Result>
Pass
</Result>
      <EndTime>
2024-06-12 12:45:31
</EndTime>
    </Statement>
    <Statement StatementName="Windows.Wait For Name (HP.PSA.V4.Shared.ViewModel.Parts.OptionPartViewModel,5)">
      <StartTime>
2024-06-12 12:45:31
</StartTime>
      <Result>
Pass
</Result>
      <EndTime>
2024-06-12 12:45:31
</EndTime>
    </Statement>
    <Statement StatementName="Windows.Click Name (HP.PSA.V4.Shared.ViewModel.Parts.OptionPartViewModel)">
      <StartTime>
2024-06-12 12:45:31
</StartTime>
      <Result>
Pass
</Result>
      <EndTime>
2024-06-12 12:45:31
</EndTime>
    </Statement>
    <Statement StatementName="Windows.Set Toggle (NUPPageBorderControl,On)">
      <StartTime>
2024-06-12 12:45:31
</StartTime>
      <Result>
Error
</Result>
      <ErrorDescription>
Error during Toggle
</ErrorDescription>
      <AdditionalInfo>
System.NullReferenceException: Object reference not set to an instance of an object.
   at HP.GFriend.Keywords.Windows.SetToggle(String toggleAutomationID, String toggleOnOff) in C:\Jenkins\workspace\Build_And_Release_GFriend_Official\GFLibraries\GFK.Windows\Windows.cs:line 2635
</AdditionalInfo>
      <EndTime>
2024-06-12 12:45:33
</EndTime>
    </Statement>
    <Statement StatementName="Windows.Capture Screen Shot(2UP_RightDown_Border.jpg)">
      <StartTime>
2024-06-12 12:45:33
</StartTime>
      <Result>
Pass
</Result>
      <ScreenShot>
.\Windows_Screenshot_240612_12453364.png
</ScreenShot>
      <EndTime>
2024-06-12 12:45:33
</EndTime>
    </Statement>
    <Statement StatementName="Sleep(5)">
      <StartTime>
2024-06-12 12:45:33
</StartTime>
      <Result>
Pass
</Result>
      <EndTime>
2024-06-12 12:45:38
</EndTime>
    </Statement>
    <Statement StatementName="Hallasan.Confirm">
      <StartTime>
2024-06-12 12:45:38
</StartTime>
      <Result>
Pass
</Result>
      <EndTime>
2024-06-12 12:45:38
</EndTime>
    </Statement>
    <Statement StatementName="Sleep(5)">
      <StartTime>
2024-06-12 12:45:38
</StartTime>
      <Result>
Pass
</Result>
      <EndTime>
2024-06-12 12:45:43
</EndTime>
    </Statement>
    <Statement StatementName="Click_Print_Button.Print">
      <StartTime>
2024-06-12 12:45:43
</StartTime>
      <StartTime>
2024-06-12 12:45:43
</StartTime>
      <Statement StatementName="Hallasan.Click Print Button">
        <StartTime>
2024-06-12 12:45:43
</StartTime>
        <Result>
Error
</Result>
        <ErrorDescription>
Error during click print button
</ErrorDescription>
        <AdditionalInfo>
System.NullReferenceException: Object reference not set to an instance of an object.
   at HP.GFriend.Keywords.ApplicationUtils.ClickPrintButtonInAcrobatReader(Windows windowsController) in C:\Jenkins\workspace\Build_And_Release_GFriend_Official\GFLibraries\GFK.Windows\ApplicationUtils.cs:line 398
   at HP.GFriend.Keywords.Windows.ClickPrintButton() in C:\Jenkins\workspace\Build_And_Release_GFriend_Official\GFLibraries\GFK.Windows\Windows.cs:line 1009
</AdditionalInfo>
        <EndTime>
2024-06-12 12:45:51
</EndTime>
      </Statement>
      <Statement StatementName="Sleep(10)">
        <StartTime>
2024-06-12 12:45:51
</StartTime>
        <Result>
Pass
</Result>
        <EndTime>
2024-06-12 12:46:01
</EndTime>
      </Statement>
      <If Condition=" Hallasan.Close Application">
        <StartTime>
2024-06-12 12:46:01
</StartTime>
        <ConditionResult>
PASS
</ConditionResult>
        <StatementBlock Kind="PASS">
          <StartTime>
2024-06-12 12:46:01
</StartTime>
          <Block>
            <StartTime>
2024-06-12 12:46:01
</StartTime>
            <Result>
PASS
</Result>
            <EndTime>
2024-06-12 12:46:01
</EndTime>
          </Block>
          <EndTime>
2024-06-12 12:46:01
</EndTime>
          <Result>
PASS
</Result>
        </StatementBlock>
        <Result>
PASS
</Result>
        <EndTime>
2024-06-12 12:46:01
</EndTime>
      </If>
      <Statement StatementName="Sleep(10)">
        <StartTime>
2024-06-12 12:46:01
</StartTime>
        <Result>
Pass
</Result>
        <EndTime>
2024-06-12 12:46:11
</EndTime>
      </Statement>
      <Result>
ERROR
</Result>
      <EndTime>
2024-06-12 12:46:11
</EndTime>
      <Result>
Error
</Result>
      <EndTime>
2024-06-12 12:46:11
</EndTime>
    </Statement>
    <Statement StatementName="Destination_Selection_Application.PT Value_2UP_RightDown_Border_PSA">
      <StartTime>
2024-06-12 12:46:11
</StartTime>
      <Result>
Error
</Result>
      <ErrorDescription>
Can not find specified keyword
</ErrorDescription>
      <EndTime>
2024-06-12 12:46:11
</EndTime>
    </Statement>
    <Result>
ERROR
</Result>
    <EndTime>
2024-06-12 12:46:11
</EndTime>
  </TestCase>
  <EndTime>
2024-06-12 12:46:11
</EndTime>
</TestSuite>