<?xml version="1.0" encoding="UTF-8"?>
<TestSuite Name="PSA_DragonFly">
  <StartTime>
2024-06-12 14:12:16
</StartTime>
  <TestCase Name="5.Pages per Sheet:2UP_RightDown_Border">
    <StartTime>
2024-06-12 14:12:16
</StartTime>
    <Statement StatementName="Destination_Selection_PSA_Application.Destination Selection_2UP_RightDown_Border_PSA">
      <StartTime>
2024-06-12 14:12:16
</StartTime>
      <StartTime>
2024-06-12 14:12:16
</StartTime>
      <Statement StatementName="Hallasan.Open File For Print (C:\GFriend_PotG\Potg_Driver\PotG Testfile\PSA\YMC_2Pages_RightthenDown_withBorder.pdf,HP_PrintSupport_App)">
        <StartTime>
2024-06-12 14:12:16
</StartTime>
        <Result>
Pass
</Result>
        <EndTime>
2024-06-12 14:12:49
</EndTime>
      </Statement>
      <Statement StatementName="Windows.Wait For Name (HP_PrintSupport_App,30)">
        <StartTime>
2024-06-12 14:12:49
</StartTime>
        <Result>
Pass
</Result>
        <EndTime>
2024-06-12 14:12:49
</EndTime>
      </Statement>
      <Statement StatementName="Sleep(6)">
        <StartTime>
2024-06-12 14:12:49
</StartTime>
        <Result>
Pass
</Result>
        <EndTime>
2024-06-12 14:12:55
</EndTime>
      </Statement>
      <Result>
PASS
</Result>
      <EndTime>
2024-06-12 14:12:55
</EndTime>
      <Result>
Pass
</Result>
      <EndTime>
2024-06-12 14:12:55
</EndTime>
    </Statement>
    <Statement StatementName="Used_Destination_Selection_Function.not Used Destination Selection Function">
      <StartTime>
2024-06-12 14:12:55
</StartTime>
      <StartTime>
2024-06-12 14:12:55
</StartTime>
      <Result>
PASS
</Result>
      <EndTime>
2024-06-12 14:12:55
</EndTime>
      <Result>
Pass
</Result>
      <EndTime>
2024-06-12 14:12:55
</EndTime>
    </Statement>
    <Statement StatementName="Destination_Selection_PSA_Application.Expections_Error">
      <StartTime>
2024-06-12 14:12:55
</StartTime>
      <StartTime>
2024-06-12 14:12:55
</StartTime>
      <Statement StatementName="Windows.Capture Full Screen (SS)">
        <StartTime>
2024-06-12 14:12:55
</StartTime>
        <Result>
Pass
</Result>
        <ScreenShot>
.\Windows_Screenshot_240612_14125527.png
</ScreenShot>
        <EndTime>
2024-06-12 14:12:55
</EndTime>
      </Statement>
      <If Condition=" Windows.Select Child Window With Title (HP_PrintSupport_App,10)">
        <StartTime>
2024-06-12 14:12:55
</StartTime>
        <ConditionResult>
FAIL
</ConditionResult>
        <ErrorDescription>
Can not find target application
</ErrorDescription>
        <ScreenShot>
.\Windows_Screenshot_240612_14130570.png
</ScreenShot>
        <StatementBlock Kind="FAIL">
          <StartTime>
2024-06-12 14:13:05
</StartTime>
          <Block>
            <StartTime>
2024-06-12 14:13:05
</StartTime>
            <Statement StatementName="Pass (Childpop was not displayed)">
              <StartTime>
2024-06-12 14:13:05
</StartTime>
              <Result>
Pass
</Result>
              <Output>
Childpop was not displayed
</Output>
              <EndTime>
2024-06-12 14:13:05
</EndTime>
            </Statement>
            <Result>
PASS
</Result>
            <EndTime>
2024-06-12 14:13:05
</EndTime>
          </Block>
          <EndTime>
2024-06-12 14:13:05
</EndTime>
          <Result>
PASS
</Result>
        </StatementBlock>
        <Result>
PASS
</Result>
        <EndTime>
2024-06-12 14:13:05
</EndTime>
      </If>
      <Statement StatementName="Windows.Capture Full Screen (SSS)">
        <StartTime>
2024-06-12 14:13:05
</StartTime>
        <Result>
Pass
</Result>
        <ScreenShot>
.\Windows_Screenshot_240612_14130577.png
</ScreenShot>
        <EndTime>
2024-06-12 14:13:05
</EndTime>
      </Statement>
      <If Condition=" Windows.Select Application (HP_PrintSupport_App,10)">
        <StartTime>
2024-06-12 14:13:05
</StartTime>
        <ConditionResult>
FAIL
</ConditionResult>
        <ErrorDescription>
Can not find target application
</ErrorDescription>
        <ScreenShot>
.\Windows_Screenshot_240612_14131629.png
</ScreenShot>
        <StatementBlock Kind="FAIL">
          <StartTime>
2024-06-12 14:13:16
</StartTime>
          <Block>
            <StartTime>
2024-06-12 14:13:16
</StartTime>
            <Statement StatementName="Pass (Childpop was not displayed)">
              <StartTime>
2024-06-12 14:13:16
</StartTime>
              <Result>
Pass
</Result>
              <Output>
Childpop was not displayed
</Output>
              <EndTime>
2024-06-12 14:13:16
</EndTime>
            </Statement>
            <Result>
PASS
</Result>
            <EndTime>
2024-06-12 14:13:16
</EndTime>
          </Block>
          <EndTime>
2024-06-12 14:13:16
</EndTime>
          <Result>
PASS
</Result>
        </StatementBlock>
        <Result>
PASS
</Result>
        <EndTime>
2024-06-12 14:13:16
</EndTime>
      </If>
      <Result>
PASS
</Result>
      <EndTime>
2024-06-12 14:13:16
</EndTime>
      <Result>
Pass
</Result>
      <EndTime>
2024-06-12 14:13:16
</EndTime>
    </Statement>
    <Statement StatementName="Windows.Wait For ID (ui_NupCount,5)">
      <StartTime>
2024-06-12 14:13:16
</StartTime>
      <Result>
Pass
</Result>
      <EndTime>
2024-06-12 14:13:16
</EndTime>
    </Statement>
    <Statement StatementName="Windows.Click ID With Mouse (ui_NupCount)">
      <StartTime>
2024-06-12 14:13:16
</StartTime>
      <Result>
Pass
</Result>
      <EndTime>
2024-06-12 14:13:17
</EndTime>
    </Statement>
    <Statement StatementName="Windows.Wait For Name (2 pages per sheet,5)">
      <StartTime>
2024-06-12 14:13:17
</StartTime>
      <Result>
Pass
</Result>
      <EndTime>
2024-06-12 14:13:17
</EndTime>
    </Statement>
    <Statement StatementName="Windows.Click Sub Item With Value (2 pages per sheet)">
      <StartTime>
2024-06-12 14:13:17
</StartTime>
      <Result>
Error
</Result>
      <ErrorDescription>
Unexpected exception
</ErrorDescription>
      <AdditionalInfo>
System.MissingMethodException: Method 'HP.GFriend.Keywords.Windows.ClickSubItemWithValue' not found.
   at System.RuntimeType.InvokeMember(String name, BindingFlags bindingFlags, Binder binder, Object target, Object[] providedArgs, ParameterModifier[] modifiers, CultureInfo culture, String[] namedParams)
   at System.Type.InvokeMember(String name, BindingFlags invokeAttr, Binder binder, Object target, Object[] args)
   at HP.GFriend.Core.Execution.Executor.Execute(Statement aStatement, TestDataManager testDataManager, Int32 repeat, Int32 stackLevel, Dictionary`2 arguments)
</AdditionalInfo>
      <EndTime>
2024-06-12 14:13:17
</EndTime>
    </Statement>
    <Statement StatementName="Windows.Capture Screen Shot(2UP_RightDown_Border.jpg)">
      <StartTime>
2024-06-12 14:13:17
</StartTime>
      <Result>
Pass
</Result>
      <ScreenShot>
.\Windows_Screenshot_240612_14131721.png
</ScreenShot>
      <EndTime>
2024-06-12 14:13:17
</EndTime>
    </Statement>
    <Statement StatementName="Sleep(5)">
      <StartTime>
2024-06-12 14:13:17
</StartTime>
      <Result>
Pass
</Result>
      <EndTime>
2024-06-12 14:13:22
</EndTime>
    </Statement>
    <Statement StatementName="Hallasan.Confirm">
      <StartTime>
2024-06-12 14:13:22
</StartTime>
      <Result>
Fail
</Result>
      <ErrorDescription>
Can not find element with given automation ID : App.OK
</ErrorDescription>
      <ScreenShot>
.\Hallasan_Screenshot_240612_14132556.png
</ScreenShot>
      <EndTime>
2024-06-12 14:13:25
</EndTime>
    </Statement>
    <Statement StatementName="Sleep(5)">
      <StartTime>
2024-06-12 14:13:25
</StartTime>
      <Result>
Pass
</Result>
      <EndTime>
2024-06-12 14:13:30
</EndTime>
    </Statement>
    <Statement StatementName="Click_Print_Button.Print">
      <StartTime>
2024-06-12 14:13:30
</StartTime>
      <StartTime>
2024-06-12 14:13:30
</StartTime>
      <Statement StatementName="Hallasan.Click Print Button">
        <StartTime>
2024-06-12 14:13:30
</StartTime>
        <Result>
Error
</Result>
        <ErrorDescription>
Error during click print button
</ErrorDescription>
        <AdditionalInfo>
System.NullReferenceException: Object reference not set to an instance of an object.
   at HP.GFriend.Keywords.ApplicationUtils.ClickPrintButtonInAcrobatReader(Windows windowsController) in C:\Jenkins\workspace\Build_And_Release_GFriend_Official\GFLibraries\GFK.Windows\ApplicationUtils.cs:line 398
   at HP.GFriend.Keywords.Windows.ClickPrintButton() in C:\Jenkins\workspace\Build_And_Release_GFriend_Official\GFLibraries\GFK.Windows\Windows.cs:line 1009
</AdditionalInfo>
        <EndTime>
2024-06-12 14:13:37
</EndTime>
      </Statement>
      <Statement StatementName="Sleep(10)">
        <StartTime>
2024-06-12 14:13:37
</StartTime>
        <Result>
Pass
</Result>
        <EndTime>
2024-06-12 14:13:47
</EndTime>
      </Statement>
      <If Condition=" Hallasan.Close Application">
        <StartTime>
2024-06-12 14:13:47
</StartTime>
        <ConditionResult>
PASS
</ConditionResult>
        <StatementBlock Kind="PASS">
          <StartTime>
2024-06-12 14:13:47
</StartTime>
          <Block>
            <StartTime>
2024-06-12 14:13:47
</StartTime>
            <Result>
PASS
</Result>
            <EndTime>
2024-06-12 14:13:47
</EndTime>
          </Block>
          <EndTime>
2024-06-12 14:13:47
</EndTime>
          <Result>
PASS
</Result>
        </StatementBlock>
        <Result>
PASS
</Result>
        <EndTime>
2024-06-12 14:13:47
</EndTime>
      </If>
      <Statement StatementName="Sleep(10)">
        <StartTime>
2024-06-12 14:13:47
</StartTime>
        <Result>
Pass
</Result>
        <EndTime>
2024-06-12 14:13:57
</EndTime>
      </Statement>
      <Result>
ERROR
</Result>
      <EndTime>
2024-06-12 14:13:57
</EndTime>
      <Result>
Error
</Result>
      <EndTime>
2024-06-12 14:13:57
</EndTime>
    </Statement>
    <Statement StatementName="Destination_Selection_Application.PT Value_2UP_RightDown_Border_PSA">
      <StartTime>
2024-06-12 14:13:57
</StartTime>
      <Result>
Error
</Result>
      <ErrorDescription>
Can not find specified keyword
</ErrorDescription>
      <EndTime>
2024-06-12 14:13:58
</EndTime>
    </Statement>
    <Result>
ERROR
</Result>
    <EndTime>
2024-06-12 14:13:58
</EndTime>
  </TestCase>
  <EndTime>
2024-06-12 14:13:58
</EndTime>
</TestSuite>