<?xml version="1.0" encoding="UTF-8"?>
<TestSuite Name="PSA_DragonFly">
  <StartTime>
2024-06-06 18:38:19
</StartTime>
  <TestCase Name="1.Factory defaults">
    <StartTime>
2024-06-06 18:38:19
</StartTime>
    <Statement StatementName="Destination_Selection_Application.Destination Selection_Factory_defaults">
      <StartTime>
2024-06-06 18:38:19
</StartTime>
      <StartTime>
2024-06-06 18:38:19
</StartTime>
      <Statement StatementName="Hallasan.Open File For Print (C:\GFriend_PotG\Potg_Driver\PotG Testfile\PSA\YMC_PSA_FactoryDefaults.pdf,PSA_Application)">
        <StartTime>
2024-06-06 18:38:19
</StartTime>
        <Result>
Pass
</Result>
        <EndTime>
2024-06-06 18:38:54
</EndTime>
      </Statement>
      <Statement StatementName="Windows.Wait For Name (PSA_Application,30)">
        <StartTime>
2024-06-06 18:38:54
</StartTime>
        <Result>
Pass
</Result>
        <EndTime>
2024-06-06 18:38:54
</EndTime>
      </Statement>
      <Statement StatementName="Sleep(6)">
        <StartTime>
2024-06-06 18:38:54
</StartTime>
        <Result>
Pass
</Result>
        <EndTime>
2024-06-06 18:39:00
</EndTime>
      </Statement>
      <Result>
PASS
</Result>
      <EndTime>
2024-06-06 18:39:00
</EndTime>
      <Result>
Pass
</Result>
      <EndTime>
2024-06-06 18:39:00
</EndTime>
    </Statement>
    <Statement StatementName="Used_Destination_Selection_Function.not Used Destination Selection Function">
      <StartTime>
2024-06-06 18:39:00
</StartTime>
      <StartTime>
2024-06-06 18:39:00
</StartTime>
      <Result>
PASS
</Result>
      <EndTime>
2024-06-06 18:39:00
</EndTime>
      <Result>
Pass
</Result>
      <EndTime>
2024-06-06 18:39:00
</EndTime>
    </Statement>
    <Statement StatementName="Hallasan.Get Driver Window (PSA_Application)">
      <StartTime>
2024-06-06 18:39:00
</StartTime>
      <Result>
Fail
</Result>
      <ErrorDescription>
Can not find window
</ErrorDescription>
      <ScreenShot>
.\Hallasan_Screenshot_240606_18391136.png
</ScreenShot>
      <EndTime>
2024-06-06 18:39:11
</EndTime>
    </Statement>
    <Statement StatementName="Windows.Click Name With Mouse (PSA_Application)">
      <StartTime>
2024-06-06 18:39:11
</StartTime>
      <Result>
Error
</Result>
      <ErrorDescription>
Error during click
</ErrorDescription>
      <ScreenShot>
.\Windows_Screenshot_240606_18391200.png
</ScreenShot>
      <AdditionalInfo>
System.InvalidOperationException: Operation is not valid due to the current state of the object.
   at UIAutomationClient.IUIAutomationElement.SetFocus()
   at System.Windows.Automation.AutomationElement.SetFocus()
   at HP.GFriend.Keywords.Windows.WaitForEndMove(AutomationElement target) in C:\Jenkins\workspace\Build_And_Release_GFriend_Official\GFLibraries\GFK.Windows\Windows.cs:line 347
   at HP.GFriend.Keywords.Windows.ClickNameWithMouse(String name) in C:\Jenkins\workspace\Build_And_Release_GFriend_Official\GFLibraries\GFK.Windows\Windows.cs:line 1640
</AdditionalInfo>
      <EndTime>
2024-06-06 18:39:12
</EndTime>
    </Statement>
    <Statement StatementName="Windows.Wait For ID (ui_Preset_Combo,20)">
      <StartTime>
2024-06-06 18:39:12
</StartTime>
      <Result>
Fail
</Result>
      <ErrorDescription>
Can not find element with given automation ID : ui_Preset_Combo
</ErrorDescription>
      <ScreenShot>
.\Windows_Screenshot_240606_18393237.png
</ScreenShot>
      <EndTime>
2024-06-06 18:39:32
</EndTime>
    </Statement>
    <Statement StatementName="Windows.Click ID (ui_Preset_Combo,15)">
      <StartTime>
2024-06-06 18:39:32
</StartTime>
      <Result>
Error
</Result>
      <ErrorDescription>
Unexpected exception
</ErrorDescription>
      <AdditionalInfo>
System.MissingMethodException: Method 'HP.GFriend.Keywords.Windows.ClickId' not found.
   at System.RuntimeType.InvokeMember(String name, BindingFlags bindingFlags, Binder binder, Object target, Object[] providedArgs, ParameterModifier[] modifiers, CultureInfo culture, String[] namedParams)
   at System.Type.InvokeMember(String name, BindingFlags invokeAttr, Binder binder, Object target, Object[] args)
   at HP.GFriend.Core.Execution.Executor.Execute(Statement aStatement, TestDataManager testDataManager, Int32 repeat, Int32 stackLevel, Dictionary`2 arguments)
</AdditionalInfo>
      <EndTime>
2024-06-06 18:39:32
</EndTime>
    </Statement>
    <Statement StatementName="Windows.Wait For Name (Envelopes)">
      <StartTime>
2024-06-06 18:39:32
</StartTime>
      <Result>
Error
</Result>
      <ErrorDescription>
Unexpected exception
</ErrorDescription>
      <AdditionalInfo>
System.MissingMethodException: Method 'HP.GFriend.Keywords.Windows.WaitForName' not found.
   at System.RuntimeType.InvokeMember(String name, BindingFlags bindingFlags, Binder binder, Object target, Object[] providedArgs, ParameterModifier[] modifiers, CultureInfo culture, String[] namedParams)
   at System.Type.InvokeMember(String name, BindingFlags invokeAttr, Binder binder, Object target, Object[] args)
   at HP.GFriend.Core.Execution.Executor.Execute(Statement aStatement, TestDataManager testDataManager, Int32 repeat, Int32 stackLevel, Dictionary`2 arguments)
</AdditionalInfo>
      <EndTime>
2024-06-06 18:39:32
</EndTime>
    </Statement>
    <Statement StatementName="Sleep(5)">
      <StartTime>
2024-06-06 18:39:32
</StartTime>
    </Statement>
  </TestCase>
</TestSuite>