<?xml version="1.0" encoding="UTF-8"?>
<TestSuite Name="PSA_DragonFly">
  <StartTime>
2024-06-10 12:57:05
</StartTime>
  <TestCase Name=".Label">
    <StartTime>
2024-06-10 12:57:05
</StartTime>
    <Statement StatementName="Destination_Selection_Application.Destination Selection_Labels_PSA">
      <StartTime>
2024-06-10 12:57:05
</StartTime>
      <StartTime>
2024-06-10 12:57:05
</StartTime>
      <Statement StatementName="Hallasan.Open File For Print (C:\GFriend_PotG\Potg_Driver\PotG Testfile\PSA\YMC_PSA_LABELS.pdf,HP_PrintSupport_App)">
        <StartTime>
2024-06-10 12:57:05
</StartTime>
        <Result>
Pass
</Result>
        <EndTime>
2024-06-10 12:58:10
</EndTime>
      </Statement>
      <Statement StatementName="Windows.Wait For Name (HP_PrintSupport_App,30)">
        <StartTime>
2024-06-10 12:58:10
</StartTime>
        <Result>
Pass
</Result>
        <EndTime>
2024-06-10 12:58:10
</EndTime>
      </Statement>
      <Statement StatementName="Sleep(6)">
        <StartTime>
2024-06-10 12:58:10
</StartTime>
        <Result>
Pass
</Result>
        <EndTime>
2024-06-10 12:58:16
</EndTime>
      </Statement>
      <Result>
PASS
</Result>
      <EndTime>
2024-06-10 12:58:16
</EndTime>
      <Result>
Pass
</Result>
      <EndTime>
2024-06-10 12:58:16
</EndTime>
    </Statement>
    <Statement StatementName="Used_Destination_Selection_Function.not Used Destination Selection Function">
      <StartTime>
2024-06-10 12:58:16
</StartTime>
      <StartTime>
2024-06-10 12:58:16
</StartTime>
      <Result>
PASS
</Result>
      <EndTime>
2024-06-10 12:58:16
</EndTime>
      <Result>
Pass
</Result>
      <EndTime>
2024-06-10 12:58:16
</EndTime>
    </Statement>
    <Statement StatementName="Windows.Wait For Name (HP PrintSupportApp,10)">
      <StartTime>
2024-06-10 12:58:16
</StartTime>
      <Result>
Fail
</Result>
      <ErrorDescription>
Can not find element with given name : HP PrintSupportApp
</ErrorDescription>
      <ScreenShot>
.\Windows_Screenshot_240610_12582640.png
</ScreenShot>
      <EndTime>
2024-06-10 12:58:26
</EndTime>
    </Statement>
    <Statement StatementName="Windows.Wait For ID (ui_NupCount)">
      <StartTime>
2024-06-10 12:58:26
</StartTime>
      <Result>
Error
</Result>
      <ErrorDescription>
Unexpected exception
</ErrorDescription>
      <AdditionalInfo>
System.MissingMethodException: Method 'HP.GFriend.Keywords.Windows.WaitForId' not found.
   at System.RuntimeType.InvokeMember(String name, BindingFlags bindingFlags, Binder binder, Object target, Object[] providedArgs, ParameterModifier[] modifiers, CultureInfo culture, String[] namedParams)
   at System.Type.InvokeMember(String name, BindingFlags invokeAttr, Binder binder, Object target, Object[] args)
   at HP.GFriend.Core.Execution.Executor.Execute(Statement aStatement, TestDataManager testDataManager, Int32 repeat, Int32 stackLevel, Dictionary`2 arguments)
</AdditionalInfo>
      <EndTime>
2024-06-10 12:58:26
</EndTime>
    </Statement>
    <Statement StatementName="Windows.Click ID With Mouse (ui_NupCount)">
      <StartTime>
2024-06-10 12:58:26
</StartTime>
      <Result>
Fail
</Result>
      <ErrorDescription>
Can not find element with given automation ID : ui_NupCount
</ErrorDescription>
      <ScreenShot>
.\Windows_Screenshot_240610_12583005.png
</ScreenShot>
      <EndTime>
2024-06-10 12:58:30
</EndTime>
    </Statement>
    <Statement StatementName="Windows.Click List Item With Name (4 pages per sheet)">
      <StartTime>
2024-06-10 12:58:30
</StartTime>
      <Result>
Error
</Result>
      <ErrorDescription>
Unexpected exception
</ErrorDescription>
      <AdditionalInfo>
System.MissingMethodException: Method 'HP.GFriend.Keywords.Windows.ClickListItemWithName' not found.
   at System.RuntimeType.InvokeMember(String name, BindingFlags bindingFlags, Binder binder, Object target, Object[] providedArgs, ParameterModifier[] modifiers, CultureInfo culture, String[] namedParams)
   at System.Type.InvokeMember(String name, BindingFlags invokeAttr, Binder binder, Object target, Object[] args)
   at HP.GFriend.Core.Execution.Executor.Execute(Statement aStatement, TestDataManager testDataManager, Int32 repeat, Int32 stackLevel, Dictionary`2 arguments)
</AdditionalInfo>
      <EndTime>
2024-06-10 12:58:30
</EndTime>
    </Statement>
    <Statement StatementName="Sleep(5)">
      <StartTime>
2024-06-10 12:58:30
</StartTime>
      <Result>
Pass
</Result>
      <EndTime>
2024-06-10 12:58:35
</EndTime>
    </Statement>
    <Statement StatementName="Hallasan.Confirm">
      <StartTime>
2024-06-10 12:58:35
</StartTime>
    </Statement>
  </TestCase>
</TestSuite>