<?xml version="1.0" encoding="UTF-8"?>
<TestSuite Name="[Laser Printer] Full Horizon Basic Duplex TC">
  <StartTime>
2022-02-16 22:04:32
</StartTime>
  <TestCase Name="General Everyday Printing">
    <StartTime>
2022-02-16 22:04:32
</StartTime>
    <Statement StatementName="Destination_Selection_Application.Destination Selection_General_Everyday_Printing">
      <StartTime>
2022-02-16 22:04:32
</StartTime>
      <StartTime>
2022-02-16 22:04:32
</StartTime>
      <Statement StatementName="Hallasan.Open File For Print (C:\GFriend_PotG\Potg_Driver\PotG Testfile\YMC_General_Everyday_Printing.pdf,HP Smart Printing)">
        <StartTime>
2022-02-16 22:04:32
</StartTime>
        <Result>
Error
</Result>
        <ErrorDescription>
Unexpected exception
</ErrorDescription>
        <AdditionalInfo>
System.Reflection.TargetInvocationException: Exception has been thrown by the target of an invocation. ---&gt; System.NullReferenceException: Object reference not set to an instance of an object.
   at HP.GFriend.Utils.UIAManaged.ApplicationUtilsManaged.OpenAcrobatReader(String filePath, String printerName, WindowsManaged windowsController) in C:\Jenkins\workspace\Build_And_Release_GFriend_Official\GFUtils\UIAManaged\ApplicationUtilsManaged.cs:line 37
   at HP.GFriend.Keywords.ApplicationUtils.OpenAcrobatReader(String filePath, String printerName, Windows windowsController) in C:\Jenkins\workspace\Build_And_Release_GFriend_Official\GFLibraries\GFK.Windows\ApplicationUtils.cs:line 292
   --- End of inner exception stack trace ---
   at System.RuntimeMethodHandle.InvokeMethod(Object target, Object[] arguments, Signature sig, Boolean constructor)
   at System.Reflection.RuntimeMethodInfo.UnsafeInvokeInternal(Object obj, Object[] parameters, Object[] arguments)
   at System.Reflection.RuntimeMethodInfo.Invoke(Object obj, BindingFlags invokeAttr, Binder binder, Object[] parameters, CultureInfo culture)
   at System.RuntimeType.InvokeMember(String name, BindingFlags bindingFlags, Binder binder, Object target, Object[] providedArgs, ParameterModifier[] modifiers, CultureInfo culture, String[] namedParams)
   at HP.GFriend.Core.Execution.Executor.Execute(Statement aStatement, TestDataManager testDataManager, Int32 repeat, Int32 stackLevel, Dictionary`2 arguments)
</AdditionalInfo>
        <EndTime>
2022-02-16 22:05:01
</EndTime>
      </Statement>
      <Statement StatementName="Windows.Wait For Name (HP Smart Printing,30)">
        <StartTime>
2022-02-16 22:05:01
</StartTime>
        <Result>
Fail
</Result>
        <ErrorDescription>
Can not find element with given name : HP Smart Printing
</ErrorDescription>
        <ScreenShot>
.\Windows_Screenshot_220216_22053749.png
</ScreenShot>
        <EndTime>
2022-02-16 22:05:37
</EndTime>
      </Statement>
      <Statement StatementName="Sleep(6)">
        <StartTime>
2022-02-16 22:05:37
</StartTime>
      </Statement>
    </Statement>
  </TestCase>
</TestSuite>