<?xml version="1.0" encoding="UTF-8"?>
<TestSuite Name="Hulk">
  <StartTime>
2023-02-24 18:06:34
</StartTime>
  <TestCase Name="4.Labels">
    <StartTime>
2023-02-24 18:06:34
</StartTime>
    <Statement StatementName="Destination_Selection_Application.Destination Selection_Labels">
      <StartTime>
2023-02-24 18:06:34
</StartTime>
      <StartTime>
2023-02-24 18:06:34
</StartTime>
      <Statement StatementName="Hallasan.Open File For Print (C:\GFriend_PotG\Potg_Driver\PotG Testfile\YMC_Labels.pdf,HP Smart Printing)">
        <StartTime>
2023-02-24 18:06:34
</StartTime>
        <Result>
Error
</Result>
        <ErrorDescription>
Unexpected exception
</ErrorDescription>
        <AdditionalInfo>
System.Reflection.TargetInvocationException: Exception has been thrown by the target of an invocation. ---&gt; System.NullReferenceException: Object reference not set to an instance of an object.
   at HP.GFriend.Utils.UIAManaged.ApplicationUtilsManaged.OpenAcrobatReader(String filePath, String printerName, WindowsManaged windowsController) in C:\Jenkins\workspace\Build_And_Release_GFriend_Official\GFUtils\UIAManaged\ApplicationUtilsManaged.cs:line 37
   at HP.GFriend.Keywords.ApplicationUtils.OpenAcrobatReader(String filePath, String printerName, Windows windowsController) in C:\Jenkins\workspace\Build_And_Release_GFriend_Official\GFLibraries\GFK.Windows\ApplicationUtils.cs:line 292
   --- End of inner exception stack trace ---
   at System.RuntimeMethodHandle.InvokeMethod(Object target, Object[] arguments, Signature sig, Boolean constructor)
   at System.Reflection.RuntimeMethodInfo.UnsafeInvokeInternal(Object obj, Object[] parameters, Object[] arguments)
   at System.Reflection.RuntimeMethodInfo.Invoke(Object obj, BindingFlags invokeAttr, Binder binder, Object[] parameters, CultureInfo culture)
   at System.RuntimeType.InvokeMember(String name, BindingFlags bindingFlags, Binder binder, Object target, Object[] providedArgs, ParameterModifier[] modifiers, CultureInfo culture, String[] namedParams)
   at HP.GFriend.Core.Execution.Executor.Execute(Statement aStatement, TestDataManager testDataManager, Int32 repeat, Int32 stackLevel, Dictionary`2 arguments)
</AdditionalInfo>
        <EndTime>
2023-02-24 18:07:02
</EndTime>
      </Statement>
      <Statement StatementName="Windows.Wait For Name (HP Smart Printing,30)">
        <StartTime>
2023-02-24 18:07:02
</StartTime>
        <Result>
Fail
</Result>
        <ErrorDescription>
Can not find element with given name : HP Smart Printing
</ErrorDescription>
        <ScreenShot>
.\Windows_Screenshot_230224_18073335.png
</ScreenShot>
        <EndTime>
2023-02-24 18:07:33
</EndTime>
      </Statement>
      <Statement StatementName="Sleep(6)">
        <StartTime>
2023-02-24 18:07:33
</StartTime>
        <Result>
Pass
</Result>
        <EndTime>
2023-02-24 18:07:39
</EndTime>
      </Statement>
      <Result>
Fail
</Result>
      <EndTime>
2023-02-24 18:07:39
</EndTime>
      <Result>
Fail
</Result>
      <EndTime>
2023-02-24 18:07:39
</EndTime>
    </Statement>
    <Statement StatementName="Used_Destination_Selection_Function.not Used Destination Selection Function">
      <StartTime>
2023-02-24 18:07:39
</StartTime>
      <StartTime>
2023-02-24 18:07:39
</StartTime>
      <Result>
Pass
</Result>
      <EndTime>
2023-02-24 18:07:39
</EndTime>
      <Result>
Pass
</Result>
      <EndTime>
2023-02-24 18:07:39
</EndTime>
    </Statement>
    <Statement StatementName="Hallasan.Set Combobox (ui_PresetComboBox,_Labels)">
      <StartTime>
2023-02-24 18:07:39
</StartTime>
    </Statement>
  </TestCase>
</TestSuite>