<?xml version="1.0" encoding="UTF-8"?>
<TestSuite Name="PSA_DragonFly">
  <StartTime>
2024-06-24 15:16:09
</StartTime>
  <TestCase Name="10.Pagepersheet-1UP">
    <StartTime>
2024-06-24 15:16:09
</StartTime>
    <Statement StatementName="Destination_Selection_PSA_Application.Destination Selection_1UP_PSA">
      <StartTime>
2024-06-24 15:16:09
</StartTime>
      <StartTime>
2024-06-24 15:16:09
</StartTime>
      <Statement StatementName="Hallasan.Open File For Print (C:\GFriend_PotG\Potg_Driver\PotG Testfile\PSA\YMC_PSA_1Pagepersheet.pdf,HP_PrintSupport_App)">
        <StartTime>
2024-06-24 15:16:09
</StartTime>
        <Result>
Pass
</Result>
        <EndTime>
2024-06-24 15:17:40
</EndTime>
      </Statement>
      <Statement StatementName="Windows.Wait For Name (HP_PrintSupport_App,30)">
        <StartTime>
2024-06-24 15:17:40
</StartTime>
        <Result>
Pass
</Result>
        <EndTime>
2024-06-24 15:17:40
</EndTime>
      </Statement>
      <Statement StatementName="Sleep(6)">
        <StartTime>
2024-06-24 15:17:40
</StartTime>
        <Result>
Pass
</Result>
        <EndTime>
2024-06-24 15:17:46
</EndTime>
      </Statement>
      <Result>
PASS
</Result>
      <EndTime>
2024-06-24 15:17:46
</EndTime>
      <Result>
Pass
</Result>
      <EndTime>
2024-06-24 15:17:46
</EndTime>
    </Statement>
    <Statement StatementName="Used_Destination_Selection_Function.not Used Destination Selection Function">
      <StartTime>
2024-06-24 15:17:46
</StartTime>
      <StartTime>
2024-06-24 15:17:46
</StartTime>
      <Result>
PASS
</Result>
      <EndTime>
2024-06-24 15:17:46
</EndTime>
      <Result>
Pass
</Result>
      <EndTime>
2024-06-24 15:17:46
</EndTime>
    </Statement>
    <Statement StatementName="Destination_Selection_PSA_Application.Expections_Error">
      <StartTime>
2024-06-24 15:17:46
</StartTime>
      <StartTime>
2024-06-24 15:17:46
</StartTime>
      <Statement StatementName="Windows.Capture Full Screen (SS)">
        <StartTime>
2024-06-24 15:17:46
</StartTime>
        <Result>
Pass
</Result>
        <ScreenShot>
.\Windows_Screenshot_240624_15174653.png
</ScreenShot>
        <EndTime>
2024-06-24 15:17:46
</EndTime>
      </Statement>
      <If Condition=" Windows.Select Child Window With Title (HP_PrintSupport_App,5)">
        <StartTime>
2024-06-24 15:17:46
</StartTime>
        <ConditionResult>
FAIL
</ConditionResult>
        <ErrorDescription>
Can not find target application
</ErrorDescription>
        <ScreenShot>
.\Windows_Screenshot_240624_15175177.png
</ScreenShot>
        <StatementBlock Kind="FAIL">
          <StartTime>
2024-06-24 15:17:51
</StartTime>
          <Block>
            <StartTime>
2024-06-24 15:17:51
</StartTime>
            <Statement StatementName="Pass (Childpop was not displayed)">
              <StartTime>
2024-06-24 15:17:51
</StartTime>
              <Result>
Pass
</Result>
              <Output>
Childpop was not displayed
</Output>
              <EndTime>
2024-06-24 15:17:51
</EndTime>
            </Statement>
            <Result>
PASS
</Result>
            <EndTime>
2024-06-24 15:17:51
</EndTime>
          </Block>
          <EndTime>
2024-06-24 15:17:51
</EndTime>
          <Result>
PASS
</Result>
        </StatementBlock>
        <Result>
PASS
</Result>
        <EndTime>
2024-06-24 15:17:51
</EndTime>
      </If>
      <Statement StatementName="Windows.Capture Full Screen (SSS)">
        <StartTime>
2024-06-24 15:17:51
</StartTime>
        <Result>
Pass
</Result>
        <ScreenShot>
.\Windows_Screenshot_240624_15175186.png
</ScreenShot>
        <EndTime>
2024-06-24 15:17:51
</EndTime>
      </Statement>
      <If Condition=" Windows.Select Application (HP_PrintSupport_App,5)">
        <StartTime>
2024-06-24 15:17:51
</StartTime>
        <ConditionResult>
FAIL
</ConditionResult>
        <ErrorDescription>
Can not find target application
</ErrorDescription>
        <ScreenShot>
.\Windows_Screenshot_240624_15175716.png
</ScreenShot>
        <StatementBlock Kind="FAIL">
          <StartTime>
2024-06-24 15:17:57
</StartTime>
          <Block>
            <StartTime>
2024-06-24 15:17:57
</StartTime>
            <Statement StatementName="Pass (Childpop was not displayed)">
              <StartTime>
2024-06-24 15:17:57
</StartTime>
              <Result>
Pass
</Result>
              <Output>
Childpop was not displayed
</Output>
              <EndTime>
2024-06-24 15:17:57
</EndTime>
            </Statement>
            <Result>
PASS
</Result>
            <EndTime>
2024-06-24 15:17:57
</EndTime>
          </Block>
          <EndTime>
2024-06-24 15:17:57
</EndTime>
          <Result>
PASS
</Result>
        </StatementBlock>
        <Result>
PASS
</Result>
        <EndTime>
2024-06-24 15:17:57
</EndTime>
      </If>
      <Result>
PASS
</Result>
      <EndTime>
2024-06-24 15:17:57
</EndTime>
      <Result>
Pass
</Result>
      <EndTime>
2024-06-24 15:17:57
</EndTime>
    </Statement>
    <Statement StatementName="Windows.Wait For Name (1 page per sheet,5)">
      <StartTime>
2024-06-24 15:17:57
</StartTime>
      <Result>
Pass
</Result>
      <EndTime>
2024-06-24 15:17:57
</EndTime>
    </Statement>
    <Statement StatementName="Sleep(5)">
      <StartTime>
2024-06-24 15:17:57
</StartTime>
      <Result>
Pass
</Result>
      <EndTime>
2024-06-24 15:18:02
</EndTime>
    </Statement>
    <Statement StatementName="Windows.Click Name With Mouse (1 page per sheet)">
      <StartTime>
2024-06-24 15:18:02
</StartTime>
      <Result>
Error
</Result>
      <ErrorDescription>
Error during click
</ErrorDescription>
      <ScreenShot>
.\Windows_Screenshot_240624_15180295.png
</ScreenShot>
      <AdditionalInfo>
System.NullReferenceException: Object reference not set to an instance of an object.
   at HP.GFriend.Keywords.Windows.ClickNameWithMouse(String name) in C:\Jenkins\workspace\Build_And_Release_GFriend_Official\GFLibraries\GFK.Windows\Windows.cs:line 1649
</AdditionalInfo>
      <EndTime>
2024-06-24 15:18:02
</EndTime>
    </Statement>
    <Statement StatementName="Windows.Wait For Name (6 pages per sheet,10)">
      <StartTime>
2024-06-24 15:18:02
</StartTime>
      <Result>
Fail
</Result>
      <ErrorDescription>
Can not find element with given name : 6 pages per sheet
</ErrorDescription>
      <ScreenShot>
.\Windows_Screenshot_240624_15181309.png
</ScreenShot>
      <EndTime>
2024-06-24 15:18:13
</EndTime>
    </Statement>
    <Statement StatementName="Windows.Click Name With Mouse (6 pages per sheet)">
      <StartTime>
2024-06-24 15:18:13
</StartTime>
      <Result>
Fail
</Result>
      <ErrorDescription>
Can not find element with given automation ID : 6 pages per sheet
</ErrorDescription>
      <ScreenShot>
.\Windows_Screenshot_240624_15181669.png
</ScreenShot>
      <EndTime>
2024-06-24 15:18:16
</EndTime>
    </Statement>
    <Statement StatementName="Windows.Capture Screen Shot(1UP.jpg)">
      <StartTime>
2024-06-24 15:18:16
</StartTime>
      <Result>
Pass
</Result>
      <ScreenShot>
.\Windows_Screenshot_240624_15181677.png
</ScreenShot>
      <EndTime>
2024-06-24 15:18:16
</EndTime>
    </Statement>
    <Statement StatementName="Sleep(5)">
      <StartTime>
2024-06-24 15:18:16
</StartTime>
      <Result>
Pass
</Result>
      <EndTime>
2024-06-24 15:18:21
</EndTime>
    </Statement>
    <Statement StatementName="Hallasan.Confirm">
      <StartTime>
2024-06-24 15:18:21
</StartTime>
      <Result>
Fail
</Result>
      <ErrorDescription>
Can not find element with given automation ID : App.OK
</ErrorDescription>
      <ScreenShot>
.\Hallasan_Screenshot_240624_15182498.png
</ScreenShot>
      <EndTime>
2024-06-24 15:18:24
</EndTime>
    </Statement>
    <Statement StatementName="Sleep(5)">
      <StartTime>
2024-06-24 15:18:24
</StartTime>
      <Result>
Pass
</Result>
      <EndTime>
2024-06-24 15:18:30
</EndTime>
    </Statement>
    <Statement StatementName="Click_Print_Button.Print">
      <StartTime>
2024-06-24 15:18:30
</StartTime>
      <StartTime>
2024-06-24 15:18:30
</StartTime>
      <Statement StatementName="Hallasan.Click Print Button">
        <StartTime>
2024-06-24 15:18:30
</StartTime>
        <Result>
Error
</Result>
        <ErrorDescription>
Error during click print button
</ErrorDescription>
        <AdditionalInfo>
System.NullReferenceException: Object reference not set to an instance of an object.
   at HP.GFriend.Keywords.ApplicationUtils.ClickPrintButtonInAcrobatReader(Windows windowsController) in C:\Jenkins\workspace\Build_And_Release_GFriend_Official\GFLibraries\GFK.Windows\ApplicationUtils.cs:line 398
   at HP.GFriend.Keywords.Windows.ClickPrintButton() in C:\Jenkins\workspace\Build_And_Release_GFriend_Official\GFLibraries\GFK.Windows\Windows.cs:line 1009
</AdditionalInfo>
        <EndTime>
2024-06-24 15:18:37
</EndTime>
      </Statement>
      <Statement StatementName="Sleep(10)">
        <StartTime>
2024-06-24 15:18:37
</StartTime>
        <Result>
Pass
</Result>
        <EndTime>
2024-06-24 15:18:47
</EndTime>
      </Statement>
      <If Condition=" Hallasan.Close Application">
        <StartTime>
2024-06-24 15:18:47
</StartTime>
        <ConditionResult>
PASS
</ConditionResult>
        <StatementBlock Kind="PASS">
          <StartTime>
2024-06-24 15:18:47
</StartTime>
          <Block>
            <StartTime>
2024-06-24 15:18:47
</StartTime>
            <Result>
PASS
</Result>
            <EndTime>
2024-06-24 15:18:47
</EndTime>
          </Block>
          <EndTime>
2024-06-24 15:18:47
</EndTime>
          <Result>
PASS
</Result>
        </StatementBlock>
        <Result>
PASS
</Result>
        <EndTime>
2024-06-24 15:18:47
</EndTime>
      </If>
      <Statement StatementName="Sleep(10)">
        <StartTime>
2024-06-24 15:18:47
</StartTime>
        <Result>
Pass
</Result>
        <EndTime>
2024-06-24 15:18:57
</EndTime>
      </Statement>
      <Result>
ERROR
</Result>
      <EndTime>
2024-06-24 15:18:57
</EndTime>
      <Result>
Error
</Result>
      <EndTime>
2024-06-24 15:18:57
</EndTime>
    </Statement>
    <Statement StatementName="Destination_Selection_PSA_Application.PT Value_1UP_RightBottom_PSA">
      <StartTime>
2024-06-24 15:18:57
</StartTime>
      <StartTime>
2024-06-24 15:18:57
</StartTime>
      <Statement StatementName="XML.Load From File (C:\temp\H_JobSetup_OutPT.xml)">
        <StartTime>
2024-06-24 15:18:57
</StartTime>
        <Result>
Pass
</Result>
        <EndTime>
2024-06-24 15:18:57
</EndTime>
      </Statement>
      <Statement StatementName="XML.Get Inner Text (${value},//*[@name='psk:PagesPerSheet']/psf:Value)">
        <StartTime>
2024-06-24 15:18:57
</StartTime>
        <Result>
Pass
</Result>
        <Output>
1
</Output>
        <EndTime>
2024-06-24 15:18:57
</EndTime>
      </Statement>
      <Statement StatementName="Equals (${value},1)">
        <StartTime>
2024-06-24 15:18:57
</StartTime>
        <Result>
Pass
</Result>
        <EndTime>
2024-06-24 15:18:57
</EndTime>
      </Statement>
      <Statement StatementName="XML.Get Attribute (${value},//*[@name='psk:PresentationDirection']/psf:Option,name)">
        <StartTime>
2024-06-24 15:18:57
</StartTime>
        <Result>
Pass
</Result>
        <Output>
psk:RightBottom
</Output>
        <EndTime>
2024-06-24 15:18:57
</EndTime>
      </Statement>
      <Statement StatementName="Equals (${value},psk:RightBottom)">
        <StartTime>
2024-06-24 15:18:57
</StartTime>
        <Result>
Pass
</Result>
        <EndTime>
2024-06-24 15:18:57
</EndTime>
      </Statement>
      <Statement StatementName="XML.Get Attribute (${value},//*[@name='ns0000:JobTelemetryUserOption']/psf:Option,name)">
        <StartTime>
2024-06-24 15:18:57
</StartTime>
        <Result>
Pass
</Result>
        <Output>
ns0000:OptIn
</Output>
        <EndTime>
2024-06-24 15:18:57
</EndTime>
      </Statement>
      <Statement StatementName="Equals (${value},ns0000:OptIn)">
        <StartTime>
2024-06-24 15:18:57
</StartTime>
        <Result>
Pass
</Result>
        <EndTime>
2024-06-24 15:18:57
</EndTime>
      </Statement>
      <Statement StatementName="Run Command(cmd /c copy c:\temp\H_JobSetup_OutPT.xml &quot;${OUTPUT_FOLDER}&quot;,${commandOutput},5)">
        <StartTime>
2024-06-24 15:18:57
</StartTime>
        <Result>
Pass
</Result>
        <Output>
        1 file(s) copied.

</Output>
        <EndTime>
2024-06-24 15:18:57
</EndTime>
      </Statement>
      <Result>
PASS
</Result>
      <EndTime>
2024-06-24 15:18:57
</EndTime>
      <Result>
Pass
</Result>
      <EndTime>
2024-06-24 15:18:57
</EndTime>
    </Statement>
    <Result>
ERROR
</Result>
    <EndTime>
2024-06-24 15:18:57
</EndTime>
  </TestCase>
  <EndTime>
2024-06-24 15:18:57
</EndTime>
</TestSuite>