2021-11-16 14:50:28.194 [T] ?::?::Parsing start
2021-11-16 14:50:28.328 [T] ?::?::Parsing Variable File : C:\GFriend_PotG\scripts\Acual Script\Testfile.gfvar
2021-11-16 14:50:28.328 [T] ?::?::Creating custom library with C:\GFriend_PotG\scripts\Acual Script\Destination_Selection_Application.gflib
2021-11-16 14:50:28.328 [T] ?::?::Parsing start
2021-11-16 14:50:28.375 [T] ?::?::Parsing Variable File : C:\GFriend_PotG\scripts\Acual Script\Testfile.gfvar
2021-11-16 14:50:28.375 [D] ?::?::Post Action
2021-11-16 14:50:28.375 [T] ?::?::All Used Libraries::C:\GFriend_PotG\scripts\Acual Script\Destination_Selection_Application.gflib
2021-11-16 14:50:28.375 [T] ?::?::Device ID : __NO__DUT__
2021-11-16 14:50:28.375 [T] ?::?::BuiltIn is used BuiltIn
2021-11-16 14:50:28.375 [T] ?::?::Windows is used Windows
2021-11-16 14:50:28.375 [T] ?::?::XML is used XML
2021-11-16 14:50:28.375 [T] ?::?::Device ID : __DEFUALT__DUT__
2021-11-16 14:50:28.375 [T] ?::?::Hallasan is used Hallasan
2021-11-16 14:50:47.409 [T] ?::?::Parsing done
2021-11-16 14:50:47.409 [T] ?::?::Destination_Selection_Application is crated
2021-11-16 14:50:47.409 [T] ?::?::Creating custom library with C:\GFriend_PotG\scripts\Acual Script\Used_Destination_Selection_Function.gflib
2021-11-16 14:50:47.409 [T] ?::?::Parsing start
2021-11-16 14:50:47.409 [T] ?::?::Parsing Variable File : C:\GFriend_PotG\scripts\Acual Script\Testfile.gfvar
2021-11-16 14:50:47.409 [D] ?::?::Post Action
2021-11-16 14:50:47.409 [T] ?::?::All Used Libraries::C:\GFriend_PotG\scripts\Acual Script\Used_Destination_Selection_Function.gflib
2021-11-16 14:50:47.409 [T] ?::?::Device ID : __NO__DUT__
2021-11-16 14:50:47.409 [T] ?::?::BuiltIn is used BuiltIn
2021-11-16 14:50:47.409 [T] ?::?::Windows is used Windows
2021-11-16 14:50:47.409 [T] ?::?::Device ID : __DEFUALT__DUT__
2021-11-16 14:50:47.409 [T] ?::?::Hallasan is used Hallasan
2021-11-16 14:50:47.425 [T] ?::?::Parsing done
2021-11-16 14:50:47.425 [T] ?::?::Used_Destination_Selection_Function is crated
2021-11-16 14:50:47.425 [T] ?::?::Creating custom library with C:\GFriend_PotG\scripts\Acual Script\Click_Print_Button.gflib
2021-11-16 14:50:47.425 [T] ?::?::Parsing start
2021-11-16 14:50:47.425 [T] ?::?::Parsing Variable File : C:\GFriend_PotG\scripts\Acual Script\Testfile.gfvar
2021-11-16 14:50:47.425 [D] ?::?::Post Action
2021-11-16 14:50:47.425 [T] ?::?::All Used Libraries::C:\GFriend_PotG\scripts\Acual Script\Click_Print_Button.gflib
2021-11-16 14:50:47.425 [T] ?::?::Device ID : __NO__DUT__
2021-11-16 14:50:47.425 [T] ?::?::BuiltIn is used BuiltIn
2021-11-16 14:50:47.425 [T] ?::?::Windows is used Windows
2021-11-16 14:50:47.425 [T] ?::?::Device ID : __DEFUALT__DUT__
2021-11-16 14:50:47.425 [T] ?::?::Hallasan is used Hallasan
2021-11-16 14:50:47.425 [T] ?::?::Parsing done
2021-11-16 14:50:47.425 [T] ?::?::Click_Print_Button is crated
2021-11-16 14:50:47.425 [D] ?::?::Post Action
2021-11-16 14:50:47.425 [T] ?::?::All Used Libraries::C:\GFriend_PotG\scripts\Acual Script\[Laser Printer] Full Horizon Basic Duplex TC.txt
2021-11-16 14:50:47.425 [T] ?::?::Device ID : __NO__DUT__
2021-11-16 14:50:47.425 [T] ?::?::BuiltIn is used BuiltIn
2021-11-16 14:50:47.425 [T] ?::?::XML is used XML
2021-11-16 14:50:47.425 [T] ?::?::Windows is used Windows
2021-11-16 14:50:47.425 [T] ?::?::Device ID : __DEFUALT__DUT__
2021-11-16 14:50:47.425 [T] ?::?::Hallasan is used Hallasan
2021-11-16 14:50:47.425 [T] ?::?::Destination_Selection_Application is used Destination_Selection_Application
2021-11-16 14:50:47.425 [T] ?::?::Used_Destination_Selection_Function is used Used_Destination_Selection_Function
2021-11-16 14:50:47.425 [T] ?::?::Click_Print_Button is used Click_Print_Button
2021-11-16 14:50:47.441 [T] ?::?::Loading Library : BuiltIn -> BuiltIn
2021-11-16 14:50:47.441 [T] ?::?::Library type is native library.
2021-11-16 14:50:47.441 [T] ?::?::Loading Library : XML -> XML
2021-11-16 14:50:47.441 [T] ?::?::Library type is native library.
2021-11-16 14:50:47.441 [T] ?::?::Loading Library : Windows -> Windows
2021-11-16 14:50:47.441 [T] ?::?::Library type is native library.
2021-11-16 14:50:47.441 [T] ?::?::Loading Library : Hallasan -> Hallasan
2021-11-16 14:50:47.441 [T] ?::?::Library type is native library.
2021-11-16 14:50:47.447 [T] ?::?::Loading Library : Destination_Selection_Application -> Destination_Selection_Application
2021-11-16 14:50:47.447 [T] ?::?::Library type is custom library.
2021-11-16 14:50:47.447 [T] ?::?::Loading Library : Used_Destination_Selection_Function -> Used_Destination_Selection_Function
2021-11-16 14:50:47.447 [T] ?::?::Library type is custom library.
2021-11-16 14:50:47.447 [T] ?::?::Loading Library : Click_Print_Button -> Click_Print_Button
2021-11-16 14:50:47.447 [T] ?::?::Library type is custom library.
2021-11-16 14:50:47.447 [T] ?::?::Prevent PC to sleep
2021-11-16 14:50:47.447 [D] ?::?::192.168.0.8
2021-11-16 14:50:47.478 [T] ?::?::Destination_Selection_Application.Destination Selection_General_Everyday_Printing is called
2021-11-16 14:50:47.494 [T] ?::?::Hallasan.Open File For Print (C:\GFriend_PotG\Potg_Driver\PotG Testfile\YMC_General_Everyday_Printing.pdf,HP Smart Printing) is called
2021-11-16 14:50:47.563 [T] ?::?::Open Acrobat Reader
2021-11-16 14:50:48.010 [T] ?::?::Process is started with C:\GFriend_PotG\Potg_Driver\PotG Testfile\YMC_General_Everyday_Printing.pdf and Process Id is 4060
2021-11-16 14:50:58.174 [T] ?::?::Current focused process id : 14940
2021-11-16 14:50:58.191 [D] ?::?::Finding target in Desktop 1
2021-11-16 14:50:58.299 [T] ?::?::Get Acrobat Reader
2021-11-16 14:50:58.423 [D] ?::?::Finding target in 
2021-11-16 14:51:00.591 [D] ?::?::Get Print Dialog
2021-11-16 14:51:06.529 [D] ?::?::Finding target in YMC_General_Everyday_Printing.pdf - Adobe Acrobat Reader DC (32-bit)
2021-11-16 14:51:06.662 [D] ?::?::Select printer combobox
2021-11-16 14:51:06.662 [D] ?::?::Finding target in 
2021-11-16 14:51:06.739 [T] ?::?::Expand/Collapse Pattern
2021-11-16 14:51:06.755 [T] ?::?::Expand
2021-11-16 14:51:06.971 [D] ?::?::Printer select
2021-11-16 14:51:06.971 [D] ?::?::Finding target in Printer:
2021-11-16 14:51:06.999 [T] ?::?::Select Pattern
2021-11-16 14:51:10.049 [D] ?::?::Finding printer properties
2021-11-16 14:51:10.049 [D] ?::?::Finding target in 
2021-11-16 14:51:10.059 [D] ?::?::Properties element is null? : False
2021-11-16 14:51:10.059 [T] ?::?::Invoke Pattern
2021-11-16 14:51:10.091 [D] ?::?::UI Automation Event : InvokePatternIdentifiers.InvokedEvent
2021-11-16 14:51:20.091 [T] ?::?::Keyword executed with result = Pass
2021-11-16 14:51:20.093 [T] ?::?::Windows.Wait For Name (HP Smart Printing,30) is called
2021-11-16 14:51:20.095 [D] ?::?::Finding target in YMC_General_Everyday_Printing.pdf - Adobe Acrobat Reader DC (32-bit)
2021-11-16 14:51:20.110 [T] ?::?::Keyword executed with result = Pass
2021-11-16 14:51:20.114 [T] ?::?::Sleep(6) is called
2021-11-16 14:51:26.138 [T] ?::?::Keyword executed with result = Pass
2021-11-16 14:51:26.151 [T] ?::?::Used_Destination_Selection_Function.not Used Destination Selection Function is called
2021-11-16 14:51:26.174 [T] ?::?::Hallasan.Set Combobox (ui_PresetComboBox,_GeneralPrint) is called
2021-11-16 14:51:26.177 [D] ?::?::Finding target in YMC_General_Everyday_Printing.pdf - Adobe Acrobat Reader DC (32-bit)
2021-11-16 14:51:26.227 [T] ?::?::Expand/Collapse Pattern
2021-11-16 14:51:26.228 [T] ?::?::Expand
2021-11-16 14:51:26.427 [D] ?::?::Finding target in PresetCombobox
2021-11-16 14:51:26.503 [T] ?::?::Expand/Collapse Pattern
2021-11-16 14:51:26.504 [T] ?::?::Collapse
2021-11-16 14:51:26.537 [T] ?::?::Keyword executed with result = Pass
2021-11-16 14:51:26.543 [T] ?::?::Sleep(5) is called
2021-11-16 14:51:31.560 [T] ?::?::Keyword executed with result = Pass
2021-11-16 14:51:31.566 [T] ?::?::Hallasan.Confirm is called
2021-11-16 14:51:31.568 [D] ?::?::Finding target in YMC_General_Everyday_Printing.pdf - Adobe Acrobat Reader DC (32-bit)
2021-11-16 14:51:31.854 [T] ?::?::Selected element name : OK
2021-11-16 14:51:31.855 [T] ?::?::Invoke Pattern
2021-11-16 14:51:31.872 [D] ?::?::UI Automation Event : InvokePatternIdentifiers.InvokedEvent
2021-11-16 14:51:31.874 [T] ?::?::Keyword executed with result = Pass
2021-11-16 14:51:31.878 [T] ?::?::Sleep(5) is called
2021-11-16 14:51:36.900 [T] ?::?::Keyword executed with result = Pass
2021-11-16 14:51:36.900 [T] ?::?::Click_Print_Button.Print is called
2021-11-16 14:51:36.915 [T] ?::?::Hallasan.Click Print Button is called
2021-11-16 14:51:38.938 [D] ?::?::Finding target in YMC_General_Everyday_Printing.pdf - Adobe Acrobat Reader DC (32-bit)
2021-11-16 14:51:39.011 [T] ?::?::Invoke Pattern
2021-11-16 14:51:39.051 [T] ?::?::Keyword executed with result = Pass
2021-11-16 14:51:39.058 [T] ?::?::Sleep(20) is called
2021-11-16 14:51:39.065 [D] ?::?::UI Automation Event : InvokePatternIdentifiers.InvokedEvent
2021-11-16 14:51:59.080 [T] ?::?::Keyword executed with result = Pass
2021-11-16 14:51:59.080 [T] ?::?::If :  Hallasan.Close Application is called
2021-11-16 14:51:59.106 [T] ?::?::Keyword executed with result = Pass
2021-11-16 14:51:59.114 [T] ?::?::Sleep(20) is called
2021-11-16 14:52:19.134 [T] ?::?::Keyword executed with result = Pass
2021-11-16 14:52:19.149 [T] ?::?::Destination_Selection_Application.PT Value_TwoSidedLongEdge is called
2021-11-16 14:52:19.165 [T] ?::?::XML.Load From File (C:\temp\H_JobSetup_OutPT.xml) is called
2021-11-16 14:52:19.218 [E] ?::?::Error with xml
System.Xml.XmlException: Root element is missing.
   at System.Xml.XmlTextReaderImpl.Throw(Exception e)
   at System.Xml.XmlTextReaderImpl.ParseDocumentContent()
   at System.Xml.XmlLoader.Load(XmlDocument doc, XmlReader reader, Boolean preserveWhitespace)
   at System.Xml.XmlDocument.Load(XmlReader reader)
   at System.Xml.XmlDocument.Load(String filename)
   at HP.GFriend.Keywords.XML.LoadFromFile(String filePath) in C:\Jenkins\workspace\Build_And_Release_GFriend_Official\GFLibraries\GFK.XML\XML.cs:line 89
2021-11-16 14:52:19.218 [T] ?::?::Keyword executed with result = Error
2021-11-16 14:52:19.234 [T] ?::?::XML.Get Attribute (${value},//*[@name='psk:JobDuplexAllDocumentsContiguously']/psf:Option,name) is called
2021-11-16 14:52:19.234 [E] ?::?::Unexpected exception : GetAttribute
System.Reflection.TargetInvocationException: Exception has been thrown by the target of an invocation. ---> System.Xml.XPath.XPathException: Namespace prefix 'psf' is not defined.
   at MS.Internal.Xml.XPath.CompiledXpathExpr.UndefinedXsltContext.LookupNamespace(String prefix)
   at MS.Internal.Xml.XPath.BaseAxisQuery.SetXsltContext(XsltContext context)
   at MS.Internal.Xml.XPath.CompiledXpathExpr.SetContext(IXmlNamespaceResolver nsResolver)
   at System.Xml.XmlNode.SelectSingleNode(String xpath, XmlNamespaceManager nsmgr)
   at HP.GFriend.Keywords.XML.GetAttribute(String saveTo, String xPath, String attributeName) in C:\Jenkins\workspace\Build_And_Release_GFriend_Official\GFLibraries\GFK.XML\XML.cs:line 131
   --- End of inner exception stack trace ---
   at System.RuntimeMethodHandle.InvokeMethod(Object target, Object[] arguments, Signature sig, Boolean constructor)
   at System.Reflection.RuntimeMethodInfo.UnsafeInvokeInternal(Object obj, Object[] parameters, Object[] arguments)
   at System.Reflection.RuntimeMethodInfo.Invoke(Object obj, BindingFlags invokeAttr, Binder binder, Object[] parameters, CultureInfo culture)
   at System.RuntimeType.InvokeMember(String name, BindingFlags bindingFlags, Binder binder, Object target, Object[] providedArgs, ParameterModifier[] modifiers, CultureInfo culture, String[] namedParams)
   at HP.GFriend.Core.Execution.Executor.Execute(Statement aStatement, TestDataManager testDataManager, Int32 repeat, Int32 stackLevel, Dictionary`2 arguments)
2021-11-16 14:52:19.234 [T] ?::?::Equals (${value},psk:TwoSidedLongEdge) is called
2021-11-16 14:52:19.250 [T] ?::?::Keyword executed with result = Fail
2021-11-16 14:52:19.250 [T] ?::?::XML.Get Attribute (${value},//*[@name='ns0000:JobTelemetryUserOption']/psf:Option,name) is called
2021-11-16 14:52:19.266 [E] ?::?::Unexpected exception : GetAttribute
System.Reflection.TargetInvocationException: Exception has been thrown by the target of an invocation. ---> System.Xml.XPath.XPathException: Namespace prefix 'psf' is not defined.
   at MS.Internal.Xml.XPath.CompiledXpathExpr.UndefinedXsltContext.LookupNamespace(String prefix)
   at MS.Internal.Xml.XPath.BaseAxisQuery.SetXsltContext(XsltContext context)
   at MS.Internal.Xml.XPath.CompiledXpathExpr.SetContext(IXmlNamespaceResolver nsResolver)
   at System.Xml.XmlNode.SelectSingleNode(String xpath, XmlNamespaceManager nsmgr)
   at HP.GFriend.Keywords.XML.GetAttribute(String saveTo, String xPath, String attributeName) in C:\Jenkins\workspace\Build_And_Release_GFriend_Official\GFLibraries\GFK.XML\XML.cs:line 131
   --- End of inner exception stack trace ---
   at System.RuntimeMethodHandle.InvokeMethod(Object target, Object[] arguments, Signature sig, Boolean constructor)
   at System.Reflection.RuntimeMethodInfo.UnsafeInvokeInternal(Object obj, Object[] parameters, Object[] arguments)
   at System.Reflection.RuntimeMethodInfo.Invoke(Object obj, BindingFlags invokeAttr, Binder binder, Object[] parameters, CultureInfo culture)
   at System.RuntimeType.InvokeMember(String name, BindingFlags bindingFlags, Binder binder, Object target, Object[] providedArgs, ParameterModifier[] modifiers, CultureInfo culture, String[] namedParams)
   at HP.GFriend.Core.Execution.Executor.Execute(Statement aStatement, TestDataManager testDataManager, Int32 repeat, Int32 stackLevel, Dictionary`2 arguments)
2021-11-16 14:52:19.266 [T] ?::?::Equals (${value},ns0000:OptIn) is called
2021-11-16 14:52:19.282 [T] ?::?::Keyword executed with result = Fail
2021-11-16 14:52:19.282 [T] ?::?::Run Command(cmd /c copy c:\temp\H_JobSetup_OutPT.xml "${OUTPUT_FOLDER}",${commandOutput},5) is called
2021-11-16 14:52:19.775 [T] ?::?::Keyword executed with result = Pass
2021-11-16 14:52:19.806 [T] ?::?::Loop : 1
2021-11-16 14:52:19.806 [T] ?::?::Destination_Selection_Application.Destination Selection_Letter is called
2021-11-16 14:52:19.819 [T] ?::?::Hallasan.Open File For Print (C:\GFriend_PotG\Potg_Driver\PotG Testfile\YMC Letter.pdf,HP Smart Printing) is called
2021-11-16 14:52:19.819 [T] ?::?::Open Acrobat Reader
2021-11-16 14:52:19.883 [T] ?::?::Process is started with C:\GFriend_PotG\Potg_Driver\PotG Testfile\YMC Letter.pdf and Process Id is 25004
2021-11-16 14:52:30.020 [T] ?::?::Current focused process id : 12420
2021-11-16 14:52:30.020 [D] ?::?::Finding target in 
2021-11-16 14:52:30.084 [T] ?::?::Get Acrobat Reader
2021-11-16 14:52:30.099 [D] ?::?::Finding target in 
2021-11-16 14:52:32.259 [D] ?::?::Get Print Dialog
2021-11-16 14:52:37.288 [D] ?::?::Finding target in GFriend
2021-11-16 14:52:37.819 [D] ?::?::Finding target in GFriend
2021-11-16 14:52:38.354 [D] ?::?::Finding target in GFriend
2021-11-16 14:52:38.886 [D] ?::?::Finding target in GFriend
2021-11-16 14:52:39.426 [D] ?::?::Finding target in GFriend
2021-11-16 14:52:39.961 [D] ?::?::Finding target in GFriend
2021-11-16 14:52:40.494 [D] ?::?::Finding target in GFriend
2021-11-16 14:52:41.042 [D] ?::?::Finding target in GFriend
2021-11-16 14:52:41.571 [D] ?::?::Finding target in GFriend
2021-11-16 14:52:42.109 [D] ?::?::Finding target in GFriend
2021-11-16 14:52:42.658 [D] ?::?::Finding target in GFriend
2021-11-16 14:52:43.195 [D] ?::?::Finding target in GFriend
2021-11-16 14:52:43.727 [D] ?::?::Finding target in GFriend
2021-11-16 14:52:44.263 [D] ?::?::Finding target in GFriend
2021-11-16 14:52:44.796 [D] ?::?::Finding target in GFriend
2021-11-16 14:52:45.330 [D] ?::?::Finding target in GFriend
2021-11-16 14:52:45.870 [D] ?::?::Finding target in GFriend
2021-11-16 14:52:46.399 [D] ?::?::Finding target in GFriend
2021-11-16 14:52:46.939 [D] ?::?::Finding target in GFriend
2021-11-16 14:52:47.477 [E] ?::?::Unexpected exception : OpenFileForPrint
System.Reflection.TargetInvocationException: Exception has been thrown by the target of an invocation. ---> System.NullReferenceException: Object reference not set to an instance of an object.
   at HP.GFriend.Utils.UIAManaged.ApplicationUtilsManaged.OpenAcrobatReader(String filePath, String printerName, WindowsManaged windowsController) in C:\Jenkins\workspace\Build_And_Release_GFriend_Official\GFUtils\UIAManaged\ApplicationUtilsManaged.cs:line 37
   at HP.GFriend.Keywords.ApplicationUtils.OpenAcrobatReader(String filePath, String printerName, Windows windowsController) in C:\Jenkins\workspace\Build_And_Release_GFriend_Official\GFLibraries\GFK.Windows\ApplicationUtils.cs:line 292
   --- End of inner exception stack trace ---
   at System.RuntimeMethodHandle.InvokeMethod(Object target, Object[] arguments, Signature sig, Boolean constructor)
   at System.Reflection.RuntimeMethodInfo.UnsafeInvokeInternal(Object obj, Object[] parameters, Object[] arguments)
   at System.Reflection.RuntimeMethodInfo.Invoke(Object obj, BindingFlags invokeAttr, Binder binder, Object[] parameters, CultureInfo culture)
   at System.RuntimeType.InvokeMember(String name, BindingFlags bindingFlags, Binder binder, Object target, Object[] providedArgs, ParameterModifier[] modifiers, CultureInfo culture, String[] namedParams)
   at HP.GFriend.Core.Execution.Executor.Execute(Statement aStatement, TestDataManager testDataManager, Int32 repeat, Int32 stackLevel, Dictionary`2 arguments)
2021-11-16 14:52:47.493 [T] ?::?::Hallasan.Get Driver Window(HP Smart Printing) is called
2021-11-16 14:52:47.493 [D] ?::?::Finding target in 
2021-11-16 14:52:57.868 [E] ?::?::Unexpected exception : GetDriverWindow
System.Threading.ThreadAbortException: Thread was being aborted.
   at System.RuntimeMethodHandle.InvokeMethod(Object target, Object[] arguments, Signature sig, Boolean constructor)
   at System.Reflection.RuntimeMethodInfo.UnsafeInvokeInternal(Object obj, Object[] parameters, Object[] arguments)
   at System.Reflection.RuntimeMethodInfo.Invoke(Object obj, BindingFlags invokeAttr, Binder binder, Object[] parameters, CultureInfo culture)
   at System.RuntimeType.InvokeMember(String name, BindingFlags bindingFlags, Binder binder, Object target, Object[] providedArgs, ParameterModifier[] modifiers, CultureInfo culture, String[] namedParams)
   at HP.GFriend.Core.Execution.Executor.Execute(Statement aStatement, TestDataManager testDataManager, Int32 repeat, Int32 stackLevel, Dictionary`2 arguments)
2021-11-16 14:52:57.868 [E] ?::?::Unexpected Error
System.Threading.ThreadAbortException: Thread was being aborted.
   at HP.GFriend.Core.Execution.Executor.Execute(Statement aStatement, TestDataManager testDataManager, Int32 repeat, Int32 stackLevel, Dictionary`2 arguments)
   at HP.GFriend.Core.Execution.Statement.Run(TestDataManager testDataManager, Int32 repeatCount, Int32 stackLevel, Dictionary`2 arguments)
   at HP.GFriend.Core.Custom.CustomKeyword.Run(TestDataManager testDataManager, Object[] parameters, Int32 repeat)
   at HP.GFriend.Core.Execution.Executor.Execute(Statement aStatement, TestDataManager testDataManager, Int32 repeat, Int32 stackLevel, Dictionary`2 arguments)
   at HP.GFriend.Core.Execution.Statement.Run(TestDataManager testDataManager, Int32 repeatCount, Int32 stackLevel, Dictionary`2 arguments)
   at HP.GFriend.Core.Execution.RepeatBlock.Run(TestDataManager testDataManager, Int32 repeatCount, Int32 stackLevel, Dictionary`2 arguments)
   at HP.GFriend.Core.Execution.TestCase.Run(TestDataManager testDataManager, Int32 repeatCount, Int32 stackLevel, Dictionary`2 arguments)
   at HP.GFriend.Core.Execution.TestSuite.Run(TestDataManager testDataManager, List`1 tcToRun)
   at HP.GFriend.Core.Execution.Runner.Run(String tsPath, TestDataManager& testDataManager, List`1 tcToRun, String libraryPath, String defaultDut, Dictionary`2 variables)
