2023-03-21 14:23:04.218 [T] ?::?::Parsing start
2023-03-21 14:23:04.218 [T] ?::?::Parsing Variable File : C:\GFriend_PotG\scripts\Acual Script\Acual Script\Testfile.gfvar
2023-03-21 14:23:04.218 [T] ?::?::Creating custom library with C:\GFriend_PotG\scripts\Acual Script\Acual Script\Destination_Selection_Application.gflib
2023-03-21 14:23:04.218 [T] ?::?::Parsing start
2023-03-21 14:23:04.280 [T] ?::?::Parsing Variable File : C:\GFriend_PotG\scripts\Acual Script\Acual Script\Testfile.gfvar
2023-03-21 14:23:04.280 [D] ?::?::Post Action
2023-03-21 14:23:04.280 [T] ?::?::All Used Libraries::C:\GFriend_PotG\scripts\Acual Script\Acual Script\Destination_Selection_Application.gflib
2023-03-21 14:23:04.280 [T] ?::?::Device ID : __NO__DUT__
2023-03-21 14:23:04.280 [T] ?::?::BuiltIn is used BuiltIn
2023-03-21 14:23:04.280 [T] ?::?::Windows is used Windows
2023-03-21 14:23:04.280 [T] ?::?::XML is used XML
2023-03-21 14:23:04.280 [T] ?::?::Device ID : __DEFUALT__DUT__
2023-03-21 14:23:04.280 [T] ?::?::Hallasan is used Hallasan
2023-03-21 14:23:25.744 [T] ?::?::Parsing done
2023-03-21 14:23:25.744 [T] ?::?::Destination_Selection_Application is crated
2023-03-21 14:23:25.744 [T] ?::?::Creating custom library with C:\GFriend_PotG\scripts\Acual Script\Acual Script\Used_Destination_Selection_Function.gflib
2023-03-21 14:23:25.744 [T] ?::?::Parsing start
2023-03-21 14:23:25.744 [T] ?::?::Parsing Variable File : C:\GFriend_PotG\scripts\Acual Script\Acual Script\Testfile.gfvar
2023-03-21 14:23:25.744 [D] ?::?::Post Action
2023-03-21 14:23:25.744 [T] ?::?::All Used Libraries::C:\GFriend_PotG\scripts\Acual Script\Acual Script\Used_Destination_Selection_Function.gflib
2023-03-21 14:23:25.744 [T] ?::?::Device ID : __NO__DUT__
2023-03-21 14:23:25.744 [T] ?::?::BuiltIn is used BuiltIn
2023-03-21 14:23:25.744 [T] ?::?::Windows is used Windows
2023-03-21 14:23:25.744 [T] ?::?::Device ID : __DEFUALT__DUT__
2023-03-21 14:23:25.759 [T] ?::?::Hallasan is used Hallasan
2023-03-21 14:23:25.759 [T] ?::?::Parsing done
2023-03-21 14:23:25.759 [T] ?::?::Used_Destination_Selection_Function is crated
2023-03-21 14:23:25.759 [T] ?::?::Creating custom library with C:\GFriend_PotG\scripts\Acual Script\Acual Script\Click_Print_Button.gflib
2023-03-21 14:23:25.759 [T] ?::?::Parsing start
2023-03-21 14:23:25.759 [T] ?::?::Parsing Variable File : C:\GFriend_PotG\scripts\Acual Script\Acual Script\Testfile.gfvar
2023-03-21 14:23:25.759 [D] ?::?::Post Action
2023-03-21 14:23:25.759 [T] ?::?::All Used Libraries::C:\GFriend_PotG\scripts\Acual Script\Acual Script\Click_Print_Button.gflib
2023-03-21 14:23:25.759 [T] ?::?::Device ID : __NO__DUT__
2023-03-21 14:23:25.759 [T] ?::?::BuiltIn is used BuiltIn
2023-03-21 14:23:25.759 [T] ?::?::Windows is used Windows
2023-03-21 14:23:25.759 [T] ?::?::Device ID : __DEFUALT__DUT__
2023-03-21 14:23:25.759 [T] ?::?::Hallasan is used Hallasan
2023-03-21 14:23:25.759 [T] ?::?::Parsing done
2023-03-21 14:23:25.759 [T] ?::?::Click_Print_Button is crated
2023-03-21 14:23:25.759 [D] ?::?::Post Action
2023-03-21 14:23:25.759 [T] ?::?::All Used Libraries::C:\GFriend_PotG\scripts\Acual Script\Acual Script\[INK Printer] Marconi BasePDl.txt
2023-03-21 14:23:25.759 [T] ?::?::Device ID : __NO__DUT__
2023-03-21 14:23:25.759 [T] ?::?::BuiltIn is used BuiltIn
2023-03-21 14:23:25.759 [T] ?::?::XML is used XML
2023-03-21 14:23:25.759 [T] ?::?::Windows is used Windows
2023-03-21 14:23:25.759 [T] ?::?::Device ID : __DEFUALT__DUT__
2023-03-21 14:23:25.759 [T] ?::?::Hallasan is used Hallasan
2023-03-21 14:23:25.759 [T] ?::?::Destination_Selection_Application is used Destination_Selection_Application
2023-03-21 14:23:25.759 [T] ?::?::Used_Destination_Selection_Function is used Used_Destination_Selection_Function
2023-03-21 14:23:25.759 [T] ?::?::Click_Print_Button is used Click_Print_Button
2023-03-21 14:23:25.775 [T] ?::?::Loading Library : BuiltIn -> BuiltIn
2023-03-21 14:23:25.775 [T] ?::?::Library type is native library.
2023-03-21 14:23:25.775 [T] ?::?::Loading Library : XML -> XML
2023-03-21 14:23:25.775 [T] ?::?::Library type is native library.
2023-03-21 14:23:25.775 [T] ?::?::Loading Library : Windows -> Windows
2023-03-21 14:23:25.775 [T] ?::?::Library type is native library.
2023-03-21 14:23:25.775 [T] ?::?::Loading Library : Hallasan -> Hallasan
2023-03-21 14:23:25.775 [T] ?::?::Library type is native library.
2023-03-21 14:23:25.775 [T] ?::?::Loading Library : Destination_Selection_Application -> Destination_Selection_Application
2023-03-21 14:23:25.775 [T] ?::?::Library type is custom library.
2023-03-21 14:23:25.775 [T] ?::?::Loading Library : Used_Destination_Selection_Function -> Used_Destination_Selection_Function
2023-03-21 14:23:25.775 [T] ?::?::Library type is custom library.
2023-03-21 14:23:25.775 [T] ?::?::Loading Library : Click_Print_Button -> Click_Print_Button
2023-03-21 14:23:25.775 [T] ?::?::Library type is custom library.
2023-03-21 14:23:25.775 [T] ?::?::Prevent PC to sleep
2023-03-21 14:23:25.775 [D] ?::?::HP Smart printing
2023-03-21 14:23:25.791 [T] ?::?::Loop : 1
2023-03-21 14:23:25.791 [T] ?::?::Destination_Selection_Application.Destination Selection_PlainPaper is called
2023-03-21 14:23:25.791 [T] ?::?::Halasan.Open File For Print (C:\GFriend_PotG\Potg_Driver\PotG Testfile\YMC_PlainPaper.pdf,HP Smart Printing) is called
2023-03-21 14:23:25.791 [T] ?::?::Can not find keyword
2023-03-21 14:23:25.838 [E] ?::?::System.InvalidOperationException: Sequence contains no elements
   at System.Linq.Enumerable.First[TSource](IEnumerable`1 source)
   at HP.GFriend.Core.Execution.Executor.Execute(Statement aStatement, TestDataManager testDataManager, Int32 repeat, Int32 stackLevel, Dictionary`2 arguments)
2023-03-21 14:23:25.838 [T] ?::?::Hallasan.Get Driver Window(HP Smart Printing) is called
2023-03-21 14:23:25.838 [D] ?::?::Finding target in 
2023-03-21 14:23:26.978 [T] ?::?::Keyword executed with result = Pass
2023-03-21 14:23:26.978 [T] ?::?::Windows.Wait For Name (HP Smart Printing,30) is called
2023-03-21 14:23:26.978 [D] ?::?::Finding target in HP Smart Printing
2023-03-21 14:23:26.978 [T] ?::?::Keyword executed with result = Pass
2023-03-21 14:23:26.978 [T] ?::?::Sleep(6) is called
2023-03-21 14:23:32.990 [T] ?::?::Keyword executed with result = Pass
2023-03-21 14:23:32.990 [T] ?::?::Used_Destination_Selection_Function.not Used Destination Selection Function is called
2023-03-21 14:23:33.022 [T] ?::?::Hallasan.Set ComboBox (Part.JobDuplexAllDocumentsContiguously,Option.OneSided) is called
2023-03-21 14:23:33.022 [D] ?::?::Finding target in HP Smart Printing
2023-03-21 14:23:33.053 [T] ?::?::Expand/Collapse Pattern
2023-03-21 14:23:33.068 [T] ?::?::Expand
2023-03-21 14:23:33.100 [D] ?::?::Finding target in DuplexComboBox
2023-03-21 14:23:33.115 [T] ?::?::Expand/Collapse Pattern
2023-03-21 14:23:33.115 [T] ?::?::Collapse
2023-03-21 14:23:33.147 [T] ?::?::Keyword executed with result = Pass
2023-03-21 14:23:33.147 [T] ?::?::Hallasan.Set Combobox (Part.PageMediaType,Option.Plain) is called
2023-03-21 14:23:33.147 [D] ?::?::Finding target in HP Smart Printing
2023-03-21 14:23:33.240 [T] ?::?::Expand/Collapse Pattern
2023-03-21 14:23:33.240 [T] ?::?::Expand
2023-03-21 14:23:33.303 [D] ?::?::Finding target in Media Type
2023-03-21 14:23:33.303 [T] ?::?::Expand/Collapse Pattern
2023-03-21 14:23:33.303 [T] ?::?::Collapse
2023-03-21 14:23:33.318 [T] ?::?::Keyword executed with result = Pass
2023-03-21 14:23:33.334 [T] ?::?::Windows.Capture Screen Shot(Capture.jpg) is called
2023-03-21 14:23:33.365 [T] ?::?::Keyword executed with result = Pass
2023-03-21 14:23:33.365 [T] ?::?::Sleep(5) is called
2023-03-21 14:23:38.413 [T] ?::?::Keyword executed with result = Pass
2023-03-21 14:23:38.420 [T] ?::?::Hallasan.Confirm is called
2023-03-21 14:23:38.420 [D] ?::?::Finding target in HP Smart Printing
2023-03-21 14:23:38.591 [T] ?::?::Selected element name : OK
2023-03-21 14:23:38.592 [T] ?::?::Invoke Pattern
2023-03-21 14:23:38.606 [T] ?::?::Keyword executed with result = Pass
2023-03-21 14:23:38.608 [T] ?::?::Sleep(5) is called
2023-03-21 14:23:38.611 [D] ?::?::UI Automation Event : InvokePatternIdentifiers.InvokedEvent
2023-03-21 14:23:43.612 [T] ?::?::Keyword executed with result = Pass
2023-03-21 14:23:43.626 [T] ?::?::Click_Print_Button.Print is called
2023-03-21 14:23:43.642 [T] ?::?::Hallasan.Click Print Button is called
2023-03-21 14:23:45.650 [D] ?::?::Missing target. Get focused
2023-03-21 14:23:45.650 [D] ?::?::Finding target in 
2023-03-21 14:23:45.681 [D] ?::?::Finding target in Document1 - Word
2023-03-21 14:23:46.194 [D] ?::?::Finding target in Document1 - Word
2023-03-21 14:23:46.713 [D] ?::?::Finding target in Document1 - Word
2023-03-21 14:23:47.234 [D] ?::?::Finding target in Document1 - Word
2023-03-21 14:23:47.747 [D] ?::?::Finding target in Document1 - Word
2023-03-21 14:23:48.277 [D] ?::?::Finding target in Document1 - Word
2023-03-21 14:23:48.788 [D] ?::?::Finding target in Document1 - Word
2023-03-21 14:23:49.309 [D] ?::?::Finding target in Document1 - Word
2023-03-21 14:23:49.836 [D] ?::?::Finding target in Document1 - Word
2023-03-21 14:23:50.347 [D] ?::?::Finding target in Document1 - Word
2023-03-21 14:23:50.856 [E] ?::?::Error during click print button
System.NullReferenceException: Object reference not set to an instance of an object.
   at HP.GFriend.Keywords.ApplicationUtils.ClickPrintButtonInAcrobatReader(Windows windowsController) in C:\Jenkins\workspace\Build_And_Release_GFriend_Official\GFLibraries\GFK.Windows\ApplicationUtils.cs:line 398
   at HP.GFriend.Keywords.Windows.ClickPrintButton() in C:\Jenkins\workspace\Build_And_Release_GFriend_Official\GFLibraries\GFK.Windows\Windows.cs:line 935
2023-03-21 14:23:50.856 [T] ?::?::Keyword executed with result = Error
2023-03-21 14:23:50.872 [T] ?::?::Sleep(20) is called
2023-03-21 14:24:06.741 [E] ?::?::Unexpected exception : Sleep
System.Threading.ThreadAbortException: Thread was being aborted.
   at System.RuntimeMethodHandle.InvokeMethod(Object target, Object[] arguments, Signature sig, Boolean constructor)
   at System.Reflection.RuntimeMethodInfo.UnsafeInvokeInternal(Object obj, Object[] parameters, Object[] arguments)
   at System.Reflection.RuntimeMethodInfo.Invoke(Object obj, BindingFlags invokeAttr, Binder binder, Object[] parameters, CultureInfo culture)
   at System.RuntimeType.InvokeMember(String name, BindingFlags bindingFlags, Binder binder, Object target, Object[] providedArgs, ParameterModifier[] modifiers, CultureInfo culture, String[] namedParams)
   at HP.GFriend.Core.Execution.Executor.Execute(Statement aStatement, TestDataManager testDataManager, Int32 repeat, Int32 stackLevel, Dictionary`2 arguments)
2023-03-21 14:24:06.756 [E] ?::?::Unexpected Error
System.Threading.ThreadAbortException: Thread was being aborted.
   at HP.GFriend.Core.Execution.Executor.Execute(Statement aStatement, TestDataManager testDataManager, Int32 repeat, Int32 stackLevel, Dictionary`2 arguments)
   at HP.GFriend.Core.Execution.Statement.Run(TestDataManager testDataManager, Int32 repeatCount, Int32 stackLevel, Dictionary`2 arguments)
   at HP.GFriend.Core.Custom.CustomKeyword.Run(TestDataManager testDataManager, Object[] parameters, Int32 repeat)
   at HP.GFriend.Core.Execution.Executor.Execute(Statement aStatement, TestDataManager testDataManager, Int32 repeat, Int32 stackLevel, Dictionary`2 arguments)
   at HP.GFriend.Core.Execution.Statement.Run(TestDataManager testDataManager, Int32 repeatCount, Int32 stackLevel, Dictionary`2 arguments)
   at HP.GFriend.Core.Execution.RepeatBlock.Run(TestDataManager testDataManager, Int32 repeatCount, Int32 stackLevel, Dictionary`2 arguments)
   at HP.GFriend.Core.Execution.TestCase.Run(TestDataManager testDataManager, Int32 repeatCount, Int32 stackLevel, Dictionary`2 arguments)
   at HP.GFriend.Core.Execution.TestSuite.Run(TestDataManager testDataManager, List`1 tcToRun)
   at HP.GFriend.Core.Execution.Runner.Run(String tsPath, TestDataManager& testDataManager, List`1 tcToRun, String libraryPath, String defaultDut, Dictionary`2 variables, Dictionary`2 executionVariables)
