2021-10-14 14:22:34.321 [T] ?::?::Parsing start
2021-10-14 14:22:34.336 [T] ?::?::Parsing Variable File : C:\GFriend_PotG\scripts\Acual Script\Testfile.gfvar
2021-10-14 14:22:34.336 [T] ?::?::Creating custom library with C:\GFriend_PotG\scripts\Acual Script\Destination_Selection_Application.gflib
2021-10-14 14:22:34.336 [T] ?::?::Parsing start
2021-10-14 14:22:34.400 [T] ?::?::Parsing Variable File : C:\GFriend_PotG\scripts\Acual Script\Testfile.gfvar
2021-10-14 14:22:34.400 [D] ?::?::Post Action
2021-10-14 14:22:34.411 [T] ?::?::All Used Libraries::C:\GFriend_PotG\scripts\Acual Script\Destination_Selection_Application.gflib
2021-10-14 14:22:34.411 [T] ?::?::Device ID : __NO__DUT__
2021-10-14 14:22:34.411 [T] ?::?::BuiltIn is used BuiltIn
2021-10-14 14:22:34.411 [T] ?::?::Windows is used Windows
2021-10-14 14:22:34.411 [T] ?::?::XML is used XML
2021-10-14 14:22:34.411 [T] ?::?::Device ID : __DEFUALT__DUT__
2021-10-14 14:22:34.411 [T] ?::?::Hallasan is used Hallasan
2021-10-14 14:23:04.554 [T] ?::?::Parsing done
2021-10-14 14:23:04.570 [T] ?::?::Destination_Selection_Application is crated
2021-10-14 14:23:04.570 [T] ?::?::Creating custom library with C:\GFriend_PotG\scripts\Acual Script\Used_Destination_Selection_Function.gflib
2021-10-14 14:23:04.570 [T] ?::?::Parsing start
2021-10-14 14:23:04.570 [T] ?::?::Parsing Variable File : C:\GFriend_PotG\scripts\Acual Script\Testfile.gfvar
2021-10-14 14:23:04.570 [D] ?::?::Post Action
2021-10-14 14:23:04.570 [T] ?::?::All Used Libraries::C:\GFriend_PotG\scripts\Acual Script\Used_Destination_Selection_Function.gflib
2021-10-14 14:23:04.570 [T] ?::?::Device ID : __NO__DUT__
2021-10-14 14:23:04.570 [T] ?::?::BuiltIn is used BuiltIn
2021-10-14 14:23:04.570 [T] ?::?::Windows is used Windows
2021-10-14 14:23:04.570 [T] ?::?::Device ID : __DEFUALT__DUT__
2021-10-14 14:23:04.570 [T] ?::?::Hallasan is used Hallasan
2021-10-14 14:23:04.570 [T] ?::?::Parsing done
2021-10-14 14:23:04.570 [T] ?::?::Used_Destination_Selection_Function is crated
2021-10-14 14:23:04.570 [T] ?::?::Creating custom library with C:\GFriend_PotG\scripts\Acual Script\Click_Print_Button.gflib
2021-10-14 14:23:04.570 [T] ?::?::Parsing start
2021-10-14 14:23:04.570 [T] ?::?::Parsing Variable File : C:\GFriend_PotG\scripts\Acual Script\Testfile.gfvar
2021-10-14 14:23:04.570 [D] ?::?::Post Action
2021-10-14 14:23:04.570 [T] ?::?::All Used Libraries::C:\GFriend_PotG\scripts\Acual Script\Click_Print_Button.gflib
2021-10-14 14:23:04.570 [T] ?::?::Device ID : __NO__DUT__
2021-10-14 14:23:04.570 [T] ?::?::BuiltIn is used BuiltIn
2021-10-14 14:23:04.570 [T] ?::?::Windows is used Windows
2021-10-14 14:23:04.570 [T] ?::?::Device ID : __DEFUALT__DUT__
2021-10-14 14:23:04.570 [T] ?::?::Hallasan is used Hallasan
2021-10-14 14:23:04.570 [T] ?::?::Parsing done
2021-10-14 14:23:04.570 [T] ?::?::Click_Print_Button is crated
2021-10-14 14:23:04.570 [D] ?::?::Post Action
2021-10-14 14:23:04.570 [T] ?::?::All Used Libraries::C:\GFriend_PotG\scripts\Acual Script\[Laser Printer] Full Horizon Basic Duplex TC.txt
2021-10-14 14:23:04.570 [T] ?::?::Device ID : __NO__DUT__
2021-10-14 14:23:04.570 [T] ?::?::BuiltIn is used BuiltIn
2021-10-14 14:23:04.570 [T] ?::?::XML is used XML
2021-10-14 14:23:04.570 [T] ?::?::Windows is used Windows
2021-10-14 14:23:04.570 [T] ?::?::Device ID : __DEFUALT__DUT__
2021-10-14 14:23:04.570 [T] ?::?::Hallasan is used Hallasan
2021-10-14 14:23:04.570 [T] ?::?::Destination_Selection_Application is used Destination_Selection_Application
2021-10-14 14:23:04.570 [T] ?::?::Used_Destination_Selection_Function is used Used_Destination_Selection_Function
2021-10-14 14:23:04.585 [T] ?::?::Click_Print_Button is used Click_Print_Button
2021-10-14 14:23:04.586 [T] ?::?::Loading Library : BuiltIn -> BuiltIn
2021-10-14 14:23:04.586 [T] ?::?::Library type is native library.
2021-10-14 14:23:04.602 [T] ?::?::Loading Library : XML -> XML
2021-10-14 14:23:04.603 [T] ?::?::Library type is native library.
2021-10-14 14:23:04.603 [T] ?::?::Loading Library : Windows -> Windows
2021-10-14 14:23:04.603 [T] ?::?::Library type is native library.
2021-10-14 14:23:04.603 [T] ?::?::Loading Library : Hallasan -> Hallasan
2021-10-14 14:23:04.603 [T] ?::?::Library type is native library.
2021-10-14 14:23:04.606 [T] ?::?::Loading Library : Destination_Selection_Application -> Destination_Selection_Application
2021-10-14 14:23:04.607 [T] ?::?::Library type is custom library.
2021-10-14 14:23:04.607 [T] ?::?::Loading Library : Used_Destination_Selection_Function -> Used_Destination_Selection_Function
2021-10-14 14:23:04.607 [T] ?::?::Library type is custom library.
2021-10-14 14:23:04.607 [T] ?::?::Loading Library : Click_Print_Button -> Click_Print_Button
2021-10-14 14:23:04.608 [T] ?::?::Library type is custom library.
2021-10-14 14:23:04.608 [T] ?::?::Prevent PC to sleep
2021-10-14 14:23:04.608 [D] ?::?::192.168.0.8
2021-10-14 14:23:04.608 [T] ?::?::Destination_Selection_Application.Destination Selection_General_Everyday_Printing is called
2021-10-14 14:23:04.624 [T] ?::?::Hallasan.Open File For Print (C:\GFriend_PotG\Potg_Driver\PotG Testfile\YMC_General_Everyday_Printing.pdf,HP Smart Printing) is called
2021-10-14 14:23:04.624 [T] ?::?::Open Acrobat Reader
2021-10-14 14:23:04.826 [T] ?::?::Process is started with C:\GFriend_PotG\Potg_Driver\PotG Testfile\YMC_General_Everyday_Printing.pdf and Process Id is 22308
2021-10-14 14:23:14.850 [T] ?::?::Current focused process id : 10220
2021-10-14 14:23:14.854 [D] ?::?::Finding target in 
2021-10-14 14:23:14.977 [T] ?::?::Get Acrobat Reader
2021-10-14 14:23:14.993 [D] ?::?::Finding target in 
2021-10-14 14:23:17.240 [D] ?::?::Get Print Dialog
2021-10-14 14:23:22.255 [D] ?::?::Finding target in Adobe Acrobat
2021-10-14 14:23:22.770 [D] ?::?::Finding target in Adobe Acrobat
2021-10-14 14:23:23.287 [D] ?::?::Finding target in Adobe Acrobat
2021-10-14 14:23:23.802 [D] ?::?::Finding target in Adobe Acrobat
2021-10-14 14:23:24.319 [D] ?::?::Finding target in Adobe Acrobat
2021-10-14 14:23:24.837 [D] ?::?::Finding target in Adobe Acrobat
2021-10-14 14:23:25.358 [D] ?::?::Finding target in Adobe Acrobat
2021-10-14 14:23:25.876 [D] ?::?::Finding target in Adobe Acrobat
2021-10-14 14:23:26.392 [D] ?::?::Finding target in Adobe Acrobat
2021-10-14 14:23:26.909 [D] ?::?::Finding target in Adobe Acrobat
2021-10-14 14:23:27.412 [D] ?::?::Finding target in Adobe Acrobat
2021-10-14 14:23:27.929 [D] ?::?::Finding target in Adobe Acrobat
2021-10-14 14:23:28.446 [D] ?::?::Finding target in Adobe Acrobat
2021-10-14 14:23:28.965 [D] ?::?::Finding target in Adobe Acrobat
2021-10-14 14:23:29.471 [D] ?::?::Finding target in Adobe Acrobat
2021-10-14 14:23:29.989 [D] ?::?::Finding target in Adobe Acrobat
2021-10-14 14:23:30.504 [D] ?::?::Finding target in Adobe Acrobat
2021-10-14 14:23:31.029 [D] ?::?::Finding target in Adobe Acrobat
2021-10-14 14:23:31.538 [D] ?::?::Finding target in Adobe Acrobat
2021-10-14 14:23:32.053 [D] ?::?::Finding target in Adobe Acrobat
2021-10-14 14:23:32.632 [E] ?::?::Unexpected exception : OpenFileForPrint
System.Reflection.TargetInvocationException: Exception has been thrown by the target of an invocation. ---> System.NullReferenceException: Object reference not set to an instance of an object.
   at HP.GFriend.Utils.UIAManaged.ApplicationUtilsManaged.OpenAcrobatReader(String filePath, String printerName, WindowsManaged windowsController) in C:\Jenkins\workspace\Build_And_Release_GFriend_Official\GFUtils\UIAManaged\ApplicationUtilsManaged.cs:line 37
   at HP.GFriend.Keywords.ApplicationUtils.OpenAcrobatReader(String filePath, String printerName, Windows windowsController) in C:\Jenkins\workspace\Build_And_Release_GFriend_Official\GFLibraries\GFK.Windows\ApplicationUtils.cs:line 292
   --- End of inner exception stack trace ---
   at System.RuntimeMethodHandle.InvokeMethod(Object target, Object[] arguments, Signature sig, Boolean constructor)
   at System.Reflection.RuntimeMethodInfo.UnsafeInvokeInternal(Object obj, Object[] parameters, Object[] arguments)
   at System.Reflection.RuntimeMethodInfo.Invoke(Object obj, BindingFlags invokeAttr, Binder binder, Object[] parameters, CultureInfo culture)
   at System.RuntimeType.InvokeMember(String name, BindingFlags bindingFlags, Binder binder, Object target, Object[] providedArgs, ParameterModifier[] modifiers, CultureInfo culture, String[] namedParams)
   at HP.GFriend.Core.Execution.Executor.Execute(Statement aStatement, TestDataManager testDataManager, Int32 repeat, Int32 stackLevel, Dictionary`2 arguments)
2021-10-14 14:23:32.633 [T] ?::?::Windows.Wait For Name (HP Smart Printing,30) is called
2021-10-14 14:23:32.637 [D] ?::?::Finding target in Adobe Acrobat
2021-10-14 14:23:33.146 [D] ?::?::Finding target in Adobe Acrobat
2021-10-14 14:23:33.657 [D] ?::?::Finding target in Adobe Acrobat
2021-10-14 14:23:34.179 [D] ?::?::Finding target in Adobe Acrobat
2021-10-14 14:23:34.697 [D] ?::?::Finding target in Adobe Acrobat
2021-10-14 14:23:35.211 [D] ?::?::Finding target in Adobe Acrobat
2021-10-14 14:23:35.729 [D] ?::?::Finding target in Adobe Acrobat
2021-10-14 14:23:36.236 [D] ?::?::Finding target in Adobe Acrobat
2021-10-14 14:23:36.748 [D] ?::?::Finding target in Adobe Acrobat
2021-10-14 14:23:37.265 [D] ?::?::Finding target in Adobe Acrobat
2021-10-14 14:23:37.768 [D] ?::?::Finding target in Adobe Acrobat
2021-10-14 14:23:38.286 [D] ?::?::Finding target in Adobe Acrobat
2021-10-14 14:23:38.803 [D] ?::?::Finding target in Adobe Acrobat
2021-10-14 14:23:39.320 [D] ?::?::Finding target in Adobe Acrobat
2021-10-14 14:23:39.842 [D] ?::?::Finding target in Adobe Acrobat
2021-10-14 14:23:40.352 [D] ?::?::Finding target in Adobe Acrobat
2021-10-14 14:23:40.871 [D] ?::?::Finding target in Adobe Acrobat
2021-10-14 14:23:41.395 [D] ?::?::Finding target in Adobe Acrobat
2021-10-14 14:23:41.910 [D] ?::?::Finding target in Adobe Acrobat
2021-10-14 14:23:42.427 [D] ?::?::Finding target in Adobe Acrobat
2021-10-14 14:23:42.931 [D] ?::?::Finding target in Adobe Acrobat
2021-10-14 14:23:43.435 [D] ?::?::Finding target in Adobe Acrobat
2021-10-14 14:23:43.944 [D] ?::?::Finding target in Adobe Acrobat
2021-10-14 14:23:44.462 [D] ?::?::Finding target in Adobe Acrobat
2021-10-14 14:23:44.978 [D] ?::?::Finding target in Adobe Acrobat
2021-10-14 14:23:45.503 [D] ?::?::Finding target in Adobe Acrobat
2021-10-14 14:23:46.018 [D] ?::?::Finding target in Adobe Acrobat
2021-10-14 14:23:46.529 [D] ?::?::Finding target in Adobe Acrobat
2021-10-14 14:23:47.042 [D] ?::?::Finding target in Adobe Acrobat
2021-10-14 14:23:47.554 [D] ?::?::Finding target in Adobe Acrobat
2021-10-14 14:23:48.071 [D] ?::?::Finding target in Adobe Acrobat
2021-10-14 14:23:48.589 [D] ?::?::Finding target in Adobe Acrobat
2021-10-14 14:23:49.109 [D] ?::?::Finding target in Adobe Acrobat
2021-10-14 14:23:49.625 [D] ?::?::Finding target in Adobe Acrobat
2021-10-14 14:23:50.142 [D] ?::?::Finding target in Adobe Acrobat
2021-10-14 14:23:50.649 [D] ?::?::Finding target in Adobe Acrobat
2021-10-14 14:23:51.162 [D] ?::?::Finding target in Adobe Acrobat
2021-10-14 14:23:51.677 [D] ?::?::Finding target in Adobe Acrobat
2021-10-14 14:23:52.197 [D] ?::?::Finding target in Adobe Acrobat
2021-10-14 14:23:52.714 [D] ?::?::Finding target in Adobe Acrobat
2021-10-14 14:23:53.232 [D] ?::?::Finding target in Adobe Acrobat
2021-10-14 14:23:53.750 [D] ?::?::Finding target in Adobe Acrobat
2021-10-14 14:23:54.265 [D] ?::?::Finding target in Adobe Acrobat
2021-10-14 14:23:54.781 [D] ?::?::Finding target in Adobe Acrobat
2021-10-14 14:23:55.295 [D] ?::?::Finding target in Adobe Acrobat
2021-10-14 14:23:55.798 [D] ?::?::Finding target in Adobe Acrobat
2021-10-14 14:23:56.316 [D] ?::?::Finding target in Adobe Acrobat
2021-10-14 14:23:56.822 [D] ?::?::Finding target in Adobe Acrobat
2021-10-14 14:23:57.343 [D] ?::?::Finding target in Adobe Acrobat
2021-10-14 14:23:57.855 [D] ?::?::Finding target in Adobe Acrobat
2021-10-14 14:23:58.376 [D] ?::?::Finding target in Adobe Acrobat
2021-10-14 14:23:58.889 [D] ?::?::Finding target in Adobe Acrobat
2021-10-14 14:23:59.403 [D] ?::?::Finding target in Adobe Acrobat
2021-10-14 14:23:59.911 [D] ?::?::Finding target in Adobe Acrobat
2021-10-14 14:24:00.425 [D] ?::?::Finding target in Adobe Acrobat
2021-10-14 14:24:00.929 [D] ?::?::Finding target in Adobe Acrobat
2021-10-14 14:24:01.448 [D] ?::?::Finding target in Adobe Acrobat
2021-10-14 14:24:01.963 [D] ?::?::Finding target in Adobe Acrobat
2021-10-14 14:24:02.479 [D] ?::?::Finding target in Adobe Acrobat
2021-10-14 14:24:03.062 [T] ?::?::Keyword executed with result = Fail
2021-10-14 14:24:03.062 [T] ?::?::Sleep(6) is called
2021-10-14 14:24:09.098 [T] ?::?::Keyword executed with result = Pass
2021-10-14 14:24:09.113 [T] ?::?::Used_Destination_Selection_Function.not Used Destination Selection Function is called
2021-10-14 14:24:09.113 [T] ?::?::Hallasan.Set Combobox (ui_PresetComboBox,_GeneralPrint) is called
2021-10-14 14:24:09.113 [D] ?::?::Finding target in Adobe Acrobat
2021-10-14 14:24:09.630 [D] ?::?::Finding target in Adobe Acrobat
2021-10-14 14:24:10.147 [D] ?::?::Finding target in Adobe Acrobat
2021-10-14 14:24:10.654 [D] ?::?::Finding target in Adobe Acrobat
2021-10-14 14:24:11.228 [T] ?::?::Keyword executed with result = Fail
2021-10-14 14:24:11.238 [T] ?::?::Sleep(5) is called
2021-10-14 14:24:16.272 [T] ?::?::Keyword executed with result = Pass
2021-10-14 14:24:16.313 [T] ?::?::Hallasan.Confirm is called
2021-10-14 14:24:16.313 [D] ?::?::Finding target in Adobe Acrobat
2021-10-14 14:24:16.831 [D] ?::?::Finding target in Adobe Acrobat
2021-10-14 14:24:17.340 [D] ?::?::Finding target in Adobe Acrobat
2021-10-14 14:24:17.850 [D] ?::?::Finding target in Adobe Acrobat
2021-10-14 14:24:18.365 [D] ?::?::Finding target in Adobe Acrobat
2021-10-14 14:24:18.878 [D] ?::?::Finding target in Adobe Acrobat
2021-10-14 14:24:19.448 [T] ?::?::Keyword executed with result = Fail
2021-10-14 14:24:19.459 [T] ?::?::Sleep(5) is called
2021-10-14 14:24:24.508 [T] ?::?::Keyword executed with result = Pass
2021-10-14 14:24:24.517 [T] ?::?::Click_Print_Button.Print is called
2021-10-14 14:24:24.593 [T] ?::?::Hallasan.Click Print Button is called
2021-10-14 14:24:26.608 [D] ?::?::Finding target in Adobe Acrobat
2021-10-14 14:24:27.129 [D] ?::?::Finding target in Adobe Acrobat
2021-10-14 14:24:27.649 [D] ?::?::Finding target in Adobe Acrobat
2021-10-14 14:24:28.162 [D] ?::?::Finding target in Adobe Acrobat
2021-10-14 14:24:28.678 [D] ?::?::Finding target in Adobe Acrobat
2021-10-14 14:24:29.195 [D] ?::?::Finding target in Adobe Acrobat
2021-10-14 14:24:29.708 [D] ?::?::Finding target in Adobe Acrobat
2021-10-14 14:24:30.214 [D] ?::?::Finding target in Adobe Acrobat
2021-10-14 14:24:30.718 [D] ?::?::Finding target in Adobe Acrobat
2021-10-14 14:24:31.235 [D] ?::?::Finding target in Adobe Acrobat
2021-10-14 14:24:31.754 [E] ?::?::Error during click print button
System.NullReferenceException: Object reference not set to an instance of an object.
   at HP.GFriend.Keywords.ApplicationUtils.ClickPrintButtonInAcrobatReader(Windows windowsController) in C:\Jenkins\workspace\Build_And_Release_GFriend_Official\GFLibraries\GFK.Windows\ApplicationUtils.cs:line 398
   at HP.GFriend.Keywords.Windows.ClickPrintButton() in C:\Jenkins\workspace\Build_And_Release_GFriend_Official\GFLibraries\GFK.Windows\Windows.cs:line 840
2021-10-14 14:24:31.785 [T] ?::?::Keyword executed with result = Error
2021-10-14 14:24:31.816 [T] ?::?::Sleep(20) is called
2021-10-14 14:24:51.860 [T] ?::?::Keyword executed with result = Pass
2021-10-14 14:24:51.876 [T] ?::?::If :  Hallasan.Close Application is called
2021-10-14 14:24:51.943 [T] ?::?::Keyword executed with result = Error
2021-10-14 14:24:51.959 [T] ?::?::Sleep(20) is called
2021-10-14 14:25:12.000 [T] ?::?::Keyword executed with result = Pass
2021-10-14 14:25:12.040 [T] ?::?::Destination_Selection_Application.PT Value_TwoSidedLongEdge is called
2021-10-14 14:25:12.118 [T] ?::?::XML.Load From File (C:\temp\H_JobSetup_OutPT.xml) is called
2021-10-14 14:25:12.168 [T] ?::?::Keyword executed with result = Pass
2021-10-14 14:25:12.189 [T] ?::?::XML.Get Attribute (${value},//*[@name='psk:JobDuplexAllDocumentsContiguously']/psf:Option,name) is called
2021-10-14 14:25:12.231 [T] ?::?::Keyword executed with result = Pass
2021-10-14 14:25:12.242 [T] ?::?::Equals (${value},psk:TwoSidedLongEdge) is called
2021-10-14 14:25:12.291 [T] ?::?::Keyword executed with result = Pass
2021-10-14 14:25:12.321 [T] ?::?::XML.Get Attribute (${value},//*[@name='ns0000:JobTelemetryUserOption']/psf:Option,name) is called
2021-10-14 14:25:12.358 [T] ?::?::Keyword executed with result = Pass
2021-10-14 14:25:12.375 [T] ?::?::Equals (${value},ns0000:OptIn) is called
2021-10-14 14:25:12.402 [T] ?::?::Keyword executed with result = Pass
2021-10-14 14:25:12.418 [T] ?::?::Run Command(cmd /c copy c:\temp\H_JobSetup_OutPT.xml "${OUTPUT_FOLDER}",${commandOutput},5) is called
2021-10-14 14:25:12.676 [E] ?::?::Exception during run command
System.Threading.ThreadAbortException: Thread was being aborted.
   at System.Threading.WaitHandle.WaitOneNative(SafeHandle waitableSafeHandle, UInt32 millisecondsTimeout, Boolean hasThreadAffinity, Boolean exitContext)
   at System.Threading.WaitHandle.InternalWaitOne(SafeHandle waitableSafeHandle, Int64 millisecondsTimeout, Boolean hasThreadAffinity, Boolean exitContext)
   at System.Threading.WaitHandle.WaitOne(Int32 millisecondsTimeout, Boolean exitContext)
   at System.Diagnostics.Process.WaitForExit(Int32 milliseconds)
   at HP.GFriend.Keywords.BuiltInLibrary.RunCommand(String command, String saveTo, String timeOutInSec)
2021-10-14 14:25:12.748 [E] ?::?::Unexpected exception : RunCommand
System.Threading.ThreadAbortException: Thread was being aborted.
   at System.RuntimeMethodHandle.InvokeMethod(Object target, Object[] arguments, Signature sig, Boolean constructor)
   at System.Reflection.RuntimeMethodInfo.UnsafeInvokeInternal(Object obj, Object[] parameters, Object[] arguments)
   at System.Reflection.RuntimeMethodInfo.Invoke(Object obj, BindingFlags invokeAttr, Binder binder, Object[] parameters, CultureInfo culture)
   at System.RuntimeType.InvokeMember(String name, BindingFlags bindingFlags, Binder binder, Object target, Object[] providedArgs, ParameterModifier[] modifiers, CultureInfo culture, String[] namedParams)
   at HP.GFriend.Core.Execution.Executor.Execute(Statement aStatement, TestDataManager testDataManager, Int32 repeat, Int32 stackLevel, Dictionary`2 arguments)
2021-10-14 14:25:12.754 [E] ?::?::Unexpected Error
System.Threading.ThreadAbortException: Thread was being aborted.
   at HP.GFriend.Core.Execution.Executor.Execute(Statement aStatement, TestDataManager testDataManager, Int32 repeat, Int32 stackLevel, Dictionary`2 arguments)
   at HP.GFriend.Core.Execution.Statement.Run(TestDataManager testDataManager, Int32 repeatCount, Int32 stackLevel, Dictionary`2 arguments)
   at HP.GFriend.Core.Custom.CustomKeyword.Run(TestDataManager testDataManager, Object[] parameters, Int32 repeat)
   at HP.GFriend.Core.Execution.Executor.Execute(Statement aStatement, TestDataManager testDataManager, Int32 repeat, Int32 stackLevel, Dictionary`2 arguments)
   at HP.GFriend.Core.Execution.Statement.Run(TestDataManager testDataManager, Int32 repeatCount, Int32 stackLevel, Dictionary`2 arguments)
   at HP.GFriend.Core.Execution.TestCase.Run(TestDataManager testDataManager, Int32 repeatCount, Int32 stackLevel, Dictionary`2 arguments)
   at HP.GFriend.Core.Execution.TestSuite.Run(TestDataManager testDataManager, List`1 tcToRun)
   at HP.GFriend.Core.Execution.Runner.Run(String tsPath, TestDataManager& testDataManager, List`1 tcToRun, String libraryPath, String defaultDut, Dictionary`2 variables)
