<?xml version="1.0" encoding="UTF-8"?>
<TestSuite Name="[Laser Printer] Full Horizon Basic Duplex TC">
  <StartTime>
2021-10-25 11:38:48
</StartTime>
  <TestCase Name="General Everyday Printing">
    <StartTime>
2021-10-25 11:38:48
</StartTime>
    <Statement StatementName="Destination_Selection_Application.Destination Selection_General_Everyday_Printing">
      <StartTime>
2021-10-25 11:38:48
</StartTime>
      <StartTime>
2021-10-25 11:38:48
</StartTime>
      <Statement StatementName="Hallasan.Open File For Print (C:\GFriend_PotG\Potg_Driver\PotG Testfile\YMC_General_Everyday_Printing.pdf,HP Smart Printing)">
        <StartTime>
2021-10-25 11:38:48
</StartTime>
        <Result>
Error
</Result>
        <ErrorDescription>
Unexpected exception
</ErrorDescription>
        <AdditionalInfo>
System.Reflection.TargetInvocationException: Exception has been thrown by the target of an invocation. ---&gt; System.NullReferenceException: Object reference not set to an instance of an object.
   at HP.GFriend.Utils.UIAManaged.ApplicationUtilsManaged.OpenAcrobatReader(String filePath, String printerName, WindowsManaged windowsController) in C:\Jenkins\workspace\Build_And_Release_GFriend_Official\GFUtils\UIAManaged\ApplicationUtilsManaged.cs:line 37
   at HP.GFriend.Keywords.ApplicationUtils.OpenAcrobatReader(String filePath, String printerName, Windows windowsController) in C:\Jenkins\workspace\Build_And_Release_GFriend_Official\GFLibraries\GFK.Windows\ApplicationUtils.cs:line 292
   --- End of inner exception stack trace ---
   at System.RuntimeMethodHandle.InvokeMethod(Object target, Object[] arguments, Signature sig, Boolean constructor)
   at System.Reflection.RuntimeMethodInfo.UnsafeInvokeInternal(Object obj, Object[] parameters, Object[] arguments)
   at System.Reflection.RuntimeMethodInfo.Invoke(Object obj, BindingFlags invokeAttr, Binder binder, Object[] parameters, CultureInfo culture)
   at System.RuntimeType.InvokeMember(String name, BindingFlags bindingFlags, Binder binder, Object target, Object[] providedArgs, ParameterModifier[] modifiers, CultureInfo culture, String[] namedParams)
   at HP.GFriend.Core.Execution.Executor.Execute(Statement aStatement, TestDataManager testDataManager, Int32 repeat, Int32 stackLevel, Dictionary`2 arguments)
</AdditionalInfo>
        <EndTime>
2021-10-25 11:39:15
</EndTime>
      </Statement>
      <Statement StatementName="Windows.Wait For Name (HP Smart Printing,30)">
        <StartTime>
2021-10-25 11:39:15
</StartTime>
        <Result>
Pass
</Result>
        <EndTime>
2021-10-25 11:39:15
</EndTime>
      </Statement>
      <Statement StatementName="Sleep(6)">
        <StartTime>
2021-10-25 11:39:15
</StartTime>
        <Result>
Pass
</Result>
        <EndTime>
2021-10-25 11:39:22
</EndTime>
      </Statement>
      <Result>
Error
</Result>
      <EndTime>
2021-10-25 11:39:22
</EndTime>
      <Result>
Error
</Result>
      <EndTime>
2021-10-25 11:39:22
</EndTime>
    </Statement>
    <Statement StatementName="Used_Destination_Selection_Function.not Used Destination Selection Function">
      <StartTime>
2021-10-25 11:39:22
</StartTime>
      <StartTime>
2021-10-25 11:39:22
</StartTime>
      <Result>
Pass
</Result>
      <EndTime>
2021-10-25 11:39:22
</EndTime>
      <Result>
Pass
</Result>
      <EndTime>
2021-10-25 11:39:22
</EndTime>
    </Statement>
    <Statement StatementName="Hallasan.Set Combobox (ui_PresetComboBox,_GeneralPrint)">
      <StartTime>
2021-10-25 11:39:22
</StartTime>
      <Result>
Fail
</Result>
      <ErrorDescription>
Can not find combobox : ui_PresetComboBox
</ErrorDescription>
      <EndTime>
2021-10-25 11:39:24
</EndTime>
    </Statement>
    <Statement StatementName="Sleep(5)">
      <StartTime>
2021-10-25 11:39:24
</StartTime>
      <Result>
Pass
</Result>
      <EndTime>
2021-10-25 11:39:29
</EndTime>
    </Statement>
    <Statement StatementName="Hallasan.Confirm">
      <StartTime>
2021-10-25 11:39:29
</StartTime>
      <Result>
Fail
</Result>
      <ErrorDescription>
Can not find element with given automation ID : App.OK
</ErrorDescription>
      <ScreenShot>
.\Hallasan_Screenshot_211025_11393265.png
</ScreenShot>
      <EndTime>
2021-10-25 11:39:32
</EndTime>
    </Statement>
    <Statement StatementName="Sleep(5)">
      <StartTime>
2021-10-25 11:39:32
</StartTime>
      <Result>
Pass
</Result>
      <EndTime>
2021-10-25 11:39:37
</EndTime>
    </Statement>
    <Statement StatementName="Click_Print_Button.Print">
      <StartTime>
2021-10-25 11:39:37
</StartTime>
      <StartTime>
2021-10-25 11:39:37
</StartTime>
      <Statement StatementName="Hallasan.Click Print Button">
        <StartTime>
2021-10-25 11:39:37
</StartTime>
        <Result>
Error
</Result>
        <ErrorDescription>
Error during click print button
</ErrorDescription>
        <AdditionalInfo>
System.NullReferenceException: Object reference not set to an instance of an object.
   at HP.GFriend.Keywords.ApplicationUtils.ClickPrintButtonInAcrobatReader(Windows windowsController) in C:\Jenkins\workspace\Build_And_Release_GFriend_Official\GFLibraries\GFK.Windows\ApplicationUtils.cs:line 398
   at HP.GFriend.Keywords.Windows.ClickPrintButton() in C:\Jenkins\workspace\Build_And_Release_GFriend_Official\GFLibraries\GFK.Windows\Windows.cs:line 935
</AdditionalInfo>
        <EndTime>
2021-10-25 11:39:45
</EndTime>
      </Statement>
      <Statement StatementName="Sleep(20)">
        <StartTime>
2021-10-25 11:39:45
</StartTime>
        <Result>
Pass
</Result>
        <EndTime>
2021-10-25 11:40:05
</EndTime>
      </Statement>
      <If Condition=" Hallasan.Close Application">
        <StartTime>
2021-10-25 11:40:05
</StartTime>
        <ConditionResult>
ERROR
</ConditionResult>
        <ErrorDescription>
Unexpected exception
</ErrorDescription>
        <AdditionalInfo>
System.Reflection.TargetInvocationException: Exception has been thrown by the target of an invocation. ---&gt; System.Windows.Automation.ElementNotAvailableException: Element not available ---&gt; System.Runtime.InteropServices.COMException: An event was unable to invoke any of the subscribers (Exception from HRESULT: 0x80040201)
   at UIAutomationClient.IUIAutomationElement.GetCurrentPattern(Int32 patternId)
   at System.Windows.Automation.AutomationElement.TryGetCurrentPattern(AutomationPattern pattern, Object&amp; patternObject)
   --- End of inner exception stack trace ---
   at System.Windows.Automation.AutomationElement.TryGetCurrentPattern(AutomationPattern pattern, Object&amp; patternObject)
   at HP.GFriend.Keywords.ApplicationUtils.CloseApplication() in C:\Jenkins\workspace\Build_And_Release_GFriend_Official\GFLibraries\GFK.Windows\ApplicationUtils.cs:line 104
   at HP.GFriend.Keywords.Windows.CloseApplication() in C:\Jenkins\workspace\Build_And_Release_GFriend_Official\GFLibraries\GFK.Windows\Windows.cs:line 926
   --- End of inner exception stack trace ---
   at System.RuntimeMethodHandle.InvokeMethod(Object target, Object[] arguments, Signature sig, Boolean constructor)
   at System.Reflection.RuntimeMethodInfo.UnsafeInvokeInternal(Object obj, Object[] parameters, Object[] arguments)
   at System.Reflection.RuntimeMethodInfo.Invoke(Object obj, BindingFlags invokeAttr, Binder binder, Object[] parameters, CultureInfo culture)
   at System.RuntimeType.InvokeMember(String name, BindingFlags bindingFlags, Binder binder, Object target, Object[] providedArgs, ParameterModifier[] modifiers, CultureInfo culture, String[] namedParams)
   at HP.GFriend.Core.Execution.Executor.Execute(Statement aStatement, TestDataManager testDataManager, Int32 repeat, Int32 stackLevel, Dictionary`2 arguments)
</AdditionalInfo>
        <StatementBlock Kind="ERROR">
          <StartTime>
2021-10-25 11:40:05
</StartTime>
          <Block>
            <StartTime>
2021-10-25 11:40:05
</StartTime>
            <Result>
PASS
</Result>
            <EndTime>
2021-10-25 11:40:05
</EndTime>
          </Block>
          <EndTime>
2021-10-25 11:40:05
</EndTime>
          <Result>
PASS
</Result>
        </StatementBlock>
        <Result>
PASS
</Result>
        <EndTime>
2021-10-25 11:40:05
</EndTime>
      </If>
      <Statement StatementName="Sleep(20)">
        <StartTime>
2021-10-25 11:40:05
</StartTime>
        <Result>
Pass
</Result>
        <EndTime>
2021-10-25 11:40:25
</EndTime>
      </Statement>
      <Result>
Error
</Result>
      <EndTime>
2021-10-25 11:40:25
</EndTime>
      <Result>
Error
</Result>
      <EndTime>
2021-10-25 11:40:25
</EndTime>
    </Statement>
    <Statement StatementName="Destination_Selection_Application.PT Value_TwoSidedLongEdge">
      <StartTime>
2021-10-25 11:40:25
</StartTime>
      <StartTime>
2021-10-25 11:40:25
</StartTime>
      <Statement StatementName="XML.Load From File (C:\temp\H_JobSetup_OutPT.xml)">
        <StartTime>
2021-10-25 11:40:25
</StartTime>
        <Result>
Pass
</Result>
        <EndTime>
2021-10-25 11:40:25
</EndTime>
      </Statement>
      <Statement StatementName="XML.Get Attribute (${value},//*[@name='psk:JobDuplexAllDocumentsContiguously']/psf:Option,name)">
        <StartTime>
2021-10-25 11:40:25
</StartTime>
        <Result>
Pass
</Result>
        <Output>
psk:OneSided
</Output>
        <EndTime>
2021-10-25 11:40:25
</EndTime>
      </Statement>
      <Statement StatementName="Equals (${value},psk:TwoSidedLongEdge)">
        <StartTime>
2021-10-25 11:40:25
</StartTime>
        <Result>
Fail
</Result>
        <ErrorDescription>
psk:OneSided and psk:TwoSidedLongEdge are not same
</ErrorDescription>
        <EndTime>
2021-10-25 11:40:25
</EndTime>
      </Statement>
      <Statement StatementName="XML.Get Attribute (${value},//*[@name='ns0000:JobTelemetryUserOption']/psf:Option,name)">
        <StartTime>
2021-10-25 11:40:25
</StartTime>
        <Result>
Pass
</Result>
        <Output>
ns0000:OptIn
</Output>
        <EndTime>
2021-10-25 11:40:25
</EndTime>
      </Statement>
      <Statement StatementName="Equals (${value},ns0000:OptIn)">
        <StartTime>
2021-10-25 11:40:25
</StartTime>
        <Result>
Pass
</Result>
        <EndTime>
2021-10-25 11:40:25
</EndTime>
      </Statement>
      <Statement StatementName="Run Command(cmd /c copy c:\temp\H_JobSetup_OutPT.xml &quot;${OUTPUT_FOLDER}&quot;,${commandOutput},5)">
        <StartTime>
2021-10-25 11:40:25
</StartTime>
        <Result>
Pass
</Result>
        <Output>
        1 file(s) copied.

</Output>
        <EndTime>
2021-10-25 11:40:25
</EndTime>
      </Statement>
      <Result>
Fail
</Result>
      <EndTime>
2021-10-25 11:40:25
</EndTime>
      <Result>
Fail
</Result>
      <EndTime>
2021-10-25 11:40:25
</EndTime>
    </Statement>
    <Result>
FAIL
</Result>
    <EndTime>
2021-10-25 11:40:25
</EndTime>
  </TestCase>
  <EndTime>
2021-10-25 11:40:25
</EndTime>
</TestSuite>