<?xml version="1.0" encoding="UTF-8"?>
<TestSuite  Name="PSA_DragonFly">
<StartTime>
2024-06-10 12:17:28
</StartTime>
<TestCase  Name="2.Envelopes">
<StartTime>
2024-06-10 12:17:28
</StartTime>
<Statement  StatementName="Destination_Selection_Application.Destination Selection_Envelopes_PSA">
<StartTime>
2024-06-10 12:17:28
</StartTime>
<StartTime>
2024-06-10 12:17:28
</StartTime>
<Statement  StatementName="Hallasan.Open File For Print (C:\GFriend_PotG\Potg_Driver\PotG Testfile\PSA\YMC_PSA_ENVELOPES.pdf,HP_PrintSupport_App)">
<StartTime>
2024-06-10 12:17:28
</StartTime>
<Result>
Error
</Result>
<ErrorDescription>
Unexpected exception
</ErrorDescription>
<AdditionalInfo>
System.Reflection.TargetInvocationException: Exception has been thrown by the target of an invocation. ---&gt; System.ArgumentNullException: Value cannot be null.
Parameter name: element
   at System.Windows.Automation.TreeWalker.GetParent(AutomationElement element)
   at HP.GFriend.Utils.UIAManaged.ApplicationUtilsManaged.OpenAcrobatReader(String filePath, String printerName, WindowsManaged windowsController) in C:\Jenkins\workspace\Build_And_Release_GFriend_Official\GFUtils\UIAManaged\ApplicationUtilsManaged.cs:line 56
   at HP.GFriend.Keywords.ApplicationUtils.OpenAcrobatReader(String filePath, String printerName, Windows windowsController) in C:\Jenkins\workspace\Build_And_Release_GFriend_Official\GFLibraries\GFK.Windows\ApplicationUtils.cs:line 292
   --- End of inner exception stack trace ---
   at System.RuntimeMethodHandle.InvokeMethod(Object target, Object[] arguments, Signature sig, Boolean constructor)
   at System.Reflection.RuntimeMethodInfo.UnsafeInvokeInternal(Object obj, Object[] parameters, Object[] arguments)
   at System.Reflection.RuntimeMethodInfo.Invoke(Object obj, BindingFlags invokeAttr, Binder binder, Object[] parameters, CultureInfo culture)
   at System.RuntimeType.InvokeMember(String name, BindingFlags bindingFlags, Binder binder, Object target, Object[] providedArgs, ParameterModifier[] modifiers, CultureInfo culture, String[] namedParams)
   at HP.GFriend.Core.Execution.Executor.Execute(Statement aStatement, TestDataManager testDataManager, Int32 repeat, Int32 stackLevel, Dictionary`2 arguments)
</AdditionalInfo>
<EndTime>
2024-06-10 12:17:48
</EndTime>
</Statement>
<Statement  StatementName="Windows.Wait For Name (HP_PrintSupport_App,30)">
<StartTime>
2024-06-10 12:17:48
</StartTime>
<Result>
Fail
</Result>
<ErrorDescription>
Can not find element with given name : HP_PrintSupport_App
</ErrorDescription>
<ScreenShot>
.\Windows_Screenshot_240610_12182004.png
</ScreenShot>
<EndTime>
2024-06-10 12:18:20
</EndTime>
</Statement>
<Statement  StatementName="Sleep(6)">
<StartTime>
2024-06-10 12:18:20
</StartTime>
<Result>
Pass
</Result>
<EndTime>
2024-06-10 12:18:26
</EndTime>
</Statement>
<Result>
FAIL
</Result>
<EndTime>
2024-06-10 12:18:26
</EndTime>
<Result>
Fail
</Result>
<EndTime>
2024-06-10 12:18:26
</EndTime>
</Statement>
<Statement  StatementName="Used_Destination_Selection_Function.not Used Destination Selection Function">
<StartTime>
2024-06-10 12:18:26
</StartTime>
<StartTime>
2024-06-10 12:18:26
</StartTime>
<Result>
PASS
</Result>
<EndTime>
2024-06-10 12:18:26
</EndTime>
<Result>
Pass
</Result>
<EndTime>
2024-06-10 12:18:26
</EndTime>
</Statement>
<If  Condition=" Windows.Select Child Window With Title (HP_PrintSupport_App,5)">
<StartTime>
2024-06-10 12:18:26
</StartTime>
