2024-06-19 09:14:47.935 [T] ?::?::GFriend version : 2.55.1.1
2024-06-19 09:14:47.935 [T] ?::?::Parsing start
2024-06-19 09:14:47.966 [T] ?::?::Parsing Variable File : C:\GFriend_PotG\scripts\Acual Script\Acual Script\Testfile.gfvar
2024-06-19 09:14:47.966 [T] ?::?::Creating custom library with C:\GFriend_PotG\scripts\Acual Script\Acual Script\Destination_Selection_Application.gflib
2024-06-19 09:14:47.966 [T] ?::?::GFriend version : 2.55.1.1
2024-06-19 09:14:47.966 [T] ?::?::Parsing start
2024-06-19 09:14:48.013 [T] ?::?::Parsing Variable File : C:\GFriend_PotG\scripts\Acual Script\Acual Script\Testfile.gfvar
2024-06-19 09:14:48.013 [D] ?::?::Post Action
2024-06-19 09:14:48.013 [T] ?::?::All Used Libraries::C:\GFriend_PotG\scripts\Acual Script\Acual Script\Destination_Selection_Application.gflib
2024-06-19 09:14:48.033 [T] ?::?::Device ID : __NO__DUT__
2024-06-19 09:14:48.033 [T] ?::?::BuiltIn is used BuiltIn
2024-06-19 09:14:48.033 [T] ?::?::Windows is used Windows
2024-06-19 09:14:48.033 [T] ?::?::XML is used XML
2024-06-19 09:14:48.033 [T] ?::?::Device ID : __DEFUALT__DUT__
2024-06-19 09:14:48.033 [T] ?::?::Hallasan is used Hallasan
2024-06-19 09:14:48.033 [E] ?::?::IsByPassedKeyword method failed 
System.ArgumentOutOfRangeException: Length cannot be less than zero.
Parameter name: length
   at System.String.Substring(Int32 startIndex, Int32 length)
   at HP.GFriend.Core.LibraryUtils.IsByPassedKeyword(String[] byPassKeywords, String line)
2024-06-19 09:14:48.033 [E] ?::?::Exception message : Length cannot be less than zero.
Parameter name: length
2024-06-19 09:14:48.033 [E] ?::?::Inner Exception : 
2024-06-19 09:14:48.033 [E] ?::?::IsByPassedKeyword method failed 
System.ArgumentOutOfRangeException: Length cannot be less than zero.
Parameter name: length
   at System.String.Substring(Int32 startIndex, Int32 length)
   at HP.GFriend.Core.LibraryUtils.IsByPassedKeyword(String[] byPassKeywords, String line)
2024-06-19 09:14:48.033 [E] ?::?::Exception message : Length cannot be less than zero.
Parameter name: length
2024-06-19 09:14:48.033 [E] ?::?::Inner Exception : 
2024-06-19 09:14:48.033 [E] ?::?::IsByPassedKeyword method failed 
System.ArgumentOutOfRangeException: Length cannot be less than zero.
Parameter name: length
   at System.String.Substring(Int32 startIndex, Int32 length)
   at HP.GFriend.Core.LibraryUtils.IsByPassedKeyword(String[] byPassKeywords, String line)
2024-06-19 09:14:48.033 [E] ?::?::Exception message : Length cannot be less than zero.
Parameter name: length
2024-06-19 09:14:48.033 [E] ?::?::Inner Exception : 
2024-06-19 09:14:48.033 [E] ?::?::IsByPassedKeyword method failed 
System.ArgumentOutOfRangeException: Length cannot be less than zero.
Parameter name: length
   at System.String.Substring(Int32 startIndex, Int32 length)
   at HP.GFriend.Core.LibraryUtils.IsByPassedKeyword(String[] byPassKeywords, String line)
2024-06-19 09:14:48.033 [E] ?::?::Exception message : Length cannot be less than zero.
Parameter name: length
2024-06-19 09:14:48.033 [E] ?::?::Inner Exception : 
2024-06-19 09:14:48.033 [E] ?::?::IsByPassedKeyword method failed 
System.ArgumentOutOfRangeException: Length cannot be less than zero.
Parameter name: length
   at System.String.Substring(Int32 startIndex, Int32 length)
   at HP.GFriend.Core.LibraryUtils.IsByPassedKeyword(String[] byPassKeywords, String line)
2024-06-19 09:14:48.033 [E] ?::?::Exception message : Length cannot be less than zero.
Parameter name: length
2024-06-19 09:14:48.033 [E] ?::?::Inner Exception : 
2024-06-19 09:14:48.033 [E] ?::?::IsByPassedKeyword method failed 
System.ArgumentOutOfRangeException: Length cannot be less than zero.
Parameter name: length
   at System.String.Substring(Int32 startIndex, Int32 length)
   at HP.GFriend.Core.LibraryUtils.IsByPassedKeyword(String[] byPassKeywords, String line)
2024-06-19 09:14:48.033 [E] ?::?::Exception message : Length cannot be less than zero.
Parameter name: length
2024-06-19 09:14:48.033 [E] ?::?::Inner Exception : 
2024-06-19 09:14:48.033 [E] ?::?::IsByPassedKeyword method failed 
System.ArgumentOutOfRangeException: Length cannot be less than zero.
Parameter name: length
   at System.String.Substring(Int32 startIndex, Int32 length)
   at HP.GFriend.Core.LibraryUtils.IsByPassedKeyword(String[] byPassKeywords, String line)
2024-06-19 09:14:48.033 [E] ?::?::Exception message : Length cannot be less than zero.
Parameter name: length
2024-06-19 09:14:48.033 [E] ?::?::Inner Exception : 
2024-06-19 09:14:48.033 [E] ?::?::IsByPassedKeyword method failed 
System.ArgumentOutOfRangeException: Length cannot be less than zero.
Parameter name: length
   at System.String.Substring(Int32 startIndex, Int32 length)
   at HP.GFriend.Core.LibraryUtils.IsByPassedKeyword(String[] byPassKeywords, String line)
2024-06-19 09:14:48.033 [E] ?::?::Exception message : Length cannot be less than zero.
Parameter name: length
2024-06-19 09:14:48.033 [E] ?::?::Inner Exception : 
2024-06-19 09:14:48.033 [E] ?::?::IsByPassedKeyword method failed 
System.ArgumentOutOfRangeException: Length cannot be less than zero.
Parameter name: length
   at System.String.Substring(Int32 startIndex, Int32 length)
   at HP.GFriend.Core.LibraryUtils.IsByPassedKeyword(String[] byPassKeywords, String line)
2024-06-19 09:14:48.033 [E] ?::?::Exception message : Length cannot be less than zero.
Parameter name: length
2024-06-19 09:14:48.033 [E] ?::?::Inner Exception : 
2024-06-19 09:14:48.033 [E] ?::?::IsByPassedKeyword method failed 
System.ArgumentOutOfRangeException: Length cannot be less than zero.
Parameter name: length
   at System.String.Substring(Int32 startIndex, Int32 length)
   at HP.GFriend.Core.LibraryUtils.IsByPassedKeyword(String[] byPassKeywords, String line)
2024-06-19 09:14:48.033 [E] ?::?::Exception message : Length cannot be less than zero.
Parameter name: length
2024-06-19 09:14:48.033 [E] ?::?::Inner Exception : 
2024-06-19 09:14:48.033 [E] ?::?::IsByPassedKeyword method failed 
System.ArgumentOutOfRangeException: Length cannot be less than zero.
Parameter name: length
   at System.String.Substring(Int32 startIndex, Int32 length)
   at HP.GFriend.Core.LibraryUtils.IsByPassedKeyword(String[] byPassKeywords, String line)
2024-06-19 09:14:48.033 [E] ?::?::Exception message : Length cannot be less than zero.
Parameter name: length
2024-06-19 09:14:48.033 [E] ?::?::Inner Exception : 
2024-06-19 09:14:48.033 [E] ?::?::IsByPassedKeyword method failed 
System.ArgumentOutOfRangeException: Length cannot be less than zero.
Parameter name: length
   at System.String.Substring(Int32 startIndex, Int32 length)
   at HP.GFriend.Core.LibraryUtils.IsByPassedKeyword(String[] byPassKeywords, String line)
2024-06-19 09:14:48.033 [E] ?::?::Exception message : Length cannot be less than zero.
Parameter name: length
2024-06-19 09:14:48.033 [E] ?::?::Inner Exception : 
2024-06-19 09:14:48.033 [E] ?::?::IsByPassedKeyword method failed 
System.ArgumentOutOfRangeException: Length cannot be less than zero.
Parameter name: length
   at System.String.Substring(Int32 startIndex, Int32 length)
   at HP.GFriend.Core.LibraryUtils.IsByPassedKeyword(String[] byPassKeywords, String line)
2024-06-19 09:14:48.045 [E] ?::?::Exception message : Length cannot be less than zero.
Parameter name: length
2024-06-19 09:14:48.045 [E] ?::?::Inner Exception : 
2024-06-19 09:14:48.045 [E] ?::?::IsByPassedKeyword method failed 
System.ArgumentOutOfRangeException: Length cannot be less than zero.
Parameter name: length
   at System.String.Substring(Int32 startIndex, Int32 length)
   at HP.GFriend.Core.LibraryUtils.IsByPassedKeyword(String[] byPassKeywords, String line)
2024-06-19 09:14:48.045 [E] ?::?::Exception message : Length cannot be less than zero.
Parameter name: length
2024-06-19 09:14:48.045 [E] ?::?::Inner Exception : 
2024-06-19 09:14:48.045 [E] ?::?::IsByPassedKeyword method failed 
System.ArgumentOutOfRangeException: Length cannot be less than zero.
Parameter name: length
   at System.String.Substring(Int32 startIndex, Int32 length)
   at HP.GFriend.Core.LibraryUtils.IsByPassedKeyword(String[] byPassKeywords, String line)
2024-06-19 09:14:48.045 [E] ?::?::Exception message : Length cannot be less than zero.
Parameter name: length
2024-06-19 09:14:48.045 [E] ?::?::Inner Exception : 
2024-06-19 09:14:48.045 [E] ?::?::IsByPassedKeyword method failed 
System.ArgumentOutOfRangeException: Length cannot be less than zero.
Parameter name: length
   at System.String.Substring(Int32 startIndex, Int32 length)
   at HP.GFriend.Core.LibraryUtils.IsByPassedKeyword(String[] byPassKeywords, String line)
2024-06-19 09:14:48.045 [E] ?::?::Exception message : Length cannot be less than zero.
Parameter name: length
2024-06-19 09:14:48.045 [E] ?::?::Inner Exception : 
2024-06-19 09:14:48.045 [E] ?::?::IsByPassedKeyword method failed 
System.ArgumentOutOfRangeException: Length cannot be less than zero.
Parameter name: length
   at System.String.Substring(Int32 startIndex, Int32 length)
   at HP.GFriend.Core.LibraryUtils.IsByPassedKeyword(String[] byPassKeywords, String line)
2024-06-19 09:14:48.045 [E] ?::?::Exception message : Length cannot be less than zero.
Parameter name: length
2024-06-19 09:14:48.045 [E] ?::?::Inner Exception : 
2024-06-19 09:14:48.045 [E] ?::?::IsByPassedKeyword method failed 
System.ArgumentOutOfRangeException: Length cannot be less than zero.
Parameter name: length
   at System.String.Substring(Int32 startIndex, Int32 length)
   at HP.GFriend.Core.LibraryUtils.IsByPassedKeyword(String[] byPassKeywords, String line)
2024-06-19 09:14:48.045 [E] ?::?::Exception message : Length cannot be less than zero.
Parameter name: length
2024-06-19 09:14:48.045 [E] ?::?::Inner Exception : 
2024-06-19 09:14:48.045 [E] ?::?::IsByPassedKeyword method failed 
System.ArgumentOutOfRangeException: Length cannot be less than zero.
Parameter name: length
   at System.String.Substring(Int32 startIndex, Int32 length)
   at HP.GFriend.Core.LibraryUtils.IsByPassedKeyword(String[] byPassKeywords, String line)
2024-06-19 09:14:48.045 [E] ?::?::Exception message : Length cannot be less than zero.
Parameter name: length
2024-06-19 09:14:48.045 [E] ?::?::Inner Exception : 
2024-06-19 09:14:48.045 [E] ?::?::IsByPassedKeyword method failed 
System.ArgumentOutOfRangeException: Length cannot be less than zero.
Parameter name: length
   at System.String.Substring(Int32 startIndex, Int32 length)
   at HP.GFriend.Core.LibraryUtils.IsByPassedKeyword(String[] byPassKeywords, String line)
2024-06-19 09:14:48.045 [E] ?::?::Exception message : Length cannot be less than zero.
Parameter name: length
2024-06-19 09:14:48.045 [E] ?::?::Inner Exception : 
2024-06-19 09:14:48.045 [E] ?::?::IsByPassedKeyword method failed 
System.ArgumentOutOfRangeException: Length cannot be less than zero.
Parameter name: length
   at System.String.Substring(Int32 startIndex, Int32 length)
   at HP.GFriend.Core.LibraryUtils.IsByPassedKeyword(String[] byPassKeywords, String line)
2024-06-19 09:14:48.045 [E] ?::?::Exception message : Length cannot be less than zero.
Parameter name: length
2024-06-19 09:14:48.045 [E] ?::?::Inner Exception : 
2024-06-19 09:14:48.045 [E] ?::?::IsByPassedKeyword method failed 
System.ArgumentOutOfRangeException: Length cannot be less than zero.
Parameter name: length
   at System.String.Substring(Int32 startIndex, Int32 length)
   at HP.GFriend.Core.LibraryUtils.IsByPassedKeyword(String[] byPassKeywords, String line)
2024-06-19 09:14:48.045 [E] ?::?::Exception message : Length cannot be less than zero.
Parameter name: length
2024-06-19 09:14:48.045 [E] ?::?::Inner Exception : 
2024-06-19 09:14:48.045 [E] ?::?::IsByPassedKeyword method failed 
System.ArgumentOutOfRangeException: Length cannot be less than zero.
Parameter name: length
   at System.String.Substring(Int32 startIndex, Int32 length)
   at HP.GFriend.Core.LibraryUtils.IsByPassedKeyword(String[] byPassKeywords, String line)
2024-06-19 09:14:48.045 [E] ?::?::Exception message : Length cannot be less than zero.
Parameter name: length
2024-06-19 09:14:48.045 [E] ?::?::Inner Exception : 
2024-06-19 09:14:48.045 [E] ?::?::IsByPassedKeyword method failed 
System.ArgumentOutOfRangeException: Length cannot be less than zero.
Parameter name: length
   at System.String.Substring(Int32 startIndex, Int32 length)
   at HP.GFriend.Core.LibraryUtils.IsByPassedKeyword(String[] byPassKeywords, String line)
2024-06-19 09:14:48.045 [E] ?::?::Exception message : Length cannot be less than zero.
Parameter name: length
2024-06-19 09:14:48.045 [E] ?::?::Inner Exception : 
2024-06-19 09:14:48.045 [E] ?::?::IsByPassedKeyword method failed 
System.ArgumentOutOfRangeException: Length cannot be less than zero.
Parameter name: length
   at System.String.Substring(Int32 startIndex, Int32 length)
   at HP.GFriend.Core.LibraryUtils.IsByPassedKeyword(String[] byPassKeywords, String line)
2024-06-19 09:14:48.045 [E] ?::?::Exception message : Length cannot be less than zero.
Parameter name: length
2024-06-19 09:14:48.045 [E] ?::?::Inner Exception : 
2024-06-19 09:14:48.045 [E] ?::?::IsByPassedKeyword method failed 
System.ArgumentOutOfRangeException: Length cannot be less than zero.
Parameter name: length
   at System.String.Substring(Int32 startIndex, Int32 length)
   at HP.GFriend.Core.LibraryUtils.IsByPassedKeyword(String[] byPassKeywords, String line)
2024-06-19 09:14:48.045 [E] ?::?::Exception message : Length cannot be less than zero.
Parameter name: length
2024-06-19 09:14:48.045 [E] ?::?::Inner Exception : 
2024-06-19 09:14:48.045 [E] ?::?::IsByPassedKeyword method failed 
System.ArgumentOutOfRangeException: Length cannot be less than zero.
Parameter name: length
   at System.String.Substring(Int32 startIndex, Int32 length)
   at HP.GFriend.Core.LibraryUtils.IsByPassedKeyword(String[] byPassKeywords, String line)
2024-06-19 09:14:48.045 [E] ?::?::Exception message : Length cannot be less than zero.
Parameter name: length
2024-06-19 09:14:48.045 [E] ?::?::Inner Exception : 
2024-06-19 09:14:48.045 [E] ?::?::IsByPassedKeyword method failed 
System.ArgumentOutOfRangeException: Length cannot be less than zero.
Parameter name: length
   at System.String.Substring(Int32 startIndex, Int32 length)
   at HP.GFriend.Core.LibraryUtils.IsByPassedKeyword(String[] byPassKeywords, String line)
2024-06-19 09:14:48.045 [E] ?::?::Exception message : Length cannot be less than zero.
Parameter name: length
2024-06-19 09:14:48.045 [E] ?::?::Inner Exception : 
2024-06-19 09:14:48.060 [E] ?::?::IsByPassedKeyword method failed 
System.ArgumentOutOfRangeException: Length cannot be less than zero.
Parameter name: length
   at System.String.Substring(Int32 startIndex, Int32 length)
   at HP.GFriend.Core.LibraryUtils.IsByPassedKeyword(String[] byPassKeywords, String line)
2024-06-19 09:14:48.060 [E] ?::?::Exception message : Length cannot be less than zero.
Parameter name: length
2024-06-19 09:14:48.060 [E] ?::?::Inner Exception : 
2024-06-19 09:14:48.060 [E] ?::?::IsByPassedKeyword method failed 
System.ArgumentOutOfRangeException: Length cannot be less than zero.
Parameter name: length
   at System.String.Substring(Int32 startIndex, Int32 length)
   at HP.GFriend.Core.LibraryUtils.IsByPassedKeyword(String[] byPassKeywords, String line)
2024-06-19 09:14:48.060 [E] ?::?::Exception message : Length cannot be less than zero.
Parameter name: length
2024-06-19 09:14:48.060 [E] ?::?::Inner Exception : 
2024-06-19 09:14:48.060 [E] ?::?::IsByPassedKeyword method failed 
System.ArgumentOutOfRangeException: Length cannot be less than zero.
Parameter name: length
   at System.String.Substring(Int32 startIndex, Int32 length)
   at HP.GFriend.Core.LibraryUtils.IsByPassedKeyword(String[] byPassKeywords, String line)
2024-06-19 09:14:48.060 [E] ?::?::Exception message : Length cannot be less than zero.
Parameter name: length
2024-06-19 09:14:48.060 [E] ?::?::Inner Exception : 
2024-06-19 09:14:48.060 [E] ?::?::IsByPassedKeyword method failed 
System.ArgumentOutOfRangeException: Length cannot be less than zero.
Parameter name: length
   at System.String.Substring(Int32 startIndex, Int32 length)
   at HP.GFriend.Core.LibraryUtils.IsByPassedKeyword(String[] byPassKeywords, String line)
2024-06-19 09:14:48.060 [E] ?::?::Exception message : Length cannot be less than zero.
Parameter name: length
2024-06-19 09:14:48.060 [E] ?::?::Inner Exception : 
2024-06-19 09:14:48.060 [E] ?::?::IsByPassedKeyword method failed 
System.ArgumentOutOfRangeException: Length cannot be less than zero.
Parameter name: length
   at System.String.Substring(Int32 startIndex, Int32 length)
   at HP.GFriend.Core.LibraryUtils.IsByPassedKeyword(String[] byPassKeywords, String line)
2024-06-19 09:14:48.060 [E] ?::?::Exception message : Length cannot be less than zero.
Parameter name: length
2024-06-19 09:14:48.060 [E] ?::?::Inner Exception : 
2024-06-19 09:14:48.134 [E] ?::?::IsByPassedKeyword method failed 
System.ArgumentOutOfRangeException: Length cannot be less than zero.
Parameter name: length
   at System.String.Substring(Int32 startIndex, Int32 length)
   at HP.GFriend.Core.LibraryUtils.IsByPassedKeyword(String[] byPassKeywords, String line)
2024-06-19 09:14:48.134 [E] ?::?::Exception message : Length cannot be less than zero.
Parameter name: length
2024-06-19 09:14:48.134 [E] ?::?::Inner Exception : 
2024-06-19 09:14:48.134 [E] ?::?::IsByPassedKeyword method failed 
System.ArgumentOutOfRangeException: Length cannot be less than zero.
Parameter name: length
   at System.String.Substring(Int32 startIndex, Int32 length)
   at HP.GFriend.Core.LibraryUtils.IsByPassedKeyword(String[] byPassKeywords, String line)
2024-06-19 09:14:48.134 [E] ?::?::Exception message : Length cannot be less than zero.
Parameter name: length
2024-06-19 09:14:48.134 [E] ?::?::Inner Exception : 
2024-06-19 09:14:48.139 [E] ?::?::IsByPassedKeyword method failed 
System.ArgumentOutOfRangeException: Length cannot be less than zero.
Parameter name: length
   at System.String.Substring(Int32 startIndex, Int32 length)
   at HP.GFriend.Core.LibraryUtils.IsByPassedKeyword(String[] byPassKeywords, String line)
2024-06-19 09:14:48.139 [E] ?::?::Exception message : Length cannot be less than zero.
Parameter name: length
2024-06-19 09:14:48.139 [E] ?::?::Inner Exception : 
2024-06-19 09:14:48.139 [E] ?::?::IsByPassedKeyword method failed 
System.ArgumentOutOfRangeException: Length cannot be less than zero.
Parameter name: length
   at System.String.Substring(Int32 startIndex, Int32 length)
   at HP.GFriend.Core.LibraryUtils.IsByPassedKeyword(String[] byPassKeywords, String line)
2024-06-19 09:14:48.139 [E] ?::?::Exception message : Length cannot be less than zero.
Parameter name: length
2024-06-19 09:14:48.139 [E] ?::?::Inner Exception : 
2024-06-19 09:14:48.139 [E] ?::?::IsByPassedKeyword method failed 
System.ArgumentOutOfRangeException: Length cannot be less than zero.
Parameter name: length
   at System.String.Substring(Int32 startIndex, Int32 length)
   at HP.GFriend.Core.LibraryUtils.IsByPassedKeyword(String[] byPassKeywords, String line)
2024-06-19 09:14:48.139 [E] ?::?::Exception message : Length cannot be less than zero.
Parameter name: length
2024-06-19 09:14:48.139 [E] ?::?::Inner Exception : 
2024-06-19 09:14:48.139 [E] ?::?::IsByPassedKeyword method failed 
System.ArgumentOutOfRangeException: Length cannot be less than zero.
Parameter name: length
   at System.String.Substring(Int32 startIndex, Int32 length)
   at HP.GFriend.Core.LibraryUtils.IsByPassedKeyword(String[] byPassKeywords, String line)
2024-06-19 09:14:48.139 [E] ?::?::Exception message : Length cannot be less than zero.
Parameter name: length
2024-06-19 09:14:48.139 [E] ?::?::Inner Exception : 
2024-06-19 09:14:48.139 [E] ?::?::IsByPassedKeyword method failed 
System.ArgumentOutOfRangeException: Length cannot be less than zero.
Parameter name: length
   at System.String.Substring(Int32 startIndex, Int32 length)
   at HP.GFriend.Core.LibraryUtils.IsByPassedKeyword(String[] byPassKeywords, String line)
2024-06-19 09:14:48.139 [E] ?::?::Exception message : Length cannot be less than zero.
Parameter name: length
2024-06-19 09:14:48.139 [E] ?::?::Inner Exception : 
2024-06-19 09:14:48.139 [E] ?::?::IsByPassedKeyword method failed 
System.ArgumentOutOfRangeException: Length cannot be less than zero.
Parameter name: length
   at System.String.Substring(Int32 startIndex, Int32 length)
   at HP.GFriend.Core.LibraryUtils.IsByPassedKeyword(String[] byPassKeywords, String line)
2024-06-19 09:14:48.139 [E] ?::?::Exception message : Length cannot be less than zero.
Parameter name: length
2024-06-19 09:14:48.139 [E] ?::?::Inner Exception : 
2024-06-19 09:14:48.139 [E] ?::?::IsByPassedKeyword method failed 
System.ArgumentOutOfRangeException: Length cannot be less than zero.
Parameter name: length
   at System.String.Substring(Int32 startIndex, Int32 length)
   at HP.GFriend.Core.LibraryUtils.IsByPassedKeyword(String[] byPassKeywords, String line)
2024-06-19 09:14:48.139 [E] ?::?::Exception message : Length cannot be less than zero.
Parameter name: length
2024-06-19 09:14:48.139 [E] ?::?::Inner Exception : 
2024-06-19 09:14:48.139 [E] ?::?::IsByPassedKeyword method failed 
System.ArgumentOutOfRangeException: Length cannot be less than zero.
Parameter name: length
   at System.String.Substring(Int32 startIndex, Int32 length)
   at HP.GFriend.Core.LibraryUtils.IsByPassedKeyword(String[] byPassKeywords, String line)
2024-06-19 09:14:48.139 [E] ?::?::Exception message : Length cannot be less than zero.
Parameter name: length
2024-06-19 09:14:48.139 [E] ?::?::Inner Exception : 
2024-06-19 09:14:48.139 [E] ?::?::IsByPassedKeyword method failed 
System.ArgumentOutOfRangeException: Length cannot be less than zero.
Parameter name: length
   at System.String.Substring(Int32 startIndex, Int32 length)
   at HP.GFriend.Core.LibraryUtils.IsByPassedKeyword(String[] byPassKeywords, String line)
2024-06-19 09:14:48.139 [E] ?::?::Exception message : Length cannot be less than zero.
Parameter name: length
2024-06-19 09:14:48.139 [E] ?::?::Inner Exception : 
2024-06-19 09:14:48.139 [E] ?::?::IsByPassedKeyword method failed 
System.ArgumentOutOfRangeException: Length cannot be less than zero.
Parameter name: length
   at System.String.Substring(Int32 startIndex, Int32 length)
   at HP.GFriend.Core.LibraryUtils.IsByPassedKeyword(String[] byPassKeywords, String line)
2024-06-19 09:14:48.139 [E] ?::?::Exception message : Length cannot be less than zero.
Parameter name: length
2024-06-19 09:14:48.139 [E] ?::?::Inner Exception : 
2024-06-19 09:14:48.139 [E] ?::?::IsByPassedKeyword method failed 
System.ArgumentOutOfRangeException: Length cannot be less than zero.
Parameter name: length
   at System.String.Substring(Int32 startIndex, Int32 length)
   at HP.GFriend.Core.LibraryUtils.IsByPassedKeyword(String[] byPassKeywords, String line)
2024-06-19 09:14:48.139 [E] ?::?::Exception message : Length cannot be less than zero.
Parameter name: length
2024-06-19 09:14:48.139 [E] ?::?::Inner Exception : 
2024-06-19 09:14:48.139 [E] ?::?::IsByPassedKeyword method failed 
System.ArgumentOutOfRangeException: Length cannot be less than zero.
Parameter name: length
   at System.String.Substring(Int32 startIndex, Int32 length)
   at HP.GFriend.Core.LibraryUtils.IsByPassedKeyword(String[] byPassKeywords, String line)
2024-06-19 09:14:48.139 [E] ?::?::Exception message : Length cannot be less than zero.
Parameter name: length
2024-06-19 09:14:48.139 [E] ?::?::Inner Exception : 
2024-06-19 09:14:48.139 [E] ?::?::IsByPassedKeyword method failed 
System.ArgumentOutOfRangeException: Length cannot be less than zero.
Parameter name: length
   at System.String.Substring(Int32 startIndex, Int32 length)
   at HP.GFriend.Core.LibraryUtils.IsByPassedKeyword(String[] byPassKeywords, String line)
2024-06-19 09:14:48.139 [E] ?::?::Exception message : Length cannot be less than zero.
Parameter name: length
2024-06-19 09:14:48.139 [E] ?::?::Inner Exception : 
2024-06-19 09:14:48.139 [E] ?::?::IsByPassedKeyword method failed 
System.ArgumentOutOfRangeException: Length cannot be less than zero.
Parameter name: length
   at System.String.Substring(Int32 startIndex, Int32 length)
   at HP.GFriend.Core.LibraryUtils.IsByPassedKeyword(String[] byPassKeywords, String line)
2024-06-19 09:14:48.139 [E] ?::?::Exception message : Length cannot be less than zero.
Parameter name: length
2024-06-19 09:14:48.139 [E] ?::?::Inner Exception : 
2024-06-19 09:14:48.139 [E] ?::?::IsByPassedKeyword method failed 
System.ArgumentOutOfRangeException: Length cannot be less than zero.
Parameter name: length
   at System.String.Substring(Int32 startIndex, Int32 length)
   at HP.GFriend.Core.LibraryUtils.IsByPassedKeyword(String[] byPassKeywords, String line)
2024-06-19 09:14:48.139 [E] ?::?::Exception message : Length cannot be less than zero.
Parameter name: length
2024-06-19 09:14:48.139 [E] ?::?::Inner Exception : 
2024-06-19 09:14:48.139 [E] ?::?::IsByPassedKeyword method failed 
System.ArgumentOutOfRangeException: Length cannot be less than zero.
Parameter name: length
   at System.String.Substring(Int32 startIndex, Int32 length)
   at HP.GFriend.Core.LibraryUtils.IsByPassedKeyword(String[] byPassKeywords, String line)
2024-06-19 09:14:48.139 [E] ?::?::Exception message : Length cannot be less than zero.
Parameter name: length
2024-06-19 09:14:48.139 [E] ?::?::Inner Exception : 
2024-06-19 09:14:48.139 [E] ?::?::IsByPassedKeyword method failed 
System.ArgumentOutOfRangeException: Length cannot be less than zero.
Parameter name: length
   at System.String.Substring(Int32 startIndex, Int32 length)
   at HP.GFriend.Core.LibraryUtils.IsByPassedKeyword(String[] byPassKeywords, String line)
2024-06-19 09:14:48.139 [E] ?::?::Exception message : Length cannot be less than zero.
Parameter name: length
2024-06-19 09:14:48.139 [E] ?::?::Inner Exception : 
2024-06-19 09:14:48.139 [E] ?::?::IsByPassedKeyword method failed 
System.ArgumentOutOfRangeException: Length cannot be less than zero.
Parameter name: length
   at System.String.Substring(Int32 startIndex, Int32 length)
   at HP.GFriend.Core.LibraryUtils.IsByPassedKeyword(String[] byPassKeywords, String line)
2024-06-19 09:14:48.139 [E] ?::?::Exception message : Length cannot be less than zero.
Parameter name: length
2024-06-19 09:14:48.139 [E] ?::?::Inner Exception : 
2024-06-19 09:14:48.139 [E] ?::?::IsByPassedKeyword method failed 
System.ArgumentOutOfRangeException: Length cannot be less than zero.
Parameter name: length
   at System.String.Substring(Int32 startIndex, Int32 length)
   at HP.GFriend.Core.LibraryUtils.IsByPassedKeyword(String[] byPassKeywords, String line)
2024-06-19 09:14:48.139 [E] ?::?::Exception message : Length cannot be less than zero.
Parameter name: length
2024-06-19 09:14:48.139 [E] ?::?::Inner Exception : 
2024-06-19 09:14:48.139 [E] ?::?::IsByPassedKeyword method failed 
System.ArgumentOutOfRangeException: Length cannot be less than zero.
Parameter name: length
   at System.String.Substring(Int32 startIndex, Int32 length)
   at HP.GFriend.Core.LibraryUtils.IsByPassedKeyword(String[] byPassKeywords, String line)
2024-06-19 09:14:48.139 [E] ?::?::Exception message : Length cannot be less than zero.
Parameter name: length
2024-06-19 09:14:48.139 [E] ?::?::Inner Exception : 
2024-06-19 09:14:48.139 [E] ?::?::IsByPassedKeyword method failed 
System.ArgumentOutOfRangeException: Length cannot be less than zero.
Parameter name: length
   at System.String.Substring(Int32 startIndex, Int32 length)
   at HP.GFriend.Core.LibraryUtils.IsByPassedKeyword(String[] byPassKeywords, String line)
2024-06-19 09:14:48.139 [E] ?::?::Exception message : Length cannot be less than zero.
Parameter name: length
2024-06-19 09:14:48.139 [E] ?::?::Inner Exception : 
2024-06-19 09:14:48.139 [E] ?::?::IsByPassedKeyword method failed 
System.ArgumentOutOfRangeException: Length cannot be less than zero.
Parameter name: length
   at System.String.Substring(Int32 startIndex, Int32 length)
   at HP.GFriend.Core.LibraryUtils.IsByPassedKeyword(String[] byPassKeywords, String line)
2024-06-19 09:14:48.139 [E] ?::?::Exception message : Length cannot be less than zero.
Parameter name: length
2024-06-19 09:14:48.139 [E] ?::?::Inner Exception : 
2024-06-19 09:14:48.139 [E] ?::?::IsByPassedKeyword method failed 
System.ArgumentOutOfRangeException: Length cannot be less than zero.
Parameter name: length
   at System.String.Substring(Int32 startIndex, Int32 length)
   at HP.GFriend.Core.LibraryUtils.IsByPassedKeyword(String[] byPassKeywords, String line)
2024-06-19 09:14:48.139 [E] ?::?::Exception message : Length cannot be less than zero.
Parameter name: length
2024-06-19 09:14:48.139 [E] ?::?::Inner Exception : 
2024-06-19 09:14:48.139 [E] ?::?::IsByPassedKeyword method failed 
System.ArgumentOutOfRangeException: Length cannot be less than zero.
Parameter name: length
   at System.String.Substring(Int32 startIndex, Int32 length)
   at HP.GFriend.Core.LibraryUtils.IsByPassedKeyword(String[] byPassKeywords, String line)
2024-06-19 09:14:48.139 [E] ?::?::Exception message : Length cannot be less than zero.
Parameter name: length
2024-06-19 09:14:48.139 [E] ?::?::Inner Exception : 
2024-06-19 09:14:48.139 [E] ?::?::IsByPassedKeyword method failed 
System.ArgumentOutOfRangeException: Length cannot be less than zero.
Parameter name: length
   at System.String.Substring(Int32 startIndex, Int32 length)
   at HP.GFriend.Core.LibraryUtils.IsByPassedKeyword(String[] byPassKeywords, String line)
2024-06-19 09:14:48.139 [E] ?::?::Exception message : Length cannot be less than zero.
Parameter name: length
2024-06-19 09:14:48.139 [E] ?::?::Inner Exception : 
2024-06-19 09:14:48.139 [E] ?::?::IsByPassedKeyword method failed 
System.ArgumentOutOfRangeException: Length cannot be less than zero.
Parameter name: length
   at System.String.Substring(Int32 startIndex, Int32 length)
   at HP.GFriend.Core.LibraryUtils.IsByPassedKeyword(String[] byPassKeywords, String line)
2024-06-19 09:14:48.139 [E] ?::?::Exception message : Length cannot be less than zero.
Parameter name: length
2024-06-19 09:14:48.139 [E] ?::?::Inner Exception : 
2024-06-19 09:14:48.139 [E] ?::?::IsByPassedKeyword method failed 
System.ArgumentOutOfRangeException: Length cannot be less than zero.
Parameter name: length
   at System.String.Substring(Int32 startIndex, Int32 length)
   at HP.GFriend.Core.LibraryUtils.IsByPassedKeyword(String[] byPassKeywords, String line)
2024-06-19 09:14:48.139 [E] ?::?::Exception message : Length cannot be less than zero.
Parameter name: length
2024-06-19 09:14:48.139 [E] ?::?::Inner Exception : 
2024-06-19 09:14:48.139 [E] ?::?::IsByPassedKeyword method failed 
System.ArgumentOutOfRangeException: Length cannot be less than zero.
Parameter name: length
   at System.String.Substring(Int32 startIndex, Int32 length)
   at HP.GFriend.Core.LibraryUtils.IsByPassedKeyword(String[] byPassKeywords, String line)
2024-06-19 09:14:48.139 [E] ?::?::Exception message : Length cannot be less than zero.
Parameter name: length
2024-06-19 09:14:48.139 [E] ?::?::Inner Exception : 
2024-06-19 09:14:48.139 [E] ?::?::IsByPassedKeyword method failed 
System.ArgumentOutOfRangeException: Length cannot be less than zero.
Parameter name: length
   at System.String.Substring(Int32 startIndex, Int32 length)
   at HP.GFriend.Core.LibraryUtils.IsByPassedKeyword(String[] byPassKeywords, String line)
2024-06-19 09:14:48.139 [E] ?::?::Exception message : Length cannot be less than zero.
Parameter name: length
2024-06-19 09:14:48.139 [E] ?::?::Inner Exception : 
2024-06-19 09:14:48.154 [E] ?::?::IsByPassedKeyword method failed 
System.ArgumentOutOfRangeException: Length cannot be less than zero.
Parameter name: length
   at System.String.Substring(Int32 startIndex, Int32 length)
   at HP.GFriend.Core.LibraryUtils.IsByPassedKeyword(String[] byPassKeywords, String line)
2024-06-19 09:14:48.154 [E] ?::?::Exception message : Length cannot be less than zero.
Parameter name: length
2024-06-19 09:14:48.154 [E] ?::?::Inner Exception : 
2024-06-19 09:14:48.154 [E] ?::?::IsByPassedKeyword method failed 
System.ArgumentOutOfRangeException: Length cannot be less than zero.
Parameter name: length
   at System.String.Substring(Int32 startIndex, Int32 length)
   at HP.GFriend.Core.LibraryUtils.IsByPassedKeyword(String[] byPassKeywords, String line)
2024-06-19 09:14:48.154 [E] ?::?::Exception message : Length cannot be less than zero.
Parameter name: length
2024-06-19 09:14:48.154 [E] ?::?::Inner Exception : 
2024-06-19 09:14:48.154 [E] ?::?::IsByPassedKeyword method failed 
System.ArgumentOutOfRangeException: Length cannot be less than zero.
Parameter name: length
   at System.String.Substring(Int32 startIndex, Int32 length)
   at HP.GFriend.Core.LibraryUtils.IsByPassedKeyword(String[] byPassKeywords, String line)
2024-06-19 09:14:48.154 [E] ?::?::Exception message : Length cannot be less than zero.
Parameter name: length
2024-06-19 09:14:48.154 [E] ?::?::Inner Exception : 
2024-06-19 09:14:48.154 [E] ?::?::IsByPassedKeyword method failed 
System.ArgumentOutOfRangeException: Length cannot be less than zero.
Parameter name: length
   at System.String.Substring(Int32 startIndex, Int32 length)
   at HP.GFriend.Core.LibraryUtils.IsByPassedKeyword(String[] byPassKeywords, String line)
2024-06-19 09:14:48.154 [E] ?::?::Exception message : Length cannot be less than zero.
Parameter name: length
2024-06-19 09:14:48.154 [E] ?::?::Inner Exception : 
2024-06-19 09:14:48.154 [E] ?::?::IsByPassedKeyword method failed 
System.ArgumentOutOfRangeException: Length cannot be less than zero.
Parameter name: length
   at System.String.Substring(Int32 startIndex, Int32 length)
   at HP.GFriend.Core.LibraryUtils.IsByPassedKeyword(String[] byPassKeywords, String line)
2024-06-19 09:14:48.154 [E] ?::?::Exception message : Length cannot be less than zero.
Parameter name: length
2024-06-19 09:14:48.154 [E] ?::?::Inner Exception : 
2024-06-19 09:14:48.154 [E] ?::?::IsByPassedKeyword method failed 
System.ArgumentOutOfRangeException: Length cannot be less than zero.
Parameter name: length
   at System.String.Substring(Int32 startIndex, Int32 length)
   at HP.GFriend.Core.LibraryUtils.IsByPassedKeyword(String[] byPassKeywords, String line)
2024-06-19 09:14:48.154 [E] ?::?::Exception message : Length cannot be less than zero.
Parameter name: length
2024-06-19 09:14:48.154 [E] ?::?::Inner Exception : 
2024-06-19 09:14:48.154 [E] ?::?::IsByPassedKeyword method failed 
System.ArgumentOutOfRangeException: Length cannot be less than zero.
Parameter name: length
   at System.String.Substring(Int32 startIndex, Int32 length)
   at HP.GFriend.Core.LibraryUtils.IsByPassedKeyword(String[] byPassKeywords, String line)
2024-06-19 09:14:48.154 [E] ?::?::Exception message : Length cannot be less than zero.
Parameter name: length
2024-06-19 09:14:48.154 [E] ?::?::Inner Exception : 
2024-06-19 09:14:48.154 [E] ?::?::IsByPassedKeyword method failed 
System.ArgumentOutOfRangeException: Length cannot be less than zero.
Parameter name: length
   at System.String.Substring(Int32 startIndex, Int32 length)
   at HP.GFriend.Core.LibraryUtils.IsByPassedKeyword(String[] byPassKeywords, String line)
2024-06-19 09:14:48.154 [E] ?::?::Exception message : Length cannot be less than zero.
Parameter name: length
2024-06-19 09:14:48.154 [E] ?::?::Inner Exception : 
2024-06-19 09:14:48.154 [E] ?::?::IsByPassedKeyword method failed 
System.ArgumentOutOfRangeException: Length cannot be less than zero.
Parameter name: length
   at System.String.Substring(Int32 startIndex, Int32 length)
   at HP.GFriend.Core.LibraryUtils.IsByPassedKeyword(String[] byPassKeywords, String line)
2024-06-19 09:14:48.154 [E] ?::?::Exception message : Length cannot be less than zero.
Parameter name: length
2024-06-19 09:14:48.154 [E] ?::?::Inner Exception : 
2024-06-19 09:14:48.154 [E] ?::?::IsByPassedKeyword method failed 
System.ArgumentOutOfRangeException: Length cannot be less than zero.
Parameter name: length
   at System.String.Substring(Int32 startIndex, Int32 length)
   at HP.GFriend.Core.LibraryUtils.IsByPassedKeyword(String[] byPassKeywords, String line)
2024-06-19 09:14:48.154 [E] ?::?::Exception message : Length cannot be less than zero.
Parameter name: length
2024-06-19 09:14:48.154 [E] ?::?::Inner Exception : 
2024-06-19 09:14:48.154 [E] ?::?::IsByPassedKeyword method failed 
System.ArgumentOutOfRangeException: Length cannot be less than zero.
Parameter name: length
   at System.String.Substring(Int32 startIndex, Int32 length)
   at HP.GFriend.Core.LibraryUtils.IsByPassedKeyword(String[] byPassKeywords, String line)
2024-06-19 09:14:48.154 [E] ?::?::Exception message : Length cannot be less than zero.
Parameter name: length
2024-06-19 09:14:48.154 [E] ?::?::Inner Exception : 
2024-06-19 09:14:48.154 [E] ?::?::IsByPassedKeyword method failed 
System.ArgumentOutOfRangeException: Length cannot be less than zero.
Parameter name: length
   at System.String.Substring(Int32 startIndex, Int32 length)
   at HP.GFriend.Core.LibraryUtils.IsByPassedKeyword(String[] byPassKeywords, String line)
2024-06-19 09:14:48.154 [E] ?::?::Exception message : Length cannot be less than zero.
Parameter name: length
2024-06-19 09:14:48.154 [E] ?::?::Inner Exception : 
2024-06-19 09:14:48.154 [E] ?::?::IsByPassedKeyword method failed 
System.ArgumentOutOfRangeException: Length cannot be less than zero.
Parameter name: length
   at System.String.Substring(Int32 startIndex, Int32 length)
   at HP.GFriend.Core.LibraryUtils.IsByPassedKeyword(String[] byPassKeywords, String line)
2024-06-19 09:14:48.154 [E] ?::?::Exception message : Length cannot be less than zero.
Parameter name: length
2024-06-19 09:14:48.154 [E] ?::?::Inner Exception : 
2024-06-19 09:14:48.154 [E] ?::?::IsByPassedKeyword method failed 
System.ArgumentOutOfRangeException: Length cannot be less than zero.
Parameter name: length
   at System.String.Substring(Int32 startIndex, Int32 length)
   at HP.GFriend.Core.LibraryUtils.IsByPassedKeyword(String[] byPassKeywords, String line)
2024-06-19 09:14:48.154 [E] ?::?::Exception message : Length cannot be less than zero.
Parameter name: length
2024-06-19 09:14:48.154 [E] ?::?::Inner Exception : 
2024-06-19 09:14:48.154 [E] ?::?::IsByPassedKeyword method failed 
System.ArgumentOutOfRangeException: Length cannot be less than zero.
Parameter name: length
   at System.String.Substring(Int32 startIndex, Int32 length)
   at HP.GFriend.Core.LibraryUtils.IsByPassedKeyword(String[] byPassKeywords, String line)
2024-06-19 09:14:48.154 [E] ?::?::Exception message : Length cannot be less than zero.
Parameter name: length
2024-06-19 09:14:48.154 [E] ?::?::Inner Exception : 
2024-06-19 09:14:48.154 [E] ?::?::IsByPassedKeyword method failed 
System.ArgumentOutOfRangeException: Length cannot be less than zero.
Parameter name: length
   at System.String.Substring(Int32 startIndex, Int32 length)
   at HP.GFriend.Core.LibraryUtils.IsByPassedKeyword(String[] byPassKeywords, String line)
2024-06-19 09:14:48.154 [E] ?::?::Exception message : Length cannot be less than zero.
Parameter name: length
2024-06-19 09:14:48.154 [E] ?::?::Inner Exception : 
2024-06-19 09:14:48.154 [E] ?::?::IsByPassedKeyword method failed 
System.ArgumentOutOfRangeException: Length cannot be less than zero.
Parameter name: length
   at System.String.Substring(Int32 startIndex, Int32 length)
   at HP.GFriend.Core.LibraryUtils.IsByPassedKeyword(String[] byPassKeywords, String line)
2024-06-19 09:14:48.154 [E] ?::?::Exception message : Length cannot be less than zero.
Parameter name: length
2024-06-19 09:14:48.154 [E] ?::?::Inner Exception : 
2024-06-19 09:14:48.154 [E] ?::?::IsByPassedKeyword method failed 
System.ArgumentOutOfRangeException: Length cannot be less than zero.
Parameter name: length
   at System.String.Substring(Int32 startIndex, Int32 length)
   at HP.GFriend.Core.LibraryUtils.IsByPassedKeyword(String[] byPassKeywords, String line)
2024-06-19 09:14:48.154 [E] ?::?::Exception message : Length cannot be less than zero.
Parameter name: length
2024-06-19 09:14:48.154 [E] ?::?::Inner Exception : 
2024-06-19 09:14:48.154 [E] ?::?::IsByPassedKeyword method failed 
System.ArgumentOutOfRangeException: Length cannot be less than zero.
Parameter name: length
   at System.String.Substring(Int32 startIndex, Int32 length)
   at HP.GFriend.Core.LibraryUtils.IsByPassedKeyword(String[] byPassKeywords, String line)
2024-06-19 09:14:48.154 [E] ?::?::Exception message : Length cannot be less than zero.
Parameter name: length
2024-06-19 09:14:48.154 [E] ?::?::Inner Exception : 
2024-06-19 09:14:48.154 [E] ?::?::IsByPassedKeyword method failed 
System.ArgumentOutOfRangeException: Length cannot be less than zero.
Parameter name: length
   at System.String.Substring(Int32 startIndex, Int32 length)
   at HP.GFriend.Core.LibraryUtils.IsByPassedKeyword(String[] byPassKeywords, String line)
2024-06-19 09:14:48.154 [E] ?::?::Exception message : Length cannot be less than zero.
Parameter name: length
2024-06-19 09:14:48.154 [E] ?::?::Inner Exception : 
2024-06-19 09:14:48.154 [E] ?::?::IsByPassedKeyword method failed 
System.ArgumentOutOfRangeException: Length cannot be less than zero.
Parameter name: length
   at System.String.Substring(Int32 startIndex, Int32 length)
   at HP.GFriend.Core.LibraryUtils.IsByPassedKeyword(String[] byPassKeywords, String line)
2024-06-19 09:14:48.154 [E] ?::?::Exception message : Length cannot be less than zero.
Parameter name: length
2024-06-19 09:14:48.154 [E] ?::?::Inner Exception : 
2024-06-19 09:14:48.154 [E] ?::?::IsByPassedKeyword method failed 
System.ArgumentOutOfRangeException: Length cannot be less than zero.
Parameter name: length
   at System.String.Substring(Int32 startIndex, Int32 length)
   at HP.GFriend.Core.LibraryUtils.IsByPassedKeyword(String[] byPassKeywords, String line)
2024-06-19 09:14:48.154 [E] ?::?::Exception message : Length cannot be less than zero.
Parameter name: length
2024-06-19 09:14:48.154 [E] ?::?::Inner Exception : 
2024-06-19 09:14:48.154 [E] ?::?::IsByPassedKeyword method failed 
System.ArgumentOutOfRangeException: Length cannot be less than zero.
Parameter name: length
   at System.String.Substring(Int32 startIndex, Int32 length)
   at HP.GFriend.Core.LibraryUtils.IsByPassedKeyword(String[] byPassKeywords, String line)
2024-06-19 09:14:48.154 [E] ?::?::Exception message : Length cannot be less than zero.
Parameter name: length
2024-06-19 09:14:48.154 [E] ?::?::Inner Exception : 
2024-06-19 09:14:48.154 [E] ?::?::IsByPassedKeyword method failed 
System.ArgumentOutOfRangeException: Length cannot be less than zero.
Parameter name: length
   at System.String.Substring(Int32 startIndex, Int32 length)
   at HP.GFriend.Core.LibraryUtils.IsByPassedKeyword(String[] byPassKeywords, String line)
2024-06-19 09:14:48.154 [E] ?::?::Exception message : Length cannot be less than zero.
Parameter name: length
2024-06-19 09:14:48.154 [E] ?::?::Inner Exception : 
2024-06-19 09:14:48.154 [E] ?::?::IsByPassedKeyword method failed 
System.ArgumentOutOfRangeException: Length cannot be less than zero.
Parameter name: length
   at System.String.Substring(Int32 startIndex, Int32 length)
   at HP.GFriend.Core.LibraryUtils.IsByPassedKeyword(String[] byPassKeywords, String line)
2024-06-19 09:14:48.154 [E] ?::?::Exception message : Length cannot be less than zero.
Parameter name: length
2024-06-19 09:14:48.154 [E] ?::?::Inner Exception : 
2024-06-19 09:14:48.154 [E] ?::?::IsByPassedKeyword method failed 
System.ArgumentOutOfRangeException: Length cannot be less than zero.
Parameter name: length
   at System.String.Substring(Int32 startIndex, Int32 length)
   at HP.GFriend.Core.LibraryUtils.IsByPassedKeyword(String[] byPassKeywords, String line)
2024-06-19 09:14:48.154 [E] ?::?::Exception message : Length cannot be less than zero.
Parameter name: length
2024-06-19 09:14:48.154 [E] ?::?::Inner Exception : 
2024-06-19 09:14:48.154 [E] ?::?::IsByPassedKeyword method failed 
System.ArgumentOutOfRangeException: Length cannot be less than zero.
Parameter name: length
   at System.String.Substring(Int32 startIndex, Int32 length)
   at HP.GFriend.Core.LibraryUtils.IsByPassedKeyword(String[] byPassKeywords, String line)
2024-06-19 09:14:48.154 [E] ?::?::Exception message : Length cannot be less than zero.
Parameter name: length
2024-06-19 09:14:48.154 [E] ?::?::Inner Exception : 
2024-06-19 09:14:48.154 [E] ?::?::IsByPassedKeyword method failed 
System.ArgumentOutOfRangeException: Length cannot be less than zero.
Parameter name: length
   at System.String.Substring(Int32 startIndex, Int32 length)
   at HP.GFriend.Core.LibraryUtils.IsByPassedKeyword(String[] byPassKeywords, String line)
2024-06-19 09:14:48.154 [E] ?::?::Exception message : Length cannot be less than zero.
Parameter name: length
2024-06-19 09:14:48.154 [E] ?::?::Inner Exception : 
2024-06-19 09:14:48.154 [E] ?::?::IsByPassedKeyword method failed 
System.ArgumentOutOfRangeException: Length cannot be less than zero.
Parameter name: length
   at System.String.Substring(Int32 startIndex, Int32 length)
   at HP.GFriend.Core.LibraryUtils.IsByPassedKeyword(String[] byPassKeywords, String line)
2024-06-19 09:14:48.154 [E] ?::?::Exception message : Length cannot be less than zero.
Parameter name: length
2024-06-19 09:14:48.154 [E] ?::?::Inner Exception : 
2024-06-19 09:14:48.154 [E] ?::?::IsByPassedKeyword method failed 
System.ArgumentOutOfRangeException: Length cannot be less than zero.
Parameter name: length
   at System.String.Substring(Int32 startIndex, Int32 length)
   at HP.GFriend.Core.LibraryUtils.IsByPassedKeyword(String[] byPassKeywords, String line)
2024-06-19 09:14:48.154 [E] ?::?::Exception message : Length cannot be less than zero.
Parameter name: length
2024-06-19 09:14:48.154 [E] ?::?::Inner Exception : 
2024-06-19 09:14:48.170 [E] ?::?::IsByPassedKeyword method failed 
System.ArgumentOutOfRangeException: Length cannot be less than zero.
Parameter name: length
   at System.String.Substring(Int32 startIndex, Int32 length)
   at HP.GFriend.Core.LibraryUtils.IsByPassedKeyword(String[] byPassKeywords, String line)
2024-06-19 09:14:48.170 [E] ?::?::Exception message : Length cannot be less than zero.
Parameter name: length
2024-06-19 09:14:48.170 [E] ?::?::Inner Exception : 
2024-06-19 09:14:48.170 [E] ?::?::IsByPassedKeyword method failed 
System.ArgumentOutOfRangeException: Length cannot be less than zero.
Parameter name: length
   at System.String.Substring(Int32 startIndex, Int32 length)
   at HP.GFriend.Core.LibraryUtils.IsByPassedKeyword(String[] byPassKeywords, String line)
2024-06-19 09:14:48.170 [E] ?::?::Exception message : Length cannot be less than zero.
Parameter name: length
2024-06-19 09:14:48.170 [E] ?::?::Inner Exception : 
2024-06-19 09:14:48.170 [E] ?::?::IsByPassedKeyword method failed 
System.ArgumentOutOfRangeException: Length cannot be less than zero.
Parameter name: length
   at System.String.Substring(Int32 startIndex, Int32 length)
   at HP.GFriend.Core.LibraryUtils.IsByPassedKeyword(String[] byPassKeywords, String line)
2024-06-19 09:14:48.170 [E] ?::?::Exception message : Length cannot be less than zero.
Parameter name: length
2024-06-19 09:14:48.170 [E] ?::?::Inner Exception : 
2024-06-19 09:14:48.170 [E] ?::?::IsByPassedKeyword method failed 
System.ArgumentOutOfRangeException: Length cannot be less than zero.
Parameter name: length
   at System.String.Substring(Int32 startIndex, Int32 length)
   at HP.GFriend.Core.LibraryUtils.IsByPassedKeyword(String[] byPassKeywords, String line)
2024-06-19 09:14:48.170 [E] ?::?::Exception message : Length cannot be less than zero.
Parameter name: length
2024-06-19 09:14:48.170 [E] ?::?::Inner Exception : 
2024-06-19 09:14:48.170 [E] ?::?::IsByPassedKeyword method failed 
System.ArgumentOutOfRangeException: Length cannot be less than zero.
Parameter name: length
   at System.String.Substring(Int32 startIndex, Int32 length)
   at HP.GFriend.Core.LibraryUtils.IsByPassedKeyword(String[] byPassKeywords, String line)
2024-06-19 09:14:48.170 [E] ?::?::Exception message : Length cannot be less than zero.
Parameter name: length
2024-06-19 09:14:48.170 [E] ?::?::Inner Exception : 
2024-06-19 09:14:48.170 [E] ?::?::IsByPassedKeyword method failed 
System.ArgumentOutOfRangeException: Length cannot be less than zero.
Parameter name: length
   at System.String.Substring(Int32 startIndex, Int32 length)
   at HP.GFriend.Core.LibraryUtils.IsByPassedKeyword(String[] byPassKeywords, String line)
2024-06-19 09:14:48.170 [E] ?::?::Exception message : Length cannot be less than zero.
Parameter name: length
2024-06-19 09:14:48.170 [E] ?::?::Inner Exception : 
2024-06-19 09:14:48.170 [E] ?::?::IsByPassedKeyword method failed 
System.ArgumentOutOfRangeException: Length cannot be less than zero.
Parameter name: length
   at System.String.Substring(Int32 startIndex, Int32 length)
   at HP.GFriend.Core.LibraryUtils.IsByPassedKeyword(String[] byPassKeywords, String line)
2024-06-19 09:14:48.170 [E] ?::?::Exception message : Length cannot be less than zero.
Parameter name: length
2024-06-19 09:14:48.170 [E] ?::?::Inner Exception : 
2024-06-19 09:14:48.170 [E] ?::?::IsByPassedKeyword method failed 
System.ArgumentOutOfRangeException: Length cannot be less than zero.
Parameter name: length
   at System.String.Substring(Int32 startIndex, Int32 length)
   at HP.GFriend.Core.LibraryUtils.IsByPassedKeyword(String[] byPassKeywords, String line)
2024-06-19 09:14:48.170 [E] ?::?::Exception message : Length cannot be less than zero.
Parameter name: length
2024-06-19 09:14:48.170 [E] ?::?::Inner Exception : 
2024-06-19 09:14:48.170 [E] ?::?::IsByPassedKeyword method failed 
System.ArgumentOutOfRangeException: Length cannot be less than zero.
Parameter name: length
   at System.String.Substring(Int32 startIndex, Int32 length)
   at HP.GFriend.Core.LibraryUtils.IsByPassedKeyword(String[] byPassKeywords, String line)
2024-06-19 09:14:48.170 [E] ?::?::Exception message : Length cannot be less than zero.
Parameter name: length
2024-06-19 09:14:48.170 [E] ?::?::Inner Exception : 
2024-06-19 09:14:48.170 [E] ?::?::IsByPassedKeyword method failed 
System.ArgumentOutOfRangeException: Length cannot be less than zero.
Parameter name: length
   at System.String.Substring(Int32 startIndex, Int32 length)
   at HP.GFriend.Core.LibraryUtils.IsByPassedKeyword(String[] byPassKeywords, String line)
2024-06-19 09:14:48.170 [E] ?::?::Exception message : Length cannot be less than zero.
Parameter name: length
2024-06-19 09:14:48.170 [E] ?::?::Inner Exception : 
2024-06-19 09:14:48.170 [E] ?::?::IsByPassedKeyword method failed 
System.ArgumentOutOfRangeException: Length cannot be less than zero.
Parameter name: length
   at System.String.Substring(Int32 startIndex, Int32 length)
   at HP.GFriend.Core.LibraryUtils.IsByPassedKeyword(String[] byPassKeywords, String line)
2024-06-19 09:14:48.170 [E] ?::?::Exception message : Length cannot be less than zero.
Parameter name: length
2024-06-19 09:14:48.170 [E] ?::?::Inner Exception : 
2024-06-19 09:14:48.170 [E] ?::?::IsByPassedKeyword method failed 
System.ArgumentOutOfRangeException: Length cannot be less than zero.
Parameter name: length
   at System.String.Substring(Int32 startIndex, Int32 length)
   at HP.GFriend.Core.LibraryUtils.IsByPassedKeyword(String[] byPassKeywords, String line)
2024-06-19 09:14:48.170 [E] ?::?::Exception message : Length cannot be less than zero.
Parameter name: length
2024-06-19 09:14:48.170 [E] ?::?::Inner Exception : 
2024-06-19 09:14:48.170 [E] ?::?::IsByPassedKeyword method failed 
System.ArgumentOutOfRangeException: Length cannot be less than zero.
Parameter name: length
   at System.String.Substring(Int32 startIndex, Int32 length)
   at HP.GFriend.Core.LibraryUtils.IsByPassedKeyword(String[] byPassKeywords, String line)
2024-06-19 09:14:48.170 [E] ?::?::Exception message : Length cannot be less than zero.
Parameter name: length
2024-06-19 09:14:48.170 [E] ?::?::Inner Exception : 
2024-06-19 09:14:48.170 [E] ?::?::IsByPassedKeyword method failed 
System.ArgumentOutOfRangeException: Length cannot be less than zero.
Parameter name: length
   at System.String.Substring(Int32 startIndex, Int32 length)
   at HP.GFriend.Core.LibraryUtils.IsByPassedKeyword(String[] byPassKeywords, String line)
2024-06-19 09:14:48.170 [E] ?::?::Exception message : Length cannot be less than zero.
Parameter name: length
2024-06-19 09:14:48.170 [E] ?::?::Inner Exception : 
2024-06-19 09:14:48.170 [E] ?::?::IsByPassedKeyword method failed 
System.ArgumentOutOfRangeException: Length cannot be less than zero.
Parameter name: length
   at System.String.Substring(Int32 startIndex, Int32 length)
   at HP.GFriend.Core.LibraryUtils.IsByPassedKeyword(String[] byPassKeywords, String line)
2024-06-19 09:14:48.170 [E] ?::?::Exception message : Length cannot be less than zero.
Parameter name: length
2024-06-19 09:14:48.170 [E] ?::?::Inner Exception : 
2024-06-19 09:14:48.170 [E] ?::?::IsByPassedKeyword method failed 
System.ArgumentOutOfRangeException: Length cannot be less than zero.
Parameter name: length
   at System.String.Substring(Int32 startIndex, Int32 length)
   at HP.GFriend.Core.LibraryUtils.IsByPassedKeyword(String[] byPassKeywords, String line)
2024-06-19 09:14:48.170 [E] ?::?::Exception message : Length cannot be less than zero.
Parameter name: length
2024-06-19 09:14:48.170 [E] ?::?::Inner Exception : 
2024-06-19 09:14:48.170 [E] ?::?::IsByPassedKeyword method failed 
System.ArgumentOutOfRangeException: Length cannot be less than zero.
Parameter name: length
   at System.String.Substring(Int32 startIndex, Int32 length)
   at HP.GFriend.Core.LibraryUtils.IsByPassedKeyword(String[] byPassKeywords, String line)
2024-06-19 09:14:48.170 [E] ?::?::Exception message : Length cannot be less than zero.
Parameter name: length
2024-06-19 09:14:48.170 [E] ?::?::Inner Exception : 
2024-06-19 09:14:48.170 [E] ?::?::IsByPassedKeyword method failed 
System.ArgumentOutOfRangeException: Length cannot be less than zero.
Parameter name: length
   at System.String.Substring(Int32 startIndex, Int32 length)
   at HP.GFriend.Core.LibraryUtils.IsByPassedKeyword(String[] byPassKeywords, String line)
2024-06-19 09:14:48.170 [E] ?::?::Exception message : Length cannot be less than zero.
Parameter name: length
2024-06-19 09:14:48.170 [E] ?::?::Inner Exception : 
2024-06-19 09:14:48.170 [E] ?::?::IsByPassedKeyword method failed 
System.ArgumentOutOfRangeException: Length cannot be less than zero.
Parameter name: length
   at System.String.Substring(Int32 startIndex, Int32 length)
   at HP.GFriend.Core.LibraryUtils.IsByPassedKeyword(String[] byPassKeywords, String line)
2024-06-19 09:14:48.170 [E] ?::?::Exception message : Length cannot be less than zero.
Parameter name: length
2024-06-19 09:14:48.170 [E] ?::?::Inner Exception : 
2024-06-19 09:14:48.170 [E] ?::?::IsByPassedKeyword method failed 
System.ArgumentOutOfRangeException: Length cannot be less than zero.
Parameter name: length
   at System.String.Substring(Int32 startIndex, Int32 length)
   at HP.GFriend.Core.LibraryUtils.IsByPassedKeyword(String[] byPassKeywords, String line)
2024-06-19 09:14:48.170 [E] ?::?::Exception message : Length cannot be less than zero.
Parameter name: length
2024-06-19 09:14:48.170 [E] ?::?::Inner Exception : 
2024-06-19 09:14:48.170 [E] ?::?::IsByPassedKeyword method failed 
System.ArgumentOutOfRangeException: Length cannot be less than zero.
Parameter name: length
   at System.String.Substring(Int32 startIndex, Int32 length)
   at HP.GFriend.Core.LibraryUtils.IsByPassedKeyword(String[] byPassKeywords, String line)
2024-06-19 09:14:48.170 [E] ?::?::Exception message : Length cannot be less than zero.
Parameter name: length
2024-06-19 09:14:48.170 [E] ?::?::Inner Exception : 
2024-06-19 09:14:48.170 [E] ?::?::IsByPassedKeyword method failed 
System.ArgumentOutOfRangeException: Length cannot be less than zero.
Parameter name: length
   at System.String.Substring(Int32 startIndex, Int32 length)
   at HP.GFriend.Core.LibraryUtils.IsByPassedKeyword(String[] byPassKeywords, String line)
2024-06-19 09:14:48.170 [E] ?::?::Exception message : Length cannot be less than zero.
Parameter name: length
2024-06-19 09:14:48.170 [E] ?::?::Inner Exception : 
2024-06-19 09:14:48.170 [E] ?::?::IsByPassedKeyword method failed 
System.ArgumentOutOfRangeException: Length cannot be less than zero.
Parameter name: length
   at System.String.Substring(Int32 startIndex, Int32 length)
   at HP.GFriend.Core.LibraryUtils.IsByPassedKeyword(String[] byPassKeywords, String line)
2024-06-19 09:14:48.170 [E] ?::?::Exception message : Length cannot be less than zero.
Parameter name: length
2024-06-19 09:14:48.170 [E] ?::?::Inner Exception : 
2024-06-19 09:14:48.170 [E] ?::?::IsByPassedKeyword method failed 
System.ArgumentOutOfRangeException: Length cannot be less than zero.
Parameter name: length
   at System.String.Substring(Int32 startIndex, Int32 length)
   at HP.GFriend.Core.LibraryUtils.IsByPassedKeyword(String[] byPassKeywords, String line)
2024-06-19 09:14:48.170 [E] ?::?::Exception message : Length cannot be less than zero.
Parameter name: length
2024-06-19 09:14:48.170 [E] ?::?::Inner Exception : 
2024-06-19 09:14:48.170 [E] ?::?::IsByPassedKeyword method failed 
System.ArgumentOutOfRangeException: Length cannot be less than zero.
Parameter name: length
   at System.String.Substring(Int32 startIndex, Int32 length)
   at HP.GFriend.Core.LibraryUtils.IsByPassedKeyword(String[] byPassKeywords, String line)
2024-06-19 09:14:48.170 [E] ?::?::Exception message : Length cannot be less than zero.
Parameter name: length
2024-06-19 09:14:48.170 [E] ?::?::Inner Exception : 
2024-06-19 09:14:48.170 [E] ?::?::IsByPassedKeyword method failed 
System.ArgumentOutOfRangeException: Length cannot be less than zero.
Parameter name: length
   at System.String.Substring(Int32 startIndex, Int32 length)
   at HP.GFriend.Core.LibraryUtils.IsByPassedKeyword(String[] byPassKeywords, String line)
2024-06-19 09:14:48.170 [E] ?::?::Exception message : Length cannot be less than zero.
Parameter name: length
2024-06-19 09:14:48.170 [E] ?::?::Inner Exception : 
2024-06-19 09:14:48.170 [E] ?::?::IsByPassedKeyword method failed 
System.ArgumentOutOfRangeException: Length cannot be less than zero.
Parameter name: length
   at System.String.Substring(Int32 startIndex, Int32 length)
   at HP.GFriend.Core.LibraryUtils.IsByPassedKeyword(String[] byPassKeywords, String line)
2024-06-19 09:14:48.170 [E] ?::?::Exception message : Length cannot be less than zero.
Parameter name: length
2024-06-19 09:14:48.170 [E] ?::?::Inner Exception : 
2024-06-19 09:14:48.186 [E] ?::?::IsByPassedKeyword method failed 
System.ArgumentOutOfRangeException: Length cannot be less than zero.
Parameter name: length
   at System.String.Substring(Int32 startIndex, Int32 length)
   at HP.GFriend.Core.LibraryUtils.IsByPassedKeyword(String[] byPassKeywords, String line)
2024-06-19 09:14:48.186 [E] ?::?::Exception message : Length cannot be less than zero.
Parameter name: length
2024-06-19 09:14:48.186 [E] ?::?::Inner Exception : 
2024-06-19 09:14:48.186 [E] ?::?::IsByPassedKeyword method failed 
System.ArgumentOutOfRangeException: Length cannot be less than zero.
Parameter name: length
   at System.String.Substring(Int32 startIndex, Int32 length)
   at HP.GFriend.Core.LibraryUtils.IsByPassedKeyword(String[] byPassKeywords, String line)
2024-06-19 09:14:48.186 [E] ?::?::Exception message : Length cannot be less than zero.
Parameter name: length
2024-06-19 09:14:48.186 [E] ?::?::Inner Exception : 
2024-06-19 09:14:48.186 [E] ?::?::IsByPassedKeyword method failed 
System.ArgumentOutOfRangeException: Length cannot be less than zero.
Parameter name: length
   at System.String.Substring(Int32 startIndex, Int32 length)
   at HP.GFriend.Core.LibraryUtils.IsByPassedKeyword(String[] byPassKeywords, String line)
2024-06-19 09:14:48.186 [E] ?::?::Exception message : Length cannot be less than zero.
Parameter name: length
2024-06-19 09:14:48.186 [E] ?::?::Inner Exception : 
2024-06-19 09:14:48.186 [E] ?::?::IsByPassedKeyword method failed 
System.ArgumentOutOfRangeException: Length cannot be less than zero.
Parameter name: length
   at System.String.Substring(Int32 startIndex, Int32 length)
   at HP.GFriend.Core.LibraryUtils.IsByPassedKeyword(String[] byPassKeywords, String line)
2024-06-19 09:14:48.186 [E] ?::?::Exception message : Length cannot be less than zero.
Parameter name: length
2024-06-19 09:14:48.186 [E] ?::?::Inner Exception : 
2024-06-19 09:14:48.186 [E] ?::?::IsByPassedKeyword method failed 
System.ArgumentOutOfRangeException: Length cannot be less than zero.
Parameter name: length
   at System.String.Substring(Int32 startIndex, Int32 length)
   at HP.GFriend.Core.LibraryUtils.IsByPassedKeyword(String[] byPassKeywords, String line)
2024-06-19 09:14:48.186 [E] ?::?::Exception message : Length cannot be less than zero.
Parameter name: length
2024-06-19 09:14:48.186 [E] ?::?::Inner Exception : 
2024-06-19 09:14:48.186 [E] ?::?::IsByPassedKeyword method failed 
System.ArgumentOutOfRangeException: Length cannot be less than zero.
Parameter name: length
   at System.String.Substring(Int32 startIndex, Int32 length)
   at HP.GFriend.Core.LibraryUtils.IsByPassedKeyword(String[] byPassKeywords, String line)
2024-06-19 09:14:48.186 [E] ?::?::Exception message : Length cannot be less than zero.
Parameter name: length
2024-06-19 09:14:48.186 [E] ?::?::Inner Exception : 
2024-06-19 09:14:48.186 [E] ?::?::IsByPassedKeyword method failed 
System.ArgumentOutOfRangeException: Length cannot be less than zero.
Parameter name: length
   at System.String.Substring(Int32 startIndex, Int32 length)
   at HP.GFriend.Core.LibraryUtils.IsByPassedKeyword(String[] byPassKeywords, String line)
2024-06-19 09:14:48.186 [E] ?::?::Exception message : Length cannot be less than zero.
Parameter name: length
2024-06-19 09:14:48.186 [E] ?::?::Inner Exception : 
2024-06-19 09:14:48.186 [E] ?::?::IsByPassedKeyword method failed 
System.ArgumentOutOfRangeException: Length cannot be less than zero.
Parameter name: length
   at System.String.Substring(Int32 startIndex, Int32 length)
   at HP.GFriend.Core.LibraryUtils.IsByPassedKeyword(String[] byPassKeywords, String line)
2024-06-19 09:14:48.186 [E] ?::?::Exception message : Length cannot be less than zero.
Parameter name: length
2024-06-19 09:14:48.186 [E] ?::?::Inner Exception : 
2024-06-19 09:14:48.186 [E] ?::?::IsByPassedKeyword method failed 
System.ArgumentOutOfRangeException: Length cannot be less than zero.
Parameter name: length
   at System.String.Substring(Int32 startIndex, Int32 length)
   at HP.GFriend.Core.LibraryUtils.IsByPassedKeyword(String[] byPassKeywords, String line)
2024-06-19 09:14:48.186 [E] ?::?::Exception message : Length cannot be less than zero.
Parameter name: length
2024-06-19 09:14:48.186 [E] ?::?::Inner Exception : 
2024-06-19 09:14:48.186 [E] ?::?::IsByPassedKeyword method failed 
System.ArgumentOutOfRangeException: Length cannot be less than zero.
Parameter name: length
   at System.String.Substring(Int32 startIndex, Int32 length)
   at HP.GFriend.Core.LibraryUtils.IsByPassedKeyword(String[] byPassKeywords, String line)
2024-06-19 09:14:48.186 [E] ?::?::Exception message : Length cannot be less than zero.
Parameter name: length
2024-06-19 09:14:48.186 [E] ?::?::Inner Exception : 
2024-06-19 09:14:48.186 [E] ?::?::IsByPassedKeyword method failed 
System.ArgumentOutOfRangeException: Length cannot be less than zero.
Parameter name: length
   at System.String.Substring(Int32 startIndex, Int32 length)
   at HP.GFriend.Core.LibraryUtils.IsByPassedKeyword(String[] byPassKeywords, String line)
2024-06-19 09:14:48.186 [E] ?::?::Exception message : Length cannot be less than zero.
Parameter name: length
2024-06-19 09:14:48.186 [E] ?::?::Inner Exception : 
2024-06-19 09:14:48.186 [E] ?::?::IsByPassedKeyword method failed 
System.ArgumentOutOfRangeException: Length cannot be less than zero.
Parameter name: length
   at System.String.Substring(Int32 startIndex, Int32 length)
   at HP.GFriend.Core.LibraryUtils.IsByPassedKeyword(String[] byPassKeywords, String line)
2024-06-19 09:14:48.186 [E] ?::?::Exception message : Length cannot be less than zero.
Parameter name: length
2024-06-19 09:14:48.186 [E] ?::?::Inner Exception : 
2024-06-19 09:14:48.186 [E] ?::?::IsByPassedKeyword method failed 
System.ArgumentOutOfRangeException: Length cannot be less than zero.
Parameter name: length
   at System.String.Substring(Int32 startIndex, Int32 length)
   at HP.GFriend.Core.LibraryUtils.IsByPassedKeyword(String[] byPassKeywords, String line)
2024-06-19 09:14:48.186 [E] ?::?::Exception message : Length cannot be less than zero.
Parameter name: length
2024-06-19 09:14:48.186 [E] ?::?::Inner Exception : 
2024-06-19 09:14:48.186 [E] ?::?::IsByPassedKeyword method failed 
System.ArgumentOutOfRangeException: Length cannot be less than zero.
Parameter name: length
   at System.String.Substring(Int32 startIndex, Int32 length)
   at HP.GFriend.Core.LibraryUtils.IsByPassedKeyword(String[] byPassKeywords, String line)
2024-06-19 09:14:48.186 [E] ?::?::Exception message : Length cannot be less than zero.
Parameter name: length
2024-06-19 09:14:48.186 [E] ?::?::Inner Exception : 
2024-06-19 09:14:48.186 [E] ?::?::IsByPassedKeyword method failed 
System.ArgumentOutOfRangeException: Length cannot be less than zero.
Parameter name: length
   at System.String.Substring(Int32 startIndex, Int32 length)
   at HP.GFriend.Core.LibraryUtils.IsByPassedKeyword(String[] byPassKeywords, String line)
2024-06-19 09:14:48.186 [E] ?::?::Exception message : Length cannot be less than zero.
Parameter name: length
2024-06-19 09:14:48.186 [E] ?::?::Inner Exception : 
2024-06-19 09:14:48.186 [E] ?::?::IsByPassedKeyword method failed 
System.ArgumentOutOfRangeException: Length cannot be less than zero.
Parameter name: length
   at System.String.Substring(Int32 startIndex, Int32 length)
   at HP.GFriend.Core.LibraryUtils.IsByPassedKeyword(String[] byPassKeywords, String line)
2024-06-19 09:14:48.186 [E] ?::?::Exception message : Length cannot be less than zero.
Parameter name: length
2024-06-19 09:14:48.186 [E] ?::?::Inner Exception : 
2024-06-19 09:14:48.186 [E] ?::?::IsByPassedKeyword method failed 
System.ArgumentOutOfRangeException: Length cannot be less than zero.
Parameter name: length
   at System.String.Substring(Int32 startIndex, Int32 length)
   at HP.GFriend.Core.LibraryUtils.IsByPassedKeyword(String[] byPassKeywords, String line)
2024-06-19 09:14:48.186 [E] ?::?::Exception message : Length cannot be less than zero.
Parameter name: length
2024-06-19 09:14:48.186 [E] ?::?::Inner Exception : 
2024-06-19 09:14:48.186 [E] ?::?::IsByPassedKeyword method failed 
System.ArgumentOutOfRangeException: Length cannot be less than zero.
Parameter name: length
   at System.String.Substring(Int32 startIndex, Int32 length)
   at HP.GFriend.Core.LibraryUtils.IsByPassedKeyword(String[] byPassKeywords, String line)
2024-06-19 09:14:48.186 [E] ?::?::Exception message : Length cannot be less than zero.
Parameter name: length
2024-06-19 09:14:48.186 [E] ?::?::Inner Exception : 
2024-06-19 09:14:48.186 [E] ?::?::IsByPassedKeyword method failed 
System.ArgumentOutOfRangeException: Length cannot be less than zero.
Parameter name: length
   at System.String.Substring(Int32 startIndex, Int32 length)
   at HP.GFriend.Core.LibraryUtils.IsByPassedKeyword(String[] byPassKeywords, String line)
2024-06-19 09:14:48.186 [E] ?::?::Exception message : Length cannot be less than zero.
Parameter name: length
2024-06-19 09:14:48.186 [E] ?::?::Inner Exception : 
2024-06-19 09:14:48.186 [E] ?::?::IsByPassedKeyword method failed 
System.ArgumentOutOfRangeException: Length cannot be less than zero.
Parameter name: length
   at System.String.Substring(Int32 startIndex, Int32 length)
   at HP.GFriend.Core.LibraryUtils.IsByPassedKeyword(String[] byPassKeywords, String line)
2024-06-19 09:14:48.186 [E] ?::?::Exception message : Length cannot be less than zero.
Parameter name: length
2024-06-19 09:14:48.186 [E] ?::?::Inner Exception : 
2024-06-19 09:14:48.186 [E] ?::?::IsByPassedKeyword method failed 
System.ArgumentOutOfRangeException: Length cannot be less than zero.
Parameter name: length
   at System.String.Substring(Int32 startIndex, Int32 length)
   at HP.GFriend.Core.LibraryUtils.IsByPassedKeyword(String[] byPassKeywords, String line)
2024-06-19 09:14:48.186 [E] ?::?::Exception message : Length cannot be less than zero.
Parameter name: length
2024-06-19 09:14:48.186 [E] ?::?::Inner Exception : 
2024-06-19 09:14:48.186 [E] ?::?::IsByPassedKeyword method failed 
System.ArgumentOutOfRangeException: Length cannot be less than zero.
Parameter name: length
   at System.String.Substring(Int32 startIndex, Int32 length)
   at HP.GFriend.Core.LibraryUtils.IsByPassedKeyword(String[] byPassKeywords, String line)
2024-06-19 09:14:48.186 [E] ?::?::Exception message : Length cannot be less than zero.
Parameter name: length
2024-06-19 09:14:48.186 [E] ?::?::Inner Exception : 
2024-06-19 09:14:48.186 [E] ?::?::IsByPassedKeyword method failed 
System.ArgumentOutOfRangeException: Length cannot be less than zero.
Parameter name: length
   at System.String.Substring(Int32 startIndex, Int32 length)
   at HP.GFriend.Core.LibraryUtils.IsByPassedKeyword(String[] byPassKeywords, String line)
2024-06-19 09:14:48.186 [E] ?::?::Exception message : Length cannot be less than zero.
Parameter name: length
2024-06-19 09:14:48.186 [E] ?::?::Inner Exception : 
2024-06-19 09:14:48.186 [E] ?::?::IsByPassedKeyword method failed 
System.ArgumentOutOfRangeException: Length cannot be less than zero.
Parameter name: length
   at System.String.Substring(Int32 startIndex, Int32 length)
   at HP.GFriend.Core.LibraryUtils.IsByPassedKeyword(String[] byPassKeywords, String line)
2024-06-19 09:14:48.186 [E] ?::?::Exception message : Length cannot be less than zero.
Parameter name: length
2024-06-19 09:14:48.186 [E] ?::?::Inner Exception : 
2024-06-19 09:14:48.186 [E] ?::?::IsByPassedKeyword method failed 
System.ArgumentOutOfRangeException: Length cannot be less than zero.
Parameter name: length
   at System.String.Substring(Int32 startIndex, Int32 length)
   at HP.GFriend.Core.LibraryUtils.IsByPassedKeyword(String[] byPassKeywords, String line)
2024-06-19 09:14:48.186 [E] ?::?::Exception message : Length cannot be less than zero.
Parameter name: length
2024-06-19 09:14:48.186 [E] ?::?::Inner Exception : 
2024-06-19 09:14:48.186 [E] ?::?::IsByPassedKeyword method failed 
System.ArgumentOutOfRangeException: Length cannot be less than zero.
Parameter name: length
   at System.String.Substring(Int32 startIndex, Int32 length)
   at HP.GFriend.Core.LibraryUtils.IsByPassedKeyword(String[] byPassKeywords, String line)
2024-06-19 09:14:48.186 [E] ?::?::Exception message : Length cannot be less than zero.
Parameter name: length
2024-06-19 09:14:48.186 [E] ?::?::Inner Exception : 
2024-06-19 09:14:48.186 [E] ?::?::IsByPassedKeyword method failed 
System.ArgumentOutOfRangeException: Length cannot be less than zero.
Parameter name: length
   at System.String.Substring(Int32 startIndex, Int32 length)
   at HP.GFriend.Core.LibraryUtils.IsByPassedKeyword(String[] byPassKeywords, String line)
2024-06-19 09:14:48.186 [E] ?::?::Exception message : Length cannot be less than zero.
Parameter name: length
2024-06-19 09:14:48.186 [E] ?::?::Inner Exception : 
2024-06-19 09:14:48.186 [E] ?::?::IsByPassedKeyword method failed 
System.ArgumentOutOfRangeException: Length cannot be less than zero.
Parameter name: length
   at System.String.Substring(Int32 startIndex, Int32 length)
   at HP.GFriend.Core.LibraryUtils.IsByPassedKeyword(String[] byPassKeywords, String line)
2024-06-19 09:14:48.186 [E] ?::?::Exception message : Length cannot be less than zero.
Parameter name: length
2024-06-19 09:14:48.186 [E] ?::?::Inner Exception : 
2024-06-19 09:14:48.186 [E] ?::?::IsByPassedKeyword method failed 
System.ArgumentOutOfRangeException: Length cannot be less than zero.
Parameter name: length
   at System.String.Substring(Int32 startIndex, Int32 length)
   at HP.GFriend.Core.LibraryUtils.IsByPassedKeyword(String[] byPassKeywords, String line)
2024-06-19 09:14:48.186 [E] ?::?::Exception message : Length cannot be less than zero.
Parameter name: length
2024-06-19 09:14:48.186 [E] ?::?::Inner Exception : 
2024-06-19 09:14:48.186 [E] ?::?::IsByPassedKeyword method failed 
System.ArgumentOutOfRangeException: Length cannot be less than zero.
Parameter name: length
   at System.String.Substring(Int32 startIndex, Int32 length)
   at HP.GFriend.Core.LibraryUtils.IsByPassedKeyword(String[] byPassKeywords, String line)
2024-06-19 09:14:48.186 [E] ?::?::Exception message : Length cannot be less than zero.
Parameter name: length
2024-06-19 09:14:48.186 [E] ?::?::Inner Exception : 
2024-06-19 09:14:48.201 [E] ?::?::IsByPassedKeyword method failed 
System.ArgumentOutOfRangeException: Length cannot be less than zero.
Parameter name: length
   at System.String.Substring(Int32 startIndex, Int32 length)
   at HP.GFriend.Core.LibraryUtils.IsByPassedKeyword(String[] byPassKeywords, String line)
2024-06-19 09:14:48.201 [E] ?::?::Exception message : Length cannot be less than zero.
Parameter name: length
2024-06-19 09:14:48.201 [E] ?::?::Inner Exception : 
2024-06-19 09:14:48.201 [E] ?::?::IsByPassedKeyword method failed 
System.ArgumentOutOfRangeException: Length cannot be less than zero.
Parameter name: length
   at System.String.Substring(Int32 startIndex, Int32 length)
   at HP.GFriend.Core.LibraryUtils.IsByPassedKeyword(String[] byPassKeywords, String line)
2024-06-19 09:14:48.201 [E] ?::?::Exception message : Length cannot be less than zero.
Parameter name: length
2024-06-19 09:14:48.201 [E] ?::?::Inner Exception : 
2024-06-19 09:14:48.201 [E] ?::?::IsByPassedKeyword method failed 
System.ArgumentOutOfRangeException: Length cannot be less than zero.
Parameter name: length
   at System.String.Substring(Int32 startIndex, Int32 length)
   at HP.GFriend.Core.LibraryUtils.IsByPassedKeyword(String[] byPassKeywords, String line)
2024-06-19 09:14:48.201 [E] ?::?::Exception message : Length cannot be less than zero.
Parameter name: length
2024-06-19 09:14:48.201 [E] ?::?::Inner Exception : 
2024-06-19 09:14:48.201 [E] ?::?::IsByPassedKeyword method failed 
System.ArgumentOutOfRangeException: Length cannot be less than zero.
Parameter name: length
   at System.String.Substring(Int32 startIndex, Int32 length)
   at HP.GFriend.Core.LibraryUtils.IsByPassedKeyword(String[] byPassKeywords, String line)
2024-06-19 09:14:48.201 [E] ?::?::Exception message : Length cannot be less than zero.
Parameter name: length
2024-06-19 09:14:48.201 [E] ?::?::Inner Exception : 
2024-06-19 09:14:48.201 [E] ?::?::IsByPassedKeyword method failed 
System.ArgumentOutOfRangeException: Length cannot be less than zero.
Parameter name: length
   at System.String.Substring(Int32 startIndex, Int32 length)
   at HP.GFriend.Core.LibraryUtils.IsByPassedKeyword(String[] byPassKeywords, String line)
2024-06-19 09:14:48.201 [E] ?::?::Exception message : Length cannot be less than zero.
Parameter name: length
2024-06-19 09:14:48.201 [E] ?::?::Inner Exception : 
2024-06-19 09:14:48.201 [E] ?::?::IsByPassedKeyword method failed 
System.ArgumentOutOfRangeException: Length cannot be less than zero.
Parameter name: length
   at System.String.Substring(Int32 startIndex, Int32 length)
   at HP.GFriend.Core.LibraryUtils.IsByPassedKeyword(String[] byPassKeywords, String line)
2024-06-19 09:14:48.201 [E] ?::?::Exception message : Length cannot be less than zero.
Parameter name: length
2024-06-19 09:14:48.201 [E] ?::?::Inner Exception : 
2024-06-19 09:14:48.201 [E] ?::?::IsByPassedKeyword method failed 
System.ArgumentOutOfRangeException: Length cannot be less than zero.
Parameter name: length
   at System.String.Substring(Int32 startIndex, Int32 length)
   at HP.GFriend.Core.LibraryUtils.IsByPassedKeyword(String[] byPassKeywords, String line)
2024-06-19 09:14:48.201 [E] ?::?::Exception message : Length cannot be less than zero.
Parameter name: length
2024-06-19 09:14:48.201 [E] ?::?::Inner Exception : 
2024-06-19 09:14:48.201 [E] ?::?::IsByPassedKeyword method failed 
System.ArgumentOutOfRangeException: Length cannot be less than zero.
Parameter name: length
   at System.String.Substring(Int32 startIndex, Int32 length)
   at HP.GFriend.Core.LibraryUtils.IsByPassedKeyword(String[] byPassKeywords, String line)
2024-06-19 09:14:48.201 [E] ?::?::Exception message : Length cannot be less than zero.
Parameter name: length
2024-06-19 09:14:48.201 [E] ?::?::Inner Exception : 
2024-06-19 09:14:48.201 [E] ?::?::IsByPassedKeyword method failed 
System.ArgumentOutOfRangeException: Length cannot be less than zero.
Parameter name: length
   at System.String.Substring(Int32 startIndex, Int32 length)
   at HP.GFriend.Core.LibraryUtils.IsByPassedKeyword(String[] byPassKeywords, String line)
2024-06-19 09:14:48.201 [E] ?::?::Exception message : Length cannot be less than zero.
Parameter name: length
2024-06-19 09:14:48.201 [E] ?::?::Inner Exception : 
2024-06-19 09:14:48.201 [E] ?::?::IsByPassedKeyword method failed 
System.ArgumentOutOfRangeException: Length cannot be less than zero.
Parameter name: length
   at System.String.Substring(Int32 startIndex, Int32 length)
   at HP.GFriend.Core.LibraryUtils.IsByPassedKeyword(String[] byPassKeywords, String line)
2024-06-19 09:14:48.201 [E] ?::?::Exception message : Length cannot be less than zero.
Parameter name: length
2024-06-19 09:14:48.201 [E] ?::?::Inner Exception : 
2024-06-19 09:14:48.201 [E] ?::?::IsByPassedKeyword method failed 
System.ArgumentOutOfRangeException: Length cannot be less than zero.
Parameter name: length
   at System.String.Substring(Int32 startIndex, Int32 length)
   at HP.GFriend.Core.LibraryUtils.IsByPassedKeyword(String[] byPassKeywords, String line)
2024-06-19 09:14:48.201 [E] ?::?::Exception message : Length cannot be less than zero.
Parameter name: length
2024-06-19 09:14:48.201 [E] ?::?::Inner Exception : 
2024-06-19 09:14:48.201 [E] ?::?::IsByPassedKeyword method failed 
System.ArgumentOutOfRangeException: Length cannot be less than zero.
Parameter name: length
   at System.String.Substring(Int32 startIndex, Int32 length)
   at HP.GFriend.Core.LibraryUtils.IsByPassedKeyword(String[] byPassKeywords, String line)
2024-06-19 09:14:48.201 [E] ?::?::Exception message : Length cannot be less than zero.
Parameter name: length
2024-06-19 09:14:48.201 [E] ?::?::Inner Exception : 
2024-06-19 09:14:48.201 [E] ?::?::IsByPassedKeyword method failed 
System.ArgumentOutOfRangeException: Length cannot be less than zero.
Parameter name: length
   at System.String.Substring(Int32 startIndex, Int32 length)
   at HP.GFriend.Core.LibraryUtils.IsByPassedKeyword(String[] byPassKeywords, String line)
2024-06-19 09:14:48.201 [E] ?::?::Exception message : Length cannot be less than zero.
Parameter name: length
2024-06-19 09:14:48.201 [E] ?::?::Inner Exception : 
2024-06-19 09:14:48.201 [E] ?::?::IsByPassedKeyword method failed 
System.ArgumentOutOfRangeException: Length cannot be less than zero.
Parameter name: length
   at System.String.Substring(Int32 startIndex, Int32 length)
   at HP.GFriend.Core.LibraryUtils.IsByPassedKeyword(String[] byPassKeywords, String line)
2024-06-19 09:14:48.201 [E] ?::?::Exception message : Length cannot be less than zero.
Parameter name: length
2024-06-19 09:14:48.201 [E] ?::?::Inner Exception : 
2024-06-19 09:14:48.201 [E] ?::?::IsByPassedKeyword method failed 
System.ArgumentOutOfRangeException: Length cannot be less than zero.
Parameter name: length
   at System.String.Substring(Int32 startIndex, Int32 length)
   at HP.GFriend.Core.LibraryUtils.IsByPassedKeyword(String[] byPassKeywords, String line)
2024-06-19 09:14:48.201 [E] ?::?::Exception message : Length cannot be less than zero.
Parameter name: length
2024-06-19 09:14:48.201 [E] ?::?::Inner Exception : 
2024-06-19 09:14:48.201 [E] ?::?::IsByPassedKeyword method failed 
System.ArgumentOutOfRangeException: Length cannot be less than zero.
Parameter name: length
   at System.String.Substring(Int32 startIndex, Int32 length)
   at HP.GFriend.Core.LibraryUtils.IsByPassedKeyword(String[] byPassKeywords, String line)
2024-06-19 09:14:48.201 [E] ?::?::Exception message : Length cannot be less than zero.
Parameter name: length
2024-06-19 09:14:48.201 [E] ?::?::Inner Exception : 
2024-06-19 09:14:48.201 [E] ?::?::IsByPassedKeyword method failed 
System.ArgumentOutOfRangeException: Length cannot be less than zero.
Parameter name: length
   at System.String.Substring(Int32 startIndex, Int32 length)
   at HP.GFriend.Core.LibraryUtils.IsByPassedKeyword(String[] byPassKeywords, String line)
2024-06-19 09:14:48.201 [E] ?::?::Exception message : Length cannot be less than zero.
Parameter name: length
2024-06-19 09:14:48.201 [E] ?::?::Inner Exception : 
2024-06-19 09:14:48.201 [E] ?::?::IsByPassedKeyword method failed 
System.ArgumentOutOfRangeException: Length cannot be less than zero.
Parameter name: length
   at System.String.Substring(Int32 startIndex, Int32 length)
   at HP.GFriend.Core.LibraryUtils.IsByPassedKeyword(String[] byPassKeywords, String line)
2024-06-19 09:14:48.201 [E] ?::?::Exception message : Length cannot be less than zero.
Parameter name: length
2024-06-19 09:14:48.201 [E] ?::?::Inner Exception : 
2024-06-19 09:14:48.201 [E] ?::?::IsByPassedKeyword method failed 
System.ArgumentOutOfRangeException: Length cannot be less than zero.
Parameter name: length
   at System.String.Substring(Int32 startIndex, Int32 length)
   at HP.GFriend.Core.LibraryUtils.IsByPassedKeyword(String[] byPassKeywords, String line)
2024-06-19 09:14:48.201 [E] ?::?::Exception message : Length cannot be less than zero.
Parameter name: length
2024-06-19 09:14:48.201 [E] ?::?::Inner Exception : 
2024-06-19 09:14:48.201 [E] ?::?::IsByPassedKeyword method failed 
System.ArgumentOutOfRangeException: Length cannot be less than zero.
Parameter name: length
   at System.String.Substring(Int32 startIndex, Int32 length)
   at HP.GFriend.Core.LibraryUtils.IsByPassedKeyword(String[] byPassKeywords, String line)
2024-06-19 09:14:48.201 [E] ?::?::Exception message : Length cannot be less than zero.
Parameter name: length
2024-06-19 09:14:48.201 [E] ?::?::Inner Exception : 
2024-06-19 09:14:48.201 [E] ?::?::IsByPassedKeyword method failed 
System.ArgumentOutOfRangeException: Length cannot be less than zero.
Parameter name: length
   at System.String.Substring(Int32 startIndex, Int32 length)
   at HP.GFriend.Core.LibraryUtils.IsByPassedKeyword(String[] byPassKeywords, String line)
2024-06-19 09:14:48.201 [E] ?::?::Exception message : Length cannot be less than zero.
Parameter name: length
2024-06-19 09:14:48.201 [E] ?::?::Inner Exception : 
2024-06-19 09:14:48.201 [E] ?::?::IsByPassedKeyword method failed 
System.ArgumentOutOfRangeException: Length cannot be less than zero.
Parameter name: length
   at System.String.Substring(Int32 startIndex, Int32 length)
   at HP.GFriend.Core.LibraryUtils.IsByPassedKeyword(String[] byPassKeywords, String line)
2024-06-19 09:14:48.201 [E] ?::?::Exception message : Length cannot be less than zero.
Parameter name: length
2024-06-19 09:14:48.201 [E] ?::?::Inner Exception : 
2024-06-19 09:14:48.201 [E] ?::?::IsByPassedKeyword method failed 
System.ArgumentOutOfRangeException: Length cannot be less than zero.
Parameter name: length
   at System.String.Substring(Int32 startIndex, Int32 length)
   at HP.GFriend.Core.LibraryUtils.IsByPassedKeyword(String[] byPassKeywords, String line)
2024-06-19 09:14:48.201 [E] ?::?::Exception message : Length cannot be less than zero.
Parameter name: length
2024-06-19 09:14:48.201 [E] ?::?::Inner Exception : 
2024-06-19 09:14:48.201 [E] ?::?::IsByPassedKeyword method failed 
System.ArgumentOutOfRangeException: Length cannot be less than zero.
Parameter name: length
   at System.String.Substring(Int32 startIndex, Int32 length)
   at HP.GFriend.Core.LibraryUtils.IsByPassedKeyword(String[] byPassKeywords, String line)
2024-06-19 09:14:48.201 [E] ?::?::Exception message : Length cannot be less than zero.
Parameter name: length
2024-06-19 09:14:48.201 [E] ?::?::Inner Exception : 
2024-06-19 09:14:48.201 [E] ?::?::IsByPassedKeyword method failed 
System.ArgumentOutOfRangeException: Length cannot be less than zero.
Parameter name: length
   at System.String.Substring(Int32 startIndex, Int32 length)
   at HP.GFriend.Core.LibraryUtils.IsByPassedKeyword(String[] byPassKeywords, String line)
2024-06-19 09:14:48.201 [E] ?::?::Exception message : Length cannot be less than zero.
Parameter name: length
2024-06-19 09:14:48.201 [E] ?::?::Inner Exception : 
2024-06-19 09:14:48.201 [E] ?::?::IsByPassedKeyword method failed 
System.ArgumentOutOfRangeException: Length cannot be less than zero.
Parameter name: length
   at System.String.Substring(Int32 startIndex, Int32 length)
   at HP.GFriend.Core.LibraryUtils.IsByPassedKeyword(String[] byPassKeywords, String line)
2024-06-19 09:14:48.201 [E] ?::?::Exception message : Length cannot be less than zero.
Parameter name: length
2024-06-19 09:14:48.201 [E] ?::?::Inner Exception : 
2024-06-19 09:14:48.201 [E] ?::?::IsByPassedKeyword method failed 
System.ArgumentOutOfRangeException: Length cannot be less than zero.
Parameter name: length
   at System.String.Substring(Int32 startIndex, Int32 length)
   at HP.GFriend.Core.LibraryUtils.IsByPassedKeyword(String[] byPassKeywords, String line)
2024-06-19 09:14:48.201 [E] ?::?::Exception message : Length cannot be less than zero.
Parameter name: length
2024-06-19 09:14:48.201 [E] ?::?::Inner Exception : 
2024-06-19 09:14:48.201 [E] ?::?::IsByPassedKeyword method failed 
System.ArgumentOutOfRangeException: Length cannot be less than zero.
Parameter name: length
   at System.String.Substring(Int32 startIndex, Int32 length)
   at HP.GFriend.Core.LibraryUtils.IsByPassedKeyword(String[] byPassKeywords, String line)
2024-06-19 09:14:48.201 [E] ?::?::Exception message : Length cannot be less than zero.
Parameter name: length
2024-06-19 09:14:48.201 [E] ?::?::Inner Exception : 
2024-06-19 09:14:48.201 [E] ?::?::IsByPassedKeyword method failed 
System.ArgumentOutOfRangeException: Length cannot be less than zero.
Parameter name: length
   at System.String.Substring(Int32 startIndex, Int32 length)
   at HP.GFriend.Core.LibraryUtils.IsByPassedKeyword(String[] byPassKeywords, String line)
2024-06-19 09:14:48.201 [E] ?::?::Exception message : Length cannot be less than zero.
Parameter name: length
2024-06-19 09:14:48.201 [E] ?::?::Inner Exception : 
2024-06-19 09:14:48.201 [E] ?::?::IsByPassedKeyword method failed 
System.ArgumentOutOfRangeException: Length cannot be less than zero.
Parameter name: length
   at System.String.Substring(Int32 startIndex, Int32 length)
   at HP.GFriend.Core.LibraryUtils.IsByPassedKeyword(String[] byPassKeywords, String line)
2024-06-19 09:14:48.201 [E] ?::?::Exception message : Length cannot be less than zero.
Parameter name: length
2024-06-19 09:14:48.201 [E] ?::?::Inner Exception : 
2024-06-19 09:14:48.217 [E] ?::?::IsByPassedKeyword method failed 
System.ArgumentOutOfRangeException: Length cannot be less than zero.
Parameter name: length
   at System.String.Substring(Int32 startIndex, Int32 length)
   at HP.GFriend.Core.LibraryUtils.IsByPassedKeyword(String[] byPassKeywords, String line)
2024-06-19 09:14:48.217 [E] ?::?::Exception message : Length cannot be less than zero.
Parameter name: length
2024-06-19 09:14:48.217 [E] ?::?::Inner Exception : 
2024-06-19 09:14:48.217 [E] ?::?::IsByPassedKeyword method failed 
System.ArgumentOutOfRangeException: Length cannot be less than zero.
Parameter name: length
   at System.String.Substring(Int32 startIndex, Int32 length)
   at HP.GFriend.Core.LibraryUtils.IsByPassedKeyword(String[] byPassKeywords, String line)
2024-06-19 09:14:48.217 [E] ?::?::Exception message : Length cannot be less than zero.
Parameter name: length
2024-06-19 09:14:48.217 [E] ?::?::Inner Exception : 
2024-06-19 09:14:48.217 [E] ?::?::IsByPassedKeyword method failed 
System.ArgumentOutOfRangeException: Length cannot be less than zero.
Parameter name: length
   at System.String.Substring(Int32 startIndex, Int32 length)
   at HP.GFriend.Core.LibraryUtils.IsByPassedKeyword(String[] byPassKeywords, String line)
2024-06-19 09:14:48.217 [E] ?::?::Exception message : Length cannot be less than zero.
Parameter name: length
2024-06-19 09:14:48.217 [E] ?::?::Inner Exception : 
2024-06-19 09:14:48.217 [E] ?::?::IsByPassedKeyword method failed 
System.ArgumentOutOfRangeException: Length cannot be less than zero.
Parameter name: length
   at System.String.Substring(Int32 startIndex, Int32 length)
   at HP.GFriend.Core.LibraryUtils.IsByPassedKeyword(String[] byPassKeywords, String line)
2024-06-19 09:14:48.217 [E] ?::?::Exception message : Length cannot be less than zero.
Parameter name: length
2024-06-19 09:14:48.217 [E] ?::?::Inner Exception : 
2024-06-19 09:14:48.217 [E] ?::?::IsByPassedKeyword method failed 
System.ArgumentOutOfRangeException: Length cannot be less than zero.
Parameter name: length
   at System.String.Substring(Int32 startIndex, Int32 length)
   at HP.GFriend.Core.LibraryUtils.IsByPassedKeyword(String[] byPassKeywords, String line)
2024-06-19 09:14:48.217 [E] ?::?::Exception message : Length cannot be less than zero.
Parameter name: length
2024-06-19 09:14:48.217 [E] ?::?::Inner Exception : 
2024-06-19 09:14:48.217 [E] ?::?::IsByPassedKeyword method failed 
System.ArgumentOutOfRangeException: Length cannot be less than zero.
Parameter name: length
   at System.String.Substring(Int32 startIndex, Int32 length)
   at HP.GFriend.Core.LibraryUtils.IsByPassedKeyword(String[] byPassKeywords, String line)
2024-06-19 09:14:48.217 [E] ?::?::Exception message : Length cannot be less than zero.
Parameter name: length
2024-06-19 09:14:48.217 [E] ?::?::Inner Exception : 
2024-06-19 09:14:48.217 [E] ?::?::IsByPassedKeyword method failed 
System.ArgumentOutOfRangeException: Length cannot be less than zero.
Parameter name: length
   at System.String.Substring(Int32 startIndex, Int32 length)
   at HP.GFriend.Core.LibraryUtils.IsByPassedKeyword(String[] byPassKeywords, String line)
2024-06-19 09:14:48.217 [E] ?::?::Exception message : Length cannot be less than zero.
Parameter name: length
2024-06-19 09:14:48.217 [E] ?::?::Inner Exception : 
2024-06-19 09:14:48.217 [E] ?::?::IsByPassedKeyword method failed 
System.ArgumentOutOfRangeException: Length cannot be less than zero.
Parameter name: length
   at System.String.Substring(Int32 startIndex, Int32 length)
   at HP.GFriend.Core.LibraryUtils.IsByPassedKeyword(String[] byPassKeywords, String line)
2024-06-19 09:14:48.217 [E] ?::?::Exception message : Length cannot be less than zero.
Parameter name: length
2024-06-19 09:14:48.217 [E] ?::?::Inner Exception : 
2024-06-19 09:14:48.217 [E] ?::?::IsByPassedKeyword method failed 
System.ArgumentOutOfRangeException: Length cannot be less than zero.
Parameter name: length
   at System.String.Substring(Int32 startIndex, Int32 length)
   at HP.GFriend.Core.LibraryUtils.IsByPassedKeyword(String[] byPassKeywords, String line)
2024-06-19 09:14:48.217 [E] ?::?::Exception message : Length cannot be less than zero.
Parameter name: length
2024-06-19 09:14:48.217 [E] ?::?::Inner Exception : 
2024-06-19 09:14:48.217 [E] ?::?::IsByPassedKeyword method failed 
System.ArgumentOutOfRangeException: Length cannot be less than zero.
Parameter name: length
   at System.String.Substring(Int32 startIndex, Int32 length)
   at HP.GFriend.Core.LibraryUtils.IsByPassedKeyword(String[] byPassKeywords, String line)
2024-06-19 09:14:48.217 [E] ?::?::Exception message : Length cannot be less than zero.
Parameter name: length
2024-06-19 09:14:48.217 [E] ?::?::Inner Exception : 
2024-06-19 09:14:48.217 [E] ?::?::IsByPassedKeyword method failed 
System.ArgumentOutOfRangeException: Length cannot be less than zero.
Parameter name: length
   at System.String.Substring(Int32 startIndex, Int32 length)
   at HP.GFriend.Core.LibraryUtils.IsByPassedKeyword(String[] byPassKeywords, String line)
2024-06-19 09:14:48.217 [E] ?::?::Exception message : Length cannot be less than zero.
Parameter name: length
2024-06-19 09:14:48.217 [E] ?::?::Inner Exception : 
2024-06-19 09:14:48.217 [E] ?::?::IsByPassedKeyword method failed 
System.ArgumentOutOfRangeException: Length cannot be less than zero.
Parameter name: length
   at System.String.Substring(Int32 startIndex, Int32 length)
   at HP.GFriend.Core.LibraryUtils.IsByPassedKeyword(String[] byPassKeywords, String line)
2024-06-19 09:14:48.217 [E] ?::?::Exception message : Length cannot be less than zero.
Parameter name: length
2024-06-19 09:14:48.217 [E] ?::?::Inner Exception : 
2024-06-19 09:14:48.217 [E] ?::?::IsByPassedKeyword method failed 
System.ArgumentOutOfRangeException: Length cannot be less than zero.
Parameter name: length
   at System.String.Substring(Int32 startIndex, Int32 length)
   at HP.GFriend.Core.LibraryUtils.IsByPassedKeyword(String[] byPassKeywords, String line)
2024-06-19 09:14:48.217 [E] ?::?::Exception message : Length cannot be less than zero.
Parameter name: length
2024-06-19 09:14:48.217 [E] ?::?::Inner Exception : 
2024-06-19 09:14:48.217 [E] ?::?::IsByPassedKeyword method failed 
System.ArgumentOutOfRangeException: Length cannot be less than zero.
Parameter name: length
   at System.String.Substring(Int32 startIndex, Int32 length)
   at HP.GFriend.Core.LibraryUtils.IsByPassedKeyword(String[] byPassKeywords, String line)
2024-06-19 09:14:48.217 [E] ?::?::Exception message : Length cannot be less than zero.
Parameter name: length
2024-06-19 09:14:48.217 [E] ?::?::Inner Exception : 
2024-06-19 09:15:13.166 [T] ?::?::Parsing done
2024-06-19 09:15:13.166 [T] ?::?::Destination_Selection_Application is crated
2024-06-19 09:15:13.166 [T] ?::?::Creating custom library with C:\GFriend_PotG\scripts\Acual Script\Acual Script\Used_Destination_Selection_Function.gflib
2024-06-19 09:15:13.166 [T] ?::?::GFriend version : 2.55.1.1
2024-06-19 09:15:13.166 [T] ?::?::Parsing start
2024-06-19 09:15:13.166 [T] ?::?::Parsing Variable File : C:\GFriend_PotG\scripts\Acual Script\Acual Script\Testfile.gfvar
2024-06-19 09:15:13.166 [D] ?::?::Post Action
2024-06-19 09:15:13.166 [T] ?::?::All Used Libraries::C:\GFriend_PotG\scripts\Acual Script\Acual Script\Used_Destination_Selection_Function.gflib
2024-06-19 09:15:13.166 [T] ?::?::Device ID : __NO__DUT__
2024-06-19 09:15:13.166 [T] ?::?::BuiltIn is used BuiltIn
2024-06-19 09:15:13.166 [T] ?::?::Windows is used Windows
2024-06-19 09:15:13.166 [T] ?::?::Device ID : __DEFUALT__DUT__
2024-06-19 09:15:13.166 [T] ?::?::Hallasan is used Hallasan
2024-06-19 09:15:13.166 [E] ?::?::IsByPassedKeyword method failed 
System.ArgumentOutOfRangeException: Length cannot be less than zero.
Parameter name: length
   at System.String.Substring(Int32 startIndex, Int32 length)
   at HP.GFriend.Core.LibraryUtils.IsByPassedKeyword(String[] byPassKeywords, String line)
2024-06-19 09:15:13.166 [E] ?::?::Exception message : Length cannot be less than zero.
Parameter name: length
2024-06-19 09:15:13.166 [E] ?::?::Inner Exception : 
2024-06-19 09:15:13.166 [E] ?::?::IsByPassedKeyword method failed 
System.ArgumentOutOfRangeException: Length cannot be less than zero.
Parameter name: length
   at System.String.Substring(Int32 startIndex, Int32 length)
   at HP.GFriend.Core.LibraryUtils.IsByPassedKeyword(String[] byPassKeywords, String line)
2024-06-19 09:15:13.166 [E] ?::?::Exception message : Length cannot be less than zero.
Parameter name: length
2024-06-19 09:15:13.166 [E] ?::?::Inner Exception : 
2024-06-19 09:15:13.166 [E] ?::?::IsByPassedKeyword method failed 
System.ArgumentOutOfRangeException: Length cannot be less than zero.
Parameter name: length
   at System.String.Substring(Int32 startIndex, Int32 length)
   at HP.GFriend.Core.LibraryUtils.IsByPassedKeyword(String[] byPassKeywords, String line)
2024-06-19 09:15:13.166 [E] ?::?::Exception message : Length cannot be less than zero.
Parameter name: length
2024-06-19 09:15:13.166 [E] ?::?::Inner Exception : 
2024-06-19 09:15:13.166 [E] ?::?::IsByPassedKeyword method failed 
System.ArgumentOutOfRangeException: Length cannot be less than zero.
Parameter name: length
   at System.String.Substring(Int32 startIndex, Int32 length)
   at HP.GFriend.Core.LibraryUtils.IsByPassedKeyword(String[] byPassKeywords, String line)
2024-06-19 09:15:13.166 [E] ?::?::Exception message : Length cannot be less than zero.
Parameter name: length
2024-06-19 09:15:13.166 [E] ?::?::Inner Exception : 
2024-06-19 09:15:13.166 [E] ?::?::IsByPassedKeyword method failed 
System.ArgumentOutOfRangeException: Length cannot be less than zero.
Parameter name: length
   at System.String.Substring(Int32 startIndex, Int32 length)
   at HP.GFriend.Core.LibraryUtils.IsByPassedKeyword(String[] byPassKeywords, String line)
2024-06-19 09:15:13.166 [E] ?::?::Exception message : Length cannot be less than zero.
Parameter name: length
2024-06-19 09:15:13.166 [E] ?::?::Inner Exception : 
2024-06-19 09:15:13.166 [E] ?::?::IsByPassedKeyword method failed 
System.ArgumentOutOfRangeException: Length cannot be less than zero.
Parameter name: length
   at System.String.Substring(Int32 startIndex, Int32 length)
   at HP.GFriend.Core.LibraryUtils.IsByPassedKeyword(String[] byPassKeywords, String line)
2024-06-19 09:15:13.166 [E] ?::?::Exception message : Length cannot be less than zero.
Parameter name: length
2024-06-19 09:15:13.166 [E] ?::?::Inner Exception : 
2024-06-19 09:15:13.166 [E] ?::?::IsByPassedKeyword method failed 
System.ArgumentOutOfRangeException: Length cannot be less than zero.
Parameter name: length
   at System.String.Substring(Int32 startIndex, Int32 length)
   at HP.GFriend.Core.LibraryUtils.IsByPassedKeyword(String[] byPassKeywords, String line)
2024-06-19 09:15:13.166 [E] ?::?::Exception message : Length cannot be less than zero.
Parameter name: length
2024-06-19 09:15:13.166 [E] ?::?::Inner Exception : 
2024-06-19 09:15:13.166 [E] ?::?::IsByPassedKeyword method failed 
System.ArgumentOutOfRangeException: Length cannot be less than zero.
Parameter name: length
   at System.String.Substring(Int32 startIndex, Int32 length)
   at HP.GFriend.Core.LibraryUtils.IsByPassedKeyword(String[] byPassKeywords, String line)
2024-06-19 09:15:13.166 [E] ?::?::Exception message : Length cannot be less than zero.
Parameter name: length
2024-06-19 09:15:13.166 [E] ?::?::Inner Exception : 
2024-06-19 09:15:13.166 [E] ?::?::IsByPassedKeyword method failed 
System.ArgumentOutOfRangeException: Length cannot be less than zero.
Parameter name: length
   at System.String.Substring(Int32 startIndex, Int32 length)
   at HP.GFriend.Core.LibraryUtils.IsByPassedKeyword(String[] byPassKeywords, String line)
2024-06-19 09:15:13.166 [E] ?::?::Exception message : Length cannot be less than zero.
Parameter name: length
2024-06-19 09:15:13.166 [E] ?::?::Inner Exception : 
2024-06-19 09:15:13.166 [E] ?::?::IsByPassedKeyword method failed 
System.ArgumentOutOfRangeException: Length cannot be less than zero.
Parameter name: length
   at System.String.Substring(Int32 startIndex, Int32 length)
   at HP.GFriend.Core.LibraryUtils.IsByPassedKeyword(String[] byPassKeywords, String line)
2024-06-19 09:15:13.166 [E] ?::?::Exception message : Length cannot be less than zero.
Parameter name: length
2024-06-19 09:15:13.166 [E] ?::?::Inner Exception : 
2024-06-19 09:15:13.166 [E] ?::?::IsByPassedKeyword method failed 
System.ArgumentOutOfRangeException: Length cannot be less than zero.
Parameter name: length
   at System.String.Substring(Int32 startIndex, Int32 length)
   at HP.GFriend.Core.LibraryUtils.IsByPassedKeyword(String[] byPassKeywords, String line)
2024-06-19 09:15:13.166 [E] ?::?::Exception message : Length cannot be less than zero.
Parameter name: length
2024-06-19 09:15:13.166 [E] ?::?::Inner Exception : 
2024-06-19 09:15:13.166 [E] ?::?::IsByPassedKeyword method failed 
System.ArgumentOutOfRangeException: Length cannot be less than zero.
Parameter name: length
   at System.String.Substring(Int32 startIndex, Int32 length)
   at HP.GFriend.Core.LibraryUtils.IsByPassedKeyword(String[] byPassKeywords, String line)
2024-06-19 09:15:13.166 [E] ?::?::Exception message : Length cannot be less than zero.
Parameter name: length
2024-06-19 09:15:13.166 [E] ?::?::Inner Exception : 
2024-06-19 09:15:13.166 [E] ?::?::IsByPassedKeyword method failed 
System.ArgumentOutOfRangeException: Length cannot be less than zero.
Parameter name: length
   at System.String.Substring(Int32 startIndex, Int32 length)
   at HP.GFriend.Core.LibraryUtils.IsByPassedKeyword(String[] byPassKeywords, String line)
2024-06-19 09:15:13.166 [E] ?::?::Exception message : Length cannot be less than zero.
Parameter name: length
2024-06-19 09:15:13.166 [E] ?::?::Inner Exception : 
2024-06-19 09:15:13.166 [E] ?::?::IsByPassedKeyword method failed 
System.ArgumentOutOfRangeException: Length cannot be less than zero.
Parameter name: length
   at System.String.Substring(Int32 startIndex, Int32 length)
   at HP.GFriend.Core.LibraryUtils.IsByPassedKeyword(String[] byPassKeywords, String line)
2024-06-19 09:15:13.166 [E] ?::?::Exception message : Length cannot be less than zero.
Parameter name: length
2024-06-19 09:15:13.166 [E] ?::?::Inner Exception : 
2024-06-19 09:15:13.166 [E] ?::?::IsByPassedKeyword method failed 
System.ArgumentOutOfRangeException: Length cannot be less than zero.
Parameter name: length
   at System.String.Substring(Int32 startIndex, Int32 length)
   at HP.GFriend.Core.LibraryUtils.IsByPassedKeyword(String[] byPassKeywords, String line)
2024-06-19 09:15:13.166 [E] ?::?::Exception message : Length cannot be less than zero.
Parameter name: length
2024-06-19 09:15:13.166 [E] ?::?::Inner Exception : 
2024-06-19 09:15:13.166 [E] ?::?::IsByPassedKeyword method failed 
System.ArgumentOutOfRangeException: Length cannot be less than zero.
Parameter name: length
   at System.String.Substring(Int32 startIndex, Int32 length)
   at HP.GFriend.Core.LibraryUtils.IsByPassedKeyword(String[] byPassKeywords, String line)
2024-06-19 09:15:13.166 [E] ?::?::Exception message : Length cannot be less than zero.
Parameter name: length
2024-06-19 09:15:13.166 [E] ?::?::Inner Exception : 
2024-06-19 09:15:13.166 [E] ?::?::IsByPassedKeyword method failed 
System.ArgumentOutOfRangeException: Length cannot be less than zero.
Parameter name: length
   at System.String.Substring(Int32 startIndex, Int32 length)
   at HP.GFriend.Core.LibraryUtils.IsByPassedKeyword(String[] byPassKeywords, String line)
2024-06-19 09:15:13.166 [E] ?::?::Exception message : Length cannot be less than zero.
Parameter name: length
2024-06-19 09:15:13.166 [E] ?::?::Inner Exception : 
2024-06-19 09:15:13.166 [E] ?::?::IsByPassedKeyword method failed 
System.ArgumentOutOfRangeException: Length cannot be less than zero.
Parameter name: length
   at System.String.Substring(Int32 startIndex, Int32 length)
   at HP.GFriend.Core.LibraryUtils.IsByPassedKeyword(String[] byPassKeywords, String line)
2024-06-19 09:15:13.166 [E] ?::?::Exception message : Length cannot be less than zero.
Parameter name: length
2024-06-19 09:15:13.166 [E] ?::?::Inner Exception : 
2024-06-19 09:15:13.166 [E] ?::?::IsByPassedKeyword method failed 
System.ArgumentOutOfRangeException: Length cannot be less than zero.
Parameter name: length
   at System.String.Substring(Int32 startIndex, Int32 length)
   at HP.GFriend.Core.LibraryUtils.IsByPassedKeyword(String[] byPassKeywords, String line)
2024-06-19 09:15:13.166 [E] ?::?::Exception message : Length cannot be less than zero.
Parameter name: length
2024-06-19 09:15:13.166 [E] ?::?::Inner Exception : 
2024-06-19 09:15:13.166 [E] ?::?::IsByPassedKeyword method failed 
System.ArgumentOutOfRangeException: Length cannot be less than zero.
Parameter name: length
   at System.String.Substring(Int32 startIndex, Int32 length)
   at HP.GFriend.Core.LibraryUtils.IsByPassedKeyword(String[] byPassKeywords, String line)
2024-06-19 09:15:13.166 [E] ?::?::Exception message : Length cannot be less than zero.
Parameter name: length
2024-06-19 09:15:13.166 [E] ?::?::Inner Exception : 
2024-06-19 09:15:13.166 [E] ?::?::IsByPassedKeyword method failed 
System.ArgumentOutOfRangeException: Length cannot be less than zero.
Parameter name: length
   at System.String.Substring(Int32 startIndex, Int32 length)
   at HP.GFriend.Core.LibraryUtils.IsByPassedKeyword(String[] byPassKeywords, String line)
2024-06-19 09:15:13.166 [E] ?::?::Exception message : Length cannot be less than zero.
Parameter name: length
2024-06-19 09:15:13.166 [E] ?::?::Inner Exception : 
2024-06-19 09:15:13.166 [E] ?::?::IsByPassedKeyword method failed 
System.ArgumentOutOfRangeException: Length cannot be less than zero.
Parameter name: length
   at System.String.Substring(Int32 startIndex, Int32 length)
   at HP.GFriend.Core.LibraryUtils.IsByPassedKeyword(String[] byPassKeywords, String line)
2024-06-19 09:15:13.166 [E] ?::?::Exception message : Length cannot be less than zero.
Parameter name: length
2024-06-19 09:15:13.166 [E] ?::?::Inner Exception : 
2024-06-19 09:15:13.166 [E] ?::?::IsByPassedKeyword method failed 
System.ArgumentOutOfRangeException: Length cannot be less than zero.
Parameter name: length
   at System.String.Substring(Int32 startIndex, Int32 length)
   at HP.GFriend.Core.LibraryUtils.IsByPassedKeyword(String[] byPassKeywords, String line)
2024-06-19 09:15:13.166 [E] ?::?::Exception message : Length cannot be less than zero.
Parameter name: length
2024-06-19 09:15:13.166 [E] ?::?::Inner Exception : 
2024-06-19 09:15:13.166 [E] ?::?::IsByPassedKeyword method failed 
System.ArgumentOutOfRangeException: Length cannot be less than zero.
Parameter name: length
   at System.String.Substring(Int32 startIndex, Int32 length)
   at HP.GFriend.Core.LibraryUtils.IsByPassedKeyword(String[] byPassKeywords, String line)
2024-06-19 09:15:13.166 [E] ?::?::Exception message : Length cannot be less than zero.
Parameter name: length
2024-06-19 09:15:13.166 [E] ?::?::Inner Exception : 
2024-06-19 09:15:13.166 [E] ?::?::IsByPassedKeyword method failed 
System.ArgumentOutOfRangeException: Length cannot be less than zero.
Parameter name: length
   at System.String.Substring(Int32 startIndex, Int32 length)
   at HP.GFriend.Core.LibraryUtils.IsByPassedKeyword(String[] byPassKeywords, String line)
2024-06-19 09:15:13.166 [E] ?::?::Exception message : Length cannot be less than zero.
Parameter name: length
2024-06-19 09:15:13.166 [E] ?::?::Inner Exception : 
2024-06-19 09:15:13.166 [E] ?::?::IsByPassedKeyword method failed 
System.ArgumentOutOfRangeException: Length cannot be less than zero.
Parameter name: length
   at System.String.Substring(Int32 startIndex, Int32 length)
   at HP.GFriend.Core.LibraryUtils.IsByPassedKeyword(String[] byPassKeywords, String line)
2024-06-19 09:15:13.166 [E] ?::?::Exception message : Length cannot be less than zero.
Parameter name: length
2024-06-19 09:15:13.166 [E] ?::?::Inner Exception : 
2024-06-19 09:15:13.166 [E] ?::?::IsByPassedKeyword method failed 
System.ArgumentOutOfRangeException: Length cannot be less than zero.
Parameter name: length
   at System.String.Substring(Int32 startIndex, Int32 length)
   at HP.GFriend.Core.LibraryUtils.IsByPassedKeyword(String[] byPassKeywords, String line)
2024-06-19 09:15:13.166 [E] ?::?::Exception message : Length cannot be less than zero.
Parameter name: length
2024-06-19 09:15:13.166 [E] ?::?::Inner Exception : 
2024-06-19 09:15:13.166 [E] ?::?::IsByPassedKeyword method failed 
System.ArgumentOutOfRangeException: Length cannot be less than zero.
Parameter name: length
   at System.String.Substring(Int32 startIndex, Int32 length)
   at HP.GFriend.Core.LibraryUtils.IsByPassedKeyword(String[] byPassKeywords, String line)
2024-06-19 09:15:13.166 [E] ?::?::Exception message : Length cannot be less than zero.
Parameter name: length
2024-06-19 09:15:13.166 [E] ?::?::Inner Exception : 
2024-06-19 09:15:13.166 [E] ?::?::IsByPassedKeyword method failed 
System.ArgumentOutOfRangeException: Length cannot be less than zero.
Parameter name: length
   at System.String.Substring(Int32 startIndex, Int32 length)
   at HP.GFriend.Core.LibraryUtils.IsByPassedKeyword(String[] byPassKeywords, String line)
2024-06-19 09:15:13.166 [E] ?::?::Exception message : Length cannot be less than zero.
Parameter name: length
2024-06-19 09:15:13.166 [E] ?::?::Inner Exception : 
2024-06-19 09:15:13.166 [E] ?::?::IsByPassedKeyword method failed 
System.ArgumentOutOfRangeException: Length cannot be less than zero.
Parameter name: length
   at System.String.Substring(Int32 startIndex, Int32 length)
   at HP.GFriend.Core.LibraryUtils.IsByPassedKeyword(String[] byPassKeywords, String line)
2024-06-19 09:15:13.166 [E] ?::?::Exception message : Length cannot be less than zero.
Parameter name: length
2024-06-19 09:15:13.166 [E] ?::?::Inner Exception : 
2024-06-19 09:15:13.166 [E] ?::?::IsByPassedKeyword method failed 
System.ArgumentOutOfRangeException: Length cannot be less than zero.
Parameter name: length
   at System.String.Substring(Int32 startIndex, Int32 length)
   at HP.GFriend.Core.LibraryUtils.IsByPassedKeyword(String[] byPassKeywords, String line)
2024-06-19 09:15:13.166 [E] ?::?::Exception message : Length cannot be less than zero.
Parameter name: length
2024-06-19 09:15:13.166 [E] ?::?::Inner Exception : 
2024-06-19 09:15:13.166 [E] ?::?::IsByPassedKeyword method failed 
System.ArgumentOutOfRangeException: Length cannot be less than zero.
Parameter name: length
   at System.String.Substring(Int32 startIndex, Int32 length)
   at HP.GFriend.Core.LibraryUtils.IsByPassedKeyword(String[] byPassKeywords, String line)
2024-06-19 09:15:13.166 [E] ?::?::Exception message : Length cannot be less than zero.
Parameter name: length
2024-06-19 09:15:13.166 [E] ?::?::Inner Exception : 
2024-06-19 09:15:13.166 [E] ?::?::IsByPassedKeyword method failed 
System.ArgumentOutOfRangeException: Length cannot be less than zero.
Parameter name: length
   at System.String.Substring(Int32 startIndex, Int32 length)
   at HP.GFriend.Core.LibraryUtils.IsByPassedKeyword(String[] byPassKeywords, String line)
2024-06-19 09:15:13.166 [E] ?::?::Exception message : Length cannot be less than zero.
Parameter name: length
2024-06-19 09:15:13.166 [E] ?::?::Inner Exception : 
2024-06-19 09:15:13.166 [E] ?::?::IsByPassedKeyword method failed 
System.ArgumentOutOfRangeException: Length cannot be less than zero.
Parameter name: length
   at System.String.Substring(Int32 startIndex, Int32 length)
   at HP.GFriend.Core.LibraryUtils.IsByPassedKeyword(String[] byPassKeywords, String line)
2024-06-19 09:15:13.166 [E] ?::?::Exception message : Length cannot be less than zero.
Parameter name: length
2024-06-19 09:15:13.166 [E] ?::?::Inner Exception : 
2024-06-19 09:15:13.166 [E] ?::?::IsByPassedKeyword method failed 
System.ArgumentOutOfRangeException: Length cannot be less than zero.
Parameter name: length
   at System.String.Substring(Int32 startIndex, Int32 length)
   at HP.GFriend.Core.LibraryUtils.IsByPassedKeyword(String[] byPassKeywords, String line)
2024-06-19 09:15:13.166 [E] ?::?::Exception message : Length cannot be less than zero.
Parameter name: length
2024-06-19 09:15:13.166 [E] ?::?::Inner Exception : 
2024-06-19 09:15:13.276 [T] ?::?::Parsing done
2024-06-19 09:15:13.276 [T] ?::?::Used_Destination_Selection_Function is crated
2024-06-19 09:15:13.276 [T] ?::?::Creating custom library with C:\GFriend_PotG\scripts\Acual Script\Acual Script\Click_Print_Button.gflib
2024-06-19 09:15:13.276 [T] ?::?::GFriend version : 2.55.1.1
2024-06-19 09:15:13.276 [T] ?::?::Parsing start
2024-06-19 09:15:13.276 [T] ?::?::Parsing Variable File : C:\GFriend_PotG\scripts\Acual Script\Acual Script\Testfile.gfvar
2024-06-19 09:15:13.276 [D] ?::?::Post Action
2024-06-19 09:15:13.276 [T] ?::?::All Used Libraries::C:\GFriend_PotG\scripts\Acual Script\Acual Script\Click_Print_Button.gflib
2024-06-19 09:15:13.276 [T] ?::?::Device ID : __NO__DUT__
2024-06-19 09:15:13.276 [T] ?::?::BuiltIn is used BuiltIn
2024-06-19 09:15:13.276 [T] ?::?::Windows is used Windows
2024-06-19 09:15:13.276 [T] ?::?::Device ID : __DEFUALT__DUT__
2024-06-19 09:15:13.276 [T] ?::?::Hallasan is used Hallasan
2024-06-19 09:15:13.276 [E] ?::?::IsByPassedKeyword method failed 
System.ArgumentOutOfRangeException: Length cannot be less than zero.
Parameter name: length
   at System.String.Substring(Int32 startIndex, Int32 length)
   at HP.GFriend.Core.LibraryUtils.IsByPassedKeyword(String[] byPassKeywords, String line)
2024-06-19 09:15:13.276 [E] ?::?::Exception message : Length cannot be less than zero.
Parameter name: length
2024-06-19 09:15:13.276 [E] ?::?::Inner Exception : 
2024-06-19 09:15:13.276 [E] ?::?::IsByPassedKeyword method failed 
System.ArgumentOutOfRangeException: Length cannot be less than zero.
Parameter name: length
   at System.String.Substring(Int32 startIndex, Int32 length)
   at HP.GFriend.Core.LibraryUtils.IsByPassedKeyword(String[] byPassKeywords, String line)
2024-06-19 09:15:13.276 [E] ?::?::Exception message : Length cannot be less than zero.
Parameter name: length
2024-06-19 09:15:13.276 [E] ?::?::Inner Exception : 
2024-06-19 09:15:13.276 [E] ?::?::IsByPassedKeyword method failed 
System.ArgumentOutOfRangeException: Length cannot be less than zero.
Parameter name: length
   at System.String.Substring(Int32 startIndex, Int32 length)
   at HP.GFriend.Core.LibraryUtils.IsByPassedKeyword(String[] byPassKeywords, String line)
2024-06-19 09:15:13.276 [E] ?::?::Exception message : Length cannot be less than zero.
Parameter name: length
2024-06-19 09:15:13.276 [E] ?::?::Inner Exception : 
2024-06-19 09:15:13.276 [T] ?::?::Parsing done
2024-06-19 09:15:13.276 [T] ?::?::Click_Print_Button is crated
2024-06-19 09:15:13.276 [T] ?::?::Creating custom library with C:\GFriend_PotG\scripts\Acual Script\Acual Script\Destination_Selection_PSA_Application.gflib
2024-06-19 09:15:13.276 [T] ?::?::GFriend version : 2.55.1.1
2024-06-19 09:15:13.276 [T] ?::?::Parsing start
2024-06-19 09:15:13.276 [T] ?::?::Parsing Variable File : C:\GFriend_PotG\scripts\Acual Script\Acual Script\Testfile.gfvar
2024-06-19 09:15:13.276 [D] ?::?::Post Action
2024-06-19 09:15:13.276 [T] ?::?::All Used Libraries::C:\GFriend_PotG\scripts\Acual Script\Acual Script\Destination_Selection_PSA_Application.gflib
2024-06-19 09:15:13.276 [T] ?::?::Device ID : __NO__DUT__
2024-06-19 09:15:13.276 [T] ?::?::BuiltIn is used BuiltIn
2024-06-19 09:15:13.276 [T] ?::?::Windows is used Windows
2024-06-19 09:15:13.276 [T] ?::?::XML is used XML
2024-06-19 09:15:13.291 [T] ?::?::Device ID : __DEFUALT__DUT__
2024-06-19 09:15:13.291 [T] ?::?::Hallasan is used Hallasan
2024-06-19 09:15:13.292 [E] ?::?::IsByPassedKeyword method failed 
System.ArgumentOutOfRangeException: Length cannot be less than zero.
Parameter name: length
   at System.String.Substring(Int32 startIndex, Int32 length)
   at HP.GFriend.Core.LibraryUtils.IsByPassedKeyword(String[] byPassKeywords, String line)
2024-06-19 09:15:13.292 [E] ?::?::Exception message : Length cannot be less than zero.
Parameter name: length
2024-06-19 09:15:13.292 [E] ?::?::Inner Exception : 
2024-06-19 09:15:13.292 [E] ?::?::IsByPassedKeyword method failed 
System.ArgumentOutOfRangeException: Length cannot be less than zero.
Parameter name: length
   at System.String.Substring(Int32 startIndex, Int32 length)
   at HP.GFriend.Core.LibraryUtils.IsByPassedKeyword(String[] byPassKeywords, String line)
2024-06-19 09:15:13.292 [E] ?::?::Exception message : Length cannot be less than zero.
Parameter name: length
2024-06-19 09:15:13.292 [E] ?::?::Inner Exception : 
2024-06-19 09:15:13.292 [E] ?::?::IsByPassedKeyword method failed 
System.ArgumentOutOfRangeException: Length cannot be less than zero.
Parameter name: length
   at System.String.Substring(Int32 startIndex, Int32 length)
   at HP.GFriend.Core.LibraryUtils.IsByPassedKeyword(String[] byPassKeywords, String line)
2024-06-19 09:15:13.292 [E] ?::?::Exception message : Length cannot be less than zero.
Parameter name: length
2024-06-19 09:15:13.292 [E] ?::?::Inner Exception : 
2024-06-19 09:15:13.292 [E] ?::?::IsByPassedKeyword method failed 
System.ArgumentOutOfRangeException: Length cannot be less than zero.
Parameter name: length
   at System.String.Substring(Int32 startIndex, Int32 length)
   at HP.GFriend.Core.LibraryUtils.IsByPassedKeyword(String[] byPassKeywords, String line)
2024-06-19 09:15:13.292 [E] ?::?::Exception message : Length cannot be less than zero.
Parameter name: length
2024-06-19 09:15:13.292 [E] ?::?::Inner Exception : 
2024-06-19 09:15:13.292 [E] ?::?::IsByPassedKeyword method failed 
System.ArgumentOutOfRangeException: Length cannot be less than zero.
Parameter name: length
   at System.String.Substring(Int32 startIndex, Int32 length)
   at HP.GFriend.Core.LibraryUtils.IsByPassedKeyword(String[] byPassKeywords, String line)
2024-06-19 09:15:13.292 [E] ?::?::Exception message : Length cannot be less than zero.
Parameter name: length
2024-06-19 09:15:13.292 [E] ?::?::Inner Exception : 
2024-06-19 09:15:13.292 [E] ?::?::IsByPassedKeyword method failed 
System.ArgumentOutOfRangeException: Length cannot be less than zero.
Parameter name: length
   at System.String.Substring(Int32 startIndex, Int32 length)
   at HP.GFriend.Core.LibraryUtils.IsByPassedKeyword(String[] byPassKeywords, String line)
2024-06-19 09:15:13.292 [E] ?::?::Exception message : Length cannot be less than zero.
Parameter name: length
2024-06-19 09:15:13.292 [E] ?::?::Inner Exception : 
2024-06-19 09:15:13.292 [E] ?::?::IsByPassedKeyword method failed 
System.ArgumentOutOfRangeException: Length cannot be less than zero.
Parameter name: length
   at System.String.Substring(Int32 startIndex, Int32 length)
   at HP.GFriend.Core.LibraryUtils.IsByPassedKeyword(String[] byPassKeywords, String line)
2024-06-19 09:15:13.292 [E] ?::?::Exception message : Length cannot be less than zero.
Parameter name: length
2024-06-19 09:15:13.292 [E] ?::?::Inner Exception : 
2024-06-19 09:15:13.292 [E] ?::?::IsByPassedKeyword method failed 
System.ArgumentOutOfRangeException: Length cannot be less than zero.
Parameter name: length
   at System.String.Substring(Int32 startIndex, Int32 length)
   at HP.GFriend.Core.LibraryUtils.IsByPassedKeyword(String[] byPassKeywords, String line)
2024-06-19 09:15:13.292 [E] ?::?::Exception message : Length cannot be less than zero.
Parameter name: length
2024-06-19 09:15:13.292 [E] ?::?::Inner Exception : 
2024-06-19 09:15:13.292 [E] ?::?::IsByPassedKeyword method failed 
System.ArgumentOutOfRangeException: Length cannot be less than zero.
Parameter name: length
   at System.String.Substring(Int32 startIndex, Int32 length)
   at HP.GFriend.Core.LibraryUtils.IsByPassedKeyword(String[] byPassKeywords, String line)
2024-06-19 09:15:13.292 [E] ?::?::Exception message : Length cannot be less than zero.
Parameter name: length
2024-06-19 09:15:13.292 [E] ?::?::Inner Exception : 
2024-06-19 09:15:13.292 [E] ?::?::IsByPassedKeyword method failed 
System.ArgumentOutOfRangeException: Length cannot be less than zero.
Parameter name: length
   at System.String.Substring(Int32 startIndex, Int32 length)
   at HP.GFriend.Core.LibraryUtils.IsByPassedKeyword(String[] byPassKeywords, String line)
2024-06-19 09:15:13.292 [E] ?::?::Exception message : Length cannot be less than zero.
Parameter name: length
2024-06-19 09:15:13.292 [E] ?::?::Inner Exception : 
2024-06-19 09:15:13.292 [E] ?::?::IsByPassedKeyword method failed 
System.ArgumentOutOfRangeException: Length cannot be less than zero.
Parameter name: length
   at System.String.Substring(Int32 startIndex, Int32 length)
   at HP.GFriend.Core.LibraryUtils.IsByPassedKeyword(String[] byPassKeywords, String line)
2024-06-19 09:15:13.292 [E] ?::?::Exception message : Length cannot be less than zero.
Parameter name: length
2024-06-19 09:15:13.292 [E] ?::?::Inner Exception : 
2024-06-19 09:15:13.292 [E] ?::?::IsByPassedKeyword method failed 
System.ArgumentOutOfRangeException: Length cannot be less than zero.
Parameter name: length
   at System.String.Substring(Int32 startIndex, Int32 length)
   at HP.GFriend.Core.LibraryUtils.IsByPassedKeyword(String[] byPassKeywords, String line)
2024-06-19 09:15:13.292 [E] ?::?::Exception message : Length cannot be less than zero.
Parameter name: length
2024-06-19 09:15:13.292 [E] ?::?::Inner Exception : 
2024-06-19 09:15:13.292 [E] ?::?::IsByPassedKeyword method failed 
System.ArgumentOutOfRangeException: Length cannot be less than zero.
Parameter name: length
   at System.String.Substring(Int32 startIndex, Int32 length)
   at HP.GFriend.Core.LibraryUtils.IsByPassedKeyword(String[] byPassKeywords, String line)
2024-06-19 09:15:13.292 [E] ?::?::Exception message : Length cannot be less than zero.
Parameter name: length
2024-06-19 09:15:13.292 [E] ?::?::Inner Exception : 
2024-06-19 09:15:13.292 [E] ?::?::IsByPassedKeyword method failed 
System.ArgumentOutOfRangeException: Length cannot be less than zero.
Parameter name: length
   at System.String.Substring(Int32 startIndex, Int32 length)
   at HP.GFriend.Core.LibraryUtils.IsByPassedKeyword(String[] byPassKeywords, String line)
2024-06-19 09:15:13.292 [E] ?::?::Exception message : Length cannot be less than zero.
Parameter name: length
2024-06-19 09:15:13.292 [E] ?::?::Inner Exception : 
2024-06-19 09:15:13.292 [E] ?::?::IsByPassedKeyword method failed 
System.ArgumentOutOfRangeException: Length cannot be less than zero.
Parameter name: length
   at System.String.Substring(Int32 startIndex, Int32 length)
   at HP.GFriend.Core.LibraryUtils.IsByPassedKeyword(String[] byPassKeywords, String line)
2024-06-19 09:15:13.292 [E] ?::?::Exception message : Length cannot be less than zero.
Parameter name: length
2024-06-19 09:15:13.292 [E] ?::?::Inner Exception : 
2024-06-19 09:15:13.292 [E] ?::?::IsByPassedKeyword method failed 
System.ArgumentOutOfRangeException: Length cannot be less than zero.
Parameter name: length
   at System.String.Substring(Int32 startIndex, Int32 length)
   at HP.GFriend.Core.LibraryUtils.IsByPassedKeyword(String[] byPassKeywords, String line)
2024-06-19 09:15:13.292 [E] ?::?::Exception message : Length cannot be less than zero.
Parameter name: length
2024-06-19 09:15:13.292 [E] ?::?::Inner Exception : 
2024-06-19 09:15:13.292 [E] ?::?::IsByPassedKeyword method failed 
System.ArgumentOutOfRangeException: Length cannot be less than zero.
Parameter name: length
   at System.String.Substring(Int32 startIndex, Int32 length)
   at HP.GFriend.Core.LibraryUtils.IsByPassedKeyword(String[] byPassKeywords, String line)
2024-06-19 09:15:13.292 [E] ?::?::Exception message : Length cannot be less than zero.
Parameter name: length
2024-06-19 09:15:13.292 [E] ?::?::Inner Exception : 
2024-06-19 09:15:13.292 [E] ?::?::IsByPassedKeyword method failed 
System.ArgumentOutOfRangeException: Length cannot be less than zero.
Parameter name: length
   at System.String.Substring(Int32 startIndex, Int32 length)
   at HP.GFriend.Core.LibraryUtils.IsByPassedKeyword(String[] byPassKeywords, String line)
2024-06-19 09:15:13.292 [E] ?::?::Exception message : Length cannot be less than zero.
Parameter name: length
2024-06-19 09:15:13.292 [E] ?::?::Inner Exception : 
2024-06-19 09:15:13.370 [T] ?::?::Parsing done
2024-06-19 09:15:13.370 [T] ?::?::Destination_Selection_PSA_Application is crated
2024-06-19 09:15:13.370 [D] ?::?::Post Action
2024-06-19 09:15:13.370 [T] ?::?::All Used Libraries::C:\GFriend_PotG\scripts\Acual Script\Acual Script\PSA_DragonFly.txt
2024-06-19 09:15:13.370 [T] ?::?::Device ID : __NO__DUT__
2024-06-19 09:15:13.370 [T] ?::?::BuiltIn is used BuiltIn
2024-06-19 09:15:13.370 [T] ?::?::XML is used XML
2024-06-19 09:15:13.370 [T] ?::?::Windows is used Windows
2024-06-19 09:15:13.370 [T] ?::?::Device ID : __DEFUALT__DUT__
2024-06-19 09:15:13.370 [T] ?::?::Hallasan is used Hallasan
2024-06-19 09:15:13.370 [T] ?::?::Destination_Selection_Application is used Destination_Selection_Application
2024-06-19 09:15:13.370 [T] ?::?::Used_Destination_Selection_Function is used Used_Destination_Selection_Function
2024-06-19 09:15:13.370 [T] ?::?::Click_Print_Button is used Click_Print_Button
2024-06-19 09:15:13.370 [T] ?::?::Destination_Selection_PSA_Application is used Destination_Selection_PSA_Application
2024-06-19 09:15:13.370 [E] ?::?::IsByPassedKeyword method failed 
System.ArgumentOutOfRangeException: Length cannot be less than zero.
Parameter name: length
   at System.String.Substring(Int32 startIndex, Int32 length)
   at HP.GFriend.Core.LibraryUtils.IsByPassedKeyword(String[] byPassKeywords, String line)
2024-06-19 09:15:13.370 [E] ?::?::Exception message : Length cannot be less than zero.
Parameter name: length
2024-06-19 09:15:13.370 [E] ?::?::Inner Exception : 
2024-06-19 09:15:13.370 [E] ?::?::IsByPassedKeyword method failed 
System.ArgumentOutOfRangeException: Length cannot be less than zero.
Parameter name: length
   at System.String.Substring(Int32 startIndex, Int32 length)
   at HP.GFriend.Core.LibraryUtils.IsByPassedKeyword(String[] byPassKeywords, String line)
2024-06-19 09:15:13.370 [E] ?::?::Exception message : Length cannot be less than zero.
Parameter name: length
2024-06-19 09:15:13.370 [E] ?::?::Inner Exception : 
2024-06-19 09:15:13.370 [E] ?::?::IsByPassedKeyword method failed 
System.ArgumentOutOfRangeException: Length cannot be less than zero.
Parameter name: length
   at System.String.Substring(Int32 startIndex, Int32 length)
   at HP.GFriend.Core.LibraryUtils.IsByPassedKeyword(String[] byPassKeywords, String line)
2024-06-19 09:15:13.370 [E] ?::?::Exception message : Length cannot be less than zero.
Parameter name: length
2024-06-19 09:15:13.370 [E] ?::?::Inner Exception : 
2024-06-19 09:15:13.370 [E] ?::?::IsByPassedKeyword method failed 
System.ArgumentOutOfRangeException: Length cannot be less than zero.
Parameter name: length
   at System.String.Substring(Int32 startIndex, Int32 length)
   at HP.GFriend.Core.LibraryUtils.IsByPassedKeyword(String[] byPassKeywords, String line)
2024-06-19 09:15:13.370 [E] ?::?::Exception message : Length cannot be less than zero.
Parameter name: length
2024-06-19 09:15:13.370 [E] ?::?::Inner Exception : 
2024-06-19 09:15:13.370 [E] ?::?::IsByPassedKeyword method failed 
System.ArgumentOutOfRangeException: Length cannot be less than zero.
Parameter name: length
   at System.String.Substring(Int32 startIndex, Int32 length)
   at HP.GFriend.Core.LibraryUtils.IsByPassedKeyword(String[] byPassKeywords, String line)
2024-06-19 09:15:13.370 [E] ?::?::Exception message : Length cannot be less than zero.
Parameter name: length
2024-06-19 09:15:13.370 [E] ?::?::Inner Exception : 
2024-06-19 09:15:13.370 [E] ?::?::IsByPassedKeyword method failed 
System.ArgumentOutOfRangeException: Length cannot be less than zero.
Parameter name: length
   at System.String.Substring(Int32 startIndex, Int32 length)
   at HP.GFriend.Core.LibraryUtils.IsByPassedKeyword(String[] byPassKeywords, String line)
2024-06-19 09:15:13.370 [E] ?::?::Exception message : Length cannot be less than zero.
Parameter name: length
2024-06-19 09:15:13.370 [E] ?::?::Inner Exception : 
2024-06-19 09:15:13.370 [E] ?::?::IsByPassedKeyword method failed 
System.ArgumentOutOfRangeException: Length cannot be less than zero.
Parameter name: length
   at System.String.Substring(Int32 startIndex, Int32 length)
   at HP.GFriend.Core.LibraryUtils.IsByPassedKeyword(String[] byPassKeywords, String line)
2024-06-19 09:15:13.370 [E] ?::?::Exception message : Length cannot be less than zero.
Parameter name: length
2024-06-19 09:15:13.370 [E] ?::?::Inner Exception : 
2024-06-19 09:15:13.370 [E] ?::?::IsByPassedKeyword method failed 
System.ArgumentOutOfRangeException: Length cannot be less than zero.
Parameter name: length
   at System.String.Substring(Int32 startIndex, Int32 length)
   at HP.GFriend.Core.LibraryUtils.IsByPassedKeyword(String[] byPassKeywords, String line)
2024-06-19 09:15:13.370 [E] ?::?::Exception message : Length cannot be less than zero.
Parameter name: length
2024-06-19 09:15:13.370 [E] ?::?::Inner Exception : 
2024-06-19 09:15:13.370 [E] ?::?::IsByPassedKeyword method failed 
System.ArgumentOutOfRangeException: Length cannot be less than zero.
Parameter name: length
   at System.String.Substring(Int32 startIndex, Int32 length)
   at HP.GFriend.Core.LibraryUtils.IsByPassedKeyword(String[] byPassKeywords, String line)
2024-06-19 09:15:13.370 [E] ?::?::Exception message : Length cannot be less than zero.
Parameter name: length
2024-06-19 09:15:13.370 [E] ?::?::Inner Exception : 
2024-06-19 09:15:13.370 [E] ?::?::IsByPassedKeyword method failed 
System.ArgumentOutOfRangeException: Length cannot be less than zero.
Parameter name: length
   at System.String.Substring(Int32 startIndex, Int32 length)
   at HP.GFriend.Core.LibraryUtils.IsByPassedKeyword(String[] byPassKeywords, String line)
2024-06-19 09:15:13.370 [E] ?::?::Exception message : Length cannot be less than zero.
Parameter name: length
2024-06-19 09:15:13.370 [E] ?::?::Inner Exception : 
2024-06-19 09:15:13.370 [E] ?::?::IsByPassedKeyword method failed 
System.ArgumentOutOfRangeException: Length cannot be less than zero.
Parameter name: length
   at System.String.Substring(Int32 startIndex, Int32 length)
   at HP.GFriend.Core.LibraryUtils.IsByPassedKeyword(String[] byPassKeywords, String line)
2024-06-19 09:15:13.370 [E] ?::?::Exception message : Length cannot be less than zero.
Parameter name: length
2024-06-19 09:15:13.370 [E] ?::?::Inner Exception : 
2024-06-19 09:15:13.370 [E] ?::?::IsByPassedKeyword method failed 
System.ArgumentOutOfRangeException: Length cannot be less than zero.
Parameter name: length
   at System.String.Substring(Int32 startIndex, Int32 length)
   at HP.GFriend.Core.LibraryUtils.IsByPassedKeyword(String[] byPassKeywords, String line)
2024-06-19 09:15:13.370 [E] ?::?::Exception message : Length cannot be less than zero.
Parameter name: length
2024-06-19 09:15:13.370 [E] ?::?::Inner Exception : 
2024-06-19 09:15:13.370 [E] ?::?::IsByPassedKeyword method failed 
System.ArgumentOutOfRangeException: Length cannot be less than zero.
Parameter name: length
   at System.String.Substring(Int32 startIndex, Int32 length)
   at HP.GFriend.Core.LibraryUtils.IsByPassedKeyword(String[] byPassKeywords, String line)
2024-06-19 09:15:13.370 [E] ?::?::Exception message : Length cannot be less than zero.
Parameter name: length
2024-06-19 09:15:13.370 [E] ?::?::Inner Exception : 
2024-06-19 09:15:13.370 [E] ?::?::IsByPassedKeyword method failed 
System.ArgumentOutOfRangeException: Length cannot be less than zero.
Parameter name: length
   at System.String.Substring(Int32 startIndex, Int32 length)
   at HP.GFriend.Core.LibraryUtils.IsByPassedKeyword(String[] byPassKeywords, String line)
2024-06-19 09:15:13.370 [E] ?::?::Exception message : Length cannot be less than zero.
Parameter name: length
2024-06-19 09:15:13.370 [E] ?::?::Inner Exception : 
2024-06-19 09:15:13.370 [E] ?::?::IsByPassedKeyword method failed 
System.ArgumentOutOfRangeException: Length cannot be less than zero.
Parameter name: length
   at System.String.Substring(Int32 startIndex, Int32 length)
   at HP.GFriend.Core.LibraryUtils.IsByPassedKeyword(String[] byPassKeywords, String line)
2024-06-19 09:15:13.370 [E] ?::?::Exception message : Length cannot be less than zero.
Parameter name: length
2024-06-19 09:15:13.370 [E] ?::?::Inner Exception : 
2024-06-19 09:15:13.370 [E] ?::?::IsByPassedKeyword method failed 
System.ArgumentOutOfRangeException: Length cannot be less than zero.
Parameter name: length
   at System.String.Substring(Int32 startIndex, Int32 length)
   at HP.GFriend.Core.LibraryUtils.IsByPassedKeyword(String[] byPassKeywords, String line)
2024-06-19 09:15:13.370 [E] ?::?::Exception message : Length cannot be less than zero.
Parameter name: length
2024-06-19 09:15:13.370 [E] ?::?::Inner Exception : 
2024-06-19 09:15:13.370 [E] ?::?::IsByPassedKeyword method failed 
System.ArgumentOutOfRangeException: Length cannot be less than zero.
Parameter name: length
   at System.String.Substring(Int32 startIndex, Int32 length)
   at HP.GFriend.Core.LibraryUtils.IsByPassedKeyword(String[] byPassKeywords, String line)
2024-06-19 09:15:13.370 [E] ?::?::Exception message : Length cannot be less than zero.
Parameter name: length
2024-06-19 09:15:13.370 [E] ?::?::Inner Exception : 
2024-06-19 09:15:13.370 [E] ?::?::IsByPassedKeyword method failed 
System.ArgumentOutOfRangeException: Length cannot be less than zero.
Parameter name: length
   at System.String.Substring(Int32 startIndex, Int32 length)
   at HP.GFriend.Core.LibraryUtils.IsByPassedKeyword(String[] byPassKeywords, String line)
2024-06-19 09:15:13.370 [E] ?::?::Exception message : Length cannot be less than zero.
Parameter name: length
2024-06-19 09:15:13.370 [E] ?::?::Inner Exception : 
2024-06-19 09:15:13.370 [E] ?::?::IsByPassedKeyword method failed 
System.ArgumentOutOfRangeException: Length cannot be less than zero.
Parameter name: length
   at System.String.Substring(Int32 startIndex, Int32 length)
   at HP.GFriend.Core.LibraryUtils.IsByPassedKeyword(String[] byPassKeywords, String line)
2024-06-19 09:15:13.370 [E] ?::?::Exception message : Length cannot be less than zero.
Parameter name: length
2024-06-19 09:15:13.370 [E] ?::?::Inner Exception : 
2024-06-19 09:15:13.370 [E] ?::?::IsByPassedKeyword method failed 
System.ArgumentOutOfRangeException: Length cannot be less than zero.
Parameter name: length
   at System.String.Substring(Int32 startIndex, Int32 length)
   at HP.GFriend.Core.LibraryUtils.IsByPassedKeyword(String[] byPassKeywords, String line)
2024-06-19 09:15:13.370 [E] ?::?::Exception message : Length cannot be less than zero.
Parameter name: length
2024-06-19 09:15:13.370 [E] ?::?::Inner Exception : 
2024-06-19 09:15:13.370 [E] ?::?::IsByPassedKeyword method failed 
System.ArgumentOutOfRangeException: Length cannot be less than zero.
Parameter name: length
   at System.String.Substring(Int32 startIndex, Int32 length)
   at HP.GFriend.Core.LibraryUtils.IsByPassedKeyword(String[] byPassKeywords, String line)
2024-06-19 09:15:13.370 [E] ?::?::Exception message : Length cannot be less than zero.
Parameter name: length
2024-06-19 09:15:13.370 [E] ?::?::Inner Exception : 
2024-06-19 09:15:13.370 [E] ?::?::IsByPassedKeyword method failed 
System.ArgumentOutOfRangeException: Length cannot be less than zero.
Parameter name: length
   at System.String.Substring(Int32 startIndex, Int32 length)
   at HP.GFriend.Core.LibraryUtils.IsByPassedKeyword(String[] byPassKeywords, String line)
2024-06-19 09:15:13.370 [E] ?::?::Exception message : Length cannot be less than zero.
Parameter name: length
2024-06-19 09:15:13.370 [E] ?::?::Inner Exception : 
2024-06-19 09:15:13.370 [E] ?::?::IsByPassedKeyword method failed 
System.ArgumentOutOfRangeException: Length cannot be less than zero.
Parameter name: length
   at System.String.Substring(Int32 startIndex, Int32 length)
   at HP.GFriend.Core.LibraryUtils.IsByPassedKeyword(String[] byPassKeywords, String line)
2024-06-19 09:15:13.370 [E] ?::?::Exception message : Length cannot be less than zero.
Parameter name: length
2024-06-19 09:15:13.370 [E] ?::?::Inner Exception : 
2024-06-19 09:15:13.370 [E] ?::?::IsByPassedKeyword method failed 
System.ArgumentOutOfRangeException: Length cannot be less than zero.
Parameter name: length
   at System.String.Substring(Int32 startIndex, Int32 length)
   at HP.GFriend.Core.LibraryUtils.IsByPassedKeyword(String[] byPassKeywords, String line)
2024-06-19 09:15:13.370 [E] ?::?::Exception message : Length cannot be less than zero.
Parameter name: length
2024-06-19 09:15:13.370 [E] ?::?::Inner Exception : 
2024-06-19 09:15:13.370 [E] ?::?::IsByPassedKeyword method failed 
System.ArgumentOutOfRangeException: Length cannot be less than zero.
Parameter name: length
   at System.String.Substring(Int32 startIndex, Int32 length)
   at HP.GFriend.Core.LibraryUtils.IsByPassedKeyword(String[] byPassKeywords, String line)
2024-06-19 09:15:13.370 [E] ?::?::Exception message : Length cannot be less than zero.
Parameter name: length
2024-06-19 09:15:13.370 [E] ?::?::Inner Exception : 
2024-06-19 09:15:13.370 [E] ?::?::IsByPassedKeyword method failed 
System.ArgumentOutOfRangeException: Length cannot be less than zero.
Parameter name: length
   at System.String.Substring(Int32 startIndex, Int32 length)
   at HP.GFriend.Core.LibraryUtils.IsByPassedKeyword(String[] byPassKeywords, String line)
2024-06-19 09:15:13.370 [E] ?::?::Exception message : Length cannot be less than zero.
Parameter name: length
2024-06-19 09:15:13.370 [E] ?::?::Inner Exception : 
2024-06-19 09:15:13.370 [E] ?::?::IsByPassedKeyword method failed 
System.ArgumentOutOfRangeException: Length cannot be less than zero.
Parameter name: length
   at System.String.Substring(Int32 startIndex, Int32 length)
   at HP.GFriend.Core.LibraryUtils.IsByPassedKeyword(String[] byPassKeywords, String line)
2024-06-19 09:15:13.370 [E] ?::?::Exception message : Length cannot be less than zero.
Parameter name: length
2024-06-19 09:15:13.370 [E] ?::?::Inner Exception : 
2024-06-19 09:15:13.370 [E] ?::?::IsByPassedKeyword method failed 
System.ArgumentOutOfRangeException: Length cannot be less than zero.
Parameter name: length
   at System.String.Substring(Int32 startIndex, Int32 length)
   at HP.GFriend.Core.LibraryUtils.IsByPassedKeyword(String[] byPassKeywords, String line)
2024-06-19 09:15:13.370 [E] ?::?::Exception message : Length cannot be less than zero.
Parameter name: length
2024-06-19 09:15:13.370 [E] ?::?::Inner Exception : 
2024-06-19 09:15:13.370 [E] ?::?::IsByPassedKeyword method failed 
System.ArgumentOutOfRangeException: Length cannot be less than zero.
Parameter name: length
   at System.String.Substring(Int32 startIndex, Int32 length)
   at HP.GFriend.Core.LibraryUtils.IsByPassedKeyword(String[] byPassKeywords, String line)
2024-06-19 09:15:13.370 [E] ?::?::Exception message : Length cannot be less than zero.
Parameter name: length
2024-06-19 09:15:13.370 [E] ?::?::Inner Exception : 
2024-06-19 09:15:13.370 [E] ?::?::IsByPassedKeyword method failed 
System.ArgumentOutOfRangeException: Length cannot be less than zero.
Parameter name: length
   at System.String.Substring(Int32 startIndex, Int32 length)
   at HP.GFriend.Core.LibraryUtils.IsByPassedKeyword(String[] byPassKeywords, String line)
2024-06-19 09:15:13.370 [E] ?::?::Exception message : Length cannot be less than zero.
Parameter name: length
2024-06-19 09:15:13.370 [E] ?::?::Inner Exception : 
2024-06-19 09:15:13.370 [E] ?::?::IsByPassedKeyword method failed 
System.ArgumentOutOfRangeException: Length cannot be less than zero.
Parameter name: length
   at System.String.Substring(Int32 startIndex, Int32 length)
   at HP.GFriend.Core.LibraryUtils.IsByPassedKeyword(String[] byPassKeywords, String line)
2024-06-19 09:15:13.370 [E] ?::?::Exception message : Length cannot be less than zero.
Parameter name: length
2024-06-19 09:15:13.370 [E] ?::?::Inner Exception : 
2024-06-19 09:15:13.370 [E] ?::?::IsByPassedKeyword method failed 
System.ArgumentOutOfRangeException: Length cannot be less than zero.
Parameter name: length
   at System.String.Substring(Int32 startIndex, Int32 length)
   at HP.GFriend.Core.LibraryUtils.IsByPassedKeyword(String[] byPassKeywords, String line)
2024-06-19 09:15:13.370 [E] ?::?::Exception message : Length cannot be less than zero.
Parameter name: length
2024-06-19 09:15:13.370 [E] ?::?::Inner Exception : 
2024-06-19 09:15:13.370 [E] ?::?::IsByPassedKeyword method failed 
System.ArgumentOutOfRangeException: Length cannot be less than zero.
Parameter name: length
   at System.String.Substring(Int32 startIndex, Int32 length)
   at HP.GFriend.Core.LibraryUtils.IsByPassedKeyword(String[] byPassKeywords, String line)
2024-06-19 09:15:13.370 [E] ?::?::Exception message : Length cannot be less than zero.
Parameter name: length
2024-06-19 09:15:13.370 [E] ?::?::Inner Exception : 
2024-06-19 09:15:13.370 [E] ?::?::IsByPassedKeyword method failed 
System.ArgumentOutOfRangeException: Length cannot be less than zero.
Parameter name: length
   at System.String.Substring(Int32 startIndex, Int32 length)
   at HP.GFriend.Core.LibraryUtils.IsByPassedKeyword(String[] byPassKeywords, String line)
2024-06-19 09:15:13.370 [E] ?::?::Exception message : Length cannot be less than zero.
Parameter name: length
2024-06-19 09:15:13.370 [E] ?::?::Inner Exception : 
2024-06-19 09:15:13.370 [E] ?::?::IsByPassedKeyword method failed 
System.ArgumentOutOfRangeException: Length cannot be less than zero.
Parameter name: length
   at System.String.Substring(Int32 startIndex, Int32 length)
   at HP.GFriend.Core.LibraryUtils.IsByPassedKeyword(String[] byPassKeywords, String line)
2024-06-19 09:15:13.370 [E] ?::?::Exception message : Length cannot be less than zero.
Parameter name: length
2024-06-19 09:15:13.370 [E] ?::?::Inner Exception : 
2024-06-19 09:15:13.370 [E] ?::?::IsByPassedKeyword method failed 
System.ArgumentOutOfRangeException: Length cannot be less than zero.
Parameter name: length
   at System.String.Substring(Int32 startIndex, Int32 length)
   at HP.GFriend.Core.LibraryUtils.IsByPassedKeyword(String[] byPassKeywords, String line)
2024-06-19 09:15:13.370 [E] ?::?::Exception message : Length cannot be less than zero.
Parameter name: length
2024-06-19 09:15:13.370 [E] ?::?::Inner Exception : 
2024-06-19 09:15:13.370 [E] ?::?::IsByPassedKeyword method failed 
System.ArgumentOutOfRangeException: Length cannot be less than zero.
Parameter name: length
   at System.String.Substring(Int32 startIndex, Int32 length)
   at HP.GFriend.Core.LibraryUtils.IsByPassedKeyword(String[] byPassKeywords, String line)
2024-06-19 09:15:13.370 [E] ?::?::Exception message : Length cannot be less than zero.
Parameter name: length
2024-06-19 09:15:13.370 [E] ?::?::Inner Exception : 
2024-06-19 09:15:13.370 [E] ?::?::IsByPassedKeyword method failed 
System.ArgumentOutOfRangeException: Length cannot be less than zero.
Parameter name: length
   at System.String.Substring(Int32 startIndex, Int32 length)
   at HP.GFriend.Core.LibraryUtils.IsByPassedKeyword(String[] byPassKeywords, String line)
2024-06-19 09:15:13.370 [E] ?::?::Exception message : Length cannot be less than zero.
Parameter name: length
2024-06-19 09:15:13.370 [E] ?::?::Inner Exception : 
2024-06-19 09:15:13.370 [E] ?::?::IsByPassedKeyword method failed 
System.ArgumentOutOfRangeException: Length cannot be less than zero.
Parameter name: length
   at System.String.Substring(Int32 startIndex, Int32 length)
   at HP.GFriend.Core.LibraryUtils.IsByPassedKeyword(String[] byPassKeywords, String line)
2024-06-19 09:15:13.370 [E] ?::?::Exception message : Length cannot be less than zero.
Parameter name: length
2024-06-19 09:15:13.370 [E] ?::?::Inner Exception : 
2024-06-19 09:15:13.370 [E] ?::?::IsByPassedKeyword method failed 
System.ArgumentOutOfRangeException: Length cannot be less than zero.
Parameter name: length
   at System.String.Substring(Int32 startIndex, Int32 length)
   at HP.GFriend.Core.LibraryUtils.IsByPassedKeyword(String[] byPassKeywords, String line)
2024-06-19 09:15:13.370 [E] ?::?::Exception message : Length cannot be less than zero.
Parameter name: length
2024-06-19 09:15:13.370 [E] ?::?::Inner Exception : 
2024-06-19 09:15:13.370 [E] ?::?::IsByPassedKeyword method failed 
System.ArgumentOutOfRangeException: Length cannot be less than zero.
Parameter name: length
   at System.String.Substring(Int32 startIndex, Int32 length)
   at HP.GFriend.Core.LibraryUtils.IsByPassedKeyword(String[] byPassKeywords, String line)
2024-06-19 09:15:13.370 [E] ?::?::Exception message : Length cannot be less than zero.
Parameter name: length
2024-06-19 09:15:13.370 [E] ?::?::Inner Exception : 
2024-06-19 09:15:13.370 [E] ?::?::IsByPassedKeyword method failed 
System.ArgumentOutOfRangeException: Length cannot be less than zero.
Parameter name: length
   at System.String.Substring(Int32 startIndex, Int32 length)
   at HP.GFriend.Core.LibraryUtils.IsByPassedKeyword(String[] byPassKeywords, String line)
2024-06-19 09:15:13.370 [E] ?::?::Exception message : Length cannot be less than zero.
Parameter name: length
2024-06-19 09:15:13.370 [E] ?::?::Inner Exception : 
2024-06-19 09:15:13.370 [E] ?::?::IsByPassedKeyword method failed 
System.ArgumentOutOfRangeException: Length cannot be less than zero.
Parameter name: length
   at System.String.Substring(Int32 startIndex, Int32 length)
   at HP.GFriend.Core.LibraryUtils.IsByPassedKeyword(String[] byPassKeywords, String line)
2024-06-19 09:15:13.370 [E] ?::?::Exception message : Length cannot be less than zero.
Parameter name: length
2024-06-19 09:15:13.370 [E] ?::?::Inner Exception : 
2024-06-19 09:15:13.370 [E] ?::?::IsByPassedKeyword method failed 
System.ArgumentOutOfRangeException: Length cannot be less than zero.
Parameter name: length
   at System.String.Substring(Int32 startIndex, Int32 length)
   at HP.GFriend.Core.LibraryUtils.IsByPassedKeyword(String[] byPassKeywords, String line)
2024-06-19 09:15:13.370 [E] ?::?::Exception message : Length cannot be less than zero.
Parameter name: length
2024-06-19 09:15:13.370 [E] ?::?::Inner Exception : 
2024-06-19 09:15:13.370 [E] ?::?::IsByPassedKeyword method failed 
System.ArgumentOutOfRangeException: Length cannot be less than zero.
Parameter name: length
   at System.String.Substring(Int32 startIndex, Int32 length)
   at HP.GFriend.Core.LibraryUtils.IsByPassedKeyword(String[] byPassKeywords, String line)
2024-06-19 09:15:13.370 [E] ?::?::Exception message : Length cannot be less than zero.
Parameter name: length
2024-06-19 09:15:13.370 [E] ?::?::Inner Exception : 
2024-06-19 09:15:13.370 [E] ?::?::IsByPassedKeyword method failed 
System.ArgumentOutOfRangeException: Length cannot be less than zero.
Parameter name: length
   at System.String.Substring(Int32 startIndex, Int32 length)
   at HP.GFriend.Core.LibraryUtils.IsByPassedKeyword(String[] byPassKeywords, String line)
2024-06-19 09:15:13.370 [E] ?::?::Exception message : Length cannot be less than zero.
Parameter name: length
2024-06-19 09:15:13.370 [E] ?::?::Inner Exception : 
2024-06-19 09:15:13.370 [E] ?::?::IsByPassedKeyword method failed 
System.ArgumentOutOfRangeException: Length cannot be less than zero.
Parameter name: length
   at System.String.Substring(Int32 startIndex, Int32 length)
   at HP.GFriend.Core.LibraryUtils.IsByPassedKeyword(String[] byPassKeywords, String line)
2024-06-19 09:15:13.370 [E] ?::?::Exception message : Length cannot be less than zero.
Parameter name: length
2024-06-19 09:15:13.370 [E] ?::?::Inner Exception : 
2024-06-19 09:15:13.370 [E] ?::?::IsByPassedKeyword method failed 
System.ArgumentOutOfRangeException: Length cannot be less than zero.
Parameter name: length
   at System.String.Substring(Int32 startIndex, Int32 length)
   at HP.GFriend.Core.LibraryUtils.IsByPassedKeyword(String[] byPassKeywords, String line)
2024-06-19 09:15:13.370 [E] ?::?::Exception message : Length cannot be less than zero.
Parameter name: length
2024-06-19 09:15:13.370 [E] ?::?::Inner Exception : 
2024-06-19 09:15:13.385 [T] ?::?::Loading Library : BuiltIn -> BuiltIn
2024-06-19 09:15:13.385 [T] ?::?::Library type is native library.
2024-06-19 09:15:13.511 [T] ?::?::Loading Library : XML -> XML
2024-06-19 09:15:13.511 [T] ?::?::Library type is native library.
2024-06-19 09:15:13.527 [T] ?::?::Loading Library : Windows -> Windows
2024-06-19 09:15:13.527 [T] ?::?::Library type is native library.
2024-06-19 09:15:13.592 [T] ?::?::Loading Library : Hallasan -> Hallasan
2024-06-19 09:15:13.592 [T] ?::?::Library type is native library.
2024-06-19 09:15:13.606 [T] ?::?::Loading Library : Destination_Selection_Application -> Destination_Selection_Application
2024-06-19 09:15:13.606 [T] ?::?::Library type is custom library.
2024-06-19 09:15:13.606 [T] ?::?::Loading Library : Used_Destination_Selection_Function -> Used_Destination_Selection_Function
2024-06-19 09:15:13.606 [T] ?::?::Library type is custom library.
2024-06-19 09:15:13.606 [T] ?::?::Loading Library : Click_Print_Button -> Click_Print_Button
2024-06-19 09:15:13.606 [T] ?::?::Library type is custom library.
2024-06-19 09:15:13.606 [T] ?::?::Loading Library : Destination_Selection_PSA_Application -> Destination_Selection_PSA_Application
2024-06-19 09:15:13.606 [T] ?::?::Library type is custom library.
2024-06-19 09:15:13.621 [T] ?::?::Prevent PC to sleep
2024-06-19 09:15:13.763 [D] ?::?::HP Smart printing
2024-06-19 09:15:13.825 [T] ?::?::Line Number :13 Destination_Selection_PSA_Application.Destination Selection_Factory_defaults_PSA is called
2024-06-19 09:15:13.857 [T] ?::?::Line Number :37 Hallasan.Open File For Print (C:\GFriend_PotG\Potg_Driver\PotG Testfile\PSA\YMC_PSA_FactoryDefaults.pdf,HP_PrintSupport_App) is called
2024-06-19 09:15:13.857 [T] ?::?::Open Acrobat Reader
2024-06-19 09:15:17.046 [T] ?::?::Process is started with C:\GFriend_PotG\Potg_Driver\PotG Testfile\PSA\YMC_PSA_FactoryDefaults.pdf and Process Id is 12768
2024-06-19 09:15:27.224 [T] ?::?::Current focused process id : 6080
2024-06-19 09:15:27.269 [D] ?::?::Finding target in 
2024-06-19 09:15:27.725 [T] ?::?::Get Acrobat Reader
2024-06-19 09:15:28.790 [D] ?::?::Finding target in 
2024-06-19 09:15:32.913 [D] ?::?::Get Print Dialog
2024-06-19 09:15:37.915 [D] ?::?::Finding target in YMC_PSA_FactoryDefaults.pdf - Adobe Acrobat Reader (64-bit)
2024-06-19 09:15:38.434 [D] ?::?::Finding target in YMC_PSA_FactoryDefaults.pdf - Adobe Acrobat Reader (64-bit)
2024-06-19 09:15:38.953 [D] ?::?::Finding target in YMC_PSA_FactoryDefaults.pdf - Adobe Acrobat Reader (64-bit)
2024-06-19 09:15:39.472 [D] ?::?::Finding target in YMC_PSA_FactoryDefaults.pdf - Adobe Acrobat Reader (64-bit)
2024-06-19 09:15:40.006 [D] ?::?::Finding target in YMC_PSA_FactoryDefaults.pdf - Adobe Acrobat Reader (64-bit)
2024-06-19 09:15:40.525 [D] ?::?::Finding target in YMC_PSA_FactoryDefaults.pdf - Adobe Acrobat Reader (64-bit)
2024-06-19 09:15:41.043 [D] ?::?::Finding target in YMC_PSA_FactoryDefaults.pdf - Adobe Acrobat Reader (64-bit)
2024-06-19 09:15:41.562 [D] ?::?::Finding target in YMC_PSA_FactoryDefaults.pdf - Adobe Acrobat Reader (64-bit)
2024-06-19 09:15:42.079 [D] ?::?::Finding target in YMC_PSA_FactoryDefaults.pdf - Adobe Acrobat Reader (64-bit)
2024-06-19 09:15:42.597 [D] ?::?::Finding target in YMC_PSA_FactoryDefaults.pdf - Adobe Acrobat Reader (64-bit)
2024-06-19 09:15:43.115 [D] ?::?::Finding target in YMC_PSA_FactoryDefaults.pdf - Adobe Acrobat Reader (64-bit)
2024-06-19 09:15:43.619 [D] ?::?::Finding target in YMC_PSA_FactoryDefaults.pdf - Adobe Acrobat Reader (64-bit)
2024-06-19 09:15:44.138 [D] ?::?::Finding target in YMC_PSA_FactoryDefaults.pdf - Adobe Acrobat Reader (64-bit)
2024-06-19 09:15:44.657 [D] ?::?::Finding target in YMC_PSA_FactoryDefaults.pdf - Adobe Acrobat Reader (64-bit)
2024-06-19 09:15:45.176 [D] ?::?::Finding target in YMC_PSA_FactoryDefaults.pdf - Adobe Acrobat Reader (64-bit)
2024-06-19 09:15:45.693 [D] ?::?::Finding target in YMC_PSA_FactoryDefaults.pdf - Adobe Acrobat Reader (64-bit)
2024-06-19 09:15:46.213 [D] ?::?::Finding target in YMC_PSA_FactoryDefaults.pdf - Adobe Acrobat Reader (64-bit)
2024-06-19 09:15:46.731 [D] ?::?::Finding target in YMC_PSA_FactoryDefaults.pdf - Adobe Acrobat Reader (64-bit)
2024-06-19 09:15:47.251 [D] ?::?::Finding target in YMC_PSA_FactoryDefaults.pdf - Adobe Acrobat Reader (64-bit)
2024-06-19 09:15:47.769 [D] ?::?::Finding target in YMC_PSA_FactoryDefaults.pdf - Adobe Acrobat Reader (64-bit)
2024-06-19 09:15:50.362 [D] ?::?::Get Print Dialog
2024-06-19 09:16:13.671 [D] ?::?::Finding target in YMC_PSA_FactoryDefaults.pdf - Adobe Acrobat Reader (64-bit)
2024-06-19 09:16:13.765 [D] ?::?::Select printer combobox
2024-06-19 09:16:13.765 [D] ?::?::Finding target in 
2024-06-19 09:16:13.797 [T] ?::?::Expand/Collapse Pattern
2024-06-19 09:16:13.985 [T] ?::?::Expand
2024-06-19 09:16:14.158 [D] ?::?::Printer select
2024-06-19 09:16:14.189 [D] ?::?::Finding target in Printer:
2024-06-19 09:16:14.489 [T] ?::?::Select Pattern
2024-06-19 09:16:17.539 [D] ?::?::Finding printer properties
2024-06-19 09:16:17.539 [D] ?::?::Finding target in 
2024-06-19 09:16:17.539 [D] ?::?::Properties element is null? : False
2024-06-19 09:16:17.539 [T] ?::?::Invoke Pattern
2024-06-19 09:16:17.791 [D] ?::?::UI Automation Event : InvokePatternIdentifiers.InvokedEvent
2024-06-19 09:16:27.813 [T] ?::?::Keyword executed with result = Pass
2024-06-19 09:16:27.876 [T] ?::?::Line Number :38 Windows.Wait For Name (HP_PrintSupport_App,30) is called
2024-06-19 09:16:27.876 [D] ?::?::Finding target in YMC_PSA_FactoryDefaults.pdf - Adobe Acrobat Reader (64-bit)
2024-06-19 09:16:27.892 [T] ?::?::Keyword executed with result = Pass
2024-06-19 09:16:27.892 [T] ?::?::Line Number :39 Sleep(6) is called
2024-06-19 09:16:33.936 [T] ?::?::Keyword executed with result = Pass
2024-06-19 09:16:33.959 [T] ?::?::Line Number :14 Used_Destination_Selection_Function.not Used Destination Selection Function is called
2024-06-19 09:16:33.999 [T] ?::?::Line Number :15 Destination_Selection_PSA_Application.Expections_Error is called
2024-06-19 09:16:34.030 [T] ?::?::Line Number :11 Windows.Capture Full Screen (SS) is called
2024-06-19 09:16:34.501 [T] ?::?::Keyword executed with result = Pass
2024-06-19 09:16:34.501 [T] ?::?::Line Number :0 If :  Windows.Select Child Window With Title (HP_PrintSupport_App,5) is called
2024-06-19 09:16:34.532 [D] ?::?::Finding target in YMC_PSA_FactoryDefaults.pdf - Adobe Acrobat Reader (64-bit)
2024-06-19 09:16:35.144 [D] ?::?::Finding target in YMC_PSA_FactoryDefaults.pdf - Adobe Acrobat Reader (64-bit)
2024-06-19 09:16:35.711 [D] ?::?::Finding target in YMC_PSA_FactoryDefaults.pdf - Adobe Acrobat Reader (64-bit)
2024-06-19 09:16:36.277 [D] ?::?::Finding target in YMC_PSA_FactoryDefaults.pdf - Adobe Acrobat Reader (64-bit)
2024-06-19 09:16:36.890 [D] ?::?::Finding target in YMC_PSA_FactoryDefaults.pdf - Adobe Acrobat Reader (64-bit)
2024-06-19 09:16:37.456 [D] ?::?::Finding target in YMC_PSA_FactoryDefaults.pdf - Adobe Acrobat Reader (64-bit)
2024-06-19 09:16:38.038 [D] ?::?::Finding target in YMC_PSA_FactoryDefaults.pdf - Adobe Acrobat Reader (64-bit)
2024-06-19 09:16:38.650 [D] ?::?::Finding target in YMC_PSA_FactoryDefaults.pdf - Adobe Acrobat Reader (64-bit)
2024-06-19 09:16:39.215 [D] ?::?::Finding target in YMC_PSA_FactoryDefaults.pdf - Adobe Acrobat Reader (64-bit)
2024-06-19 09:16:39.874 [T] ?::?::Keyword executed with result = Fail
2024-06-19 09:16:39.874 [T] ?::?::Line Number :18 Pass (Childpop was not displayed) is called
2024-06-19 09:16:39.889 [T] ?::?::Keyword executed with result = Pass
2024-06-19 09:16:39.905 [T] ?::?::Line Number :20 Windows.Capture Full Screen (SSS) is called
2024-06-19 09:16:39.999 [T] ?::?::Keyword executed with result = Pass
2024-06-19 09:16:39.999 [T] ?::?::Line Number :0 If :  Windows.Select Application (HP_PrintSupport_App,5) is called
2024-06-19 09:16:40.030 [D] ?::?::Checking : 
2024-06-19 09:16:40.109 [D] ?::?::Checking : 
2024-06-19 09:16:40.109 [D] ?::?::Checking : YMC_PSA_FactoryDefaults.pdf - Adobe Acrobat Reader (64-bit)
2024-06-19 09:16:40.501 [D] ?::?::Checking : GFriend
2024-06-19 09:16:40.501 [D] ?::?::Checking : GFriend Test Report - Google Chrome
2024-06-19 09:16:40.501 [D] ?::?::Checking : Program Manager
2024-06-19 09:16:40.501 [D] ?::?::Null return
2024-06-19 09:16:41.019 [D] ?::?::Checking : 
2024-06-19 09:16:41.019 [D] ?::?::Checking : 
2024-06-19 09:16:41.019 [D] ?::?::Checking : YMC_PSA_FactoryDefaults.pdf - Adobe Acrobat Reader (64-bit)
2024-06-19 09:16:41.019 [D] ?::?::Checking : GFriend
2024-06-19 09:16:41.019 [D] ?::?::Checking : GFriend Test Report - Google Chrome
2024-06-19 09:16:41.019 [D] ?::?::Checking : Program Manager
2024-06-19 09:16:41.019 [D] ?::?::Null return
2024-06-19 09:16:41.537 [D] ?::?::Checking : 
2024-06-19 09:16:41.537 [D] ?::?::Checking : 
2024-06-19 09:16:41.537 [D] ?::?::Checking : YMC_PSA_FactoryDefaults.pdf - Adobe Acrobat Reader (64-bit)
2024-06-19 09:16:41.537 [D] ?::?::Checking : GFriend
2024-06-19 09:16:41.537 [D] ?::?::Checking : GFriend Test Report - Google Chrome
2024-06-19 09:16:41.537 [D] ?::?::Checking : Program Manager
2024-06-19 09:16:41.537 [D] ?::?::Null return
2024-06-19 09:16:42.055 [D] ?::?::Checking : 
2024-06-19 09:16:42.055 [D] ?::?::Checking : 
2024-06-19 09:16:42.055 [D] ?::?::Checking : YMC_PSA_FactoryDefaults.pdf - Adobe Acrobat Reader (64-bit)
2024-06-19 09:16:42.055 [D] ?::?::Checking : GFriend
2024-06-19 09:16:42.055 [D] ?::?::Checking : GFriend Test Report - Google Chrome
2024-06-19 09:16:42.055 [D] ?::?::Checking : Program Manager
2024-06-19 09:16:42.055 [D] ?::?::Null return
2024-06-19 09:16:42.575 [D] ?::?::Checking : 
2024-06-19 09:16:42.575 [D] ?::?::Checking : 
2024-06-19 09:16:42.575 [D] ?::?::Checking : YMC_PSA_FactoryDefaults.pdf - Adobe Acrobat Reader (64-bit)
2024-06-19 09:16:42.575 [D] ?::?::Checking : GFriend
2024-06-19 09:16:42.575 [D] ?::?::Checking : GFriend Test Report - Google Chrome
2024-06-19 09:16:42.575 [D] ?::?::Checking : Program Manager
2024-06-19 09:16:42.575 [D] ?::?::Null return
2024-06-19 09:16:43.092 [D] ?::?::Checking : 
2024-06-19 09:16:43.092 [D] ?::?::Checking : 
2024-06-19 09:16:43.092 [D] ?::?::Checking : YMC_PSA_FactoryDefaults.pdf - Adobe Acrobat Reader (64-bit)
2024-06-19 09:16:43.092 [D] ?::?::Checking : GFriend
2024-06-19 09:16:43.092 [D] ?::?::Checking : GFriend Test Report - Google Chrome
2024-06-19 09:16:43.092 [D] ?::?::Checking : Program Manager
2024-06-19 09:16:43.092 [D] ?::?::Null return
2024-06-19 09:16:43.610 [D] ?::?::Checking : 
2024-06-19 09:16:43.610 [D] ?::?::Checking : 
2024-06-19 09:16:43.610 [D] ?::?::Checking : YMC_PSA_FactoryDefaults.pdf - Adobe Acrobat Reader (64-bit)
2024-06-19 09:16:43.610 [D] ?::?::Checking : GFriend
2024-06-19 09:16:43.610 [D] ?::?::Checking : GFriend Test Report - Google Chrome
2024-06-19 09:16:43.610 [D] ?::?::Checking : Program Manager
2024-06-19 09:16:43.610 [D] ?::?::Null return
2024-06-19 09:16:44.128 [D] ?::?::Checking : 
2024-06-19 09:16:44.128 [D] ?::?::Checking : 
2024-06-19 09:16:44.128 [D] ?::?::Checking : YMC_PSA_FactoryDefaults.pdf - Adobe Acrobat Reader (64-bit)
2024-06-19 09:16:44.128 [D] ?::?::Checking : GFriend
2024-06-19 09:16:44.128 [D] ?::?::Checking : GFriend Test Report - Google Chrome
2024-06-19 09:16:44.128 [D] ?::?::Checking : Program Manager
2024-06-19 09:16:44.128 [D] ?::?::Null return
2024-06-19 09:16:44.645 [D] ?::?::Checking : 
2024-06-19 09:16:44.645 [D] ?::?::Checking : 
2024-06-19 09:16:44.645 [D] ?::?::Checking : YMC_PSA_FactoryDefaults.pdf - Adobe Acrobat Reader (64-bit)
2024-06-19 09:16:44.645 [D] ?::?::Checking : GFriend
2024-06-19 09:16:44.645 [D] ?::?::Checking : GFriend Test Report - Google Chrome
2024-06-19 09:16:44.645 [D] ?::?::Checking : Program Manager
2024-06-19 09:16:44.645 [D] ?::?::Null return
2024-06-19 09:16:45.226 [T] ?::?::Keyword executed with result = Fail
2024-06-19 09:16:45.226 [T] ?::?::Line Number :27 Pass (Childpop was not displayed) is called
2024-06-19 09:16:45.257 [T] ?::?::Keyword executed with result = Pass
2024-06-19 09:16:45.280 [T] ?::?::Line Number :16 Windows.Wait For ID (ui_Preset_Combo,5) is called
2024-06-19 09:16:45.280 [D] ?::?::Finding target in Nothing
2024-06-19 09:16:45.445 [D] ?::?::Missing target. Get focused
2024-06-19 09:16:46.356 [D] ?::?::Finding target in 
2024-06-19 09:16:46.388 [D] ?::?::Finding target in HP PrintSupportApp
2024-06-19 09:16:46.419 [T] ?::?::Keyword executed with result = Pass
2024-06-19 09:16:46.419 [T] ?::?::Line Number :17 Windows.Click ID With Mouse (ui_Preset_Combo) is called
2024-06-19 09:16:46.419 [D] ?::?::Finding target in Nothing
2024-06-19 09:16:46.419 [D] ?::?::Missing target. Get focused
2024-06-19 09:16:46.419 [D] ?::?::Finding target in 
2024-06-19 09:16:46.435 [D] ?::?::Finding target in HP PrintSupportApp
2024-06-19 09:16:46.969 [T] ?::?::Selected element name : 
2024-06-19 09:16:47.190 [T] ?::?::Keyword executed with result = Pass
2024-06-19 09:16:47.190 [T] ?::?::Line Number :18 Windows.Wait For Name (Factory Defaults,5) is called
2024-06-19 09:16:47.190 [D] ?::?::Finding target in Nothing
2024-06-19 09:16:47.190 [D] ?::?::Missing target. Get focused
2024-06-19 09:16:47.585 [D] ?::?::Finding target in 
2024-06-19 09:16:47.614 [D] ?::?::Finding target in PopupHost
2024-06-19 09:16:47.629 [T] ?::?::Keyword executed with result = Pass
2024-06-19 09:16:47.770 [T] ?::?::Line Number :19 Windows.Click Name (Factory Defaults) is called
2024-06-19 09:16:47.770 [D] ?::?::Finding target in Nothing
2024-06-19 09:16:47.770 [D] ?::?::Missing target. Get focused
2024-06-19 09:16:47.770 [D] ?::?::Finding target in 
2024-06-19 09:16:47.802 [D] ?::?::Finding target in PopupHost
2024-06-19 09:16:48.022 [T] ?::?::Select Pattern
2024-06-19 09:16:48.068 [T] ?::?::Keyword executed with result = Pass
2024-06-19 09:16:48.085 [T] ?::?::Line Number :20 Windows.Capture Screen Shot(Factory defaults.jpg) is called
2024-06-19 09:16:48.225 [T] ?::?::Keyword executed with result = Pass
2024-06-19 09:16:48.241 [T] ?::?::Line Number :21 Sleep(5) is called
2024-06-19 09:16:53.267 [T] ?::?::Keyword executed with result = Pass
2024-06-19 09:16:53.267 [T] ?::?::Line Number :22 Hallasan.Confirm is called
2024-06-19 09:16:53.267 [D] ?::?::Finding target in Nothing
2024-06-19 09:16:53.283 [D] ?::?::Missing target. Get focused
2024-06-19 09:16:53.283 [D] ?::?::Finding target in 
2024-06-19 09:16:53.315 [D] ?::?::Finding target in HP PrintSupportApp
2024-06-19 09:16:53.362 [T] ?::?::Selected element name : OK
2024-06-19 09:16:53.362 [T] ?::?::Invoke Pattern
2024-06-19 09:16:53.397 [D] ?::?::UI Automation Event : InvokePatternIdentifiers.InvokedEvent
2024-06-19 09:16:54.052 [T] ?::?::Keyword executed with result = Pass
2024-06-19 09:16:54.068 [T] ?::?::Line Number :23 Sleep(5) is called
2024-06-19 09:16:59.094 [T] ?::?::Keyword executed with result = Pass
2024-06-19 09:16:59.108 [T] ?::?::Line Number :24 Click_Print_Button.Print is called
2024-06-19 09:16:59.126 [T] ?::?::Line Number :8 Hallasan.Click Print Button is called
2024-06-19 09:17:01.154 [D] ?::?::Finding target in Nothing
2024-06-19 09:17:01.154 [D] ?::?::Missing target. Get focused
2024-06-19 09:17:01.154 [D] ?::?::Finding target in 
2024-06-19 09:17:01.169 [D] ?::?::Finding target in YMC_PSA_FactoryDefaults.pdf - Adobe Acrobat Reader (64-bit)
2024-06-19 09:17:01.421 [T] ?::?::Invoke Pattern
2024-06-19 09:17:01.593 [T] ?::?::Keyword executed with result = Pass
2024-06-19 09:17:01.593 [T] ?::?::Line Number :9 Sleep(10) is called
2024-06-19 09:17:01.656 [D] ?::?::UI Automation Event : InvokePatternIdentifiers.InvokedEvent
2024-06-19 09:17:11.626 [T] ?::?::Keyword executed with result = Pass
2024-06-19 09:17:11.633 [T] ?::?::Line Number :0 If :  Hallasan.Close Application is called
2024-06-19 09:17:11.737 [T] ?::?::Keyword executed with result = Pass
2024-06-19 09:17:11.752 [T] ?::?::Line Number :23 Sleep(10) is called
2024-06-19 09:17:21.777 [T] ?::?::Keyword executed with result = Pass
2024-06-19 09:17:21.793 [T] ?::?::Line Number :25 Destination_Selection_PSA_Application.PT Value_Factory_defaults_PSA is called
2024-06-19 09:17:21.839 [T] ?::?::Line Number :44 XML.Load From File (C:\temp\H_JobSetup_OutPT.xml) is called
2024-06-19 09:17:21.949 [T] ?::?::Keyword executed with result = Pass
2024-06-19 09:17:21.955 [T] ?::?::Line Number :45 XML.Get Attribute (${value},//*[@name='psk:JobDuplexAllDocumentsContiguously']/psf:Option,name) is called
2024-06-19 09:17:21.980 [T] ?::?::Keyword executed with result = Pass
2024-06-19 09:17:21.996 [T] ?::?::Line Number :46 Equals (${value},psk:OneSided) is called
2024-06-19 09:17:22.027 [T] ?::?::Keyword executed with result = Pass
2024-06-19 09:17:22.027 [T] ?::?::Line Number :47 XML.Get Attribute (${value},//*[@name='ns0000:JobTelemetryUserOption']/psf:Option,name) is called
2024-06-19 09:17:22.059 [T] ?::?::Keyword executed with result = Pass
2024-06-19 09:17:22.074 [T] ?::?::Line Number :48 Equals (${value},ns0000:OptIn) is called
2024-06-19 09:17:22.090 [T] ?::?::Keyword executed with result = Pass
2024-06-19 09:17:22.106 [T] ?::?::Line Number :49 Run Command(cmd /c copy c:\temp\H_JobSetup_OutPT.xml "${OUTPUT_FOLDER}",${commandOutput},5) is called
2024-06-19 09:17:22.341 [T] ?::?::Keyword executed with result = Pass
2024-06-19 09:17:22.388 [T] ?::?::Line Number :33 Destination_Selection_PSA_Application.Destination Selection_Envelopes_PSA is called
2024-06-19 09:17:22.419 [T] ?::?::Line Number :59 Hallasan.Open File For Print (C:\GFriend_PotG\Potg_Driver\PotG Testfile\PSA\YMC_PSA_ENVELOPES.pdf,HP_PrintSupport_App) is called
2024-06-19 09:17:22.419 [T] ?::?::Open Acrobat Reader
2024-06-19 09:17:24.494 [T] ?::?::Process is started with C:\GFriend_PotG\Potg_Driver\PotG Testfile\PSA\YMC_PSA_ENVELOPES.pdf and Process Id is 25128
2024-06-19 09:17:34.495 [T] ?::?::Current focused process id : 19912
2024-06-19 09:17:34.495 [D] ?::?::Finding target in 
2024-06-19 09:17:34.511 [T] ?::?::Get Acrobat Reader
2024-06-19 09:17:34.511 [D] ?::?::Finding target in 
2024-06-19 09:17:36.597 [D] ?::?::Get Print Dialog
2024-06-19 09:17:52.141 [D] ?::?::Finding target in YMC_PSA_ENVELOPES.pdf - Adobe Acrobat Reader (64-bit)
2024-06-19 09:17:52.172 [D] ?::?::Select printer combobox
2024-06-19 09:17:52.172 [D] ?::?::Finding target in 
2024-06-19 09:17:52.172 [T] ?::?::Expand/Collapse Pattern
2024-06-19 09:17:52.172 [T] ?::?::Expand
2024-06-19 09:17:52.408 [D] ?::?::Printer select
2024-06-19 09:17:52.408 [D] ?::?::Finding target in Printer:
2024-06-19 09:17:52.408 [T] ?::?::Select Pattern
2024-06-19 09:17:55.582 [D] ?::?::Finding printer properties
2024-06-19 09:17:55.582 [D] ?::?::Finding target in 
2024-06-19 09:17:55.582 [D] ?::?::Properties element is null? : False
2024-06-19 09:17:55.582 [T] ?::?::Invoke Pattern
2024-06-19 09:17:55.613 [D] ?::?::UI Automation Event : InvokePatternIdentifiers.InvokedEvent
2024-06-19 09:18:05.635 [T] ?::?::Keyword executed with result = Pass
2024-06-19 09:18:05.635 [T] ?::?::Line Number :60 Windows.Wait For Name (HP_PrintSupport_App,30) is called
2024-06-19 09:18:05.635 [D] ?::?::Finding target in YMC_PSA_ENVELOPES.pdf - Adobe Acrobat Reader (64-bit)
2024-06-19 09:18:05.650 [T] ?::?::Keyword executed with result = Pass
2024-06-19 09:18:05.666 [T] ?::?::Line Number :61 Sleep(6) is called
2024-06-19 09:18:11.691 [T] ?::?::Keyword executed with result = Pass
2024-06-19 09:18:11.722 [T] ?::?::Line Number :34 Used_Destination_Selection_Function.not Used Destination Selection Function is called
2024-06-19 09:18:11.770 [T] ?::?::Line Number :35 Destination_Selection_PSA_Application.Expections_Error is called
2024-06-19 09:18:11.801 [T] ?::?::Line Number :11 Windows.Capture Full Screen (SS) is called
2024-06-19 09:18:11.879 [T] ?::?::Keyword executed with result = Pass
2024-06-19 09:18:11.895 [T] ?::?::Line Number :0 If :  Windows.Select Child Window With Title (HP_PrintSupport_App,5) is called
2024-06-19 09:18:11.895 [D] ?::?::Finding target in YMC_PSA_ENVELOPES.pdf - Adobe Acrobat Reader (64-bit)
2024-06-19 09:18:12.492 [D] ?::?::Finding target in YMC_PSA_ENVELOPES.pdf - Adobe Acrobat Reader (64-bit)
2024-06-19 09:18:13.057 [D] ?::?::Finding target in YMC_PSA_ENVELOPES.pdf - Adobe Acrobat Reader (64-bit)
2024-06-19 09:18:13.623 [D] ?::?::Finding target in YMC_PSA_ENVELOPES.pdf - Adobe Acrobat Reader (64-bit)
2024-06-19 09:18:14.189 [D] ?::?::Finding target in YMC_PSA_ENVELOPES.pdf - Adobe Acrobat Reader (64-bit)
2024-06-19 09:18:14.754 [D] ?::?::Finding target in YMC_PSA_ENVELOPES.pdf - Adobe Acrobat Reader (64-bit)
2024-06-19 09:18:15.320 [D] ?::?::Finding target in YMC_PSA_ENVELOPES.pdf - Adobe Acrobat Reader (64-bit)
2024-06-19 09:18:15.886 [D] ?::?::Finding target in YMC_PSA_ENVELOPES.pdf - Adobe Acrobat Reader (64-bit)
2024-06-19 09:18:16.451 [D] ?::?::Finding target in YMC_PSA_ENVELOPES.pdf - Adobe Acrobat Reader (64-bit)
2024-06-19 09:18:17.127 [T] ?::?::Keyword executed with result = Fail
2024-06-19 09:18:17.142 [T] ?::?::Line Number :18 Pass (Childpop was not displayed) is called
2024-06-19 09:18:17.158 [T] ?::?::Keyword executed with result = Pass
2024-06-19 09:18:17.158 [T] ?::?::Line Number :20 Windows.Capture Full Screen (SSS) is called
2024-06-19 09:18:17.252 [T] ?::?::Keyword executed with result = Pass
2024-06-19 09:18:17.257 [T] ?::?::Line Number :0 If :  Windows.Select Application (HP_PrintSupport_App,5) is called
2024-06-19 09:18:17.268 [D] ?::?::Checking : 
2024-06-19 09:18:17.268 [D] ?::?::Checking : 
2024-06-19 09:18:17.268 [D] ?::?::Checking : YMC_PSA_ENVELOPES.pdf - Adobe Acrobat Reader (64-bit)
2024-06-19 09:18:17.284 [D] ?::?::Checking : GFriend
2024-06-19 09:18:17.284 [D] ?::?::Checking : GFriend Test Report - Google Chrome
2024-06-19 09:18:17.284 [D] ?::?::Checking : Program Manager
2024-06-19 09:18:17.284 [D] ?::?::Null return
2024-06-19 09:18:17.804 [D] ?::?::Checking : 
2024-06-19 09:18:17.804 [D] ?::?::Checking : 
2024-06-19 09:18:17.804 [D] ?::?::Checking : YMC_PSA_ENVELOPES.pdf - Adobe Acrobat Reader (64-bit)
2024-06-19 09:18:17.804 [D] ?::?::Checking : GFriend
2024-06-19 09:18:17.804 [D] ?::?::Checking : GFriend Test Report - Google Chrome
2024-06-19 09:18:17.804 [D] ?::?::Checking : Program Manager
2024-06-19 09:18:17.804 [D] ?::?::Null return
2024-06-19 09:18:18.322 [D] ?::?::Checking : 
2024-06-19 09:18:18.322 [D] ?::?::Checking : 
2024-06-19 09:18:18.322 [D] ?::?::Checking : YMC_PSA_ENVELOPES.pdf - Adobe Acrobat Reader (64-bit)
2024-06-19 09:18:18.322 [D] ?::?::Checking : GFriend
2024-06-19 09:18:18.322 [D] ?::?::Checking : GFriend Test Report - Google Chrome
2024-06-19 09:18:18.322 [D] ?::?::Checking : Program Manager
2024-06-19 09:18:18.322 [D] ?::?::Null return
2024-06-19 09:18:18.840 [D] ?::?::Checking : 
2024-06-19 09:18:18.840 [D] ?::?::Checking : 
2024-06-19 09:18:18.840 [D] ?::?::Checking : YMC_PSA_ENVELOPES.pdf - Adobe Acrobat Reader (64-bit)
2024-06-19 09:18:18.840 [D] ?::?::Checking : GFriend
2024-06-19 09:18:18.840 [D] ?::?::Checking : GFriend Test Report - Google Chrome
2024-06-19 09:18:18.840 [D] ?::?::Checking : Program Manager
2024-06-19 09:18:18.840 [D] ?::?::Null return
2024-06-19 09:18:19.358 [D] ?::?::Checking : 
2024-06-19 09:18:19.358 [D] ?::?::Checking : 
2024-06-19 09:18:19.362 [D] ?::?::Checking : YMC_PSA_ENVELOPES.pdf - Adobe Acrobat Reader (64-bit)
2024-06-19 09:18:19.362 [D] ?::?::Checking : GFriend
2024-06-19 09:18:19.362 [D] ?::?::Checking : GFriend Test Report - Google Chrome
2024-06-19 09:18:19.362 [D] ?::?::Checking : Program Manager
2024-06-19 09:18:19.362 [D] ?::?::Null return
2024-06-19 09:18:19.877 [D] ?::?::Checking : 
2024-06-19 09:18:19.877 [D] ?::?::Checking : 
2024-06-19 09:18:19.877 [D] ?::?::Checking : YMC_PSA_ENVELOPES.pdf - Adobe Acrobat Reader (64-bit)
2024-06-19 09:18:19.877 [D] ?::?::Checking : GFriend
2024-06-19 09:18:19.877 [D] ?::?::Checking : GFriend Test Report - Google Chrome
2024-06-19 09:18:19.877 [D] ?::?::Checking : Program Manager
2024-06-19 09:18:19.877 [D] ?::?::Null return
2024-06-19 09:18:20.396 [D] ?::?::Checking : 
2024-06-19 09:18:20.396 [D] ?::?::Checking : 
2024-06-19 09:18:20.396 [D] ?::?::Checking : YMC_PSA_ENVELOPES.pdf - Adobe Acrobat Reader (64-bit)
2024-06-19 09:18:20.396 [D] ?::?::Checking : GFriend
2024-06-19 09:18:20.396 [D] ?::?::Checking : GFriend Test Report - Google Chrome
2024-06-19 09:18:20.396 [D] ?::?::Checking : Program Manager
2024-06-19 09:18:20.396 [D] ?::?::Null return
2024-06-19 09:18:20.913 [D] ?::?::Checking : 
2024-06-19 09:18:20.913 [D] ?::?::Checking : 
2024-06-19 09:18:20.913 [D] ?::?::Checking : YMC_PSA_ENVELOPES.pdf - Adobe Acrobat Reader (64-bit)
2024-06-19 09:18:20.913 [D] ?::?::Checking : GFriend
2024-06-19 09:18:20.913 [D] ?::?::Checking : GFriend Test Report - Google Chrome
2024-06-19 09:18:20.913 [D] ?::?::Checking : Program Manager
2024-06-19 09:18:20.913 [D] ?::?::Null return
2024-06-19 09:18:21.431 [D] ?::?::Checking : 
2024-06-19 09:18:21.431 [D] ?::?::Checking : 
2024-06-19 09:18:21.431 [D] ?::?::Checking : YMC_PSA_ENVELOPES.pdf - Adobe Acrobat Reader (64-bit)
2024-06-19 09:18:21.447 [D] ?::?::Checking : GFriend
2024-06-19 09:18:21.447 [D] ?::?::Checking : GFriend Test Report - Google Chrome
2024-06-19 09:18:21.447 [D] ?::?::Checking : Program Manager
2024-06-19 09:18:21.447 [D] ?::?::Null return
2024-06-19 09:18:21.968 [D] ?::?::Checking : 
2024-06-19 09:18:21.968 [D] ?::?::Checking : 
2024-06-19 09:18:21.968 [D] ?::?::Checking : YMC_PSA_ENVELOPES.pdf - Adobe Acrobat Reader (64-bit)
2024-06-19 09:18:21.981 [D] ?::?::Checking : GFriend
2024-06-19 09:18:21.981 [D] ?::?::Checking : GFriend Test Report - Google Chrome
2024-06-19 09:18:21.981 [D] ?::?::Checking : Program Manager
2024-06-19 09:18:21.981 [D] ?::?::Null return
2024-06-19 09:18:22.595 [T] ?::?::Keyword executed with result = Fail
2024-06-19 09:18:22.595 [T] ?::?::Line Number :27 Pass (Childpop was not displayed) is called
2024-06-19 09:18:22.627 [T] ?::?::Keyword executed with result = Pass
2024-06-19 09:18:22.658 [T] ?::?::Line Number :36 Windows.Wait For ID (ui_Preset_Combo,5) is called
2024-06-19 09:18:22.658 [D] ?::?::Finding target in Nothing
2024-06-19 09:18:22.658 [D] ?::?::Missing target. Get focused
2024-06-19 09:18:22.658 [D] ?::?::Finding target in 
2024-06-19 09:18:22.674 [D] ?::?::Finding target in HP PrintSupportApp
2024-06-19 09:18:22.705 [T] ?::?::Keyword executed with result = Pass
2024-06-19 09:18:22.721 [T] ?::?::Line Number :37 Windows.Click ID With Mouse (ui_Preset_Combo) is called
2024-06-19 09:18:22.721 [D] ?::?::Finding target in Nothing
2024-06-19 09:18:22.721 [D] ?::?::Missing target. Get focused
2024-06-19 09:18:22.721 [D] ?::?::Finding target in 
2024-06-19 09:18:22.736 [D] ?::?::Finding target in HP PrintSupportApp
2024-06-19 09:18:23.256 [T] ?::?::Selected element name : 
2024-06-19 09:18:23.397 [T] ?::?::Keyword executed with result = Pass
2024-06-19 09:18:23.397 [T] ?::?::Line Number :38 Windows.Wait For Name (Envelopes,5) is called
2024-06-19 09:18:23.397 [D] ?::?::Finding target in Nothing
2024-06-19 09:18:23.397 [D] ?::?::Missing target. Get focused
2024-06-19 09:18:23.413 [D] ?::?::Finding target in 
2024-06-19 09:18:23.428 [D] ?::?::Finding target in PopupHost
2024-06-19 09:18:23.460 [T] ?::?::Keyword executed with result = Pass
2024-06-19 09:18:23.470 [T] ?::?::Line Number :39 Windows.Click Name (Envelopes) is called
2024-06-19 09:18:23.470 [D] ?::?::Finding target in Nothing
2024-06-19 09:18:23.470 [D] ?::?::Missing target. Get focused
2024-06-19 09:18:23.476 [D] ?::?::Finding target in 
2024-06-19 09:18:23.491 [D] ?::?::Finding target in PopupHost
2024-06-19 09:18:23.491 [T] ?::?::Select Pattern
2024-06-19 09:18:23.915 [T] ?::?::Keyword executed with result = Pass
2024-06-19 09:18:23.915 [T] ?::?::Line Number :40 Windows.Capture Screen Shot(Envelopes.jpg) is called
2024-06-19 09:18:24.010 [T] ?::?::Keyword executed with result = Pass
2024-06-19 09:18:24.025 [T] ?::?::Line Number :41 Sleep(5) is called
2024-06-19 09:18:29.042 [T] ?::?::Keyword executed with result = Pass
2024-06-19 09:18:29.042 [T] ?::?::Line Number :42 Hallasan.Confirm is called
2024-06-19 09:18:29.042 [D] ?::?::Finding target in Nothing
2024-06-19 09:18:29.042 [D] ?::?::Missing target. Get focused
2024-06-19 09:18:29.058 [D] ?::?::Finding target in 
2024-06-19 09:18:29.073 [D] ?::?::Finding target in HP PrintSupportApp
2024-06-19 09:18:29.120 [T] ?::?::Selected element name : OK
2024-06-19 09:18:29.120 [T] ?::?::Invoke Pattern
2024-06-19 09:18:29.136 [D] ?::?::UI Automation Event : InvokePatternIdentifiers.InvokedEvent
2024-06-19 09:18:29.309 [T] ?::?::Keyword executed with result = Pass
2024-06-19 09:18:29.324 [T] ?::?::Line Number :43 Sleep(5) is called
2024-06-19 09:18:34.352 [T] ?::?::Keyword executed with result = Pass
2024-06-19 09:18:34.352 [T] ?::?::Line Number :44 Click_Print_Button.Print is called
2024-06-19 09:18:34.383 [T] ?::?::Line Number :8 Hallasan.Click Print Button is called
2024-06-19 09:18:36.391 [D] ?::?::Finding target in Nothing
2024-06-19 09:18:36.391 [D] ?::?::Missing target. Get focused
2024-06-19 09:18:36.391 [D] ?::?::Finding target in 
2024-06-19 09:18:36.407 [D] ?::?::Finding target in YMC_PSA_ENVELOPES.pdf - Adobe Acrobat Reader (64-bit)
2024-06-19 09:18:36.438 [T] ?::?::Invoke Pattern
2024-06-19 09:18:36.454 [D] ?::?::UI Automation Event : InvokePatternIdentifiers.InvokedEvent
2024-06-19 09:18:36.469 [T] ?::?::Keyword executed with result = Pass
2024-06-19 09:18:36.485 [T] ?::?::Line Number :9 Sleep(10) is called
2024-06-19 09:18:46.516 [T] ?::?::Keyword executed with result = Pass
2024-06-19 09:18:46.516 [T] ?::?::Line Number :0 If :  Hallasan.Close Application is called
2024-06-19 09:18:46.547 [T] ?::?::Keyword executed with result = Pass
2024-06-19 09:18:46.610 [T] ?::?::Line Number :23 Sleep(10) is called
2024-06-19 09:18:56.643 [T] ?::?::Keyword executed with result = Pass
2024-06-19 09:18:56.659 [T] ?::?::Line Number :45 Destination_Selection_PSA_Application.PT Value_EnvelopePlain_PSA is called
2024-06-19 09:18:56.690 [T] ?::?::Line Number :66 XML.Load From File (C:\temp\H_JobSetup_OutPT.xml) is called
2024-06-19 09:18:56.722 [T] ?::?::Keyword executed with result = Pass
2024-06-19 09:18:56.737 [T] ?::?::Line Number :67 XML.Get Attribute (${value},//*[@name='psk:PageMediaType']/psf:Option,name) is called
2024-06-19 09:18:56.737 [T] ?::?::Keyword executed with result = Pass
2024-06-19 09:18:56.769 [T] ?::?::Line Number :68 Equals (${value},psk:Label) is called
2024-06-19 09:18:56.784 [T] ?::?::Keyword executed with result = Pass
2024-06-19 09:18:56.784 [T] ?::?::Line Number :69 XML.Get Attribute (${value},//*[@name='ns0000:JobTelemetryUserOption']/psf:Option,name) is called
2024-06-19 09:18:56.800 [T] ?::?::Keyword executed with result = Pass
2024-06-19 09:18:56.816 [T] ?::?::Line Number :70 Equals (${value},ns0000:OptIn) is called
2024-06-19 09:18:56.832 [T] ?::?::Keyword executed with result = Pass
2024-06-19 09:18:56.832 [T] ?::?::Line Number :71 Run Command(cmd /c copy c:\temp\H_JobSetup_OutPT.xml "${OUTPUT_FOLDER}",${commandOutput},5) is called
2024-06-19 09:18:57.208 [T] ?::?::Keyword executed with result = Pass
2024-06-19 09:18:57.397 [T] ?::?::Line Number :53 Destination_Selection_PSA_Application.Destination Selection_Labels_PSA is called
2024-06-19 09:18:57.429 [T] ?::?::Line Number :81 Hallasan.Open File For Print (C:\GFriend_PotG\Potg_Driver\PotG Testfile\PSA\YMC_PSA_LABELS.pdf,HP_PrintSupport_App) is called
2024-06-19 09:18:57.429 [T] ?::?::Open Acrobat Reader
2024-06-19 09:18:59.469 [T] ?::?::Process is started with C:\GFriend_PotG\Potg_Driver\PotG Testfile\PSA\YMC_PSA_LABELS.pdf and Process Id is 9284
2024-06-19 09:19:09.472 [T] ?::?::Current focused process id : 9184
2024-06-19 09:19:09.472 [D] ?::?::Finding target in 
2024-06-19 09:19:09.472 [T] ?::?::Get Acrobat Reader
2024-06-19 09:19:09.488 [D] ?::?::Finding target in 
2024-06-19 09:19:11.575 [D] ?::?::Get Print Dialog
2024-06-19 09:19:16.585 [D] ?::?::Finding target in YMC_PSA_LABELS.pdf - Adobe Acrobat Reader (64-bit)
2024-06-19 09:19:16.585 [D] ?::?::Select printer combobox
2024-06-19 09:19:16.585 [D] ?::?::Finding target in 
2024-06-19 09:19:16.585 [T] ?::?::Expand/Collapse Pattern
2024-06-19 09:19:16.585 [T] ?::?::Expand
2024-06-19 09:19:16.758 [D] ?::?::Printer select
2024-06-19 09:19:16.761 [D] ?::?::Finding target in Printer:
2024-06-19 09:19:16.761 [T] ?::?::Select Pattern
2024-06-19 09:19:19.809 [D] ?::?::Finding printer properties
2024-06-19 09:19:19.809 [D] ?::?::Finding target in 
2024-06-19 09:19:19.809 [D] ?::?::Properties element is null? : False
2024-06-19 09:19:19.809 [T] ?::?::Invoke Pattern
2024-06-19 09:19:19.855 [D] ?::?::UI Automation Event : InvokePatternIdentifiers.InvokedEvent
2024-06-19 09:19:29.868 [T] ?::?::Keyword executed with result = Pass
2024-06-19 09:19:29.868 [T] ?::?::Line Number :82 Windows.Wait For Name (HP_PrintSupport_App,30) is called
2024-06-19 09:19:29.868 [D] ?::?::Finding target in YMC_PSA_LABELS.pdf - Adobe Acrobat Reader (64-bit)
2024-06-19 09:19:29.890 [T] ?::?::Keyword executed with result = Pass
2024-06-19 09:19:29.899 [T] ?::?::Line Number :83 Sleep(6) is called
2024-06-19 09:19:35.934 [T] ?::?::Keyword executed with result = Pass
2024-06-19 09:19:35.949 [T] ?::?::Line Number :54 Used_Destination_Selection_Function.not Used Destination Selection Function is called
2024-06-19 09:19:36.003 [T] ?::?::Line Number :55 Destination_Selection_PSA_Application.Expections_Error is called
2024-06-19 09:19:36.028 [T] ?::?::Line Number :11 Windows.Capture Full Screen (SS) is called
2024-06-19 09:19:36.138 [T] ?::?::Keyword executed with result = Pass
2024-06-19 09:19:36.138 [T] ?::?::Line Number :0 If :  Windows.Select Child Window With Title (HP_PrintSupport_App,5) is called
2024-06-19 09:19:36.138 [D] ?::?::Finding target in YMC_PSA_LABELS.pdf - Adobe Acrobat Reader (64-bit)
2024-06-19 09:19:36.719 [D] ?::?::Finding target in YMC_PSA_LABELS.pdf - Adobe Acrobat Reader (64-bit)
2024-06-19 09:19:37.285 [D] ?::?::Finding target in YMC_PSA_LABELS.pdf - Adobe Acrobat Reader (64-bit)
2024-06-19 09:19:37.850 [D] ?::?::Finding target in YMC_PSA_LABELS.pdf - Adobe Acrobat Reader (64-bit)
2024-06-19 09:19:38.446 [D] ?::?::Finding target in YMC_PSA_LABELS.pdf - Adobe Acrobat Reader (64-bit)
2024-06-19 09:19:39.011 [D] ?::?::Finding target in YMC_PSA_LABELS.pdf - Adobe Acrobat Reader (64-bit)
2024-06-19 09:19:39.576 [D] ?::?::Finding target in YMC_PSA_LABELS.pdf - Adobe Acrobat Reader (64-bit)
2024-06-19 09:19:40.141 [D] ?::?::Finding target in YMC_PSA_LABELS.pdf - Adobe Acrobat Reader (64-bit)
2024-06-19 09:19:40.706 [D] ?::?::Finding target in YMC_PSA_LABELS.pdf - Adobe Acrobat Reader (64-bit)
2024-06-19 09:19:41.398 [T] ?::?::Keyword executed with result = Fail
2024-06-19 09:19:41.398 [T] ?::?::Line Number :18 Pass (Childpop was not displayed) is called
2024-06-19 09:19:41.429 [T] ?::?::Keyword executed with result = Pass
2024-06-19 09:19:41.429 [T] ?::?::Line Number :20 Windows.Capture Full Screen (SSS) is called
2024-06-19 09:19:41.524 [T] ?::?::Keyword executed with result = Pass
2024-06-19 09:19:41.539 [T] ?::?::Line Number :0 If :  Windows.Select Application (HP_PrintSupport_App,5) is called
2024-06-19 09:19:41.539 [D] ?::?::Checking : 
2024-06-19 09:19:41.539 [D] ?::?::Checking : 
2024-06-19 09:19:41.539 [D] ?::?::Checking : YMC_PSA_LABELS.pdf - Adobe Acrobat Reader (64-bit)
2024-06-19 09:19:41.555 [D] ?::?::Checking : GFriend
2024-06-19 09:19:41.555 [D] ?::?::Checking : GFriend Test Report - Google Chrome
2024-06-19 09:19:41.555 [D] ?::?::Checking : Program Manager
2024-06-19 09:19:41.555 [D] ?::?::Null return
2024-06-19 09:19:42.075 [D] ?::?::Checking : 
2024-06-19 09:19:42.075 [D] ?::?::Checking : 
2024-06-19 09:19:42.075 [D] ?::?::Checking : YMC_PSA_LABELS.pdf - Adobe Acrobat Reader (64-bit)
2024-06-19 09:19:42.075 [D] ?::?::Checking : GFriend
2024-06-19 09:19:42.075 [D] ?::?::Checking : GFriend Test Report - Google Chrome
2024-06-19 09:19:42.075 [D] ?::?::Checking : Program Manager
2024-06-19 09:19:42.075 [D] ?::?::Null return
2024-06-19 09:19:42.593 [D] ?::?::Checking : 
2024-06-19 09:19:42.593 [D] ?::?::Checking : 
2024-06-19 09:19:42.593 [D] ?::?::Checking : YMC_PSA_LABELS.pdf - Adobe Acrobat Reader (64-bit)
2024-06-19 09:19:42.593 [D] ?::?::Checking : GFriend
2024-06-19 09:19:42.593 [D] ?::?::Checking : GFriend Test Report - Google Chrome
2024-06-19 09:19:42.593 [D] ?::?::Checking : Program Manager
2024-06-19 09:19:42.593 [D] ?::?::Null return
2024-06-19 09:19:43.112 [D] ?::?::Checking : 
2024-06-19 09:19:43.112 [D] ?::?::Checking : 
2024-06-19 09:19:43.116 [D] ?::?::Checking : YMC_PSA_LABELS.pdf - Adobe Acrobat Reader (64-bit)
2024-06-19 09:19:43.116 [D] ?::?::Checking : GFriend
2024-06-19 09:19:43.116 [D] ?::?::Checking : GFriend Test Report - Google Chrome
2024-06-19 09:19:43.116 [D] ?::?::Checking : Program Manager
2024-06-19 09:19:43.116 [D] ?::?::Null return
2024-06-19 09:19:43.631 [D] ?::?::Checking : 
2024-06-19 09:19:43.631 [D] ?::?::Checking : 
2024-06-19 09:19:43.631 [D] ?::?::Checking : YMC_PSA_LABELS.pdf - Adobe Acrobat Reader (64-bit)
2024-06-19 09:19:43.631 [D] ?::?::Checking : GFriend
2024-06-19 09:19:43.631 [D] ?::?::Checking : GFriend Test Report - Google Chrome
2024-06-19 09:19:43.631 [D] ?::?::Checking : Program Manager
2024-06-19 09:19:43.631 [D] ?::?::Null return
2024-06-19 09:19:44.149 [D] ?::?::Checking : 
2024-06-19 09:19:44.149 [D] ?::?::Checking : 
2024-06-19 09:19:44.149 [D] ?::?::Checking : YMC_PSA_LABELS.pdf - Adobe Acrobat Reader (64-bit)
2024-06-19 09:19:44.149 [D] ?::?::Checking : GFriend
2024-06-19 09:19:44.149 [D] ?::?::Checking : GFriend Test Report - Google Chrome
2024-06-19 09:19:44.149 [D] ?::?::Checking : Program Manager
2024-06-19 09:19:44.149 [D] ?::?::Null return
2024-06-19 09:19:44.667 [D] ?::?::Checking : 
2024-06-19 09:19:44.667 [D] ?::?::Checking : 
2024-06-19 09:19:44.667 [D] ?::?::Checking : YMC_PSA_LABELS.pdf - Adobe Acrobat Reader (64-bit)
2024-06-19 09:19:44.667 [D] ?::?::Checking : GFriend
2024-06-19 09:19:44.667 [D] ?::?::Checking : GFriend Test Report - Google Chrome
2024-06-19 09:19:44.667 [D] ?::?::Checking : Program Manager
2024-06-19 09:19:44.667 [D] ?::?::Null return
2024-06-19 09:19:45.187 [D] ?::?::Checking : 
2024-06-19 09:19:45.187 [D] ?::?::Checking : 
2024-06-19 09:19:45.187 [D] ?::?::Checking : YMC_PSA_LABELS.pdf - Adobe Acrobat Reader (64-bit)
2024-06-19 09:19:45.187 [D] ?::?::Checking : GFriend
2024-06-19 09:19:45.187 [D] ?::?::Checking : GFriend Test Report - Google Chrome
2024-06-19 09:19:45.187 [D] ?::?::Checking : Program Manager
2024-06-19 09:19:45.187 [D] ?::?::Null return
2024-06-19 09:19:45.705 [D] ?::?::Checking : 
2024-06-19 09:19:45.705 [D] ?::?::Checking : 
2024-06-19 09:19:45.705 [D] ?::?::Checking : YMC_PSA_LABELS.pdf - Adobe Acrobat Reader (64-bit)
2024-06-19 09:19:45.705 [D] ?::?::Checking : GFriend
2024-06-19 09:19:45.705 [D] ?::?::Checking : GFriend Test Report - Google Chrome
2024-06-19 09:19:45.705 [D] ?::?::Checking : Program Manager
2024-06-19 09:19:45.705 [D] ?::?::Null return
2024-06-19 09:19:46.223 [D] ?::?::Checking : 
2024-06-19 09:19:46.223 [D] ?::?::Checking : 
2024-06-19 09:19:46.223 [D] ?::?::Checking : YMC_PSA_LABELS.pdf - Adobe Acrobat Reader (64-bit)
2024-06-19 09:19:46.223 [D] ?::?::Checking : GFriend
2024-06-19 09:19:46.223 [D] ?::?::Checking : GFriend Test Report - Google Chrome
2024-06-19 09:19:46.223 [D] ?::?::Checking : Program Manager
2024-06-19 09:19:46.223 [D] ?::?::Null return
2024-06-19 09:19:46.820 [T] ?::?::Keyword executed with result = Fail
2024-06-19 09:19:46.824 [T] ?::?::Line Number :27 Pass (Childpop was not displayed) is called
2024-06-19 09:19:46.852 [T] ?::?::Keyword executed with result = Pass
2024-06-19 09:19:46.883 [T] ?::?::Line Number :56 Windows.Wait For ID (ui_Preset_Combo,5) is called
2024-06-19 09:19:46.883 [D] ?::?::Finding target in Nothing
2024-06-19 09:19:46.883 [D] ?::?::Missing target. Get focused
2024-06-19 09:19:46.883 [D] ?::?::Finding target in 
2024-06-19 09:19:46.899 [D] ?::?::Finding target in HP PrintSupportApp
2024-06-19 09:19:46.931 [T] ?::?::Keyword executed with result = Pass
2024-06-19 09:19:46.946 [T] ?::?::Line Number :57 Windows.Click ID With Mouse (ui_Preset_Combo) is called
2024-06-19 09:19:46.946 [D] ?::?::Finding target in Nothing
2024-06-19 09:19:46.946 [D] ?::?::Missing target. Get focused
2024-06-19 09:19:46.946 [D] ?::?::Finding target in 
2024-06-19 09:19:46.962 [D] ?::?::Finding target in HP PrintSupportApp
2024-06-19 09:19:47.479 [T] ?::?::Selected element name : 
2024-06-19 09:19:47.604 [T] ?::?::Keyword executed with result = Pass
2024-06-19 09:19:47.620 [T] ?::?::Line Number :58 Windows.Wait For Name (Labels,5) is called
2024-06-19 09:19:47.620 [D] ?::?::Finding target in Nothing
2024-06-19 09:19:47.620 [D] ?::?::Missing target. Get focused
2024-06-19 09:19:47.625 [D] ?::?::Finding target in 
2024-06-19 09:19:47.652 [D] ?::?::Finding target in PopupHost
2024-06-19 09:19:47.667 [T] ?::?::Keyword executed with result = Pass
2024-06-19 09:19:47.667 [T] ?::?::Line Number :59 Windows.Click Name (Labels) is called
2024-06-19 09:19:47.667 [D] ?::?::Finding target in Nothing
2024-06-19 09:19:47.683 [D] ?::?::Missing target. Get focused
2024-06-19 09:19:47.683 [D] ?::?::Finding target in 
2024-06-19 09:19:47.698 [D] ?::?::Finding target in PopupHost
2024-06-19 09:19:47.698 [T] ?::?::Select Pattern
2024-06-19 09:19:47.808 [T] ?::?::Keyword executed with result = Pass
2024-06-19 09:19:47.808 [T] ?::?::Line Number :60 Windows.Capture Screen Shot(Labels.jpg) is called
2024-06-19 09:19:47.902 [T] ?::?::Keyword executed with result = Pass
2024-06-19 09:19:47.902 [T] ?::?::Line Number :61 Sleep(5) is called
2024-06-19 09:19:52.949 [T] ?::?::Keyword executed with result = Pass
2024-06-19 09:19:52.949 [T] ?::?::Line Number :62 Hallasan.Confirm is called
2024-06-19 09:19:52.949 [D] ?::?::Finding target in Nothing
2024-06-19 09:19:52.949 [D] ?::?::Missing target. Get focused
2024-06-19 09:19:52.965 [D] ?::?::Finding target in 
2024-06-19 09:19:52.980 [D] ?::?::Finding target in HP PrintSupportApp
2024-06-19 09:19:53.059 [T] ?::?::Selected element name : OK
2024-06-19 09:19:53.059 [T] ?::?::Invoke Pattern
2024-06-19 09:19:53.059 [D] ?::?::UI Automation Event : InvokePatternIdentifiers.InvokedEvent
2024-06-19 09:19:53.326 [T] ?::?::Keyword executed with result = Pass
2024-06-19 09:19:53.342 [T] ?::?::Line Number :63 Sleep(5) is called
2024-06-19 09:19:58.368 [T] ?::?::Keyword executed with result = Pass
2024-06-19 09:19:58.368 [T] ?::?::Line Number :64 Click_Print_Button.Print is called
2024-06-19 09:19:58.415 [T] ?::?::Line Number :8 Hallasan.Click Print Button is called
2024-06-19 09:20:00.434 [D] ?::?::Finding target in Nothing
2024-06-19 09:20:00.434 [D] ?::?::Missing target. Get focused
2024-06-19 09:20:00.434 [D] ?::?::Finding target in 
2024-06-19 09:20:00.449 [D] ?::?::Finding target in YMC_PSA_LABELS.pdf - Adobe Acrobat Reader (64-bit)
2024-06-19 09:20:00.481 [T] ?::?::Invoke Pattern
2024-06-19 09:20:00.512 [D] ?::?::UI Automation Event : InvokePatternIdentifiers.InvokedEvent
2024-06-19 09:20:00.528 [T] ?::?::Keyword executed with result = Pass
2024-06-19 09:20:00.544 [T] ?::?::Line Number :9 Sleep(10) is called
2024-06-19 09:20:10.572 [T] ?::?::Keyword executed with result = Pass
2024-06-19 09:20:10.572 [T] ?::?::Line Number :0 If :  Hallasan.Close Application is called
2024-06-19 09:20:10.590 [T] ?::?::Keyword executed with result = Pass
2024-06-19 09:20:10.604 [T] ?::?::Line Number :23 Sleep(10) is called
2024-06-19 09:20:20.640 [T] ?::?::Keyword executed with result = Pass
2024-06-19 09:20:20.671 [T] ?::?::Line Number :65 Destination_Selection_PSA_Application.PT Value_Label_PSA is called
2024-06-19 09:20:20.718 [T] ?::?::Line Number :88 XML.Load From File (C:\temp\H_JobSetup_OutPT.xml) is called
2024-06-19 09:20:20.734 [T] ?::?::Keyword executed with result = Pass
2024-06-19 09:20:20.749 [T] ?::?::Line Number :89 XML.Get Attribute (${value},//*[@name='psk:PageMediaType']/psf:Option,name) is called
2024-06-19 09:20:20.749 [T] ?::?::Keyword executed with result = Pass
2024-06-19 09:20:20.781 [T] ?::?::Line Number :90 Equals (${value},psk:Label) is called
2024-06-19 09:20:20.796 [T] ?::?::Keyword executed with result = Pass
2024-06-19 09:20:20.796 [T] ?::?::Line Number :91 XML.Get Attribute (${value},//*[@name='ns0000:JobTelemetryUserOption']/psf:Option,name) is called
2024-06-19 09:20:20.820 [T] ?::?::Keyword executed with result = Pass
2024-06-19 09:20:20.828 [T] ?::?::Line Number :92 Equals (${value},ns0000:OptIn) is called
2024-06-19 09:20:20.859 [T] ?::?::Keyword executed with result = Pass
2024-06-19 09:20:20.859 [T] ?::?::Line Number :93 Run Command(cmd /c copy c:\temp\H_JobSetup_OutPT.xml "${OUTPUT_FOLDER}",${commandOutput},5) is called
2024-06-19 09:20:20.906 [T] ?::?::Keyword executed with result = Pass
2024-06-19 09:20:20.938 [T] ?::?::Line Number :71 Destination_Selection_PSA_Application.Destination Selection_PPUI_Refresh_PSA is called
2024-06-19 09:20:20.984 [T] ?::?::Line Number :104 Hallasan.Open File For Print (C:\GFriend_PotG\Potg_Driver\PotG Testfile\PSA\YMC_PSA_REFRESH.pdf,HP_PrintSupport_App) is called
2024-06-19 09:20:20.984 [T] ?::?::Open Acrobat Reader
2024-06-19 09:20:23.033 [T] ?::?::Process is started with C:\GFriend_PotG\Potg_Driver\PotG Testfile\PSA\YMC_PSA_REFRESH.pdf and Process Id is 18856
2024-06-19 09:20:33.034 [T] ?::?::Current focused process id : 16576
2024-06-19 09:20:33.034 [D] ?::?::Finding target in 
2024-06-19 09:20:33.050 [T] ?::?::Get Acrobat Reader
2024-06-19 09:20:33.050 [D] ?::?::Finding target in 
2024-06-19 09:20:35.133 [D] ?::?::Get Print Dialog
2024-06-19 09:20:40.135 [D] ?::?::Finding target in YMC_PSA_REFRESH.pdf - Adobe Acrobat Reader (64-bit)
2024-06-19 09:20:40.135 [D] ?::?::Select printer combobox
2024-06-19 09:20:40.135 [D] ?::?::Finding target in 
2024-06-19 09:20:40.135 [T] ?::?::Expand/Collapse Pattern
2024-06-19 09:20:40.135 [T] ?::?::Expand
2024-06-19 09:20:40.324 [D] ?::?::Printer select
2024-06-19 09:20:40.324 [D] ?::?::Finding target in Printer:
2024-06-19 09:20:40.324 [T] ?::?::Select Pattern
2024-06-19 09:20:43.361 [D] ?::?::Finding printer properties
2024-06-19 09:20:43.361 [D] ?::?::Finding target in 
2024-06-19 09:20:43.364 [D] ?::?::Properties element is null? : False
2024-06-19 09:20:43.364 [T] ?::?::Invoke Pattern
2024-06-19 09:20:53.423 [T] ?::?::Keyword executed with result = Pass
2024-06-19 09:20:53.423 [T] ?::?::Line Number :105 Windows.Wait For Name (HP_PrintSupport_App,30) is called
2024-06-19 09:20:53.423 [D] ?::?::Finding target in YMC_PSA_REFRESH.pdf - Adobe Acrobat Reader (64-bit)
2024-06-19 09:20:53.454 [T] ?::?::Keyword executed with result = Pass
2024-06-19 09:20:53.454 [T] ?::?::Line Number :106 Sleep(6) is called
2024-06-19 09:20:59.495 [T] ?::?::Keyword executed with result = Pass
2024-06-19 09:20:59.511 [T] ?::?::Line Number :72 Used_Destination_Selection_Function.not Used Destination Selection Function is called
2024-06-19 09:20:59.542 [T] ?::?::Line Number :73 Destination_Selection_PSA_Application.Expections_Error is called
2024-06-19 09:20:59.573 [T] ?::?::Line Number :11 Windows.Capture Full Screen (SS) is called
2024-06-19 09:20:59.652 [T] ?::?::Keyword executed with result = Pass
2024-06-19 09:20:59.667 [T] ?::?::Line Number :0 If :  Windows.Select Child Window With Title (HP_PrintSupport_App,5) is called
2024-06-19 09:20:59.667 [D] ?::?::Finding target in YMC_PSA_REFRESH.pdf - Adobe Acrobat Reader (64-bit)
2024-06-19 09:21:00.238 [D] ?::?::Finding target in YMC_PSA_REFRESH.pdf - Adobe Acrobat Reader (64-bit)
2024-06-19 09:21:00.806 [D] ?::?::Finding target in YMC_PSA_REFRESH.pdf - Adobe Acrobat Reader (64-bit)
2024-06-19 09:21:01.364 [D] ?::?::Finding target in YMC_PSA_REFRESH.pdf - Adobe Acrobat Reader (64-bit)
2024-06-19 09:21:01.661 [D] ?::?::UI Automation Event : InvokePatternIdentifiers.InvokedEvent
2024-06-19 09:21:01.928 [D] ?::?::Finding target in YMC_PSA_REFRESH.pdf - Adobe Acrobat Reader (64-bit)
2024-06-19 09:21:02.543 [D] ?::?::Finding target in YMC_PSA_REFRESH.pdf - Adobe Acrobat Reader (64-bit)
2024-06-19 09:21:03.160 [D] ?::?::Finding target in YMC_PSA_REFRESH.pdf - Adobe Acrobat Reader (64-bit)
2024-06-19 09:21:03.762 [D] ?::?::Finding target in YMC_PSA_REFRESH.pdf - Adobe Acrobat Reader (64-bit)
2024-06-19 09:21:04.362 [D] ?::?::Finding target in YMC_PSA_REFRESH.pdf - Adobe Acrobat Reader (64-bit)
2024-06-19 09:21:05.039 [T] ?::?::Keyword executed with result = Fail
2024-06-19 09:21:05.039 [T] ?::?::Line Number :18 Pass (Childpop was not displayed) is called
2024-06-19 09:21:05.070 [T] ?::?::Keyword executed with result = Pass
2024-06-19 09:21:05.070 [T] ?::?::Line Number :20 Windows.Capture Full Screen (SSS) is called
2024-06-19 09:21:05.149 [T] ?::?::Keyword executed with result = Pass
2024-06-19 09:21:05.165 [T] ?::?::Line Number :0 If :  Windows.Select Application (HP_PrintSupport_App,5) is called
2024-06-19 09:21:05.165 [D] ?::?::Checking : 
2024-06-19 09:21:05.165 [D] ?::?::Checking : 
2024-06-19 09:21:05.165 [D] ?::?::Checking : YMC_PSA_REFRESH.pdf - Adobe Acrobat Reader (64-bit)
2024-06-19 09:21:05.228 [D] ?::?::Checking : GFriend
2024-06-19 09:21:05.228 [D] ?::?::Checking : GFriend Test Report - Google Chrome
2024-06-19 09:21:05.228 [D] ?::?::Checking : Program Manager
2024-06-19 09:21:05.228 [D] ?::?::Null return
2024-06-19 09:21:05.748 [D] ?::?::Checking : 
2024-06-19 09:21:05.748 [D] ?::?::Checking : 
2024-06-19 09:21:05.748 [D] ?::?::Checking : YMC_PSA_REFRESH.pdf - Adobe Acrobat Reader (64-bit)
2024-06-19 09:21:05.748 [D] ?::?::Checking : GFriend
2024-06-19 09:21:05.748 [D] ?::?::Checking : GFriend Test Report - Google Chrome
2024-06-19 09:21:05.748 [D] ?::?::Checking : Program Manager
2024-06-19 09:21:05.748 [D] ?::?::Null return
2024-06-19 09:21:06.272 [D] ?::?::Checking : 
2024-06-19 09:21:06.272 [D] ?::?::Checking : 
2024-06-19 09:21:06.272 [D] ?::?::Checking : YMC_PSA_REFRESH.pdf - Adobe Acrobat Reader (64-bit)
2024-06-19 09:21:06.272 [D] ?::?::Checking : GFriend
2024-06-19 09:21:06.272 [D] ?::?::Checking : GFriend Test Report - Google Chrome
2024-06-19 09:21:06.272 [D] ?::?::Checking : Program Manager
2024-06-19 09:21:06.272 [D] ?::?::Null return
2024-06-19 09:21:06.799 [D] ?::?::Checking : 
2024-06-19 09:21:06.799 [D] ?::?::Checking : 
2024-06-19 09:21:06.799 [D] ?::?::Checking : YMC_PSA_REFRESH.pdf - Adobe Acrobat Reader (64-bit)
2024-06-19 09:21:06.799 [D] ?::?::Checking : GFriend
2024-06-19 09:21:06.799 [D] ?::?::Checking : GFriend Test Report - Google Chrome
2024-06-19 09:21:06.799 [D] ?::?::Checking : Program Manager
2024-06-19 09:21:06.799 [D] ?::?::Null return
2024-06-19 09:21:07.322 [D] ?::?::Checking : 
2024-06-19 09:21:07.322 [D] ?::?::Checking : 
2024-06-19 09:21:07.322 [D] ?::?::Checking : YMC_PSA_REFRESH.pdf - Adobe Acrobat Reader (64-bit)
2024-06-19 09:21:07.322 [D] ?::?::Checking : GFriend
2024-06-19 09:21:07.322 [D] ?::?::Checking : GFriend Test Report - Google Chrome
2024-06-19 09:21:07.322 [D] ?::?::Checking : Program Manager
2024-06-19 09:21:07.322 [D] ?::?::Null return
2024-06-19 09:21:07.841 [D] ?::?::Checking : 
2024-06-19 09:21:07.841 [D] ?::?::Checking : 
2024-06-19 09:21:07.841 [D] ?::?::Checking : YMC_PSA_REFRESH.pdf - Adobe Acrobat Reader (64-bit)
2024-06-19 09:21:07.841 [D] ?::?::Checking : GFriend
2024-06-19 09:21:07.841 [D] ?::?::Checking : GFriend Test Report - Google Chrome
2024-06-19 09:21:07.841 [D] ?::?::Checking : Program Manager
2024-06-19 09:21:07.841 [D] ?::?::Null return
2024-06-19 09:21:08.366 [D] ?::?::Checking : 
2024-06-19 09:21:08.366 [D] ?::?::Checking : 
2024-06-19 09:21:08.366 [D] ?::?::Checking : YMC_PSA_REFRESH.pdf - Adobe Acrobat Reader (64-bit)
2024-06-19 09:21:08.366 [D] ?::?::Checking : GFriend
2024-06-19 09:21:08.366 [D] ?::?::Checking : GFriend Test Report - Google Chrome
2024-06-19 09:21:08.366 [D] ?::?::Checking : Program Manager
2024-06-19 09:21:08.366 [D] ?::?::Null return
2024-06-19 09:21:08.889 [D] ?::?::Checking : 
2024-06-19 09:21:08.889 [D] ?::?::Checking : 
2024-06-19 09:21:08.889 [D] ?::?::Checking : YMC_PSA_REFRESH.pdf - Adobe Acrobat Reader (64-bit)
2024-06-19 09:21:08.889 [D] ?::?::Checking : GFriend
2024-06-19 09:21:08.889 [D] ?::?::Checking : GFriend Test Report - Google Chrome
2024-06-19 09:21:08.889 [D] ?::?::Checking : Program Manager
2024-06-19 09:21:08.889 [D] ?::?::Null return
2024-06-19 09:21:09.409 [D] ?::?::Checking : 
2024-06-19 09:21:09.409 [D] ?::?::Checking : 
2024-06-19 09:21:09.409 [D] ?::?::Checking : YMC_PSA_REFRESH.pdf - Adobe Acrobat Reader (64-bit)
2024-06-19 09:21:09.409 [D] ?::?::Checking : GFriend
2024-06-19 09:21:09.409 [D] ?::?::Checking : GFriend Test Report - Google Chrome
2024-06-19 09:21:09.409 [D] ?::?::Checking : Program Manager
2024-06-19 09:21:09.409 [D] ?::?::Null return
2024-06-19 09:21:09.931 [D] ?::?::Checking : 
2024-06-19 09:21:09.931 [D] ?::?::Checking : 
2024-06-19 09:21:09.931 [D] ?::?::Checking : YMC_PSA_REFRESH.pdf - Adobe Acrobat Reader (64-bit)
2024-06-19 09:21:09.931 [D] ?::?::Checking : GFriend
2024-06-19 09:21:09.946 [D] ?::?::Checking : GFriend Test Report - Google Chrome
2024-06-19 09:21:09.946 [D] ?::?::Checking : Program Manager
2024-06-19 09:21:09.946 [D] ?::?::Null return
2024-06-19 09:21:10.532 [T] ?::?::Keyword executed with result = Fail
2024-06-19 09:21:10.532 [T] ?::?::Line Number :27 Pass (Childpop was not displayed) is called
2024-06-19 09:21:10.547 [T] ?::?::Keyword executed with result = Pass
2024-06-19 09:21:10.578 [T] ?::?::Line Number :74 Windows.Click ID (RefreshButton) is called
2024-06-19 09:21:10.578 [D] ?::?::Finding target in Nothing
2024-06-19 09:21:10.578 [D] ?::?::Missing target. Get focused
2024-06-19 09:21:10.610 [D] ?::?::Finding target in 
2024-06-19 09:21:10.625 [D] ?::?::Finding target in HP PrintSupportApp
2024-06-19 09:21:10.631 [T] ?::?::Selected element name : 
2024-06-19 09:21:10.631 [T] ?::?::Invoke Pattern
2024-06-19 09:21:10.631 [D] ?::?::UI Automation Event : InvokePatternIdentifiers.InvokedEvent
2024-06-19 09:21:10.673 [T] ?::?::Keyword executed with result = Pass
2024-06-19 09:21:10.673 [T] ?::?::Line Number :75 Windows.Capture Screen Shot(RefreshButton.jpg) is called
2024-06-19 09:21:10.735 [T] ?::?::Keyword executed with result = Pass
2024-06-19 09:21:10.751 [T] ?::?::Line Number :76 Sleep(5) is called
2024-06-19 09:21:15.793 [T] ?::?::Keyword executed with result = Pass
2024-06-19 09:21:15.793 [T] ?::?::Line Number :77 Hallasan.Confirm is called
2024-06-19 09:21:15.793 [D] ?::?::Finding target in Nothing
2024-06-19 09:21:15.793 [D] ?::?::Missing target. Get focused
2024-06-19 09:21:15.981 [D] ?::?::Finding target in 
2024-06-19 09:21:16.012 [D] ?::?::Finding target in HP PrintSupportApp
2024-06-19 09:21:16.059 [T] ?::?::Selected element name : OK
2024-06-19 09:21:16.059 [T] ?::?::Invoke Pattern
2024-06-19 09:21:16.059 [D] ?::?::UI Automation Event : InvokePatternIdentifiers.InvokedEvent
2024-06-19 09:21:16.295 [T] ?::?::Keyword executed with result = Pass
2024-06-19 09:21:16.295 [T] ?::?::Line Number :78 Sleep(5) is called
2024-06-19 09:21:21.324 [T] ?::?::Keyword executed with result = Pass
2024-06-19 09:21:21.324 [T] ?::?::Line Number :79 Click_Print_Button.Print is called
2024-06-19 09:21:21.361 [T] ?::?::Line Number :8 Hallasan.Click Print Button is called
2024-06-19 09:21:23.370 [D] ?::?::Finding target in Nothing
2024-06-19 09:21:23.370 [D] ?::?::Missing target. Get focused
2024-06-19 09:21:23.371 [D] ?::?::Finding target in 
2024-06-19 09:21:23.386 [D] ?::?::Finding target in YMC_PSA_REFRESH.pdf - Adobe Acrobat Reader (64-bit)
2024-06-19 09:21:23.433 [T] ?::?::Invoke Pattern
2024-06-19 09:21:23.468 [D] ?::?::UI Automation Event : InvokePatternIdentifiers.InvokedEvent
2024-06-19 09:21:23.481 [T] ?::?::Keyword executed with result = Pass
2024-06-19 09:21:23.496 [T] ?::?::Line Number :9 Sleep(10) is called
2024-06-19 09:21:33.518 [T] ?::?::Keyword executed with result = Pass
2024-06-19 09:21:33.518 [T] ?::?::Line Number :0 If :  Hallasan.Close Application is called
2024-06-19 09:21:33.534 [T] ?::?::Keyword executed with result = Pass
2024-06-19 09:21:33.550 [T] ?::?::Line Number :23 Sleep(10) is called
2024-06-19 09:21:43.585 [T] ?::?::Keyword executed with result = Pass
2024-06-19 09:21:43.600 [T] ?::?::Line Number :80 Destination_Selection_PSA_Application.PT Value_Label_PSA is called
2024-06-19 09:21:43.632 [T] ?::?::Line Number :88 XML.Load From File (C:\temp\H_JobSetup_OutPT.xml) is called
2024-06-19 09:21:43.664 [T] ?::?::Keyword executed with result = Pass
2024-06-19 09:21:43.664 [T] ?::?::Line Number :89 XML.Get Attribute (${value},//*[@name='psk:PageMediaType']/psf:Option,name) is called
2024-06-19 09:21:43.679 [T] ?::?::Keyword executed with result = Pass
2024-06-19 09:21:43.695 [T] ?::?::Line Number :90 Equals (${value},psk:Label) is called
2024-06-19 09:21:43.710 [T] ?::?::Keyword executed with result = Pass
2024-06-19 09:21:43.730 [T] ?::?::Line Number :91 XML.Get Attribute (${value},//*[@name='ns0000:JobTelemetryUserOption']/psf:Option,name) is called
2024-06-19 09:21:43.742 [T] ?::?::Keyword executed with result = Pass
2024-06-19 09:21:43.758 [T] ?::?::Line Number :92 Equals (${value},ns0000:OptIn) is called
2024-06-19 09:21:43.773 [T] ?::?::Keyword executed with result = Pass
2024-06-19 09:21:43.773 [T] ?::?::Line Number :93 Run Command(cmd /c copy c:\temp\H_JobSetup_OutPT.xml "${OUTPUT_FOLDER}",${commandOutput},5) is called
2024-06-19 09:21:43.820 [T] ?::?::Keyword executed with result = Pass
2024-06-19 09:21:43.852 [T] ?::?::Line Number :87 Destination_Selection_PSA_Application.Destination Selection_InfoIcon is called
2024-06-19 09:21:43.899 [T] ?::?::Line Number :123 Hallasan.Open File For Print (C:\GFriend_PotG\Potg_Driver\PotG Testfile\PSA\YMC_PSA_InformationIcon.pdf,HP_PrintSupport_App) is called
2024-06-19 09:21:43.899 [T] ?::?::Open Acrobat Reader
2024-06-19 09:21:45.926 [T] ?::?::Process is started with C:\GFriend_PotG\Potg_Driver\PotG Testfile\PSA\YMC_PSA_InformationIcon.pdf and Process Id is 13216
2024-06-19 09:21:55.936 [T] ?::?::Current focused process id : 16924
2024-06-19 09:21:55.936 [D] ?::?::Finding target in 
2024-06-19 09:21:55.951 [T] ?::?::Get Acrobat Reader
2024-06-19 09:21:55.951 [D] ?::?::Finding target in 
2024-06-19 09:21:58.058 [D] ?::?::Get Print Dialog
2024-06-19 09:22:03.060 [D] ?::?::Finding target in YMC_PSA_InformationIcon.pdf - Adobe Acrobat Reader (64-bit)
2024-06-19 09:22:03.061 [D] ?::?::Select printer combobox
2024-06-19 09:22:03.061 [D] ?::?::Finding target in 
2024-06-19 09:22:03.061 [T] ?::?::Expand/Collapse Pattern
2024-06-19 09:22:03.061 [T] ?::?::Expand
2024-06-19 09:22:03.233 [D] ?::?::Printer select
2024-06-19 09:22:03.233 [D] ?::?::Finding target in Printer:
2024-06-19 09:22:03.233 [T] ?::?::Select Pattern
2024-06-19 09:22:06.255 [D] ?::?::Finding printer properties
2024-06-19 09:22:06.255 [D] ?::?::Finding target in 
2024-06-19 09:22:06.255 [D] ?::?::Properties element is null? : False
2024-06-19 09:22:06.255 [T] ?::?::Invoke Pattern
2024-06-19 09:22:16.315 [T] ?::?::Keyword executed with result = Pass
2024-06-19 09:22:16.315 [T] ?::?::Line Number :124 Windows.Wait For Name (HP_PrintSupport_App,30) is called
2024-06-19 09:22:16.315 [D] ?::?::Finding target in YMC_PSA_InformationIcon.pdf - Adobe Acrobat Reader (64-bit)
2024-06-19 09:22:16.331 [T] ?::?::Keyword executed with result = Pass
2024-06-19 09:22:16.347 [T] ?::?::Line Number :125 Sleep(6) is called
2024-06-19 09:22:22.373 [T] ?::?::Keyword executed with result = Pass
2024-06-19 09:22:22.388 [T] ?::?::Line Number :88 Used_Destination_Selection_Function.not Used Destination Selection Function is called
2024-06-19 09:22:22.435 [T] ?::?::Line Number :89 Destination_Selection_PSA_Application.Expections_Error is called
2024-06-19 09:22:22.467 [T] ?::?::Line Number :11 Windows.Capture Full Screen (SS) is called
2024-06-19 09:22:22.545 [T] ?::?::Keyword executed with result = Pass
2024-06-19 09:22:22.561 [T] ?::?::Line Number :0 If :  Windows.Select Child Window With Title (HP_PrintSupport_App,5) is called
2024-06-19 09:22:22.561 [D] ?::?::Finding target in YMC_PSA_InformationIcon.pdf - Adobe Acrobat Reader (64-bit)
2024-06-19 09:22:23.132 [D] ?::?::Finding target in YMC_PSA_InformationIcon.pdf - Adobe Acrobat Reader (64-bit)
2024-06-19 09:22:23.702 [D] ?::?::Finding target in YMC_PSA_InformationIcon.pdf - Adobe Acrobat Reader (64-bit)
2024-06-19 09:22:24.273 [D] ?::?::Finding target in YMC_PSA_InformationIcon.pdf - Adobe Acrobat Reader (64-bit)
2024-06-19 09:22:24.557 [D] ?::?::UI Automation Event : InvokePatternIdentifiers.InvokedEvent
2024-06-19 09:22:24.840 [D] ?::?::Finding target in YMC_PSA_InformationIcon.pdf - Adobe Acrobat Reader (64-bit)
2024-06-19 09:22:25.440 [D] ?::?::Finding target in YMC_PSA_InformationIcon.pdf - Adobe Acrobat Reader (64-bit)
2024-06-19 09:22:26.040 [D] ?::?::Finding target in YMC_PSA_InformationIcon.pdf - Adobe Acrobat Reader (64-bit)
2024-06-19 09:22:26.641 [D] ?::?::Finding target in YMC_PSA_InformationIcon.pdf - Adobe Acrobat Reader (64-bit)
2024-06-19 09:22:27.244 [D] ?::?::Finding target in YMC_PSA_InformationIcon.pdf - Adobe Acrobat Reader (64-bit)
2024-06-19 09:22:27.923 [T] ?::?::Keyword executed with result = Fail
2024-06-19 09:22:27.923 [T] ?::?::Line Number :18 Pass (Childpop was not displayed) is called
2024-06-19 09:22:27.939 [T] ?::?::Keyword executed with result = Pass
2024-06-19 09:22:27.957 [T] ?::?::Line Number :20 Windows.Capture Full Screen (SSS) is called
2024-06-19 09:22:28.033 [T] ?::?::Keyword executed with result = Pass
2024-06-19 09:22:28.058 [T] ?::?::Line Number :0 If :  Windows.Select Application (HP_PrintSupport_App,5) is called
2024-06-19 09:22:28.058 [D] ?::?::Checking : 
2024-06-19 09:22:28.058 [D] ?::?::Checking : 
2024-06-19 09:22:28.058 [D] ?::?::Checking : YMC_PSA_InformationIcon.pdf - Adobe Acrobat Reader (64-bit)
2024-06-19 09:22:28.065 [D] ?::?::Checking : GFriend
2024-06-19 09:22:28.080 [D] ?::?::Checking : GFriend Test Report - Google Chrome
2024-06-19 09:22:28.080 [D] ?::?::Checking : Program Manager
2024-06-19 09:22:28.080 [D] ?::?::Null return
2024-06-19 09:22:28.603 [D] ?::?::Checking : 
2024-06-19 09:22:28.603 [D] ?::?::Checking : 
2024-06-19 09:22:28.603 [D] ?::?::Checking : YMC_PSA_InformationIcon.pdf - Adobe Acrobat Reader (64-bit)
2024-06-19 09:22:28.603 [D] ?::?::Checking : GFriend
2024-06-19 09:22:28.603 [D] ?::?::Checking : GFriend Test Report - Google Chrome
2024-06-19 09:22:28.603 [D] ?::?::Checking : Program Manager
2024-06-19 09:22:28.603 [D] ?::?::Null return
2024-06-19 09:22:29.122 [D] ?::?::Checking : 
2024-06-19 09:22:29.122 [D] ?::?::Checking : 
2024-06-19 09:22:29.122 [D] ?::?::Checking : YMC_PSA_InformationIcon.pdf - Adobe Acrobat Reader (64-bit)
2024-06-19 09:22:29.122 [D] ?::?::Checking : GFriend
2024-06-19 09:22:29.122 [D] ?::?::Checking : GFriend Test Report - Google Chrome
2024-06-19 09:22:29.122 [D] ?::?::Checking : Program Manager
2024-06-19 09:22:29.122 [D] ?::?::Null return
2024-06-19 09:22:29.647 [D] ?::?::Checking : 
2024-06-19 09:22:29.647 [D] ?::?::Checking : 
2024-06-19 09:22:29.647 [D] ?::?::Checking : YMC_PSA_InformationIcon.pdf - Adobe Acrobat Reader (64-bit)
2024-06-19 09:22:29.647 [D] ?::?::Checking : GFriend
2024-06-19 09:22:29.647 [D] ?::?::Checking : GFriend Test Report - Google Chrome
2024-06-19 09:22:29.661 [D] ?::?::Checking : Program Manager
2024-06-19 09:22:29.661 [D] ?::?::Null return
2024-06-19 09:22:30.173 [D] ?::?::Checking : 
2024-06-19 09:22:30.173 [D] ?::?::Checking : 
2024-06-19 09:22:30.173 [D] ?::?::Checking : YMC_PSA_InformationIcon.pdf - Adobe Acrobat Reader (64-bit)
2024-06-19 09:22:30.173 [D] ?::?::Checking : GFriend
2024-06-19 09:22:30.173 [D] ?::?::Checking : GFriend Test Report - Google Chrome
2024-06-19 09:22:30.173 [D] ?::?::Checking : Program Manager
2024-06-19 09:22:30.173 [D] ?::?::Null return
2024-06-19 09:22:30.692 [D] ?::?::Checking : 
2024-06-19 09:22:30.692 [D] ?::?::Checking : 
2024-06-19 09:22:30.692 [D] ?::?::Checking : YMC_PSA_InformationIcon.pdf - Adobe Acrobat Reader (64-bit)
2024-06-19 09:22:30.692 [D] ?::?::Checking : GFriend
2024-06-19 09:22:30.692 [D] ?::?::Checking : GFriend Test Report - Google Chrome
2024-06-19 09:22:30.692 [D] ?::?::Checking : Program Manager
2024-06-19 09:22:30.692 [D] ?::?::Null return
2024-06-19 09:22:31.212 [D] ?::?::Checking : 
2024-06-19 09:22:31.212 [D] ?::?::Checking : 
2024-06-19 09:22:31.212 [D] ?::?::Checking : YMC_PSA_InformationIcon.pdf - Adobe Acrobat Reader (64-bit)
2024-06-19 09:22:31.212 [D] ?::?::Checking : GFriend
2024-06-19 09:22:31.212 [D] ?::?::Checking : GFriend Test Report - Google Chrome
2024-06-19 09:22:31.228 [D] ?::?::Checking : Program Manager
2024-06-19 09:22:31.228 [D] ?::?::Null return
2024-06-19 09:22:31.737 [D] ?::?::Checking : 
2024-06-19 09:22:31.737 [D] ?::?::Checking : 
2024-06-19 09:22:31.737 [D] ?::?::Checking : YMC_PSA_InformationIcon.pdf - Adobe Acrobat Reader (64-bit)
2024-06-19 09:22:31.737 [D] ?::?::Checking : GFriend
2024-06-19 09:22:31.737 [D] ?::?::Checking : GFriend Test Report - Google Chrome
2024-06-19 09:22:31.737 [D] ?::?::Checking : Program Manager
2024-06-19 09:22:31.737 [D] ?::?::Null return
2024-06-19 09:22:32.258 [D] ?::?::Checking : 
2024-06-19 09:22:32.258 [D] ?::?::Checking : 
2024-06-19 09:22:32.258 [D] ?::?::Checking : YMC_PSA_InformationIcon.pdf - Adobe Acrobat Reader (64-bit)
2024-06-19 09:22:32.268 [D] ?::?::Checking : GFriend
2024-06-19 09:22:32.268 [D] ?::?::Checking : GFriend Test Report - Google Chrome
2024-06-19 09:22:32.268 [D] ?::?::Checking : Program Manager
2024-06-19 09:22:32.268 [D] ?::?::Null return
2024-06-19 09:22:32.779 [D] ?::?::Checking : 
2024-06-19 09:22:32.779 [D] ?::?::Checking : 
2024-06-19 09:22:32.779 [D] ?::?::Checking : YMC_PSA_InformationIcon.pdf - Adobe Acrobat Reader (64-bit)
2024-06-19 09:22:32.779 [D] ?::?::Checking : GFriend
2024-06-19 09:22:32.779 [D] ?::?::Checking : GFriend Test Report - Google Chrome
2024-06-19 09:22:32.779 [D] ?::?::Checking : Program Manager
2024-06-19 09:22:32.779 [D] ?::?::Null return
2024-06-19 09:22:33.380 [T] ?::?::Keyword executed with result = Fail
2024-06-19 09:22:33.396 [T] ?::?::Line Number :27 Pass (Childpop was not displayed) is called
2024-06-19 09:22:33.411 [T] ?::?::Keyword executed with result = Pass
2024-06-19 09:22:33.443 [T] ?::?::Line Number :90 Windows.Click ID With Mouse (AboutIcon) is called
2024-06-19 09:22:33.443 [D] ?::?::Finding target in Nothing
2024-06-19 09:22:33.443 [D] ?::?::Missing target. Get focused
2024-06-19 09:22:33.443 [D] ?::?::Finding target in 
2024-06-19 09:22:33.474 [D] ?::?::Finding target in HP PrintSupportApp
2024-06-19 09:22:33.984 [T] ?::?::Selected element name : 
2024-06-19 09:22:34.126 [T] ?::?::Keyword executed with result = Pass
2024-06-19 09:22:34.142 [T] ?::?::Line Number :91 Sleep(5) is called
2024-06-19 09:22:39.171 [T] ?::?::Keyword executed with result = Pass
2024-06-19 09:22:39.171 [T] ?::?::Line Number :92 Windows.Is Exist (DriverNameTextBlock) is called
2024-06-19 09:22:39.171 [D] ?::?::Finding target in Nothing
2024-06-19 09:22:39.171 [D] ?::?::Missing target. Get focused
2024-06-19 09:22:39.187 [D] ?::?::Finding target in 
2024-06-19 09:22:39.203 [D] ?::?::Finding target in HP PrintSupportApp
2024-06-19 09:22:39.297 [T] ?::?::Keyword executed with result = Pass
2024-06-19 09:22:39.297 [T] ?::?::Line Number :93 Sleep(5) is called
2024-06-19 09:22:44.337 [T] ?::?::Keyword executed with result = Pass
2024-06-19 09:22:44.337 [T] ?::?::Line Number :94 Windows.Click Name (OK) is called
2024-06-19 09:22:44.337 [D] ?::?::Finding target in Nothing
2024-06-19 09:22:44.337 [D] ?::?::Missing target. Get focused
2024-06-19 09:22:44.337 [D] ?::?::Finding target in 
2024-06-19 09:22:44.368 [D] ?::?::Finding target in HP PrintSupportApp
2024-06-19 09:22:44.415 [T] ?::?::Invoke Pattern
2024-06-19 09:22:44.415 [D] ?::?::UI Automation Event : InvokePatternIdentifiers.InvokedEvent
2024-06-19 09:22:44.619 [T] ?::?::Keyword executed with result = Pass
2024-06-19 09:22:44.635 [T] ?::?::Line Number :95 Windows.Capture Screen Shot(InformationIcon.jpg) is called
2024-06-19 09:22:44.729 [T] ?::?::Keyword executed with result = Pass
2024-06-19 09:22:44.729 [T] ?::?::Line Number :96 Sleep(5) is called
2024-06-19 09:22:49.764 [T] ?::?::Keyword executed with result = Pass
2024-06-19 09:22:49.764 [T] ?::?::Line Number :97 Click_Print_Button.Print is called
2024-06-19 09:22:49.795 [T] ?::?::Line Number :8 Hallasan.Click Print Button is called
2024-06-19 09:22:51.825 [D] ?::?::Finding target in Nothing
2024-06-19 09:22:51.825 [D] ?::?::Missing target. Get focused
2024-06-19 09:22:51.827 [D] ?::?::Finding target in 
2024-06-19 09:22:51.841 [D] ?::?::Finding target in YMC_PSA_InformationIcon.pdf - Adobe Acrobat Reader (64-bit)
2024-06-19 09:22:51.903 [T] ?::?::Invoke Pattern
2024-06-19 09:22:51.919 [D] ?::?::UI Automation Event : InvokePatternIdentifiers.InvokedEvent
2024-06-19 09:22:51.935 [T] ?::?::Keyword executed with result = Pass
2024-06-19 09:22:51.951 [T] ?::?::Line Number :9 Sleep(10) is called
2024-06-19 09:23:01.987 [T] ?::?::Keyword executed with result = Pass
2024-06-19 09:23:01.987 [T] ?::?::Line Number :0 If :  Hallasan.Close Application is called
2024-06-19 09:23:02.003 [T] ?::?::Keyword executed with result = Pass
2024-06-19 09:23:02.018 [T] ?::?::Line Number :23 Sleep(10) is called
2024-06-19 09:23:12.050 [T] ?::?::Keyword executed with result = Pass
2024-06-19 09:23:12.066 [T] ?::?::Line Number :98 Destination_Selection_PSA_Application.PT Value_InfoIcon_PSA is called
2024-06-19 09:23:12.097 [T] ?::?::Line Number :131 XML.Load From File (C:\temp\H_JobSetup_OutPT.xml) is called
2024-06-19 09:23:12.113 [T] ?::?::Keyword executed with result = Pass
2024-06-19 09:23:12.129 [T] ?::?::Line Number :132 XML.Get Attribute (${value},//*[@name='ns0000:JobTelemetryUserOption']/psf:Option,name) is called
2024-06-19 09:23:12.144 [T] ?::?::Keyword executed with result = Pass
2024-06-19 09:23:12.207 [T] ?::?::Line Number :133 Equals (${value},ns0000:OptIn) is called
2024-06-19 09:23:12.223 [T] ?::?::Keyword executed with result = Pass
2024-06-19 09:23:12.223 [T] ?::?::Line Number :134 Run Command(cmd /c copy c:\temp\H_JobSetup_OutPT.xml "${OUTPUT_FOLDER}",${commandOutput},5) is called
2024-06-19 09:23:12.270 [T] ?::?::Keyword executed with result = Pass
2024-06-19 09:23:12.317 [T] ?::?::Line Number :105 Destination_Selection_PSA_Application.Destination Selection_Collate_On is called
2024-06-19 09:23:12.348 [T] ?::?::Line Number :343 Hallasan.Open File For Print (C:\GFriend_PotG\Potg_Driver\PotG Testfile\PSA\YMC_PSA_CollateON.pdf,HP_PrintSupport_App) is called
2024-06-19 09:23:12.367 [T] ?::?::Open Acrobat Reader
2024-06-19 09:23:14.395 [T] ?::?::Process is started with C:\GFriend_PotG\Potg_Driver\PotG Testfile\PSA\YMC_PSA_CollateON.pdf and Process Id is 7308
2024-06-19 09:23:24.402 [T] ?::?::Current focused process id : 25484
2024-06-19 09:23:24.402 [D] ?::?::Finding target in 
2024-06-19 09:23:24.418 [T] ?::?::Get Acrobat Reader
2024-06-19 09:23:24.418 [D] ?::?::Finding target in 
2024-06-19 09:23:26.508 [D] ?::?::Get Print Dialog
2024-06-19 09:23:31.518 [D] ?::?::Finding target in YMC_PSA_CollateON.pdf - Adobe Acrobat Reader (64-bit)
2024-06-19 09:23:31.522 [D] ?::?::Select printer combobox
2024-06-19 09:23:31.522 [D] ?::?::Finding target in 
2024-06-19 09:23:31.522 [T] ?::?::Expand/Collapse Pattern
2024-06-19 09:23:31.522 [T] ?::?::Expand
2024-06-19 09:23:31.691 [D] ?::?::Printer select
2024-06-19 09:23:31.691 [D] ?::?::Finding target in Printer:
2024-06-19 09:23:31.691 [T] ?::?::Select Pattern
2024-06-19 09:23:34.716 [D] ?::?::Finding printer properties
2024-06-19 09:23:34.716 [D] ?::?::Finding target in 
2024-06-19 09:23:34.716 [D] ?::?::Properties element is null? : False
2024-06-19 09:23:34.716 [T] ?::?::Invoke Pattern
2024-06-19 09:23:44.771 [T] ?::?::Keyword executed with result = Pass
2024-06-19 09:23:44.771 [T] ?::?::Line Number :344 Windows.Wait For Name (HP_PrintSupport_App,30) is called
2024-06-19 09:23:44.771 [D] ?::?::Finding target in YMC_PSA_CollateON.pdf - Adobe Acrobat Reader (64-bit)
2024-06-19 09:23:44.786 [T] ?::?::Keyword executed with result = Pass
2024-06-19 09:23:44.802 [T] ?::?::Line Number :345 Sleep(6) is called
2024-06-19 09:23:50.832 [T] ?::?::Keyword executed with result = Pass
2024-06-19 09:23:50.847 [T] ?::?::Line Number :106 Used_Destination_Selection_Function.not Used Destination Selection Function is called
2024-06-19 09:23:50.895 [T] ?::?::Line Number :107 Destination_Selection_PSA_Application.Expections_Error is called
2024-06-19 09:23:50.926 [T] ?::?::Line Number :11 Windows.Capture Full Screen (SS) is called
2024-06-19 09:23:51.004 [T] ?::?::Keyword executed with result = Pass
2024-06-19 09:23:51.020 [T] ?::?::Line Number :0 If :  Windows.Select Child Window With Title (HP_PrintSupport_App,5) is called
2024-06-19 09:23:51.020 [D] ?::?::Finding target in YMC_PSA_CollateON.pdf - Adobe Acrobat Reader (64-bit)
2024-06-19 09:23:51.601 [D] ?::?::Finding target in YMC_PSA_CollateON.pdf - Adobe Acrobat Reader (64-bit)
2024-06-19 09:23:52.167 [D] ?::?::Finding target in YMC_PSA_CollateON.pdf - Adobe Acrobat Reader (64-bit)
2024-06-19 09:23:52.732 [D] ?::?::Finding target in YMC_PSA_CollateON.pdf - Adobe Acrobat Reader (64-bit)
2024-06-19 09:23:52.920 [D] ?::?::UI Automation Event : InvokePatternIdentifiers.InvokedEvent
2024-06-19 09:23:53.297 [D] ?::?::Finding target in YMC_PSA_CollateON.pdf - Adobe Acrobat Reader (64-bit)
2024-06-19 09:23:53.909 [D] ?::?::Finding target in YMC_PSA_CollateON.pdf - Adobe Acrobat Reader (64-bit)
2024-06-19 09:23:54.521 [D] ?::?::Finding target in YMC_PSA_CollateON.pdf - Adobe Acrobat Reader (64-bit)
2024-06-19 09:23:55.133 [D] ?::?::Finding target in YMC_PSA_CollateON.pdf - Adobe Acrobat Reader (64-bit)
2024-06-19 09:23:55.729 [D] ?::?::Finding target in YMC_PSA_CollateON.pdf - Adobe Acrobat Reader (64-bit)
2024-06-19 09:23:56.388 [T] ?::?::Keyword executed with result = Fail
2024-06-19 09:23:56.404 [T] ?::?::Line Number :18 Pass (Childpop was not displayed) is called
2024-06-19 09:23:56.420 [T] ?::?::Keyword executed with result = Pass
2024-06-19 09:23:56.435 [T] ?::?::Line Number :20 Windows.Capture Full Screen (SSS) is called
2024-06-19 09:23:56.514 [T] ?::?::Keyword executed with result = Pass
2024-06-19 09:23:56.514 [T] ?::?::Line Number :0 If :  Windows.Select Application (HP_PrintSupport_App,5) is called
2024-06-19 09:23:56.514 [D] ?::?::Checking : 
2024-06-19 09:23:56.514 [D] ?::?::Checking : 
2024-06-19 09:23:56.514 [D] ?::?::Checking : YMC_PSA_CollateON.pdf - Adobe Acrobat Reader (64-bit)
2024-06-19 09:23:56.529 [D] ?::?::Checking : GFriend
2024-06-19 09:23:56.529 [D] ?::?::Checking : GFriend Test Report - Google Chrome
2024-06-19 09:23:56.529 [D] ?::?::Checking : Program Manager
2024-06-19 09:23:56.529 [D] ?::?::Null return
2024-06-19 09:23:57.054 [D] ?::?::Checking : 
2024-06-19 09:23:57.056 [D] ?::?::Checking : 
2024-06-19 09:23:57.057 [D] ?::?::Checking : YMC_PSA_CollateON.pdf - Adobe Acrobat Reader (64-bit)
2024-06-19 09:23:57.060 [D] ?::?::Checking : GFriend
2024-06-19 09:23:57.063 [D] ?::?::Checking : GFriend Test Report - Google Chrome
2024-06-19 09:23:57.064 [D] ?::?::Checking : windows.msn.com/app.html?locale=en-USregion=US&aver=524.13200.20.0&over=10.0.22631.3737.amd64fre.ni_release.220506-1250&fring=Retail&devicetype=3&oem=HP&smode=false&machineId=%7B3A09F38D-39E3-4C20-AB86-B09A82C76373%7D&clv=1.0&usri=-1&wver=126.0.2592.61&renderWidget=true&useDeployedBundles=true&fullrefreshint=0
2024-06-19 09:23:57.064 [D] ?::?::Checking : Program Manager
2024-06-19 09:23:57.065 [D] ?::?::Null return
2024-06-19 09:23:57.568 [D] ?::?::Checking : 
2024-06-19 09:23:57.569 [D] ?::?::Checking : 
2024-06-19 09:23:57.570 [D] ?::?::Checking : YMC_PSA_CollateON.pdf - Adobe Acrobat Reader (64-bit)
2024-06-19 09:23:57.574 [D] ?::?::Checking : GFriend
2024-06-19 09:23:57.576 [D] ?::?::Checking : GFriend Test Report - Google Chrome
2024-06-19 09:23:57.577 [D] ?::?::Checking : windows.msn.com/app.html?locale=en-USregion=US&aver=524.13200.20.0&over=10.0.22631.3737.amd64fre.ni_release.220506-1250&fring=Retail&devicetype=3&oem=HP&smode=false&machineId=%7B3A09F38D-39E3-4C20-AB86-B09A82C76373%7D&clv=1.0&usri=-1&wver=126.0.2592.61&renderWidget=true&useDeployedBundles=true&fullrefreshint=0
2024-06-19 09:23:57.578 [D] ?::?::Checking : Program Manager
2024-06-19 09:23:57.578 [D] ?::?::Null return
2024-06-19 09:23:58.085 [D] ?::?::Checking : 
2024-06-19 09:23:58.085 [D] ?::?::Checking : 
2024-06-19 09:23:58.085 [D] ?::?::Checking : YMC_PSA_CollateON.pdf - Adobe Acrobat Reader (64-bit)
2024-06-19 09:23:58.085 [D] ?::?::Checking : GFriend
2024-06-19 09:23:58.085 [D] ?::?::Checking : GFriend Test Report - Google Chrome
2024-06-19 09:23:58.085 [D] ?::?::Checking : windows.msn.com/app.html?locale=en-USregion=US&aver=524.13200.20.0&over=10.0.22631.3737.amd64fre.ni_release.220506-1250&fring=Retail&devicetype=3&oem=HP&smode=false&machineId=%7B3A09F38D-39E3-4C20-AB86-B09A82C76373%7D&clv=1.0&usri=-1&wver=126.0.2592.61&renderWidget=true&useDeployedBundles=true&fullrefreshint=0
2024-06-19 09:23:58.085 [D] ?::?::Checking : Program Manager
2024-06-19 09:23:58.085 [D] ?::?::Null return
2024-06-19 09:23:58.607 [D] ?::?::Checking : 
2024-06-19 09:23:58.607 [D] ?::?::Checking : 
2024-06-19 09:23:58.607 [D] ?::?::Checking : YMC_PSA_CollateON.pdf - Adobe Acrobat Reader (64-bit)
2024-06-19 09:23:58.607 [D] ?::?::Checking : GFriend
2024-06-19 09:23:58.607 [D] ?::?::Checking : GFriend Test Report - Google Chrome
2024-06-19 09:23:58.607 [D] ?::?::Checking : Widgets
2024-06-19 09:23:58.607 [D] ?::?::Checking : Program Manager
2024-06-19 09:23:58.623 [D] ?::?::Null return
2024-06-19 09:23:59.126 [D] ?::?::Checking : 
2024-06-19 09:23:59.126 [D] ?::?::Checking : 
2024-06-19 09:23:59.126 [D] ?::?::Checking : YMC_PSA_CollateON.pdf - Adobe Acrobat Reader (64-bit)
2024-06-19 09:23:59.126 [D] ?::?::Checking : GFriend
2024-06-19 09:23:59.126 [D] ?::?::Checking : GFriend Test Report - Google Chrome
2024-06-19 09:23:59.126 [D] ?::?::Checking : Widgets
2024-06-19 09:23:59.126 [D] ?::?::Checking : Program Manager
2024-06-19 09:23:59.126 [D] ?::?::Null return
2024-06-19 09:23:59.652 [D] ?::?::Checking : 
2024-06-19 09:23:59.652 [D] ?::?::Checking : 
2024-06-19 09:23:59.652 [D] ?::?::Checking : YMC_PSA_CollateON.pdf - Adobe Acrobat Reader (64-bit)
2024-06-19 09:23:59.652 [D] ?::?::Checking : GFriend
2024-06-19 09:23:59.652 [D] ?::?::Checking : GFriend Test Report - Google Chrome
2024-06-19 09:23:59.652 [D] ?::?::Checking : Widgets
2024-06-19 09:23:59.652 [D] ?::?::Checking : Program Manager
2024-06-19 09:23:59.652 [D] ?::?::Null return
2024-06-19 09:24:00.184 [D] ?::?::Checking : 
2024-06-19 09:24:00.184 [D] ?::?::Checking : 
2024-06-19 09:24:00.184 [D] ?::?::Checking : YMC_PSA_CollateON.pdf - Adobe Acrobat Reader (64-bit)
2024-06-19 09:24:00.184 [D] ?::?::Checking : GFriend
2024-06-19 09:24:00.184 [D] ?::?::Checking : GFriend Test Report - Google Chrome
2024-06-19 09:24:00.184 [D] ?::?::Checking : Widgets
2024-06-19 09:24:00.197 [D] ?::?::Checking : Program Manager
2024-06-19 09:24:00.197 [D] ?::?::Null return
2024-06-19 09:24:00.809 [D] ?::?::Checking : 
2024-06-19 09:24:00.809 [D] ?::?::Checking : 
2024-06-19 09:24:00.809 [D] ?::?::Checking : YMC_PSA_CollateON.pdf - Adobe Acrobat Reader (64-bit)
2024-06-19 09:24:00.809 [D] ?::?::Checking : GFriend
2024-06-19 09:24:00.809 [D] ?::?::Checking : GFriend Test Report - Google Chrome
2024-06-19 09:24:00.809 [D] ?::?::Checking : Widgets
2024-06-19 09:24:00.809 [D] ?::?::Checking : Program Manager
2024-06-19 09:24:00.809 [D] ?::?::Null return
2024-06-19 09:24:01.334 [D] ?::?::Checking : 
2024-06-19 09:24:01.334 [D] ?::?::Checking : 
2024-06-19 09:24:01.334 [D] ?::?::Checking : YMC_PSA_CollateON.pdf - Adobe Acrobat Reader (64-bit)
2024-06-19 09:24:01.334 [D] ?::?::Checking : GFriend
2024-06-19 09:24:01.334 [D] ?::?::Checking : GFriend Test Report - Google Chrome
2024-06-19 09:24:01.334 [D] ?::?::Checking : Widgets
2024-06-19 09:24:01.349 [D] ?::?::Checking : Program Manager
2024-06-19 09:24:01.349 [D] ?::?::Null return
2024-06-19 09:24:01.943 [T] ?::?::Keyword executed with result = Fail
2024-06-19 09:24:01.943 [T] ?::?::Line Number :27 Pass (Childpop was not displayed) is called
2024-06-19 09:24:01.975 [T] ?::?::Keyword executed with result = Pass
2024-06-19 09:24:02.022 [T] ?::?::Line Number :108 Windows.Set Toggle (SSCControl,On) is called
2024-06-19 09:24:02.022 [D] ?::?::Finding target in Nothing
2024-06-19 09:24:02.022 [D] ?::?::Missing target. Get focused
2024-06-19 09:24:02.022 [D] ?::?::Finding target in 
2024-06-19 09:24:02.053 [D] ?::?::Finding target in HP PrintSupportApp
2024-06-19 09:24:02.220 [T] ?::?::Current Toggle State : On
2024-06-19 09:24:02.251 [T] ?::?::Keyword executed with result = Pass
2024-06-19 09:24:02.267 [T] ?::?::Line Number :109 Windows.Capture Screen Shot(Collate-ON.jpg) is called
2024-06-19 09:24:02.330 [T] ?::?::Keyword executed with result = Pass
2024-06-19 09:24:02.330 [T] ?::?::Line Number :110 Sleep(5) is called
2024-06-19 09:24:07.380 [T] ?::?::Keyword executed with result = Pass
2024-06-19 09:24:07.380 [T] ?::?::Line Number :111 Hallasan.Confirm is called
2024-06-19 09:24:07.380 [D] ?::?::Finding target in Nothing
2024-06-19 09:24:07.380 [D] ?::?::Missing target. Get focused
2024-06-19 09:24:07.396 [D] ?::?::Finding target in 
2024-06-19 09:24:07.412 [D] ?::?::Finding target in HP PrintSupportApp
2024-06-19 09:24:07.474 [T] ?::?::Selected element name : OK
2024-06-19 09:24:07.474 [T] ?::?::Invoke Pattern
2024-06-19 09:24:07.474 [D] ?::?::UI Automation Event : InvokePatternIdentifiers.InvokedEvent
2024-06-19 09:24:07.678 [T] ?::?::Keyword executed with result = Pass
2024-06-19 09:24:07.703 [T] ?::?::Line Number :112 Sleep(5) is called
2024-06-19 09:24:12.733 [T] ?::?::Keyword executed with result = Pass
2024-06-19 09:24:12.733 [T] ?::?::Line Number :113 Click_Print_Button.Print is called
2024-06-19 09:24:12.779 [T] ?::?::Line Number :8 Hallasan.Click Print Button is called
2024-06-19 09:24:14.789 [D] ?::?::Finding target in Nothing
2024-06-19 09:24:14.789 [D] ?::?::Missing target. Get focused
2024-06-19 09:24:14.789 [D] ?::?::Finding target in 
2024-06-19 09:24:14.804 [D] ?::?::Finding target in YMC_PSA_CollateON.pdf - Adobe Acrobat Reader (64-bit)
2024-06-19 09:24:14.852 [T] ?::?::Invoke Pattern
2024-06-19 09:24:14.883 [D] ?::?::UI Automation Event : InvokePatternIdentifiers.InvokedEvent
2024-06-19 09:24:14.898 [T] ?::?::Keyword executed with result = Pass
2024-06-19 09:24:14.914 [T] ?::?::Line Number :9 Sleep(10) is called
2024-06-19 09:24:24.958 [T] ?::?::Keyword executed with result = Pass
2024-06-19 09:24:24.967 [T] ?::?::Line Number :0 If :  Hallasan.Close Application is called
2024-06-19 09:24:24.983 [T] ?::?::Keyword executed with result = Pass
2024-06-19 09:24:24.998 [T] ?::?::Line Number :23 Sleep(10) is called
2024-06-19 09:24:35.057 [T] ?::?::Keyword executed with result = Pass
2024-06-19 09:24:35.072 [T] ?::?::Line Number :114 Destination_Selection_PSA_Application.PT Value_Collated is called
2024-06-19 09:24:35.104 [T] ?::?::Line Number :352 XML.Load From File (C:\temp\H_JobSetup_OutPT.xml) is called
2024-06-19 09:24:35.119 [T] ?::?::Keyword executed with result = Pass
2024-06-19 09:24:35.135 [T] ?::?::Line Number :353 XML.Get Attribute (${value},//*[@name='psk:DocumentCollate']/psf:Option,name) is called
2024-06-19 09:24:35.151 [T] ?::?::Keyword executed with result = Pass
2024-06-19 09:24:35.166 [T] ?::?::Line Number :354 Equals (${value},psk:Collated) is called
2024-06-19 09:24:35.182 [T] ?::?::Keyword executed with result = Pass
2024-06-19 09:24:35.198 [T] ?::?::Line Number :355 XML.Get Attribute (${value},//*[@name='ns0000:JobTelemetryUserOption']/psf:Option,name) is called
2024-06-19 09:24:35.214 [T] ?::?::Keyword executed with result = Pass
2024-06-19 09:24:35.229 [T] ?::?::Line Number :356 Equals (${value},ns0000:OptIn) is called
2024-06-19 09:24:35.245 [T] ?::?::Keyword executed with result = Pass
2024-06-19 09:24:35.260 [T] ?::?::Line Number :357 Run Command(cmd /c copy c:\temp\H_JobSetup_OutPT.xml "${OUTPUT_FOLDER}",${commandOutput},5) is called
2024-06-19 09:24:35.308 [T] ?::?::Keyword executed with result = Pass
2024-06-19 09:24:35.339 [T] ?::?::Line Number :121 Destination_Selection_PSA_Application.Destination Selection_Collate_Off is called
2024-06-19 09:24:35.386 [T] ?::?::Line Number :363 Hallasan.Open File For Print (C:\GFriend_PotG\Potg_Driver\PotG Testfile\PSA\YMC_PSA_CollateOFF.pdf,HP_PrintSupport_App) is called
2024-06-19 09:24:35.393 [T] ?::?::Open Acrobat Reader
2024-06-19 09:24:37.424 [T] ?::?::Process is started with C:\GFriend_PotG\Potg_Driver\PotG Testfile\PSA\YMC_PSA_CollateOFF.pdf and Process Id is 16976
2024-06-19 09:24:47.432 [T] ?::?::Current focused process id : 24916
2024-06-19 09:24:47.432 [D] ?::?::Finding target in 
2024-06-19 09:24:47.448 [T] ?::?::Get Acrobat Reader
2024-06-19 09:24:47.448 [D] ?::?::Finding target in 
2024-06-19 09:24:49.548 [D] ?::?::Get Print Dialog
2024-06-19 09:24:54.552 [D] ?::?::Finding target in YMC_PSA_CollateOFF.pdf - Adobe Acrobat Reader (64-bit)
2024-06-19 09:24:54.552 [D] ?::?::Select printer combobox
2024-06-19 09:24:54.552 [D] ?::?::Finding target in 
2024-06-19 09:24:54.552 [T] ?::?::Expand/Collapse Pattern
2024-06-19 09:24:54.552 [T] ?::?::Expand
2024-06-19 09:24:54.725 [D] ?::?::Printer select
2024-06-19 09:24:54.725 [D] ?::?::Finding target in Printer:
2024-06-19 09:24:54.725 [T] ?::?::Select Pattern
2024-06-19 09:24:57.773 [D] ?::?::Finding printer properties
2024-06-19 09:24:57.773 [D] ?::?::Finding target in 
2024-06-19 09:24:57.773 [D] ?::?::Properties element is null? : False
2024-06-19 09:24:57.773 [T] ?::?::Invoke Pattern
2024-06-19 09:25:07.823 [T] ?::?::Keyword executed with result = Pass
2024-06-19 09:25:07.823 [T] ?::?::Line Number :364 Windows.Wait For Name (HP_PrintSupport_App,30) is called
2024-06-19 09:25:07.823 [D] ?::?::Finding target in YMC_PSA_CollateOFF.pdf - Adobe Acrobat Reader (64-bit)
2024-06-19 09:25:07.854 [T] ?::?::Keyword executed with result = Pass
2024-06-19 09:25:07.869 [T] ?::?::Line Number :365 Sleep(6) is called
2024-06-19 09:25:13.900 [T] ?::?::Keyword executed with result = Pass
2024-06-19 09:25:13.922 [T] ?::?::Line Number :122 Used_Destination_Selection_Function.not Used Destination Selection Function is called
2024-06-19 09:25:13.963 [T] ?::?::Line Number :123 Destination_Selection_PSA_Application.Expections_Error is called
2024-06-19 09:25:13.994 [T] ?::?::Line Number :11 Windows.Capture Full Screen (SS) is called
2024-06-19 09:25:14.073 [T] ?::?::Keyword executed with result = Pass
2024-06-19 09:25:14.088 [T] ?::?::Line Number :0 If :  Windows.Select Child Window With Title (HP_PrintSupport_App,5) is called
2024-06-19 09:25:14.088 [D] ?::?::Finding target in YMC_PSA_CollateOFF.pdf - Adobe Acrobat Reader (64-bit)
2024-06-19 09:25:14.657 [D] ?::?::Finding target in YMC_PSA_CollateOFF.pdf - Adobe Acrobat Reader (64-bit)
2024-06-19 09:25:15.224 [D] ?::?::Finding target in YMC_PSA_CollateOFF.pdf - Adobe Acrobat Reader (64-bit)
2024-06-19 09:25:15.793 [D] ?::?::Finding target in YMC_PSA_CollateOFF.pdf - Adobe Acrobat Reader (64-bit)
2024-06-19 09:25:15.934 [D] ?::?::UI Automation Event : InvokePatternIdentifiers.InvokedEvent
2024-06-19 09:25:16.409 [D] ?::?::Finding target in YMC_PSA_CollateOFF.pdf - Adobe Acrobat Reader (64-bit)
2024-06-19 09:25:17.011 [D] ?::?::Finding target in YMC_PSA_CollateOFF.pdf - Adobe Acrobat Reader (64-bit)
2024-06-19 09:25:17.614 [D] ?::?::Finding target in YMC_PSA_CollateOFF.pdf - Adobe Acrobat Reader (64-bit)
2024-06-19 09:25:18.215 [D] ?::?::Finding target in YMC_PSA_CollateOFF.pdf - Adobe Acrobat Reader (64-bit)
2024-06-19 09:25:18.816 [D] ?::?::Finding target in YMC_PSA_CollateOFF.pdf - Adobe Acrobat Reader (64-bit)
2024-06-19 09:25:19.494 [T] ?::?::Keyword executed with result = Fail
2024-06-19 09:25:19.510 [T] ?::?::Line Number :18 Pass (Childpop was not displayed) is called
2024-06-19 09:25:19.526 [T] ?::?::Keyword executed with result = Pass
2024-06-19 09:25:19.542 [T] ?::?::Line Number :20 Windows.Capture Full Screen (SSS) is called
2024-06-19 09:25:19.636 [T] ?::?::Keyword executed with result = Pass
2024-06-19 09:25:19.636 [T] ?::?::Line Number :0 If :  Windows.Select Application (HP_PrintSupport_App,5) is called
2024-06-19 09:25:19.636 [D] ?::?::Checking : 
2024-06-19 09:25:19.636 [D] ?::?::Checking : 
2024-06-19 09:25:19.652 [D] ?::?::Checking : YMC_PSA_CollateOFF.pdf - Adobe Acrobat Reader (64-bit)
2024-06-19 09:25:19.667 [D] ?::?::Checking : GFriend
2024-06-19 09:25:19.667 [D] ?::?::Checking : GFriend Test Report - Google Chrome
2024-06-19 09:25:19.667 [D] ?::?::Checking : Program Manager
2024-06-19 09:25:19.667 [D] ?::?::Null return
2024-06-19 09:25:20.191 [D] ?::?::Checking : 
2024-06-19 09:25:20.191 [D] ?::?::Checking : 
2024-06-19 09:25:20.191 [D] ?::?::Checking : YMC_PSA_CollateOFF.pdf - Adobe Acrobat Reader (64-bit)
2024-06-19 09:25:20.191 [D] ?::?::Checking : GFriend
2024-06-19 09:25:20.191 [D] ?::?::Checking : GFriend Test Report - Google Chrome
2024-06-19 09:25:20.191 [D] ?::?::Checking : Program Manager
2024-06-19 09:25:20.191 [D] ?::?::Null return
2024-06-19 09:25:20.714 [D] ?::?::Checking : 
2024-06-19 09:25:20.714 [D] ?::?::Checking : 
2024-06-19 09:25:20.714 [D] ?::?::Checking : YMC_PSA_CollateOFF.pdf - Adobe Acrobat Reader (64-bit)
2024-06-19 09:25:20.714 [D] ?::?::Checking : GFriend
2024-06-19 09:25:20.714 [D] ?::?::Checking : GFriend Test Report - Google Chrome
2024-06-19 09:25:20.714 [D] ?::?::Checking : Program Manager
2024-06-19 09:25:20.714 [D] ?::?::Null return
2024-06-19 09:25:21.238 [D] ?::?::Checking : 
2024-06-19 09:25:21.238 [D] ?::?::Checking : 
2024-06-19 09:25:21.238 [D] ?::?::Checking : YMC_PSA_CollateOFF.pdf - Adobe Acrobat Reader (64-bit)
2024-06-19 09:25:21.238 [D] ?::?::Checking : GFriend
2024-06-19 09:25:21.238 [D] ?::?::Checking : GFriend Test Report - Google Chrome
2024-06-19 09:25:21.238 [D] ?::?::Checking : Program Manager
2024-06-19 09:25:21.238 [D] ?::?::Null return
2024-06-19 09:25:21.759 [D] ?::?::Checking : 
2024-06-19 09:25:21.759 [D] ?::?::Checking : 
2024-06-19 09:25:21.759 [D] ?::?::Checking : YMC_PSA_CollateOFF.pdf - Adobe Acrobat Reader (64-bit)
2024-06-19 09:25:21.759 [D] ?::?::Checking : GFriend
2024-06-19 09:25:21.759 [D] ?::?::Checking : GFriend Test Report - Google Chrome
2024-06-19 09:25:21.759 [D] ?::?::Checking : Program Manager
2024-06-19 09:25:21.759 [D] ?::?::Null return
2024-06-19 09:25:22.283 [D] ?::?::Checking : 
2024-06-19 09:25:22.283 [D] ?::?::Checking : 
2024-06-19 09:25:22.283 [D] ?::?::Checking : YMC_PSA_CollateOFF.pdf - Adobe Acrobat Reader (64-bit)
2024-06-19 09:25:22.283 [D] ?::?::Checking : GFriend
2024-06-19 09:25:22.283 [D] ?::?::Checking : GFriend Test Report - Google Chrome
2024-06-19 09:25:22.283 [D] ?::?::Checking : Program Manager
2024-06-19 09:25:22.283 [D] ?::?::Null return
2024-06-19 09:25:22.804 [D] ?::?::Checking : 
2024-06-19 09:25:22.804 [D] ?::?::Checking : 
2024-06-19 09:25:22.804 [D] ?::?::Checking : YMC_PSA_CollateOFF.pdf - Adobe Acrobat Reader (64-bit)
2024-06-19 09:25:22.804 [D] ?::?::Checking : GFriend
2024-06-19 09:25:22.804 [D] ?::?::Checking : GFriend Test Report - Google Chrome
2024-06-19 09:25:22.804 [D] ?::?::Checking : Program Manager
2024-06-19 09:25:22.804 [D] ?::?::Null return
2024-06-19 09:25:23.328 [D] ?::?::Checking : 
2024-06-19 09:25:23.328 [D] ?::?::Checking : 
2024-06-19 09:25:23.328 [D] ?::?::Checking : YMC_PSA_CollateOFF.pdf - Adobe Acrobat Reader (64-bit)
2024-06-19 09:25:23.328 [D] ?::?::Checking : GFriend
2024-06-19 09:25:23.328 [D] ?::?::Checking : GFriend Test Report - Google Chrome
2024-06-19 09:25:23.328 [D] ?::?::Checking : Program Manager
2024-06-19 09:25:23.328 [D] ?::?::Null return
2024-06-19 09:25:23.852 [D] ?::?::Checking : 
2024-06-19 09:25:23.852 [D] ?::?::Checking : 
2024-06-19 09:25:23.852 [D] ?::?::Checking : YMC_PSA_CollateOFF.pdf - Adobe Acrobat Reader (64-bit)
2024-06-19 09:25:23.852 [D] ?::?::Checking : GFriend
2024-06-19 09:25:23.852 [D] ?::?::Checking : GFriend Test Report - Google Chrome
2024-06-19 09:25:23.852 [D] ?::?::Checking : Program Manager
2024-06-19 09:25:23.852 [D] ?::?::Null return
2024-06-19 09:25:24.375 [D] ?::?::Checking : 
2024-06-19 09:25:24.375 [D] ?::?::Checking : 
2024-06-19 09:25:24.375 [D] ?::?::Checking : YMC_PSA_CollateOFF.pdf - Adobe Acrobat Reader (64-bit)
2024-06-19 09:25:24.375 [D] ?::?::Checking : GFriend
2024-06-19 09:25:24.375 [D] ?::?::Checking : GFriend Test Report - Google Chrome
2024-06-19 09:25:24.375 [D] ?::?::Checking : Program Manager
2024-06-19 09:25:24.375 [D] ?::?::Null return
2024-06-19 09:25:24.973 [T] ?::?::Keyword executed with result = Fail
2024-06-19 09:25:24.973 [T] ?::?::Line Number :27 Pass (Childpop was not displayed) is called
2024-06-19 09:25:24.988 [T] ?::?::Keyword executed with result = Pass
2024-06-19 09:25:25.020 [T] ?::?::Line Number :124 Windows.Set Toggle (SSCControl,Off) is called
2024-06-19 09:25:25.020 [D] ?::?::Finding target in Nothing
2024-06-19 09:25:25.020 [D] ?::?::Missing target. Get focused
2024-06-19 09:25:25.035 [D] ?::?::Finding target in 
2024-06-19 09:25:25.051 [D] ?::?::Finding target in HP PrintSupportApp
2024-06-19 09:25:25.083 [T] ?::?::Current Toggle State : On
2024-06-19 09:25:25.193 [T] ?::?::Keyword executed with result = Pass
2024-06-19 09:25:25.208 [T] ?::?::Line Number :125 Windows.Capture Screen Shot(Collate-Off.jpg) is called
2024-06-19 09:25:25.287 [T] ?::?::Keyword executed with result = Pass
2024-06-19 09:25:25.302 [T] ?::?::Line Number :126 Sleep(5) is called
2024-06-19 09:25:30.329 [T] ?::?::Keyword executed with result = Pass
2024-06-19 09:25:30.345 [T] ?::?::Line Number :127 Hallasan.Confirm is called
2024-06-19 09:25:30.345 [D] ?::?::Finding target in Nothing
2024-06-19 09:25:30.345 [D] ?::?::Missing target. Get focused
2024-06-19 09:25:30.345 [D] ?::?::Finding target in 
2024-06-19 09:25:30.363 [D] ?::?::Finding target in HP PrintSupportApp
2024-06-19 09:25:30.408 [T] ?::?::Selected element name : OK
2024-06-19 09:25:30.408 [T] ?::?::Invoke Pattern
2024-06-19 09:25:30.424 [D] ?::?::UI Automation Event : InvokePatternIdentifiers.InvokedEvent
2024-06-19 09:25:30.596 [T] ?::?::Keyword executed with result = Pass
2024-06-19 09:25:30.612 [T] ?::?::Line Number :128 Sleep(5) is called
2024-06-19 09:25:35.665 [T] ?::?::Keyword executed with result = Pass
2024-06-19 09:25:35.665 [T] ?::?::Line Number :129 Click_Print_Button.Print is called
2024-06-19 09:25:35.696 [T] ?::?::Line Number :8 Hallasan.Click Print Button is called
2024-06-19 09:25:37.727 [D] ?::?::Finding target in Nothing
2024-06-19 09:25:37.727 [D] ?::?::Missing target. Get focused
2024-06-19 09:25:37.727 [D] ?::?::Finding target in 
2024-06-19 09:25:37.742 [D] ?::?::Finding target in YMC_PSA_CollateOFF.pdf - Adobe Acrobat Reader (64-bit)
2024-06-19 09:25:37.790 [T] ?::?::Invoke Pattern
2024-06-19 09:25:37.821 [D] ?::?::UI Automation Event : InvokePatternIdentifiers.InvokedEvent
2024-06-19 09:25:37.836 [T] ?::?::Keyword executed with result = Pass
2024-06-19 09:25:37.852 [T] ?::?::Line Number :9 Sleep(10) is called
2024-06-19 09:25:47.879 [T] ?::?::Keyword executed with result = Pass
2024-06-19 09:25:47.879 [T] ?::?::Line Number :0 If :  Hallasan.Close Application is called
2024-06-19 09:25:47.896 [T] ?::?::Keyword executed with result = Pass
2024-06-19 09:25:47.927 [T] ?::?::Line Number :23 Sleep(10) is called
2024-06-19 09:25:57.961 [T] ?::?::Keyword executed with result = Pass
2024-06-19 09:25:57.977 [T] ?::?::Line Number :130 Destination_Selection_PSA_Application.PT Value_UnCollated is called
2024-06-19 09:25:58.008 [T] ?::?::Line Number :371 XML.Load From File (C:\temp\H_JobSetup_OutPT.xml) is called
2024-06-19 09:25:58.039 [T] ?::?::Keyword executed with result = Pass
2024-06-19 09:25:58.039 [T] ?::?::Line Number :372 XML.Get Attribute (${value},//*[@name='psk:DocumentCollate']/psf:Option,name) is called
2024-06-19 09:25:58.071 [T] ?::?::Keyword executed with result = Pass
2024-06-19 09:25:58.071 [T] ?::?::Line Number :373 Equals (${value},psk:Collated) is called
2024-06-19 09:25:58.086 [T] ?::?::Keyword executed with result = Pass
2024-06-19 09:25:58.102 [T] ?::?::Line Number :374 XML.Get Attribute (${value},//*[@name='ns0000:JobTelemetryUserOption']/psf:Option,name) is called
2024-06-19 09:25:58.118 [T] ?::?::Keyword executed with result = Pass
2024-06-19 09:25:58.133 [T] ?::?::Line Number :375 Equals (${value},ns0000:OptIn) is called
2024-06-19 09:25:58.151 [T] ?::?::Keyword executed with result = Pass
2024-06-19 09:25:58.165 [T] ?::?::Line Number :376 Run Command(cmd /c copy c:\temp\H_JobSetup_OutPT.xml "${OUTPUT_FOLDER}",${commandOutput},5) is called
2024-06-19 09:25:58.212 [T] ?::?::Keyword executed with result = Pass
