2024-06-17 17:27:52.707 [T] ?::?::GFriend version : 2.55.1.1
2024-06-17 17:27:52.707 [T] ?::?::Parsing start
2024-06-17 17:27:52.707 [T] ?::?::Parsing Variable File : C:\GFriend_PotG\scripts\Acual Script\Acual Script\Testfile.gfvar
2024-06-17 17:27:52.707 [T] ?::?::Creating custom library with C:\GFriend_PotG\scripts\Acual Script\Acual Script\Destination_Selection_Application.gflib
2024-06-17 17:27:52.707 [T] ?::?::GFriend version : 2.55.1.1
2024-06-17 17:27:52.707 [T] ?::?::Parsing start
2024-06-17 17:27:52.770 [T] ?::?::Parsing Variable File : C:\GFriend_PotG\scripts\Acual Script\Acual Script\Testfile.gfvar
2024-06-17 17:27:52.770 [D] ?::?::Post Action
2024-06-17 17:27:52.770 [T] ?::?::All Used Libraries::C:\GFriend_PotG\scripts\Acual Script\Acual Script\Destination_Selection_Application.gflib
2024-06-17 17:27:52.770 [T] ?::?::Device ID : __NO__DUT__
2024-06-17 17:27:52.770 [T] ?::?::BuiltIn is used BuiltIn
2024-06-17 17:27:52.770 [T] ?::?::Windows is used Windows
2024-06-17 17:27:52.770 [T] ?::?::XML is used XML
2024-06-17 17:27:52.770 [T] ?::?::Device ID : __DEFUALT__DUT__
2024-06-17 17:27:52.770 [T] ?::?::Hallasan is used Hallasan
2024-06-17 17:27:52.770 [E] ?::?::IsByPassedKeyword method failed 
System.ArgumentOutOfRangeException: Length cannot be less than zero.
Parameter name: length
   at System.String.Substring(Int32 startIndex, Int32 length)
   at HP.GFriend.Core.LibraryUtils.IsByPassedKeyword(String[] byPassKeywords, String line)
2024-06-17 17:27:52.770 [E] ?::?::Exception message : Length cannot be less than zero.
Parameter name: length
2024-06-17 17:27:52.770 [E] ?::?::Inner Exception : 
2024-06-17 17:27:52.770 [E] ?::?::IsByPassedKeyword method failed 
System.ArgumentOutOfRangeException: Length cannot be less than zero.
Parameter name: length
   at System.String.Substring(Int32 startIndex, Int32 length)
   at HP.GFriend.Core.LibraryUtils.IsByPassedKeyword(String[] byPassKeywords, String line)
2024-06-17 17:27:52.770 [E] ?::?::Exception message : Length cannot be less than zero.
Parameter name: length
2024-06-17 17:27:52.770 [E] ?::?::Inner Exception : 
2024-06-17 17:27:52.770 [E] ?::?::IsByPassedKeyword method failed 
System.ArgumentOutOfRangeException: Length cannot be less than zero.
Parameter name: length
   at System.String.Substring(Int32 startIndex, Int32 length)
   at HP.GFriend.Core.LibraryUtils.IsByPassedKeyword(String[] byPassKeywords, String line)
2024-06-17 17:27:52.770 [E] ?::?::Exception message : Length cannot be less than zero.
Parameter name: length
2024-06-17 17:27:52.770 [E] ?::?::Inner Exception : 
2024-06-17 17:27:52.770 [E] ?::?::IsByPassedKeyword method failed 
System.ArgumentOutOfRangeException: Length cannot be less than zero.
Parameter name: length
   at System.String.Substring(Int32 startIndex, Int32 length)
   at HP.GFriend.Core.LibraryUtils.IsByPassedKeyword(String[] byPassKeywords, String line)
2024-06-17 17:27:52.770 [E] ?::?::Exception message : Length cannot be less than zero.
Parameter name: length
2024-06-17 17:27:52.770 [E] ?::?::Inner Exception : 
2024-06-17 17:27:52.770 [E] ?::?::IsByPassedKeyword method failed 
System.ArgumentOutOfRangeException: Length cannot be less than zero.
Parameter name: length
   at System.String.Substring(Int32 startIndex, Int32 length)
   at HP.GFriend.Core.LibraryUtils.IsByPassedKeyword(String[] byPassKeywords, String line)
2024-06-17 17:27:52.770 [E] ?::?::Exception message : Length cannot be less than zero.
Parameter name: length
2024-06-17 17:27:52.770 [E] ?::?::Inner Exception : 
2024-06-17 17:27:52.770 [E] ?::?::IsByPassedKeyword method failed 
System.ArgumentOutOfRangeException: Length cannot be less than zero.
Parameter name: length
   at System.String.Substring(Int32 startIndex, Int32 length)
   at HP.GFriend.Core.LibraryUtils.IsByPassedKeyword(String[] byPassKeywords, String line)
2024-06-17 17:27:52.770 [E] ?::?::Exception message : Length cannot be less than zero.
Parameter name: length
2024-06-17 17:27:52.770 [E] ?::?::Inner Exception : 
2024-06-17 17:27:52.770 [E] ?::?::IsByPassedKeyword method failed 
System.ArgumentOutOfRangeException: Length cannot be less than zero.
Parameter name: length
   at System.String.Substring(Int32 startIndex, Int32 length)
   at HP.GFriend.Core.LibraryUtils.IsByPassedKeyword(String[] byPassKeywords, String line)
2024-06-17 17:27:52.770 [E] ?::?::Exception message : Length cannot be less than zero.
Parameter name: length
2024-06-17 17:27:52.770 [E] ?::?::Inner Exception : 
2024-06-17 17:27:52.770 [E] ?::?::IsByPassedKeyword method failed 
System.ArgumentOutOfRangeException: Length cannot be less than zero.
Parameter name: length
   at System.String.Substring(Int32 startIndex, Int32 length)
   at HP.GFriend.Core.LibraryUtils.IsByPassedKeyword(String[] byPassKeywords, String line)
2024-06-17 17:27:52.770 [E] ?::?::Exception message : Length cannot be less than zero.
Parameter name: length
2024-06-17 17:27:52.770 [E] ?::?::Inner Exception : 
2024-06-17 17:27:52.770 [E] ?::?::IsByPassedKeyword method failed 
System.ArgumentOutOfRangeException: Length cannot be less than zero.
Parameter name: length
   at System.String.Substring(Int32 startIndex, Int32 length)
   at HP.GFriend.Core.LibraryUtils.IsByPassedKeyword(String[] byPassKeywords, String line)
2024-06-17 17:27:52.770 [E] ?::?::Exception message : Length cannot be less than zero.
Parameter name: length
2024-06-17 17:27:52.770 [E] ?::?::Inner Exception : 
2024-06-17 17:27:52.770 [E] ?::?::IsByPassedKeyword method failed 
System.ArgumentOutOfRangeException: Length cannot be less than zero.
Parameter name: length
   at System.String.Substring(Int32 startIndex, Int32 length)
   at HP.GFriend.Core.LibraryUtils.IsByPassedKeyword(String[] byPassKeywords, String line)
2024-06-17 17:27:52.770 [E] ?::?::Exception message : Length cannot be less than zero.
Parameter name: length
2024-06-17 17:27:52.770 [E] ?::?::Inner Exception : 
2024-06-17 17:27:52.770 [E] ?::?::IsByPassedKeyword method failed 
System.ArgumentOutOfRangeException: Length cannot be less than zero.
Parameter name: length
   at System.String.Substring(Int32 startIndex, Int32 length)
   at HP.GFriend.Core.LibraryUtils.IsByPassedKeyword(String[] byPassKeywords, String line)
2024-06-17 17:27:52.770 [E] ?::?::Exception message : Length cannot be less than zero.
Parameter name: length
2024-06-17 17:27:52.770 [E] ?::?::Inner Exception : 
2024-06-17 17:27:52.770 [E] ?::?::IsByPassedKeyword method failed 
System.ArgumentOutOfRangeException: Length cannot be less than zero.
Parameter name: length
   at System.String.Substring(Int32 startIndex, Int32 length)
   at HP.GFriend.Core.LibraryUtils.IsByPassedKeyword(String[] byPassKeywords, String line)
2024-06-17 17:27:52.770 [E] ?::?::Exception message : Length cannot be less than zero.
Parameter name: length
2024-06-17 17:27:52.770 [E] ?::?::Inner Exception : 
2024-06-17 17:27:52.770 [E] ?::?::IsByPassedKeyword method failed 
System.ArgumentOutOfRangeException: Length cannot be less than zero.
Parameter name: length
   at System.String.Substring(Int32 startIndex, Int32 length)
   at HP.GFriend.Core.LibraryUtils.IsByPassedKeyword(String[] byPassKeywords, String line)
2024-06-17 17:27:52.770 [E] ?::?::Exception message : Length cannot be less than zero.
Parameter name: length
2024-06-17 17:27:52.770 [E] ?::?::Inner Exception : 
2024-06-17 17:27:52.770 [E] ?::?::IsByPassedKeyword method failed 
System.ArgumentOutOfRangeException: Length cannot be less than zero.
Parameter name: length
   at System.String.Substring(Int32 startIndex, Int32 length)
   at HP.GFriend.Core.LibraryUtils.IsByPassedKeyword(String[] byPassKeywords, String line)
2024-06-17 17:27:52.770 [E] ?::?::Exception message : Length cannot be less than zero.
Parameter name: length
2024-06-17 17:27:52.770 [E] ?::?::Inner Exception : 
2024-06-17 17:27:52.786 [E] ?::?::IsByPassedKeyword method failed 
System.ArgumentOutOfRangeException: Length cannot be less than zero.
Parameter name: length
   at System.String.Substring(Int32 startIndex, Int32 length)
   at HP.GFriend.Core.LibraryUtils.IsByPassedKeyword(String[] byPassKeywords, String line)
2024-06-17 17:27:52.786 [E] ?::?::Exception message : Length cannot be less than zero.
Parameter name: length
2024-06-17 17:27:52.786 [E] ?::?::Inner Exception : 
2024-06-17 17:27:52.786 [E] ?::?::IsByPassedKeyword method failed 
System.ArgumentOutOfRangeException: Length cannot be less than zero.
Parameter name: length
   at System.String.Substring(Int32 startIndex, Int32 length)
   at HP.GFriend.Core.LibraryUtils.IsByPassedKeyword(String[] byPassKeywords, String line)
2024-06-17 17:27:52.786 [E] ?::?::Exception message : Length cannot be less than zero.
Parameter name: length
2024-06-17 17:27:52.786 [E] ?::?::Inner Exception : 
2024-06-17 17:27:52.786 [E] ?::?::IsByPassedKeyword method failed 
System.ArgumentOutOfRangeException: Length cannot be less than zero.
Parameter name: length
   at System.String.Substring(Int32 startIndex, Int32 length)
   at HP.GFriend.Core.LibraryUtils.IsByPassedKeyword(String[] byPassKeywords, String line)
2024-06-17 17:27:52.786 [E] ?::?::Exception message : Length cannot be less than zero.
Parameter name: length
2024-06-17 17:27:52.786 [E] ?::?::Inner Exception : 
2024-06-17 17:27:52.786 [E] ?::?::IsByPassedKeyword method failed 
System.ArgumentOutOfRangeException: Length cannot be less than zero.
Parameter name: length
   at System.String.Substring(Int32 startIndex, Int32 length)
   at HP.GFriend.Core.LibraryUtils.IsByPassedKeyword(String[] byPassKeywords, String line)
2024-06-17 17:27:52.786 [E] ?::?::Exception message : Length cannot be less than zero.
Parameter name: length
2024-06-17 17:27:52.786 [E] ?::?::Inner Exception : 
2024-06-17 17:27:52.786 [E] ?::?::IsByPassedKeyword method failed 
System.ArgumentOutOfRangeException: Length cannot be less than zero.
Parameter name: length
   at System.String.Substring(Int32 startIndex, Int32 length)
   at HP.GFriend.Core.LibraryUtils.IsByPassedKeyword(String[] byPassKeywords, String line)
2024-06-17 17:27:52.786 [E] ?::?::Exception message : Length cannot be less than zero.
Parameter name: length
2024-06-17 17:27:52.786 [E] ?::?::Inner Exception : 
2024-06-17 17:27:52.786 [E] ?::?::IsByPassedKeyword method failed 
System.ArgumentOutOfRangeException: Length cannot be less than zero.
Parameter name: length
   at System.String.Substring(Int32 startIndex, Int32 length)
   at HP.GFriend.Core.LibraryUtils.IsByPassedKeyword(String[] byPassKeywords, String line)
2024-06-17 17:27:52.786 [E] ?::?::Exception message : Length cannot be less than zero.
Parameter name: length
2024-06-17 17:27:52.786 [E] ?::?::Inner Exception : 
2024-06-17 17:27:52.786 [E] ?::?::IsByPassedKeyword method failed 
System.ArgumentOutOfRangeException: Length cannot be less than zero.
Parameter name: length
   at System.String.Substring(Int32 startIndex, Int32 length)
   at HP.GFriend.Core.LibraryUtils.IsByPassedKeyword(String[] byPassKeywords, String line)
2024-06-17 17:27:52.786 [E] ?::?::Exception message : Length cannot be less than zero.
Parameter name: length
2024-06-17 17:27:52.786 [E] ?::?::Inner Exception : 
2024-06-17 17:27:52.786 [E] ?::?::IsByPassedKeyword method failed 
System.ArgumentOutOfRangeException: Length cannot be less than zero.
Parameter name: length
   at System.String.Substring(Int32 startIndex, Int32 length)
   at HP.GFriend.Core.LibraryUtils.IsByPassedKeyword(String[] byPassKeywords, String line)
2024-06-17 17:27:52.786 [E] ?::?::Exception message : Length cannot be less than zero.
Parameter name: length
2024-06-17 17:27:52.786 [E] ?::?::Inner Exception : 
2024-06-17 17:27:52.786 [E] ?::?::IsByPassedKeyword method failed 
System.ArgumentOutOfRangeException: Length cannot be less than zero.
Parameter name: length
   at System.String.Substring(Int32 startIndex, Int32 length)
   at HP.GFriend.Core.LibraryUtils.IsByPassedKeyword(String[] byPassKeywords, String line)
2024-06-17 17:27:52.786 [E] ?::?::Exception message : Length cannot be less than zero.
Parameter name: length
2024-06-17 17:27:52.786 [E] ?::?::Inner Exception : 
2024-06-17 17:27:52.786 [E] ?::?::IsByPassedKeyword method failed 
System.ArgumentOutOfRangeException: Length cannot be less than zero.
Parameter name: length
   at System.String.Substring(Int32 startIndex, Int32 length)
   at HP.GFriend.Core.LibraryUtils.IsByPassedKeyword(String[] byPassKeywords, String line)
2024-06-17 17:27:52.786 [E] ?::?::Exception message : Length cannot be less than zero.
Parameter name: length
2024-06-17 17:27:52.786 [E] ?::?::Inner Exception : 
2024-06-17 17:27:52.786 [E] ?::?::IsByPassedKeyword method failed 
System.ArgumentOutOfRangeException: Length cannot be less than zero.
Parameter name: length
   at System.String.Substring(Int32 startIndex, Int32 length)
   at HP.GFriend.Core.LibraryUtils.IsByPassedKeyword(String[] byPassKeywords, String line)
2024-06-17 17:27:52.786 [E] ?::?::Exception message : Length cannot be less than zero.
Parameter name: length
2024-06-17 17:27:52.786 [E] ?::?::Inner Exception : 
2024-06-17 17:27:52.786 [E] ?::?::IsByPassedKeyword method failed 
System.ArgumentOutOfRangeException: Length cannot be less than zero.
Parameter name: length
   at System.String.Substring(Int32 startIndex, Int32 length)
   at HP.GFriend.Core.LibraryUtils.IsByPassedKeyword(String[] byPassKeywords, String line)
2024-06-17 17:27:52.786 [E] ?::?::Exception message : Length cannot be less than zero.
Parameter name: length
2024-06-17 17:27:52.786 [E] ?::?::Inner Exception : 
2024-06-17 17:27:52.786 [E] ?::?::IsByPassedKeyword method failed 
System.ArgumentOutOfRangeException: Length cannot be less than zero.
Parameter name: length
   at System.String.Substring(Int32 startIndex, Int32 length)
   at HP.GFriend.Core.LibraryUtils.IsByPassedKeyword(String[] byPassKeywords, String line)
2024-06-17 17:27:52.786 [E] ?::?::Exception message : Length cannot be less than zero.
Parameter name: length
2024-06-17 17:27:52.786 [E] ?::?::Inner Exception : 
2024-06-17 17:27:52.786 [E] ?::?::IsByPassedKeyword method failed 
System.ArgumentOutOfRangeException: Length cannot be less than zero.
Parameter name: length
   at System.String.Substring(Int32 startIndex, Int32 length)
   at HP.GFriend.Core.LibraryUtils.IsByPassedKeyword(String[] byPassKeywords, String line)
2024-06-17 17:27:52.786 [E] ?::?::Exception message : Length cannot be less than zero.
Parameter name: length
2024-06-17 17:27:52.786 [E] ?::?::Inner Exception : 
2024-06-17 17:27:52.786 [E] ?::?::IsByPassedKeyword method failed 
System.ArgumentOutOfRangeException: Length cannot be less than zero.
Parameter name: length
   at System.String.Substring(Int32 startIndex, Int32 length)
   at HP.GFriend.Core.LibraryUtils.IsByPassedKeyword(String[] byPassKeywords, String line)
2024-06-17 17:27:52.786 [E] ?::?::Exception message : Length cannot be less than zero.
Parameter name: length
2024-06-17 17:27:52.786 [E] ?::?::Inner Exception : 
2024-06-17 17:27:52.786 [E] ?::?::IsByPassedKeyword method failed 
System.ArgumentOutOfRangeException: Length cannot be less than zero.
Parameter name: length
   at System.String.Substring(Int32 startIndex, Int32 length)
   at HP.GFriend.Core.LibraryUtils.IsByPassedKeyword(String[] byPassKeywords, String line)
2024-06-17 17:27:52.786 [E] ?::?::Exception message : Length cannot be less than zero.
Parameter name: length
2024-06-17 17:27:52.786 [E] ?::?::Inner Exception : 
2024-06-17 17:27:52.801 [E] ?::?::IsByPassedKeyword method failed 
System.ArgumentOutOfRangeException: Length cannot be less than zero.
Parameter name: length
   at System.String.Substring(Int32 startIndex, Int32 length)
   at HP.GFriend.Core.LibraryUtils.IsByPassedKeyword(String[] byPassKeywords, String line)
2024-06-17 17:27:52.801 [E] ?::?::Exception message : Length cannot be less than zero.
Parameter name: length
2024-06-17 17:27:52.801 [E] ?::?::Inner Exception : 
2024-06-17 17:27:52.801 [E] ?::?::IsByPassedKeyword method failed 
System.ArgumentOutOfRangeException: Length cannot be less than zero.
Parameter name: length
   at System.String.Substring(Int32 startIndex, Int32 length)
   at HP.GFriend.Core.LibraryUtils.IsByPassedKeyword(String[] byPassKeywords, String line)
2024-06-17 17:27:52.801 [E] ?::?::Exception message : Length cannot be less than zero.
Parameter name: length
2024-06-17 17:27:52.801 [E] ?::?::Inner Exception : 
2024-06-17 17:27:52.801 [E] ?::?::IsByPassedKeyword method failed 
System.ArgumentOutOfRangeException: Length cannot be less than zero.
Parameter name: length
   at System.String.Substring(Int32 startIndex, Int32 length)
   at HP.GFriend.Core.LibraryUtils.IsByPassedKeyword(String[] byPassKeywords, String line)
2024-06-17 17:27:52.801 [E] ?::?::Exception message : Length cannot be less than zero.
Parameter name: length
2024-06-17 17:27:52.801 [E] ?::?::Inner Exception : 
2024-06-17 17:27:52.880 [E] ?::?::IsByPassedKeyword method failed 
System.ArgumentOutOfRangeException: Length cannot be less than zero.
Parameter name: length
   at System.String.Substring(Int32 startIndex, Int32 length)
   at HP.GFriend.Core.LibraryUtils.IsByPassedKeyword(String[] byPassKeywords, String line)
2024-06-17 17:27:52.880 [E] ?::?::Exception message : Length cannot be less than zero.
Parameter name: length
2024-06-17 17:27:52.880 [E] ?::?::Inner Exception : 
2024-06-17 17:27:52.880 [E] ?::?::IsByPassedKeyword method failed 
System.ArgumentOutOfRangeException: Length cannot be less than zero.
Parameter name: length
   at System.String.Substring(Int32 startIndex, Int32 length)
   at HP.GFriend.Core.LibraryUtils.IsByPassedKeyword(String[] byPassKeywords, String line)
2024-06-17 17:27:52.880 [E] ?::?::Exception message : Length cannot be less than zero.
Parameter name: length
2024-06-17 17:27:52.880 [E] ?::?::Inner Exception : 
2024-06-17 17:27:52.880 [E] ?::?::IsByPassedKeyword method failed 
System.ArgumentOutOfRangeException: Length cannot be less than zero.
Parameter name: length
   at System.String.Substring(Int32 startIndex, Int32 length)
   at HP.GFriend.Core.LibraryUtils.IsByPassedKeyword(String[] byPassKeywords, String line)
2024-06-17 17:27:52.880 [E] ?::?::Exception message : Length cannot be less than zero.
Parameter name: length
2024-06-17 17:27:52.880 [E] ?::?::Inner Exception : 
2024-06-17 17:27:52.880 [E] ?::?::IsByPassedKeyword method failed 
System.ArgumentOutOfRangeException: Length cannot be less than zero.
Parameter name: length
   at System.String.Substring(Int32 startIndex, Int32 length)
   at HP.GFriend.Core.LibraryUtils.IsByPassedKeyword(String[] byPassKeywords, String line)
2024-06-17 17:27:52.880 [E] ?::?::Exception message : Length cannot be less than zero.
Parameter name: length
2024-06-17 17:27:52.880 [E] ?::?::Inner Exception : 
2024-06-17 17:27:52.880 [E] ?::?::IsByPassedKeyword method failed 
System.ArgumentOutOfRangeException: Length cannot be less than zero.
Parameter name: length
   at System.String.Substring(Int32 startIndex, Int32 length)
   at HP.GFriend.Core.LibraryUtils.IsByPassedKeyword(String[] byPassKeywords, String line)
2024-06-17 17:27:52.880 [E] ?::?::Exception message : Length cannot be less than zero.
Parameter name: length
2024-06-17 17:27:52.880 [E] ?::?::Inner Exception : 
2024-06-17 17:27:52.880 [E] ?::?::IsByPassedKeyword method failed 
System.ArgumentOutOfRangeException: Length cannot be less than zero.
Parameter name: length
   at System.String.Substring(Int32 startIndex, Int32 length)
   at HP.GFriend.Core.LibraryUtils.IsByPassedKeyword(String[] byPassKeywords, String line)
2024-06-17 17:27:52.880 [E] ?::?::Exception message : Length cannot be less than zero.
Parameter name: length
2024-06-17 17:27:52.880 [E] ?::?::Inner Exception : 
2024-06-17 17:27:52.880 [E] ?::?::IsByPassedKeyword method failed 
System.ArgumentOutOfRangeException: Length cannot be less than zero.
Parameter name: length
   at System.String.Substring(Int32 startIndex, Int32 length)
   at HP.GFriend.Core.LibraryUtils.IsByPassedKeyword(String[] byPassKeywords, String line)
2024-06-17 17:27:52.880 [E] ?::?::Exception message : Length cannot be less than zero.
Parameter name: length
2024-06-17 17:27:52.880 [E] ?::?::Inner Exception : 
2024-06-17 17:27:52.880 [E] ?::?::IsByPassedKeyword method failed 
System.ArgumentOutOfRangeException: Length cannot be less than zero.
Parameter name: length
   at System.String.Substring(Int32 startIndex, Int32 length)
   at HP.GFriend.Core.LibraryUtils.IsByPassedKeyword(String[] byPassKeywords, String line)
2024-06-17 17:27:52.880 [E] ?::?::Exception message : Length cannot be less than zero.
Parameter name: length
2024-06-17 17:27:52.880 [E] ?::?::Inner Exception : 
2024-06-17 17:27:52.880 [E] ?::?::IsByPassedKeyword method failed 
System.ArgumentOutOfRangeException: Length cannot be less than zero.
Parameter name: length
   at System.String.Substring(Int32 startIndex, Int32 length)
   at HP.GFriend.Core.LibraryUtils.IsByPassedKeyword(String[] byPassKeywords, String line)
2024-06-17 17:27:52.880 [E] ?::?::Exception message : Length cannot be less than zero.
Parameter name: length
2024-06-17 17:27:52.880 [E] ?::?::Inner Exception : 
2024-06-17 17:27:52.880 [E] ?::?::IsByPassedKeyword method failed 
System.ArgumentOutOfRangeException: Length cannot be less than zero.
Parameter name: length
   at System.String.Substring(Int32 startIndex, Int32 length)
   at HP.GFriend.Core.LibraryUtils.IsByPassedKeyword(String[] byPassKeywords, String line)
2024-06-17 17:27:52.880 [E] ?::?::Exception message : Length cannot be less than zero.
Parameter name: length
2024-06-17 17:27:52.880 [E] ?::?::Inner Exception : 
2024-06-17 17:27:52.880 [E] ?::?::IsByPassedKeyword method failed 
System.ArgumentOutOfRangeException: Length cannot be less than zero.
Parameter name: length
   at System.String.Substring(Int32 startIndex, Int32 length)
   at HP.GFriend.Core.LibraryUtils.IsByPassedKeyword(String[] byPassKeywords, String line)
2024-06-17 17:27:52.880 [E] ?::?::Exception message : Length cannot be less than zero.
Parameter name: length
2024-06-17 17:27:52.880 [E] ?::?::Inner Exception : 
2024-06-17 17:27:52.880 [E] ?::?::IsByPassedKeyword method failed 
System.ArgumentOutOfRangeException: Length cannot be less than zero.
Parameter name: length
   at System.String.Substring(Int32 startIndex, Int32 length)
   at HP.GFriend.Core.LibraryUtils.IsByPassedKeyword(String[] byPassKeywords, String line)
2024-06-17 17:27:52.880 [E] ?::?::Exception message : Length cannot be less than zero.
Parameter name: length
2024-06-17 17:27:52.880 [E] ?::?::Inner Exception : 
2024-06-17 17:27:52.880 [E] ?::?::IsByPassedKeyword method failed 
System.ArgumentOutOfRangeException: Length cannot be less than zero.
Parameter name: length
   at System.String.Substring(Int32 startIndex, Int32 length)
   at HP.GFriend.Core.LibraryUtils.IsByPassedKeyword(String[] byPassKeywords, String line)
2024-06-17 17:27:52.880 [E] ?::?::Exception message : Length cannot be less than zero.
Parameter name: length
2024-06-17 17:27:52.880 [E] ?::?::Inner Exception : 
2024-06-17 17:27:52.896 [E] ?::?::IsByPassedKeyword method failed 
System.ArgumentOutOfRangeException: Length cannot be less than zero.
Parameter name: length
   at System.String.Substring(Int32 startIndex, Int32 length)
   at HP.GFriend.Core.LibraryUtils.IsByPassedKeyword(String[] byPassKeywords, String line)
2024-06-17 17:27:52.896 [E] ?::?::Exception message : Length cannot be less than zero.
Parameter name: length
2024-06-17 17:27:52.896 [E] ?::?::Inner Exception : 
2024-06-17 17:27:52.896 [E] ?::?::IsByPassedKeyword method failed 
System.ArgumentOutOfRangeException: Length cannot be less than zero.
Parameter name: length
   at System.String.Substring(Int32 startIndex, Int32 length)
   at HP.GFriend.Core.LibraryUtils.IsByPassedKeyword(String[] byPassKeywords, String line)
2024-06-17 17:27:52.896 [E] ?::?::Exception message : Length cannot be less than zero.
Parameter name: length
2024-06-17 17:27:52.896 [E] ?::?::Inner Exception : 
2024-06-17 17:27:52.896 [E] ?::?::IsByPassedKeyword method failed 
System.ArgumentOutOfRangeException: Length cannot be less than zero.
Parameter name: length
   at System.String.Substring(Int32 startIndex, Int32 length)
   at HP.GFriend.Core.LibraryUtils.IsByPassedKeyword(String[] byPassKeywords, String line)
2024-06-17 17:27:52.896 [E] ?::?::Exception message : Length cannot be less than zero.
Parameter name: length
2024-06-17 17:27:52.896 [E] ?::?::Inner Exception : 
2024-06-17 17:27:52.896 [E] ?::?::IsByPassedKeyword method failed 
System.ArgumentOutOfRangeException: Length cannot be less than zero.
Parameter name: length
   at System.String.Substring(Int32 startIndex, Int32 length)
   at HP.GFriend.Core.LibraryUtils.IsByPassedKeyword(String[] byPassKeywords, String line)
2024-06-17 17:27:52.896 [E] ?::?::Exception message : Length cannot be less than zero.
Parameter name: length
2024-06-17 17:27:52.896 [E] ?::?::Inner Exception : 
2024-06-17 17:27:52.896 [E] ?::?::IsByPassedKeyword method failed 
System.ArgumentOutOfRangeException: Length cannot be less than zero.
Parameter name: length
   at System.String.Substring(Int32 startIndex, Int32 length)
   at HP.GFriend.Core.LibraryUtils.IsByPassedKeyword(String[] byPassKeywords, String line)
2024-06-17 17:27:52.896 [E] ?::?::Exception message : Length cannot be less than zero.
Parameter name: length
2024-06-17 17:27:52.896 [E] ?::?::Inner Exception : 
2024-06-17 17:27:52.896 [E] ?::?::IsByPassedKeyword method failed 
System.ArgumentOutOfRangeException: Length cannot be less than zero.
Parameter name: length
   at System.String.Substring(Int32 startIndex, Int32 length)
   at HP.GFriend.Core.LibraryUtils.IsByPassedKeyword(String[] byPassKeywords, String line)
2024-06-17 17:27:52.896 [E] ?::?::Exception message : Length cannot be less than zero.
Parameter name: length
2024-06-17 17:27:52.896 [E] ?::?::Inner Exception : 
2024-06-17 17:27:52.896 [E] ?::?::IsByPassedKeyword method failed 
System.ArgumentOutOfRangeException: Length cannot be less than zero.
Parameter name: length
   at System.String.Substring(Int32 startIndex, Int32 length)
   at HP.GFriend.Core.LibraryUtils.IsByPassedKeyword(String[] byPassKeywords, String line)
2024-06-17 17:27:52.896 [E] ?::?::Exception message : Length cannot be less than zero.
Parameter name: length
2024-06-17 17:27:52.896 [E] ?::?::Inner Exception : 
2024-06-17 17:27:52.896 [E] ?::?::IsByPassedKeyword method failed 
System.ArgumentOutOfRangeException: Length cannot be less than zero.
Parameter name: length
   at System.String.Substring(Int32 startIndex, Int32 length)
   at HP.GFriend.Core.LibraryUtils.IsByPassedKeyword(String[] byPassKeywords, String line)
2024-06-17 17:27:52.896 [E] ?::?::Exception message : Length cannot be less than zero.
Parameter name: length
2024-06-17 17:27:52.896 [E] ?::?::Inner Exception : 
2024-06-17 17:27:52.896 [E] ?::?::IsByPassedKeyword method failed 
System.ArgumentOutOfRangeException: Length cannot be less than zero.
Parameter name: length
   at System.String.Substring(Int32 startIndex, Int32 length)
   at HP.GFriend.Core.LibraryUtils.IsByPassedKeyword(String[] byPassKeywords, String line)
2024-06-17 17:27:52.896 [E] ?::?::Exception message : Length cannot be less than zero.
Parameter name: length
2024-06-17 17:27:52.896 [E] ?::?::Inner Exception : 
2024-06-17 17:27:52.896 [E] ?::?::IsByPassedKeyword method failed 
System.ArgumentOutOfRangeException: Length cannot be less than zero.
Parameter name: length
   at System.String.Substring(Int32 startIndex, Int32 length)
   at HP.GFriend.Core.LibraryUtils.IsByPassedKeyword(String[] byPassKeywords, String line)
2024-06-17 17:27:52.896 [E] ?::?::Exception message : Length cannot be less than zero.
Parameter name: length
2024-06-17 17:27:52.896 [E] ?::?::Inner Exception : 
2024-06-17 17:27:52.896 [E] ?::?::IsByPassedKeyword method failed 
System.ArgumentOutOfRangeException: Length cannot be less than zero.
Parameter name: length
   at System.String.Substring(Int32 startIndex, Int32 length)
   at HP.GFriend.Core.LibraryUtils.IsByPassedKeyword(String[] byPassKeywords, String line)
2024-06-17 17:27:52.896 [E] ?::?::Exception message : Length cannot be less than zero.
Parameter name: length
2024-06-17 17:27:52.896 [E] ?::?::Inner Exception : 
2024-06-17 17:27:52.896 [E] ?::?::IsByPassedKeyword method failed 
System.ArgumentOutOfRangeException: Length cannot be less than zero.
Parameter name: length
   at System.String.Substring(Int32 startIndex, Int32 length)
   at HP.GFriend.Core.LibraryUtils.IsByPassedKeyword(String[] byPassKeywords, String line)
2024-06-17 17:27:52.896 [E] ?::?::Exception message : Length cannot be less than zero.
Parameter name: length
2024-06-17 17:27:52.896 [E] ?::?::Inner Exception : 
2024-06-17 17:27:52.896 [E] ?::?::IsByPassedKeyword method failed 
System.ArgumentOutOfRangeException: Length cannot be less than zero.
Parameter name: length
   at System.String.Substring(Int32 startIndex, Int32 length)
   at HP.GFriend.Core.LibraryUtils.IsByPassedKeyword(String[] byPassKeywords, String line)
2024-06-17 17:27:52.896 [E] ?::?::Exception message : Length cannot be less than zero.
Parameter name: length
2024-06-17 17:27:52.896 [E] ?::?::Inner Exception : 
2024-06-17 17:27:52.896 [E] ?::?::IsByPassedKeyword method failed 
System.ArgumentOutOfRangeException: Length cannot be less than zero.
Parameter name: length
   at System.String.Substring(Int32 startIndex, Int32 length)
   at HP.GFriend.Core.LibraryUtils.IsByPassedKeyword(String[] byPassKeywords, String line)
2024-06-17 17:27:52.896 [E] ?::?::Exception message : Length cannot be less than zero.
Parameter name: length
2024-06-17 17:27:52.896 [E] ?::?::Inner Exception : 
2024-06-17 17:27:52.896 [E] ?::?::IsByPassedKeyword method failed 
System.ArgumentOutOfRangeException: Length cannot be less than zero.
Parameter name: length
   at System.String.Substring(Int32 startIndex, Int32 length)
   at HP.GFriend.Core.LibraryUtils.IsByPassedKeyword(String[] byPassKeywords, String line)
2024-06-17 17:27:52.896 [E] ?::?::Exception message : Length cannot be less than zero.
Parameter name: length
2024-06-17 17:27:52.896 [E] ?::?::Inner Exception : 
2024-06-17 17:27:52.896 [E] ?::?::IsByPassedKeyword method failed 
System.ArgumentOutOfRangeException: Length cannot be less than zero.
Parameter name: length
   at System.String.Substring(Int32 startIndex, Int32 length)
   at HP.GFriend.Core.LibraryUtils.IsByPassedKeyword(String[] byPassKeywords, String line)
2024-06-17 17:27:52.896 [E] ?::?::Exception message : Length cannot be less than zero.
Parameter name: length
2024-06-17 17:27:52.896 [E] ?::?::Inner Exception : 
2024-06-17 17:27:52.896 [E] ?::?::IsByPassedKeyword method failed 
System.ArgumentOutOfRangeException: Length cannot be less than zero.
Parameter name: length
   at System.String.Substring(Int32 startIndex, Int32 length)
   at HP.GFriend.Core.LibraryUtils.IsByPassedKeyword(String[] byPassKeywords, String line)
2024-06-17 17:27:52.896 [E] ?::?::Exception message : Length cannot be less than zero.
Parameter name: length
2024-06-17 17:27:52.896 [E] ?::?::Inner Exception : 
2024-06-17 17:27:52.896 [E] ?::?::IsByPassedKeyword method failed 
System.ArgumentOutOfRangeException: Length cannot be less than zero.
Parameter name: length
   at System.String.Substring(Int32 startIndex, Int32 length)
   at HP.GFriend.Core.LibraryUtils.IsByPassedKeyword(String[] byPassKeywords, String line)
2024-06-17 17:27:52.896 [E] ?::?::Exception message : Length cannot be less than zero.
Parameter name: length
2024-06-17 17:27:52.896 [E] ?::?::Inner Exception : 
2024-06-17 17:27:52.896 [E] ?::?::IsByPassedKeyword method failed 
System.ArgumentOutOfRangeException: Length cannot be less than zero.
Parameter name: length
   at System.String.Substring(Int32 startIndex, Int32 length)
   at HP.GFriend.Core.LibraryUtils.IsByPassedKeyword(String[] byPassKeywords, String line)
2024-06-17 17:27:52.896 [E] ?::?::Exception message : Length cannot be less than zero.
Parameter name: length
2024-06-17 17:27:52.896 [E] ?::?::Inner Exception : 
2024-06-17 17:27:52.896 [E] ?::?::IsByPassedKeyword method failed 
System.ArgumentOutOfRangeException: Length cannot be less than zero.
Parameter name: length
   at System.String.Substring(Int32 startIndex, Int32 length)
   at HP.GFriend.Core.LibraryUtils.IsByPassedKeyword(String[] byPassKeywords, String line)
2024-06-17 17:27:52.896 [E] ?::?::Exception message : Length cannot be less than zero.
Parameter name: length
2024-06-17 17:27:52.896 [E] ?::?::Inner Exception : 
2024-06-17 17:27:52.896 [E] ?::?::IsByPassedKeyword method failed 
System.ArgumentOutOfRangeException: Length cannot be less than zero.
Parameter name: length
   at System.String.Substring(Int32 startIndex, Int32 length)
   at HP.GFriend.Core.LibraryUtils.IsByPassedKeyword(String[] byPassKeywords, String line)
2024-06-17 17:27:52.896 [E] ?::?::Exception message : Length cannot be less than zero.
Parameter name: length
2024-06-17 17:27:52.896 [E] ?::?::Inner Exception : 
2024-06-17 17:27:52.896 [E] ?::?::IsByPassedKeyword method failed 
System.ArgumentOutOfRangeException: Length cannot be less than zero.
Parameter name: length
   at System.String.Substring(Int32 startIndex, Int32 length)
   at HP.GFriend.Core.LibraryUtils.IsByPassedKeyword(String[] byPassKeywords, String line)
2024-06-17 17:27:52.896 [E] ?::?::Exception message : Length cannot be less than zero.
Parameter name: length
2024-06-17 17:27:52.896 [E] ?::?::Inner Exception : 
2024-06-17 17:27:52.896 [E] ?::?::IsByPassedKeyword method failed 
System.ArgumentOutOfRangeException: Length cannot be less than zero.
Parameter name: length
   at System.String.Substring(Int32 startIndex, Int32 length)
   at HP.GFriend.Core.LibraryUtils.IsByPassedKeyword(String[] byPassKeywords, String line)
2024-06-17 17:27:52.896 [E] ?::?::Exception message : Length cannot be less than zero.
Parameter name: length
2024-06-17 17:27:52.896 [E] ?::?::Inner Exception : 
2024-06-17 17:27:52.896 [E] ?::?::IsByPassedKeyword method failed 
System.ArgumentOutOfRangeException: Length cannot be less than zero.
Parameter name: length
   at System.String.Substring(Int32 startIndex, Int32 length)
   at HP.GFriend.Core.LibraryUtils.IsByPassedKeyword(String[] byPassKeywords, String line)
2024-06-17 17:27:52.896 [E] ?::?::Exception message : Length cannot be less than zero.
Parameter name: length
2024-06-17 17:27:52.896 [E] ?::?::Inner Exception : 
2024-06-17 17:27:52.896 [E] ?::?::IsByPassedKeyword method failed 
System.ArgumentOutOfRangeException: Length cannot be less than zero.
Parameter name: length
   at System.String.Substring(Int32 startIndex, Int32 length)
   at HP.GFriend.Core.LibraryUtils.IsByPassedKeyword(String[] byPassKeywords, String line)
2024-06-17 17:27:52.896 [E] ?::?::Exception message : Length cannot be less than zero.
Parameter name: length
2024-06-17 17:27:52.896 [E] ?::?::Inner Exception : 
2024-06-17 17:27:52.896 [E] ?::?::IsByPassedKeyword method failed 
System.ArgumentOutOfRangeException: Length cannot be less than zero.
Parameter name: length
   at System.String.Substring(Int32 startIndex, Int32 length)
   at HP.GFriend.Core.LibraryUtils.IsByPassedKeyword(String[] byPassKeywords, String line)
2024-06-17 17:27:52.896 [E] ?::?::Exception message : Length cannot be less than zero.
Parameter name: length
2024-06-17 17:27:52.896 [E] ?::?::Inner Exception : 
2024-06-17 17:27:52.896 [E] ?::?::IsByPassedKeyword method failed 
System.ArgumentOutOfRangeException: Length cannot be less than zero.
Parameter name: length
   at System.String.Substring(Int32 startIndex, Int32 length)
   at HP.GFriend.Core.LibraryUtils.IsByPassedKeyword(String[] byPassKeywords, String line)
2024-06-17 17:27:52.896 [E] ?::?::Exception message : Length cannot be less than zero.
Parameter name: length
2024-06-17 17:27:52.896 [E] ?::?::Inner Exception : 
2024-06-17 17:27:52.911 [E] ?::?::IsByPassedKeyword method failed 
System.ArgumentOutOfRangeException: Length cannot be less than zero.
Parameter name: length
   at System.String.Substring(Int32 startIndex, Int32 length)
   at HP.GFriend.Core.LibraryUtils.IsByPassedKeyword(String[] byPassKeywords, String line)
2024-06-17 17:27:52.911 [E] ?::?::Exception message : Length cannot be less than zero.
Parameter name: length
2024-06-17 17:27:52.911 [E] ?::?::Inner Exception : 
2024-06-17 17:27:52.911 [E] ?::?::IsByPassedKeyword method failed 
System.ArgumentOutOfRangeException: Length cannot be less than zero.
Parameter name: length
   at System.String.Substring(Int32 startIndex, Int32 length)
   at HP.GFriend.Core.LibraryUtils.IsByPassedKeyword(String[] byPassKeywords, String line)
2024-06-17 17:27:52.911 [E] ?::?::Exception message : Length cannot be less than zero.
Parameter name: length
2024-06-17 17:27:52.911 [E] ?::?::Inner Exception : 
2024-06-17 17:27:52.911 [E] ?::?::IsByPassedKeyword method failed 
System.ArgumentOutOfRangeException: Length cannot be less than zero.
Parameter name: length
   at System.String.Substring(Int32 startIndex, Int32 length)
   at HP.GFriend.Core.LibraryUtils.IsByPassedKeyword(String[] byPassKeywords, String line)
2024-06-17 17:27:52.911 [E] ?::?::Exception message : Length cannot be less than zero.
Parameter name: length
2024-06-17 17:27:52.911 [E] ?::?::Inner Exception : 
2024-06-17 17:27:52.911 [E] ?::?::IsByPassedKeyword method failed 
System.ArgumentOutOfRangeException: Length cannot be less than zero.
Parameter name: length
   at System.String.Substring(Int32 startIndex, Int32 length)
   at HP.GFriend.Core.LibraryUtils.IsByPassedKeyword(String[] byPassKeywords, String line)
2024-06-17 17:27:52.911 [E] ?::?::Exception message : Length cannot be less than zero.
Parameter name: length
2024-06-17 17:27:52.911 [E] ?::?::Inner Exception : 
2024-06-17 17:27:52.911 [E] ?::?::IsByPassedKeyword method failed 
System.ArgumentOutOfRangeException: Length cannot be less than zero.
Parameter name: length
   at System.String.Substring(Int32 startIndex, Int32 length)
   at HP.GFriend.Core.LibraryUtils.IsByPassedKeyword(String[] byPassKeywords, String line)
2024-06-17 17:27:52.911 [E] ?::?::Exception message : Length cannot be less than zero.
Parameter name: length
2024-06-17 17:27:52.911 [E] ?::?::Inner Exception : 
2024-06-17 17:27:52.911 [E] ?::?::IsByPassedKeyword method failed 
System.ArgumentOutOfRangeException: Length cannot be less than zero.
Parameter name: length
   at System.String.Substring(Int32 startIndex, Int32 length)
   at HP.GFriend.Core.LibraryUtils.IsByPassedKeyword(String[] byPassKeywords, String line)
2024-06-17 17:27:52.911 [E] ?::?::Exception message : Length cannot be less than zero.
Parameter name: length
2024-06-17 17:27:52.911 [E] ?::?::Inner Exception : 
2024-06-17 17:27:52.911 [E] ?::?::IsByPassedKeyword method failed 
System.ArgumentOutOfRangeException: Length cannot be less than zero.
Parameter name: length
   at System.String.Substring(Int32 startIndex, Int32 length)
   at HP.GFriend.Core.LibraryUtils.IsByPassedKeyword(String[] byPassKeywords, String line)
2024-06-17 17:27:52.911 [E] ?::?::Exception message : Length cannot be less than zero.
Parameter name: length
2024-06-17 17:27:52.911 [E] ?::?::Inner Exception : 
2024-06-17 17:27:52.911 [E] ?::?::IsByPassedKeyword method failed 
System.ArgumentOutOfRangeException: Length cannot be less than zero.
Parameter name: length
   at System.String.Substring(Int32 startIndex, Int32 length)
   at HP.GFriend.Core.LibraryUtils.IsByPassedKeyword(String[] byPassKeywords, String line)
2024-06-17 17:27:52.911 [E] ?::?::Exception message : Length cannot be less than zero.
Parameter name: length
2024-06-17 17:27:52.911 [E] ?::?::Inner Exception : 
2024-06-17 17:27:52.911 [E] ?::?::IsByPassedKeyword method failed 
System.ArgumentOutOfRangeException: Length cannot be less than zero.
Parameter name: length
   at System.String.Substring(Int32 startIndex, Int32 length)
   at HP.GFriend.Core.LibraryUtils.IsByPassedKeyword(String[] byPassKeywords, String line)
2024-06-17 17:27:52.911 [E] ?::?::Exception message : Length cannot be less than zero.
Parameter name: length
2024-06-17 17:27:52.911 [E] ?::?::Inner Exception : 
2024-06-17 17:27:52.911 [E] ?::?::IsByPassedKeyword method failed 
System.ArgumentOutOfRangeException: Length cannot be less than zero.
Parameter name: length
   at System.String.Substring(Int32 startIndex, Int32 length)
   at HP.GFriend.Core.LibraryUtils.IsByPassedKeyword(String[] byPassKeywords, String line)
2024-06-17 17:27:52.911 [E] ?::?::Exception message : Length cannot be less than zero.
Parameter name: length
2024-06-17 17:27:52.911 [E] ?::?::Inner Exception : 
2024-06-17 17:27:52.911 [E] ?::?::IsByPassedKeyword method failed 
System.ArgumentOutOfRangeException: Length cannot be less than zero.
Parameter name: length
   at System.String.Substring(Int32 startIndex, Int32 length)
   at HP.GFriend.Core.LibraryUtils.IsByPassedKeyword(String[] byPassKeywords, String line)
2024-06-17 17:27:52.911 [E] ?::?::Exception message : Length cannot be less than zero.
Parameter name: length
2024-06-17 17:27:52.911 [E] ?::?::Inner Exception : 
2024-06-17 17:27:52.911 [E] ?::?::IsByPassedKeyword method failed 
System.ArgumentOutOfRangeException: Length cannot be less than zero.
Parameter name: length
   at System.String.Substring(Int32 startIndex, Int32 length)
   at HP.GFriend.Core.LibraryUtils.IsByPassedKeyword(String[] byPassKeywords, String line)
2024-06-17 17:27:52.911 [E] ?::?::Exception message : Length cannot be less than zero.
Parameter name: length
2024-06-17 17:27:52.911 [E] ?::?::Inner Exception : 
2024-06-17 17:27:52.911 [E] ?::?::IsByPassedKeyword method failed 
System.ArgumentOutOfRangeException: Length cannot be less than zero.
Parameter name: length
   at System.String.Substring(Int32 startIndex, Int32 length)
   at HP.GFriend.Core.LibraryUtils.IsByPassedKeyword(String[] byPassKeywords, String line)
2024-06-17 17:27:52.911 [E] ?::?::Exception message : Length cannot be less than zero.
Parameter name: length
2024-06-17 17:27:52.911 [E] ?::?::Inner Exception : 
2024-06-17 17:27:52.911 [E] ?::?::IsByPassedKeyword method failed 
System.ArgumentOutOfRangeException: Length cannot be less than zero.
Parameter name: length
   at System.String.Substring(Int32 startIndex, Int32 length)
   at HP.GFriend.Core.LibraryUtils.IsByPassedKeyword(String[] byPassKeywords, String line)
2024-06-17 17:27:52.911 [E] ?::?::Exception message : Length cannot be less than zero.
Parameter name: length
2024-06-17 17:27:52.911 [E] ?::?::Inner Exception : 
2024-06-17 17:27:52.911 [E] ?::?::IsByPassedKeyword method failed 
System.ArgumentOutOfRangeException: Length cannot be less than zero.
Parameter name: length
   at System.String.Substring(Int32 startIndex, Int32 length)
   at HP.GFriend.Core.LibraryUtils.IsByPassedKeyword(String[] byPassKeywords, String line)
2024-06-17 17:27:52.911 [E] ?::?::Exception message : Length cannot be less than zero.
Parameter name: length
2024-06-17 17:27:52.911 [E] ?::?::Inner Exception : 
2024-06-17 17:27:52.911 [E] ?::?::IsByPassedKeyword method failed 
System.ArgumentOutOfRangeException: Length cannot be less than zero.
Parameter name: length
   at System.String.Substring(Int32 startIndex, Int32 length)
   at HP.GFriend.Core.LibraryUtils.IsByPassedKeyword(String[] byPassKeywords, String line)
2024-06-17 17:27:52.911 [E] ?::?::Exception message : Length cannot be less than zero.
Parameter name: length
2024-06-17 17:27:52.911 [E] ?::?::Inner Exception : 
2024-06-17 17:27:52.911 [E] ?::?::IsByPassedKeyword method failed 
System.ArgumentOutOfRangeException: Length cannot be less than zero.
Parameter name: length
   at System.String.Substring(Int32 startIndex, Int32 length)
   at HP.GFriend.Core.LibraryUtils.IsByPassedKeyword(String[] byPassKeywords, String line)
2024-06-17 17:27:52.911 [E] ?::?::Exception message : Length cannot be less than zero.
Parameter name: length
2024-06-17 17:27:52.911 [E] ?::?::Inner Exception : 
2024-06-17 17:27:52.911 [E] ?::?::IsByPassedKeyword method failed 
System.ArgumentOutOfRangeException: Length cannot be less than zero.
Parameter name: length
   at System.String.Substring(Int32 startIndex, Int32 length)
   at HP.GFriend.Core.LibraryUtils.IsByPassedKeyword(String[] byPassKeywords, String line)
2024-06-17 17:27:52.911 [E] ?::?::Exception message : Length cannot be less than zero.
Parameter name: length
2024-06-17 17:27:52.911 [E] ?::?::Inner Exception : 
2024-06-17 17:27:52.911 [E] ?::?::IsByPassedKeyword method failed 
System.ArgumentOutOfRangeException: Length cannot be less than zero.
Parameter name: length
   at System.String.Substring(Int32 startIndex, Int32 length)
   at HP.GFriend.Core.LibraryUtils.IsByPassedKeyword(String[] byPassKeywords, String line)
2024-06-17 17:27:52.911 [E] ?::?::Exception message : Length cannot be less than zero.
Parameter name: length
2024-06-17 17:27:52.911 [E] ?::?::Inner Exception : 
2024-06-17 17:27:52.911 [E] ?::?::IsByPassedKeyword method failed 
System.ArgumentOutOfRangeException: Length cannot be less than zero.
Parameter name: length
   at System.String.Substring(Int32 startIndex, Int32 length)
   at HP.GFriend.Core.LibraryUtils.IsByPassedKeyword(String[] byPassKeywords, String line)
2024-06-17 17:27:52.911 [E] ?::?::Exception message : Length cannot be less than zero.
Parameter name: length
2024-06-17 17:27:52.911 [E] ?::?::Inner Exception : 
2024-06-17 17:27:52.911 [E] ?::?::IsByPassedKeyword method failed 
System.ArgumentOutOfRangeException: Length cannot be less than zero.
Parameter name: length
   at System.String.Substring(Int32 startIndex, Int32 length)
   at HP.GFriend.Core.LibraryUtils.IsByPassedKeyword(String[] byPassKeywords, String line)
2024-06-17 17:27:52.911 [E] ?::?::Exception message : Length cannot be less than zero.
Parameter name: length
2024-06-17 17:27:52.911 [E] ?::?::Inner Exception : 
2024-06-17 17:27:52.911 [E] ?::?::IsByPassedKeyword method failed 
System.ArgumentOutOfRangeException: Length cannot be less than zero.
Parameter name: length
   at System.String.Substring(Int32 startIndex, Int32 length)
   at HP.GFriend.Core.LibraryUtils.IsByPassedKeyword(String[] byPassKeywords, String line)
2024-06-17 17:27:52.911 [E] ?::?::Exception message : Length cannot be less than zero.
Parameter name: length
2024-06-17 17:27:52.911 [E] ?::?::Inner Exception : 
2024-06-17 17:27:52.911 [E] ?::?::IsByPassedKeyword method failed 
System.ArgumentOutOfRangeException: Length cannot be less than zero.
Parameter name: length
   at System.String.Substring(Int32 startIndex, Int32 length)
   at HP.GFriend.Core.LibraryUtils.IsByPassedKeyword(String[] byPassKeywords, String line)
2024-06-17 17:27:52.911 [E] ?::?::Exception message : Length cannot be less than zero.
Parameter name: length
2024-06-17 17:27:52.911 [E] ?::?::Inner Exception : 
2024-06-17 17:27:52.911 [E] ?::?::IsByPassedKeyword method failed 
System.ArgumentOutOfRangeException: Length cannot be less than zero.
Parameter name: length
   at System.String.Substring(Int32 startIndex, Int32 length)
   at HP.GFriend.Core.LibraryUtils.IsByPassedKeyword(String[] byPassKeywords, String line)
2024-06-17 17:27:52.911 [E] ?::?::Exception message : Length cannot be less than zero.
Parameter name: length
2024-06-17 17:27:52.911 [E] ?::?::Inner Exception : 
2024-06-17 17:27:52.911 [E] ?::?::IsByPassedKeyword method failed 
System.ArgumentOutOfRangeException: Length cannot be less than zero.
Parameter name: length
   at System.String.Substring(Int32 startIndex, Int32 length)
   at HP.GFriend.Core.LibraryUtils.IsByPassedKeyword(String[] byPassKeywords, String line)
2024-06-17 17:27:52.911 [E] ?::?::Exception message : Length cannot be less than zero.
Parameter name: length
2024-06-17 17:27:52.911 [E] ?::?::Inner Exception : 
2024-06-17 17:27:52.924 [E] ?::?::IsByPassedKeyword method failed 
System.ArgumentOutOfRangeException: Length cannot be less than zero.
Parameter name: length
   at System.String.Substring(Int32 startIndex, Int32 length)
   at HP.GFriend.Core.LibraryUtils.IsByPassedKeyword(String[] byPassKeywords, String line)
2024-06-17 17:27:52.924 [E] ?::?::Exception message : Length cannot be less than zero.
Parameter name: length
2024-06-17 17:27:52.924 [E] ?::?::Inner Exception : 
2024-06-17 17:27:52.924 [E] ?::?::IsByPassedKeyword method failed 
System.ArgumentOutOfRangeException: Length cannot be less than zero.
Parameter name: length
   at System.String.Substring(Int32 startIndex, Int32 length)
   at HP.GFriend.Core.LibraryUtils.IsByPassedKeyword(String[] byPassKeywords, String line)
2024-06-17 17:27:52.924 [E] ?::?::Exception message : Length cannot be less than zero.
Parameter name: length
2024-06-17 17:27:52.924 [E] ?::?::Inner Exception : 
2024-06-17 17:27:52.924 [E] ?::?::IsByPassedKeyword method failed 
System.ArgumentOutOfRangeException: Length cannot be less than zero.
Parameter name: length
   at System.String.Substring(Int32 startIndex, Int32 length)
   at HP.GFriend.Core.LibraryUtils.IsByPassedKeyword(String[] byPassKeywords, String line)
2024-06-17 17:27:52.924 [E] ?::?::Exception message : Length cannot be less than zero.
Parameter name: length
2024-06-17 17:27:52.924 [E] ?::?::Inner Exception : 
2024-06-17 17:27:52.924 [E] ?::?::IsByPassedKeyword method failed 
System.ArgumentOutOfRangeException: Length cannot be less than zero.
Parameter name: length
   at System.String.Substring(Int32 startIndex, Int32 length)
   at HP.GFriend.Core.LibraryUtils.IsByPassedKeyword(String[] byPassKeywords, String line)
2024-06-17 17:27:52.924 [E] ?::?::Exception message : Length cannot be less than zero.
Parameter name: length
2024-06-17 17:27:52.924 [E] ?::?::Inner Exception : 
2024-06-17 17:27:52.924 [E] ?::?::IsByPassedKeyword method failed 
System.ArgumentOutOfRangeException: Length cannot be less than zero.
Parameter name: length
   at System.String.Substring(Int32 startIndex, Int32 length)
   at HP.GFriend.Core.LibraryUtils.IsByPassedKeyword(String[] byPassKeywords, String line)
2024-06-17 17:27:52.924 [E] ?::?::Exception message : Length cannot be less than zero.
Parameter name: length
2024-06-17 17:27:52.924 [E] ?::?::Inner Exception : 
2024-06-17 17:27:52.924 [E] ?::?::IsByPassedKeyword method failed 
System.ArgumentOutOfRangeException: Length cannot be less than zero.
Parameter name: length
   at System.String.Substring(Int32 startIndex, Int32 length)
   at HP.GFriend.Core.LibraryUtils.IsByPassedKeyword(String[] byPassKeywords, String line)
2024-06-17 17:27:52.924 [E] ?::?::Exception message : Length cannot be less than zero.
Parameter name: length
2024-06-17 17:27:52.924 [E] ?::?::Inner Exception : 
2024-06-17 17:27:52.924 [E] ?::?::IsByPassedKeyword method failed 
System.ArgumentOutOfRangeException: Length cannot be less than zero.
Parameter name: length
   at System.String.Substring(Int32 startIndex, Int32 length)
   at HP.GFriend.Core.LibraryUtils.IsByPassedKeyword(String[] byPassKeywords, String line)
2024-06-17 17:27:52.924 [E] ?::?::Exception message : Length cannot be less than zero.
Parameter name: length
2024-06-17 17:27:52.927 [E] ?::?::Inner Exception : 
2024-06-17 17:27:52.927 [E] ?::?::IsByPassedKeyword method failed 
System.ArgumentOutOfRangeException: Length cannot be less than zero.
Parameter name: length
   at System.String.Substring(Int32 startIndex, Int32 length)
   at HP.GFriend.Core.LibraryUtils.IsByPassedKeyword(String[] byPassKeywords, String line)
2024-06-17 17:27:52.927 [E] ?::?::Exception message : Length cannot be less than zero.
Parameter name: length
2024-06-17 17:27:52.927 [E] ?::?::Inner Exception : 
2024-06-17 17:27:52.927 [E] ?::?::IsByPassedKeyword method failed 
System.ArgumentOutOfRangeException: Length cannot be less than zero.
Parameter name: length
   at System.String.Substring(Int32 startIndex, Int32 length)
   at HP.GFriend.Core.LibraryUtils.IsByPassedKeyword(String[] byPassKeywords, String line)
2024-06-17 17:27:52.927 [E] ?::?::Exception message : Length cannot be less than zero.
Parameter name: length
2024-06-17 17:27:52.927 [E] ?::?::Inner Exception : 
2024-06-17 17:27:52.927 [E] ?::?::IsByPassedKeyword method failed 
System.ArgumentOutOfRangeException: Length cannot be less than zero.
Parameter name: length
   at System.String.Substring(Int32 startIndex, Int32 length)
   at HP.GFriend.Core.LibraryUtils.IsByPassedKeyword(String[] byPassKeywords, String line)
2024-06-17 17:27:52.927 [E] ?::?::Exception message : Length cannot be less than zero.
Parameter name: length
2024-06-17 17:27:52.927 [E] ?::?::Inner Exception : 
2024-06-17 17:27:52.927 [E] ?::?::IsByPassedKeyword method failed 
System.ArgumentOutOfRangeException: Length cannot be less than zero.
Parameter name: length
   at System.String.Substring(Int32 startIndex, Int32 length)
   at HP.GFriend.Core.LibraryUtils.IsByPassedKeyword(String[] byPassKeywords, String line)
2024-06-17 17:27:52.927 [E] ?::?::Exception message : Length cannot be less than zero.
Parameter name: length
2024-06-17 17:27:52.927 [E] ?::?::Inner Exception : 
2024-06-17 17:27:52.927 [E] ?::?::IsByPassedKeyword method failed 
System.ArgumentOutOfRangeException: Length cannot be less than zero.
Parameter name: length
   at System.String.Substring(Int32 startIndex, Int32 length)
   at HP.GFriend.Core.LibraryUtils.IsByPassedKeyword(String[] byPassKeywords, String line)
2024-06-17 17:27:52.927 [E] ?::?::Exception message : Length cannot be less than zero.
Parameter name: length
2024-06-17 17:27:52.927 [E] ?::?::Inner Exception : 
2024-06-17 17:27:52.927 [E] ?::?::IsByPassedKeyword method failed 
System.ArgumentOutOfRangeException: Length cannot be less than zero.
Parameter name: length
   at System.String.Substring(Int32 startIndex, Int32 length)
   at HP.GFriend.Core.LibraryUtils.IsByPassedKeyword(String[] byPassKeywords, String line)
2024-06-17 17:27:52.927 [E] ?::?::Exception message : Length cannot be less than zero.
Parameter name: length
2024-06-17 17:27:52.927 [E] ?::?::Inner Exception : 
2024-06-17 17:27:52.927 [E] ?::?::IsByPassedKeyword method failed 
System.ArgumentOutOfRangeException: Length cannot be less than zero.
Parameter name: length
   at System.String.Substring(Int32 startIndex, Int32 length)
   at HP.GFriend.Core.LibraryUtils.IsByPassedKeyword(String[] byPassKeywords, String line)
2024-06-17 17:27:52.927 [E] ?::?::Exception message : Length cannot be less than zero.
Parameter name: length
2024-06-17 17:27:52.927 [E] ?::?::Inner Exception : 
2024-06-17 17:27:52.927 [E] ?::?::IsByPassedKeyword method failed 
System.ArgumentOutOfRangeException: Length cannot be less than zero.
Parameter name: length
   at System.String.Substring(Int32 startIndex, Int32 length)
   at HP.GFriend.Core.LibraryUtils.IsByPassedKeyword(String[] byPassKeywords, String line)
2024-06-17 17:27:52.927 [E] ?::?::Exception message : Length cannot be less than zero.
Parameter name: length
2024-06-17 17:27:52.927 [E] ?::?::Inner Exception : 
2024-06-17 17:27:52.927 [E] ?::?::IsByPassedKeyword method failed 
System.ArgumentOutOfRangeException: Length cannot be less than zero.
Parameter name: length
   at System.String.Substring(Int32 startIndex, Int32 length)
   at HP.GFriend.Core.LibraryUtils.IsByPassedKeyword(String[] byPassKeywords, String line)
2024-06-17 17:27:52.927 [E] ?::?::Exception message : Length cannot be less than zero.
Parameter name: length
2024-06-17 17:27:52.927 [E] ?::?::Inner Exception : 
2024-06-17 17:27:52.927 [E] ?::?::IsByPassedKeyword method failed 
System.ArgumentOutOfRangeException: Length cannot be less than zero.
Parameter name: length
   at System.String.Substring(Int32 startIndex, Int32 length)
   at HP.GFriend.Core.LibraryUtils.IsByPassedKeyword(String[] byPassKeywords, String line)
2024-06-17 17:27:52.927 [E] ?::?::Exception message : Length cannot be less than zero.
Parameter name: length
2024-06-17 17:27:52.927 [E] ?::?::Inner Exception : 
2024-06-17 17:27:52.927 [E] ?::?::IsByPassedKeyword method failed 
System.ArgumentOutOfRangeException: Length cannot be less than zero.
Parameter name: length
   at System.String.Substring(Int32 startIndex, Int32 length)
   at HP.GFriend.Core.LibraryUtils.IsByPassedKeyword(String[] byPassKeywords, String line)
2024-06-17 17:27:52.927 [E] ?::?::Exception message : Length cannot be less than zero.
Parameter name: length
2024-06-17 17:27:52.927 [E] ?::?::Inner Exception : 
2024-06-17 17:27:52.927 [E] ?::?::IsByPassedKeyword method failed 
System.ArgumentOutOfRangeException: Length cannot be less than zero.
Parameter name: length
   at System.String.Substring(Int32 startIndex, Int32 length)
   at HP.GFriend.Core.LibraryUtils.IsByPassedKeyword(String[] byPassKeywords, String line)
2024-06-17 17:27:52.927 [E] ?::?::Exception message : Length cannot be less than zero.
Parameter name: length
2024-06-17 17:27:52.927 [E] ?::?::Inner Exception : 
2024-06-17 17:27:52.927 [E] ?::?::IsByPassedKeyword method failed 
System.ArgumentOutOfRangeException: Length cannot be less than zero.
Parameter name: length
   at System.String.Substring(Int32 startIndex, Int32 length)
   at HP.GFriend.Core.LibraryUtils.IsByPassedKeyword(String[] byPassKeywords, String line)
2024-06-17 17:27:52.927 [E] ?::?::Exception message : Length cannot be less than zero.
Parameter name: length
2024-06-17 17:27:52.927 [E] ?::?::Inner Exception : 
2024-06-17 17:27:52.927 [E] ?::?::IsByPassedKeyword method failed 
System.ArgumentOutOfRangeException: Length cannot be less than zero.
Parameter name: length
   at System.String.Substring(Int32 startIndex, Int32 length)
   at HP.GFriend.Core.LibraryUtils.IsByPassedKeyword(String[] byPassKeywords, String line)
2024-06-17 17:27:52.927 [E] ?::?::Exception message : Length cannot be less than zero.
Parameter name: length
2024-06-17 17:27:52.927 [E] ?::?::Inner Exception : 
2024-06-17 17:27:52.927 [E] ?::?::IsByPassedKeyword method failed 
System.ArgumentOutOfRangeException: Length cannot be less than zero.
Parameter name: length
   at System.String.Substring(Int32 startIndex, Int32 length)
   at HP.GFriend.Core.LibraryUtils.IsByPassedKeyword(String[] byPassKeywords, String line)
2024-06-17 17:27:52.927 [E] ?::?::Exception message : Length cannot be less than zero.
Parameter name: length
2024-06-17 17:27:52.927 [E] ?::?::Inner Exception : 
2024-06-17 17:27:52.927 [E] ?::?::IsByPassedKeyword method failed 
System.ArgumentOutOfRangeException: Length cannot be less than zero.
Parameter name: length
   at System.String.Substring(Int32 startIndex, Int32 length)
   at HP.GFriend.Core.LibraryUtils.IsByPassedKeyword(String[] byPassKeywords, String line)
2024-06-17 17:27:52.927 [E] ?::?::Exception message : Length cannot be less than zero.
Parameter name: length
2024-06-17 17:27:52.927 [E] ?::?::Inner Exception : 
2024-06-17 17:27:52.927 [E] ?::?::IsByPassedKeyword method failed 
System.ArgumentOutOfRangeException: Length cannot be less than zero.
Parameter name: length
   at System.String.Substring(Int32 startIndex, Int32 length)
   at HP.GFriend.Core.LibraryUtils.IsByPassedKeyword(String[] byPassKeywords, String line)
2024-06-17 17:27:52.927 [E] ?::?::Exception message : Length cannot be less than zero.
Parameter name: length
2024-06-17 17:27:52.927 [E] ?::?::Inner Exception : 
2024-06-17 17:27:52.927 [E] ?::?::IsByPassedKeyword method failed 
System.ArgumentOutOfRangeException: Length cannot be less than zero.
Parameter name: length
   at System.String.Substring(Int32 startIndex, Int32 length)
   at HP.GFriend.Core.LibraryUtils.IsByPassedKeyword(String[] byPassKeywords, String line)
2024-06-17 17:27:52.927 [E] ?::?::Exception message : Length cannot be less than zero.
Parameter name: length
2024-06-17 17:27:52.927 [E] ?::?::Inner Exception : 
2024-06-17 17:27:52.927 [E] ?::?::IsByPassedKeyword method failed 
System.ArgumentOutOfRangeException: Length cannot be less than zero.
Parameter name: length
   at System.String.Substring(Int32 startIndex, Int32 length)
   at HP.GFriend.Core.LibraryUtils.IsByPassedKeyword(String[] byPassKeywords, String line)
2024-06-17 17:27:52.927 [E] ?::?::Exception message : Length cannot be less than zero.
Parameter name: length
2024-06-17 17:27:52.927 [E] ?::?::Inner Exception : 
2024-06-17 17:27:52.927 [E] ?::?::IsByPassedKeyword method failed 
System.ArgumentOutOfRangeException: Length cannot be less than zero.
Parameter name: length
   at System.String.Substring(Int32 startIndex, Int32 length)
   at HP.GFriend.Core.LibraryUtils.IsByPassedKeyword(String[] byPassKeywords, String line)
2024-06-17 17:27:52.927 [E] ?::?::Exception message : Length cannot be less than zero.
Parameter name: length
2024-06-17 17:27:52.927 [E] ?::?::Inner Exception : 
2024-06-17 17:27:52.927 [E] ?::?::IsByPassedKeyword method failed 
System.ArgumentOutOfRangeException: Length cannot be less than zero.
Parameter name: length
   at System.String.Substring(Int32 startIndex, Int32 length)
   at HP.GFriend.Core.LibraryUtils.IsByPassedKeyword(String[] byPassKeywords, String line)
2024-06-17 17:27:52.927 [E] ?::?::Exception message : Length cannot be less than zero.
Parameter name: length
2024-06-17 17:27:52.927 [E] ?::?::Inner Exception : 
2024-06-17 17:27:52.927 [E] ?::?::IsByPassedKeyword method failed 
System.ArgumentOutOfRangeException: Length cannot be less than zero.
Parameter name: length
   at System.String.Substring(Int32 startIndex, Int32 length)
   at HP.GFriend.Core.LibraryUtils.IsByPassedKeyword(String[] byPassKeywords, String line)
2024-06-17 17:27:52.927 [E] ?::?::Exception message : Length cannot be less than zero.
Parameter name: length
2024-06-17 17:27:52.927 [E] ?::?::Inner Exception : 
2024-06-17 17:27:52.927 [E] ?::?::IsByPassedKeyword method failed 
System.ArgumentOutOfRangeException: Length cannot be less than zero.
Parameter name: length
   at System.String.Substring(Int32 startIndex, Int32 length)
   at HP.GFriend.Core.LibraryUtils.IsByPassedKeyword(String[] byPassKeywords, String line)
2024-06-17 17:27:52.927 [E] ?::?::Exception message : Length cannot be less than zero.
Parameter name: length
2024-06-17 17:27:52.927 [E] ?::?::Inner Exception : 
2024-06-17 17:27:52.927 [E] ?::?::IsByPassedKeyword method failed 
System.ArgumentOutOfRangeException: Length cannot be less than zero.
Parameter name: length
   at System.String.Substring(Int32 startIndex, Int32 length)
   at HP.GFriend.Core.LibraryUtils.IsByPassedKeyword(String[] byPassKeywords, String line)
2024-06-17 17:27:52.927 [E] ?::?::Exception message : Length cannot be less than zero.
Parameter name: length
2024-06-17 17:27:52.927 [E] ?::?::Inner Exception : 
2024-06-17 17:27:52.927 [E] ?::?::IsByPassedKeyword method failed 
System.ArgumentOutOfRangeException: Length cannot be less than zero.
Parameter name: length
   at System.String.Substring(Int32 startIndex, Int32 length)
   at HP.GFriend.Core.LibraryUtils.IsByPassedKeyword(String[] byPassKeywords, String line)
2024-06-17 17:27:52.927 [E] ?::?::Exception message : Length cannot be less than zero.
Parameter name: length
2024-06-17 17:27:52.927 [E] ?::?::Inner Exception : 
2024-06-17 17:27:52.927 [E] ?::?::IsByPassedKeyword method failed 
System.ArgumentOutOfRangeException: Length cannot be less than zero.
Parameter name: length
   at System.String.Substring(Int32 startIndex, Int32 length)
   at HP.GFriend.Core.LibraryUtils.IsByPassedKeyword(String[] byPassKeywords, String line)
2024-06-17 17:27:52.927 [E] ?::?::Exception message : Length cannot be less than zero.
Parameter name: length
2024-06-17 17:27:52.927 [E] ?::?::Inner Exception : 
2024-06-17 17:27:52.927 [E] ?::?::IsByPassedKeyword method failed 
System.ArgumentOutOfRangeException: Length cannot be less than zero.
Parameter name: length
   at System.String.Substring(Int32 startIndex, Int32 length)
   at HP.GFriend.Core.LibraryUtils.IsByPassedKeyword(String[] byPassKeywords, String line)
2024-06-17 17:27:52.927 [E] ?::?::Exception message : Length cannot be less than zero.
Parameter name: length
2024-06-17 17:27:52.927 [E] ?::?::Inner Exception : 
2024-06-17 17:27:52.927 [E] ?::?::IsByPassedKeyword method failed 
System.ArgumentOutOfRangeException: Length cannot be less than zero.
Parameter name: length
   at System.String.Substring(Int32 startIndex, Int32 length)
   at HP.GFriend.Core.LibraryUtils.IsByPassedKeyword(String[] byPassKeywords, String line)
2024-06-17 17:27:52.927 [E] ?::?::Exception message : Length cannot be less than zero.
Parameter name: length
2024-06-17 17:27:52.927 [E] ?::?::Inner Exception : 
2024-06-17 17:27:52.927 [E] ?::?::IsByPassedKeyword method failed 
System.ArgumentOutOfRangeException: Length cannot be less than zero.
Parameter name: length
   at System.String.Substring(Int32 startIndex, Int32 length)
   at HP.GFriend.Core.LibraryUtils.IsByPassedKeyword(String[] byPassKeywords, String line)
2024-06-17 17:27:52.927 [E] ?::?::Exception message : Length cannot be less than zero.
Parameter name: length
2024-06-17 17:27:52.927 [E] ?::?::Inner Exception : 
2024-06-17 17:27:52.927 [E] ?::?::IsByPassedKeyword method failed 
System.ArgumentOutOfRangeException: Length cannot be less than zero.
Parameter name: length
   at System.String.Substring(Int32 startIndex, Int32 length)
   at HP.GFriend.Core.LibraryUtils.IsByPassedKeyword(String[] byPassKeywords, String line)
2024-06-17 17:27:52.927 [E] ?::?::Exception message : Length cannot be less than zero.
Parameter name: length
2024-06-17 17:27:52.927 [E] ?::?::Inner Exception : 
2024-06-17 17:27:52.943 [E] ?::?::IsByPassedKeyword method failed 
System.ArgumentOutOfRangeException: Length cannot be less than zero.
Parameter name: length
   at System.String.Substring(Int32 startIndex, Int32 length)
   at HP.GFriend.Core.LibraryUtils.IsByPassedKeyword(String[] byPassKeywords, String line)
2024-06-17 17:27:52.943 [E] ?::?::Exception message : Length cannot be less than zero.
Parameter name: length
2024-06-17 17:27:52.943 [E] ?::?::Inner Exception : 
2024-06-17 17:27:52.943 [E] ?::?::IsByPassedKeyword method failed 
System.ArgumentOutOfRangeException: Length cannot be less than zero.
Parameter name: length
   at System.String.Substring(Int32 startIndex, Int32 length)
   at HP.GFriend.Core.LibraryUtils.IsByPassedKeyword(String[] byPassKeywords, String line)
2024-06-17 17:27:52.943 [E] ?::?::Exception message : Length cannot be less than zero.
Parameter name: length
2024-06-17 17:27:52.943 [E] ?::?::Inner Exception : 
2024-06-17 17:27:52.943 [E] ?::?::IsByPassedKeyword method failed 
System.ArgumentOutOfRangeException: Length cannot be less than zero.
Parameter name: length
   at System.String.Substring(Int32 startIndex, Int32 length)
   at HP.GFriend.Core.LibraryUtils.IsByPassedKeyword(String[] byPassKeywords, String line)
2024-06-17 17:27:52.943 [E] ?::?::Exception message : Length cannot be less than zero.
Parameter name: length
2024-06-17 17:27:52.943 [E] ?::?::Inner Exception : 
2024-06-17 17:27:52.943 [E] ?::?::IsByPassedKeyword method failed 
System.ArgumentOutOfRangeException: Length cannot be less than zero.
Parameter name: length
   at System.String.Substring(Int32 startIndex, Int32 length)
   at HP.GFriend.Core.LibraryUtils.IsByPassedKeyword(String[] byPassKeywords, String line)
2024-06-17 17:27:52.943 [E] ?::?::Exception message : Length cannot be less than zero.
Parameter name: length
2024-06-17 17:27:52.943 [E] ?::?::Inner Exception : 
2024-06-17 17:27:52.943 [E] ?::?::IsByPassedKeyword method failed 
System.ArgumentOutOfRangeException: Length cannot be less than zero.
Parameter name: length
   at System.String.Substring(Int32 startIndex, Int32 length)
   at HP.GFriend.Core.LibraryUtils.IsByPassedKeyword(String[] byPassKeywords, String line)
2024-06-17 17:27:52.943 [E] ?::?::Exception message : Length cannot be less than zero.
Parameter name: length
2024-06-17 17:27:52.943 [E] ?::?::Inner Exception : 
2024-06-17 17:27:52.943 [E] ?::?::IsByPassedKeyword method failed 
System.ArgumentOutOfRangeException: Length cannot be less than zero.
Parameter name: length
   at System.String.Substring(Int32 startIndex, Int32 length)
   at HP.GFriend.Core.LibraryUtils.IsByPassedKeyword(String[] byPassKeywords, String line)
2024-06-17 17:27:52.943 [E] ?::?::Exception message : Length cannot be less than zero.
Parameter name: length
2024-06-17 17:27:52.943 [E] ?::?::Inner Exception : 
2024-06-17 17:27:52.943 [E] ?::?::IsByPassedKeyword method failed 
System.ArgumentOutOfRangeException: Length cannot be less than zero.
Parameter name: length
   at System.String.Substring(Int32 startIndex, Int32 length)
   at HP.GFriend.Core.LibraryUtils.IsByPassedKeyword(String[] byPassKeywords, String line)
2024-06-17 17:27:52.943 [E] ?::?::Exception message : Length cannot be less than zero.
Parameter name: length
2024-06-17 17:27:52.943 [E] ?::?::Inner Exception : 
2024-06-17 17:27:52.943 [E] ?::?::IsByPassedKeyword method failed 
System.ArgumentOutOfRangeException: Length cannot be less than zero.
Parameter name: length
   at System.String.Substring(Int32 startIndex, Int32 length)
   at HP.GFriend.Core.LibraryUtils.IsByPassedKeyword(String[] byPassKeywords, String line)
2024-06-17 17:27:52.943 [E] ?::?::Exception message : Length cannot be less than zero.
Parameter name: length
2024-06-17 17:27:52.943 [E] ?::?::Inner Exception : 
2024-06-17 17:27:52.943 [E] ?::?::IsByPassedKeyword method failed 
System.ArgumentOutOfRangeException: Length cannot be less than zero.
Parameter name: length
   at System.String.Substring(Int32 startIndex, Int32 length)
   at HP.GFriend.Core.LibraryUtils.IsByPassedKeyword(String[] byPassKeywords, String line)
2024-06-17 17:27:52.943 [E] ?::?::Exception message : Length cannot be less than zero.
Parameter name: length
2024-06-17 17:27:52.943 [E] ?::?::Inner Exception : 
2024-06-17 17:27:52.943 [E] ?::?::IsByPassedKeyword method failed 
System.ArgumentOutOfRangeException: Length cannot be less than zero.
Parameter name: length
   at System.String.Substring(Int32 startIndex, Int32 length)
   at HP.GFriend.Core.LibraryUtils.IsByPassedKeyword(String[] byPassKeywords, String line)
2024-06-17 17:27:52.943 [E] ?::?::Exception message : Length cannot be less than zero.
Parameter name: length
2024-06-17 17:27:52.943 [E] ?::?::Inner Exception : 
2024-06-17 17:27:52.943 [E] ?::?::IsByPassedKeyword method failed 
System.ArgumentOutOfRangeException: Length cannot be less than zero.
Parameter name: length
   at System.String.Substring(Int32 startIndex, Int32 length)
   at HP.GFriend.Core.LibraryUtils.IsByPassedKeyword(String[] byPassKeywords, String line)
2024-06-17 17:27:52.943 [E] ?::?::Exception message : Length cannot be less than zero.
Parameter name: length
2024-06-17 17:27:52.943 [E] ?::?::Inner Exception : 
2024-06-17 17:27:52.943 [E] ?::?::IsByPassedKeyword method failed 
System.ArgumentOutOfRangeException: Length cannot be less than zero.
Parameter name: length
   at System.String.Substring(Int32 startIndex, Int32 length)
   at HP.GFriend.Core.LibraryUtils.IsByPassedKeyword(String[] byPassKeywords, String line)
2024-06-17 17:27:52.943 [E] ?::?::Exception message : Length cannot be less than zero.
Parameter name: length
2024-06-17 17:27:52.943 [E] ?::?::Inner Exception : 
2024-06-17 17:27:52.943 [E] ?::?::IsByPassedKeyword method failed 
System.ArgumentOutOfRangeException: Length cannot be less than zero.
Parameter name: length
   at System.String.Substring(Int32 startIndex, Int32 length)
   at HP.GFriend.Core.LibraryUtils.IsByPassedKeyword(String[] byPassKeywords, String line)
2024-06-17 17:27:52.943 [E] ?::?::Exception message : Length cannot be less than zero.
Parameter name: length
2024-06-17 17:27:52.943 [E] ?::?::Inner Exception : 
2024-06-17 17:27:52.943 [E] ?::?::IsByPassedKeyword method failed 
System.ArgumentOutOfRangeException: Length cannot be less than zero.
Parameter name: length
   at System.String.Substring(Int32 startIndex, Int32 length)
   at HP.GFriend.Core.LibraryUtils.IsByPassedKeyword(String[] byPassKeywords, String line)
2024-06-17 17:27:52.943 [E] ?::?::Exception message : Length cannot be less than zero.
Parameter name: length
2024-06-17 17:27:52.943 [E] ?::?::Inner Exception : 
2024-06-17 17:27:52.943 [E] ?::?::IsByPassedKeyword method failed 
System.ArgumentOutOfRangeException: Length cannot be less than zero.
Parameter name: length
   at System.String.Substring(Int32 startIndex, Int32 length)
   at HP.GFriend.Core.LibraryUtils.IsByPassedKeyword(String[] byPassKeywords, String line)
2024-06-17 17:27:52.943 [E] ?::?::Exception message : Length cannot be less than zero.
Parameter name: length
2024-06-17 17:27:52.943 [E] ?::?::Inner Exception : 
2024-06-17 17:27:52.943 [E] ?::?::IsByPassedKeyword method failed 
System.ArgumentOutOfRangeException: Length cannot be less than zero.
Parameter name: length
   at System.String.Substring(Int32 startIndex, Int32 length)
   at HP.GFriend.Core.LibraryUtils.IsByPassedKeyword(String[] byPassKeywords, String line)
2024-06-17 17:27:52.943 [E] ?::?::Exception message : Length cannot be less than zero.
Parameter name: length
2024-06-17 17:27:52.943 [E] ?::?::Inner Exception : 
2024-06-17 17:27:52.943 [E] ?::?::IsByPassedKeyword method failed 
System.ArgumentOutOfRangeException: Length cannot be less than zero.
Parameter name: length
   at System.String.Substring(Int32 startIndex, Int32 length)
   at HP.GFriend.Core.LibraryUtils.IsByPassedKeyword(String[] byPassKeywords, String line)
2024-06-17 17:27:52.943 [E] ?::?::Exception message : Length cannot be less than zero.
Parameter name: length
2024-06-17 17:27:52.943 [E] ?::?::Inner Exception : 
2024-06-17 17:27:52.943 [E] ?::?::IsByPassedKeyword method failed 
System.ArgumentOutOfRangeException: Length cannot be less than zero.
Parameter name: length
   at System.String.Substring(Int32 startIndex, Int32 length)
   at HP.GFriend.Core.LibraryUtils.IsByPassedKeyword(String[] byPassKeywords, String line)
2024-06-17 17:27:52.943 [E] ?::?::Exception message : Length cannot be less than zero.
Parameter name: length
2024-06-17 17:27:52.943 [E] ?::?::Inner Exception : 
2024-06-17 17:27:52.943 [E] ?::?::IsByPassedKeyword method failed 
System.ArgumentOutOfRangeException: Length cannot be less than zero.
Parameter name: length
   at System.String.Substring(Int32 startIndex, Int32 length)
   at HP.GFriend.Core.LibraryUtils.IsByPassedKeyword(String[] byPassKeywords, String line)
2024-06-17 17:27:52.943 [E] ?::?::Exception message : Length cannot be less than zero.
Parameter name: length
2024-06-17 17:27:52.943 [E] ?::?::Inner Exception : 
2024-06-17 17:27:52.943 [E] ?::?::IsByPassedKeyword method failed 
System.ArgumentOutOfRangeException: Length cannot be less than zero.
Parameter name: length
   at System.String.Substring(Int32 startIndex, Int32 length)
   at HP.GFriend.Core.LibraryUtils.IsByPassedKeyword(String[] byPassKeywords, String line)
2024-06-17 17:27:52.943 [E] ?::?::Exception message : Length cannot be less than zero.
Parameter name: length
2024-06-17 17:27:52.943 [E] ?::?::Inner Exception : 
2024-06-17 17:27:52.943 [E] ?::?::IsByPassedKeyword method failed 
System.ArgumentOutOfRangeException: Length cannot be less than zero.
Parameter name: length
   at System.String.Substring(Int32 startIndex, Int32 length)
   at HP.GFriend.Core.LibraryUtils.IsByPassedKeyword(String[] byPassKeywords, String line)
2024-06-17 17:27:52.943 [E] ?::?::Exception message : Length cannot be less than zero.
Parameter name: length
2024-06-17 17:27:52.943 [E] ?::?::Inner Exception : 
2024-06-17 17:27:52.943 [E] ?::?::IsByPassedKeyword method failed 
System.ArgumentOutOfRangeException: Length cannot be less than zero.
Parameter name: length
   at System.String.Substring(Int32 startIndex, Int32 length)
   at HP.GFriend.Core.LibraryUtils.IsByPassedKeyword(String[] byPassKeywords, String line)
2024-06-17 17:27:52.943 [E] ?::?::Exception message : Length cannot be less than zero.
Parameter name: length
2024-06-17 17:27:52.943 [E] ?::?::Inner Exception : 
2024-06-17 17:27:52.943 [E] ?::?::IsByPassedKeyword method failed 
System.ArgumentOutOfRangeException: Length cannot be less than zero.
Parameter name: length
   at System.String.Substring(Int32 startIndex, Int32 length)
   at HP.GFriend.Core.LibraryUtils.IsByPassedKeyword(String[] byPassKeywords, String line)
2024-06-17 17:27:52.943 [E] ?::?::Exception message : Length cannot be less than zero.
Parameter name: length
2024-06-17 17:27:52.943 [E] ?::?::Inner Exception : 
2024-06-17 17:27:52.943 [E] ?::?::IsByPassedKeyword method failed 
System.ArgumentOutOfRangeException: Length cannot be less than zero.
Parameter name: length
   at System.String.Substring(Int32 startIndex, Int32 length)
   at HP.GFriend.Core.LibraryUtils.IsByPassedKeyword(String[] byPassKeywords, String line)
2024-06-17 17:27:52.943 [E] ?::?::Exception message : Length cannot be less than zero.
Parameter name: length
2024-06-17 17:27:52.943 [E] ?::?::Inner Exception : 
2024-06-17 17:27:52.943 [E] ?::?::IsByPassedKeyword method failed 
System.ArgumentOutOfRangeException: Length cannot be less than zero.
Parameter name: length
   at System.String.Substring(Int32 startIndex, Int32 length)
   at HP.GFriend.Core.LibraryUtils.IsByPassedKeyword(String[] byPassKeywords, String line)
2024-06-17 17:27:52.943 [E] ?::?::Exception message : Length cannot be less than zero.
Parameter name: length
2024-06-17 17:27:52.943 [E] ?::?::Inner Exception : 
2024-06-17 17:27:52.943 [E] ?::?::IsByPassedKeyword method failed 
System.ArgumentOutOfRangeException: Length cannot be less than zero.
Parameter name: length
   at System.String.Substring(Int32 startIndex, Int32 length)
   at HP.GFriend.Core.LibraryUtils.IsByPassedKeyword(String[] byPassKeywords, String line)
2024-06-17 17:27:52.943 [E] ?::?::Exception message : Length cannot be less than zero.
Parameter name: length
2024-06-17 17:27:52.943 [E] ?::?::Inner Exception : 
2024-06-17 17:27:52.943 [E] ?::?::IsByPassedKeyword method failed 
System.ArgumentOutOfRangeException: Length cannot be less than zero.
Parameter name: length
   at System.String.Substring(Int32 startIndex, Int32 length)
   at HP.GFriend.Core.LibraryUtils.IsByPassedKeyword(String[] byPassKeywords, String line)
2024-06-17 17:27:52.943 [E] ?::?::Exception message : Length cannot be less than zero.
Parameter name: length
2024-06-17 17:27:52.943 [E] ?::?::Inner Exception : 
2024-06-17 17:27:52.943 [E] ?::?::IsByPassedKeyword method failed 
System.ArgumentOutOfRangeException: Length cannot be less than zero.
Parameter name: length
   at System.String.Substring(Int32 startIndex, Int32 length)
   at HP.GFriend.Core.LibraryUtils.IsByPassedKeyword(String[] byPassKeywords, String line)
2024-06-17 17:27:52.943 [E] ?::?::Exception message : Length cannot be less than zero.
Parameter name: length
2024-06-17 17:27:52.943 [E] ?::?::Inner Exception : 
2024-06-17 17:27:52.943 [E] ?::?::IsByPassedKeyword method failed 
System.ArgumentOutOfRangeException: Length cannot be less than zero.
Parameter name: length
   at System.String.Substring(Int32 startIndex, Int32 length)
   at HP.GFriend.Core.LibraryUtils.IsByPassedKeyword(String[] byPassKeywords, String line)
2024-06-17 17:27:52.943 [E] ?::?::Exception message : Length cannot be less than zero.
Parameter name: length
2024-06-17 17:27:52.943 [E] ?::?::Inner Exception : 
2024-06-17 17:27:52.959 [E] ?::?::IsByPassedKeyword method failed 
System.ArgumentOutOfRangeException: Length cannot be less than zero.
Parameter name: length
   at System.String.Substring(Int32 startIndex, Int32 length)
   at HP.GFriend.Core.LibraryUtils.IsByPassedKeyword(String[] byPassKeywords, String line)
2024-06-17 17:27:52.959 [E] ?::?::Exception message : Length cannot be less than zero.
Parameter name: length
2024-06-17 17:27:52.959 [E] ?::?::Inner Exception : 
2024-06-17 17:27:52.959 [E] ?::?::IsByPassedKeyword method failed 
System.ArgumentOutOfRangeException: Length cannot be less than zero.
Parameter name: length
   at System.String.Substring(Int32 startIndex, Int32 length)
   at HP.GFriend.Core.LibraryUtils.IsByPassedKeyword(String[] byPassKeywords, String line)
2024-06-17 17:27:52.959 [E] ?::?::Exception message : Length cannot be less than zero.
Parameter name: length
2024-06-17 17:27:52.959 [E] ?::?::Inner Exception : 
2024-06-17 17:27:52.959 [E] ?::?::IsByPassedKeyword method failed 
System.ArgumentOutOfRangeException: Length cannot be less than zero.
Parameter name: length
   at System.String.Substring(Int32 startIndex, Int32 length)
   at HP.GFriend.Core.LibraryUtils.IsByPassedKeyword(String[] byPassKeywords, String line)
2024-06-17 17:27:52.959 [E] ?::?::Exception message : Length cannot be less than zero.
Parameter name: length
2024-06-17 17:27:52.959 [E] ?::?::Inner Exception : 
2024-06-17 17:27:52.959 [E] ?::?::IsByPassedKeyword method failed 
System.ArgumentOutOfRangeException: Length cannot be less than zero.
Parameter name: length
   at System.String.Substring(Int32 startIndex, Int32 length)
   at HP.GFriend.Core.LibraryUtils.IsByPassedKeyword(String[] byPassKeywords, String line)
2024-06-17 17:27:52.959 [E] ?::?::Exception message : Length cannot be less than zero.
Parameter name: length
2024-06-17 17:27:52.959 [E] ?::?::Inner Exception : 
2024-06-17 17:27:52.959 [E] ?::?::IsByPassedKeyword method failed 
System.ArgumentOutOfRangeException: Length cannot be less than zero.
Parameter name: length
   at System.String.Substring(Int32 startIndex, Int32 length)
   at HP.GFriend.Core.LibraryUtils.IsByPassedKeyword(String[] byPassKeywords, String line)
2024-06-17 17:27:52.959 [E] ?::?::Exception message : Length cannot be less than zero.
Parameter name: length
2024-06-17 17:27:52.959 [E] ?::?::Inner Exception : 
2024-06-17 17:27:52.959 [E] ?::?::IsByPassedKeyword method failed 
System.ArgumentOutOfRangeException: Length cannot be less than zero.
Parameter name: length
   at System.String.Substring(Int32 startIndex, Int32 length)
   at HP.GFriend.Core.LibraryUtils.IsByPassedKeyword(String[] byPassKeywords, String line)
2024-06-17 17:27:52.959 [E] ?::?::Exception message : Length cannot be less than zero.
Parameter name: length
2024-06-17 17:27:52.959 [E] ?::?::Inner Exception : 
2024-06-17 17:27:52.959 [E] ?::?::IsByPassedKeyword method failed 
System.ArgumentOutOfRangeException: Length cannot be less than zero.
Parameter name: length
   at System.String.Substring(Int32 startIndex, Int32 length)
   at HP.GFriend.Core.LibraryUtils.IsByPassedKeyword(String[] byPassKeywords, String line)
2024-06-17 17:27:52.959 [E] ?::?::Exception message : Length cannot be less than zero.
Parameter name: length
2024-06-17 17:27:52.959 [E] ?::?::Inner Exception : 
2024-06-17 17:27:52.959 [E] ?::?::IsByPassedKeyword method failed 
System.ArgumentOutOfRangeException: Length cannot be less than zero.
Parameter name: length
   at System.String.Substring(Int32 startIndex, Int32 length)
   at HP.GFriend.Core.LibraryUtils.IsByPassedKeyword(String[] byPassKeywords, String line)
2024-06-17 17:27:52.959 [E] ?::?::Exception message : Length cannot be less than zero.
Parameter name: length
2024-06-17 17:27:52.959 [E] ?::?::Inner Exception : 
2024-06-17 17:27:52.959 [E] ?::?::IsByPassedKeyword method failed 
System.ArgumentOutOfRangeException: Length cannot be less than zero.
Parameter name: length
   at System.String.Substring(Int32 startIndex, Int32 length)
   at HP.GFriend.Core.LibraryUtils.IsByPassedKeyword(String[] byPassKeywords, String line)
2024-06-17 17:27:52.959 [E] ?::?::Exception message : Length cannot be less than zero.
Parameter name: length
2024-06-17 17:27:52.959 [E] ?::?::Inner Exception : 
2024-06-17 17:27:52.959 [E] ?::?::IsByPassedKeyword method failed 
System.ArgumentOutOfRangeException: Length cannot be less than zero.
Parameter name: length
   at System.String.Substring(Int32 startIndex, Int32 length)
   at HP.GFriend.Core.LibraryUtils.IsByPassedKeyword(String[] byPassKeywords, String line)
2024-06-17 17:27:52.959 [E] ?::?::Exception message : Length cannot be less than zero.
Parameter name: length
2024-06-17 17:27:52.959 [E] ?::?::Inner Exception : 
2024-06-17 17:27:52.959 [E] ?::?::IsByPassedKeyword method failed 
System.ArgumentOutOfRangeException: Length cannot be less than zero.
Parameter name: length
   at System.String.Substring(Int32 startIndex, Int32 length)
   at HP.GFriend.Core.LibraryUtils.IsByPassedKeyword(String[] byPassKeywords, String line)
2024-06-17 17:27:52.959 [E] ?::?::Exception message : Length cannot be less than zero.
Parameter name: length
2024-06-17 17:27:52.959 [E] ?::?::Inner Exception : 
2024-06-17 17:27:52.959 [E] ?::?::IsByPassedKeyword method failed 
System.ArgumentOutOfRangeException: Length cannot be less than zero.
Parameter name: length
   at System.String.Substring(Int32 startIndex, Int32 length)
   at HP.GFriend.Core.LibraryUtils.IsByPassedKeyword(String[] byPassKeywords, String line)
2024-06-17 17:27:52.959 [E] ?::?::Exception message : Length cannot be less than zero.
Parameter name: length
2024-06-17 17:27:52.959 [E] ?::?::Inner Exception : 
2024-06-17 17:27:52.959 [E] ?::?::IsByPassedKeyword method failed 
System.ArgumentOutOfRangeException: Length cannot be less than zero.
Parameter name: length
   at System.String.Substring(Int32 startIndex, Int32 length)
   at HP.GFriend.Core.LibraryUtils.IsByPassedKeyword(String[] byPassKeywords, String line)
2024-06-17 17:27:52.959 [E] ?::?::Exception message : Length cannot be less than zero.
Parameter name: length
2024-06-17 17:27:52.959 [E] ?::?::Inner Exception : 
2024-06-17 17:27:52.959 [E] ?::?::IsByPassedKeyword method failed 
System.ArgumentOutOfRangeException: Length cannot be less than zero.
Parameter name: length
   at System.String.Substring(Int32 startIndex, Int32 length)
   at HP.GFriend.Core.LibraryUtils.IsByPassedKeyword(String[] byPassKeywords, String line)
2024-06-17 17:27:52.959 [E] ?::?::Exception message : Length cannot be less than zero.
Parameter name: length
2024-06-17 17:27:52.959 [E] ?::?::Inner Exception : 
2024-06-17 17:27:52.959 [E] ?::?::IsByPassedKeyword method failed 
System.ArgumentOutOfRangeException: Length cannot be less than zero.
Parameter name: length
   at System.String.Substring(Int32 startIndex, Int32 length)
   at HP.GFriend.Core.LibraryUtils.IsByPassedKeyword(String[] byPassKeywords, String line)
2024-06-17 17:27:52.959 [E] ?::?::Exception message : Length cannot be less than zero.
Parameter name: length
2024-06-17 17:27:52.959 [E] ?::?::Inner Exception : 
2024-06-17 17:27:52.959 [E] ?::?::IsByPassedKeyword method failed 
System.ArgumentOutOfRangeException: Length cannot be less than zero.
Parameter name: length
   at System.String.Substring(Int32 startIndex, Int32 length)
   at HP.GFriend.Core.LibraryUtils.IsByPassedKeyword(String[] byPassKeywords, String line)
2024-06-17 17:27:52.959 [E] ?::?::Exception message : Length cannot be less than zero.
Parameter name: length
2024-06-17 17:27:52.959 [E] ?::?::Inner Exception : 
2024-06-17 17:27:52.959 [E] ?::?::IsByPassedKeyword method failed 
System.ArgumentOutOfRangeException: Length cannot be less than zero.
Parameter name: length
   at System.String.Substring(Int32 startIndex, Int32 length)
   at HP.GFriend.Core.LibraryUtils.IsByPassedKeyword(String[] byPassKeywords, String line)
2024-06-17 17:27:52.959 [E] ?::?::Exception message : Length cannot be less than zero.
Parameter name: length
2024-06-17 17:27:52.959 [E] ?::?::Inner Exception : 
2024-06-17 17:27:52.959 [E] ?::?::IsByPassedKeyword method failed 
System.ArgumentOutOfRangeException: Length cannot be less than zero.
Parameter name: length
   at System.String.Substring(Int32 startIndex, Int32 length)
   at HP.GFriend.Core.LibraryUtils.IsByPassedKeyword(String[] byPassKeywords, String line)
2024-06-17 17:27:52.959 [E] ?::?::Exception message : Length cannot be less than zero.
Parameter name: length
2024-06-17 17:27:52.959 [E] ?::?::Inner Exception : 
2024-06-17 17:27:52.959 [E] ?::?::IsByPassedKeyword method failed 
System.ArgumentOutOfRangeException: Length cannot be less than zero.
Parameter name: length
   at System.String.Substring(Int32 startIndex, Int32 length)
   at HP.GFriend.Core.LibraryUtils.IsByPassedKeyword(String[] byPassKeywords, String line)
2024-06-17 17:27:52.959 [E] ?::?::Exception message : Length cannot be less than zero.
Parameter name: length
2024-06-17 17:27:52.959 [E] ?::?::Inner Exception : 
2024-06-17 17:27:52.959 [E] ?::?::IsByPassedKeyword method failed 
System.ArgumentOutOfRangeException: Length cannot be less than zero.
Parameter name: length
   at System.String.Substring(Int32 startIndex, Int32 length)
   at HP.GFriend.Core.LibraryUtils.IsByPassedKeyword(String[] byPassKeywords, String line)
2024-06-17 17:27:52.959 [E] ?::?::Exception message : Length cannot be less than zero.
Parameter name: length
2024-06-17 17:27:52.959 [E] ?::?::Inner Exception : 
2024-06-17 17:27:52.959 [E] ?::?::IsByPassedKeyword method failed 
System.ArgumentOutOfRangeException: Length cannot be less than zero.
Parameter name: length
   at System.String.Substring(Int32 startIndex, Int32 length)
   at HP.GFriend.Core.LibraryUtils.IsByPassedKeyword(String[] byPassKeywords, String line)
2024-06-17 17:27:52.959 [E] ?::?::Exception message : Length cannot be less than zero.
Parameter name: length
2024-06-17 17:27:52.959 [E] ?::?::Inner Exception : 
2024-06-17 17:27:52.959 [E] ?::?::IsByPassedKeyword method failed 
System.ArgumentOutOfRangeException: Length cannot be less than zero.
Parameter name: length
   at System.String.Substring(Int32 startIndex, Int32 length)
   at HP.GFriend.Core.LibraryUtils.IsByPassedKeyword(String[] byPassKeywords, String line)
2024-06-17 17:27:52.959 [E] ?::?::Exception message : Length cannot be less than zero.
Parameter name: length
2024-06-17 17:27:52.959 [E] ?::?::Inner Exception : 
2024-06-17 17:27:52.959 [E] ?::?::IsByPassedKeyword method failed 
System.ArgumentOutOfRangeException: Length cannot be less than zero.
Parameter name: length
   at System.String.Substring(Int32 startIndex, Int32 length)
   at HP.GFriend.Core.LibraryUtils.IsByPassedKeyword(String[] byPassKeywords, String line)
2024-06-17 17:27:52.959 [E] ?::?::Exception message : Length cannot be less than zero.
Parameter name: length
2024-06-17 17:27:52.959 [E] ?::?::Inner Exception : 
2024-06-17 17:27:52.959 [E] ?::?::IsByPassedKeyword method failed 
System.ArgumentOutOfRangeException: Length cannot be less than zero.
Parameter name: length
   at System.String.Substring(Int32 startIndex, Int32 length)
   at HP.GFriend.Core.LibraryUtils.IsByPassedKeyword(String[] byPassKeywords, String line)
2024-06-17 17:27:52.959 [E] ?::?::Exception message : Length cannot be less than zero.
Parameter name: length
2024-06-17 17:27:52.959 [E] ?::?::Inner Exception : 
2024-06-17 17:27:52.959 [E] ?::?::IsByPassedKeyword method failed 
System.ArgumentOutOfRangeException: Length cannot be less than zero.
Parameter name: length
   at System.String.Substring(Int32 startIndex, Int32 length)
   at HP.GFriend.Core.LibraryUtils.IsByPassedKeyword(String[] byPassKeywords, String line)
2024-06-17 17:27:52.959 [E] ?::?::Exception message : Length cannot be less than zero.
Parameter name: length
2024-06-17 17:27:52.959 [E] ?::?::Inner Exception : 
2024-06-17 17:27:52.959 [E] ?::?::IsByPassedKeyword method failed 
System.ArgumentOutOfRangeException: Length cannot be less than zero.
Parameter name: length
   at System.String.Substring(Int32 startIndex, Int32 length)
   at HP.GFriend.Core.LibraryUtils.IsByPassedKeyword(String[] byPassKeywords, String line)
2024-06-17 17:27:52.959 [E] ?::?::Exception message : Length cannot be less than zero.
Parameter name: length
2024-06-17 17:27:52.959 [E] ?::?::Inner Exception : 
2024-06-17 17:27:52.959 [E] ?::?::IsByPassedKeyword method failed 
System.ArgumentOutOfRangeException: Length cannot be less than zero.
Parameter name: length
   at System.String.Substring(Int32 startIndex, Int32 length)
   at HP.GFriend.Core.LibraryUtils.IsByPassedKeyword(String[] byPassKeywords, String line)
2024-06-17 17:27:52.959 [E] ?::?::Exception message : Length cannot be less than zero.
Parameter name: length
2024-06-17 17:27:52.959 [E] ?::?::Inner Exception : 
2024-06-17 17:27:52.959 [E] ?::?::IsByPassedKeyword method failed 
System.ArgumentOutOfRangeException: Length cannot be less than zero.
Parameter name: length
   at System.String.Substring(Int32 startIndex, Int32 length)
   at HP.GFriend.Core.LibraryUtils.IsByPassedKeyword(String[] byPassKeywords, String line)
2024-06-17 17:27:52.959 [E] ?::?::Exception message : Length cannot be less than zero.
Parameter name: length
2024-06-17 17:27:52.959 [E] ?::?::Inner Exception : 
2024-06-17 17:27:52.959 [E] ?::?::IsByPassedKeyword method failed 
System.ArgumentOutOfRangeException: Length cannot be less than zero.
Parameter name: length
   at System.String.Substring(Int32 startIndex, Int32 length)
   at HP.GFriend.Core.LibraryUtils.IsByPassedKeyword(String[] byPassKeywords, String line)
2024-06-17 17:27:52.959 [E] ?::?::Exception message : Length cannot be less than zero.
Parameter name: length
2024-06-17 17:27:52.959 [E] ?::?::Inner Exception : 
2024-06-17 17:27:52.974 [E] ?::?::IsByPassedKeyword method failed 
System.ArgumentOutOfRangeException: Length cannot be less than zero.
Parameter name: length
   at System.String.Substring(Int32 startIndex, Int32 length)
   at HP.GFriend.Core.LibraryUtils.IsByPassedKeyword(String[] byPassKeywords, String line)
2024-06-17 17:27:52.974 [E] ?::?::Exception message : Length cannot be less than zero.
Parameter name: length
2024-06-17 17:27:52.974 [E] ?::?::Inner Exception : 
2024-06-17 17:27:52.974 [E] ?::?::IsByPassedKeyword method failed 
System.ArgumentOutOfRangeException: Length cannot be less than zero.
Parameter name: length
   at System.String.Substring(Int32 startIndex, Int32 length)
   at HP.GFriend.Core.LibraryUtils.IsByPassedKeyword(String[] byPassKeywords, String line)
2024-06-17 17:27:52.974 [E] ?::?::Exception message : Length cannot be less than zero.
Parameter name: length
2024-06-17 17:27:52.974 [E] ?::?::Inner Exception : 
2024-06-17 17:28:17.480 [T] ?::?::Parsing done
2024-06-17 17:28:17.480 [T] ?::?::Destination_Selection_Application is crated
2024-06-17 17:28:17.480 [T] ?::?::Creating custom library with C:\GFriend_PotG\scripts\Acual Script\Acual Script\Used_Destination_Selection_Function.gflib
2024-06-17 17:28:17.480 [T] ?::?::GFriend version : 2.55.1.1
2024-06-17 17:28:17.480 [T] ?::?::Parsing start
2024-06-17 17:28:17.480 [T] ?::?::Parsing Variable File : C:\GFriend_PotG\scripts\Acual Script\Acual Script\Testfile.gfvar
2024-06-17 17:28:17.480 [D] ?::?::Post Action
2024-06-17 17:28:17.480 [T] ?::?::All Used Libraries::C:\GFriend_PotG\scripts\Acual Script\Acual Script\Used_Destination_Selection_Function.gflib
2024-06-17 17:28:17.480 [T] ?::?::Device ID : __NO__DUT__
2024-06-17 17:28:17.480 [T] ?::?::BuiltIn is used BuiltIn
2024-06-17 17:28:17.480 [T] ?::?::Windows is used Windows
2024-06-17 17:28:17.480 [T] ?::?::Device ID : __DEFUALT__DUT__
2024-06-17 17:28:17.480 [T] ?::?::Hallasan is used Hallasan
2024-06-17 17:28:17.480 [E] ?::?::IsByPassedKeyword method failed 
System.ArgumentOutOfRangeException: Length cannot be less than zero.
Parameter name: length
   at System.String.Substring(Int32 startIndex, Int32 length)
   at HP.GFriend.Core.LibraryUtils.IsByPassedKeyword(String[] byPassKeywords, String line)
2024-06-17 17:28:17.480 [E] ?::?::Exception message : Length cannot be less than zero.
Parameter name: length
2024-06-17 17:28:17.480 [E] ?::?::Inner Exception : 
2024-06-17 17:28:17.480 [E] ?::?::IsByPassedKeyword method failed 
System.ArgumentOutOfRangeException: Length cannot be less than zero.
Parameter name: length
   at System.String.Substring(Int32 startIndex, Int32 length)
   at HP.GFriend.Core.LibraryUtils.IsByPassedKeyword(String[] byPassKeywords, String line)
2024-06-17 17:28:17.480 [E] ?::?::Exception message : Length cannot be less than zero.
Parameter name: length
2024-06-17 17:28:17.480 [E] ?::?::Inner Exception : 
2024-06-17 17:28:17.480 [E] ?::?::IsByPassedKeyword method failed 
System.ArgumentOutOfRangeException: Length cannot be less than zero.
Parameter name: length
   at System.String.Substring(Int32 startIndex, Int32 length)
   at HP.GFriend.Core.LibraryUtils.IsByPassedKeyword(String[] byPassKeywords, String line)
2024-06-17 17:28:17.480 [E] ?::?::Exception message : Length cannot be less than zero.
Parameter name: length
2024-06-17 17:28:17.480 [E] ?::?::Inner Exception : 
2024-06-17 17:28:17.480 [E] ?::?::IsByPassedKeyword method failed 
System.ArgumentOutOfRangeException: Length cannot be less than zero.
Parameter name: length
   at System.String.Substring(Int32 startIndex, Int32 length)
   at HP.GFriend.Core.LibraryUtils.IsByPassedKeyword(String[] byPassKeywords, String line)
2024-06-17 17:28:17.480 [E] ?::?::Exception message : Length cannot be less than zero.
Parameter name: length
2024-06-17 17:28:17.480 [E] ?::?::Inner Exception : 
2024-06-17 17:28:17.480 [E] ?::?::IsByPassedKeyword method failed 
System.ArgumentOutOfRangeException: Length cannot be less than zero.
Parameter name: length
   at System.String.Substring(Int32 startIndex, Int32 length)
   at HP.GFriend.Core.LibraryUtils.IsByPassedKeyword(String[] byPassKeywords, String line)
2024-06-17 17:28:17.480 [E] ?::?::Exception message : Length cannot be less than zero.
Parameter name: length
2024-06-17 17:28:17.480 [E] ?::?::Inner Exception : 
2024-06-17 17:28:17.480 [E] ?::?::IsByPassedKeyword method failed 
System.ArgumentOutOfRangeException: Length cannot be less than zero.
Parameter name: length
   at System.String.Substring(Int32 startIndex, Int32 length)
   at HP.GFriend.Core.LibraryUtils.IsByPassedKeyword(String[] byPassKeywords, String line)
2024-06-17 17:28:17.480 [E] ?::?::Exception message : Length cannot be less than zero.
Parameter name: length
2024-06-17 17:28:17.480 [E] ?::?::Inner Exception : 
2024-06-17 17:28:17.480 [E] ?::?::IsByPassedKeyword method failed 
System.ArgumentOutOfRangeException: Length cannot be less than zero.
Parameter name: length
   at System.String.Substring(Int32 startIndex, Int32 length)
   at HP.GFriend.Core.LibraryUtils.IsByPassedKeyword(String[] byPassKeywords, String line)
2024-06-17 17:28:17.480 [E] ?::?::Exception message : Length cannot be less than zero.
Parameter name: length
2024-06-17 17:28:17.480 [E] ?::?::Inner Exception : 
2024-06-17 17:28:17.480 [E] ?::?::IsByPassedKeyword method failed 
System.ArgumentOutOfRangeException: Length cannot be less than zero.
Parameter name: length
   at System.String.Substring(Int32 startIndex, Int32 length)
   at HP.GFriend.Core.LibraryUtils.IsByPassedKeyword(String[] byPassKeywords, String line)
2024-06-17 17:28:17.480 [E] ?::?::Exception message : Length cannot be less than zero.
Parameter name: length
2024-06-17 17:28:17.480 [E] ?::?::Inner Exception : 
2024-06-17 17:28:17.480 [E] ?::?::IsByPassedKeyword method failed 
System.ArgumentOutOfRangeException: Length cannot be less than zero.
Parameter name: length
   at System.String.Substring(Int32 startIndex, Int32 length)
   at HP.GFriend.Core.LibraryUtils.IsByPassedKeyword(String[] byPassKeywords, String line)
2024-06-17 17:28:17.480 [E] ?::?::Exception message : Length cannot be less than zero.
Parameter name: length
2024-06-17 17:28:17.480 [E] ?::?::Inner Exception : 
2024-06-17 17:28:17.480 [E] ?::?::IsByPassedKeyword method failed 
System.ArgumentOutOfRangeException: Length cannot be less than zero.
Parameter name: length
   at System.String.Substring(Int32 startIndex, Int32 length)
   at HP.GFriend.Core.LibraryUtils.IsByPassedKeyword(String[] byPassKeywords, String line)
2024-06-17 17:28:17.480 [E] ?::?::Exception message : Length cannot be less than zero.
Parameter name: length
2024-06-17 17:28:17.480 [E] ?::?::Inner Exception : 
2024-06-17 17:28:17.480 [E] ?::?::IsByPassedKeyword method failed 
System.ArgumentOutOfRangeException: Length cannot be less than zero.
Parameter name: length
   at System.String.Substring(Int32 startIndex, Int32 length)
   at HP.GFriend.Core.LibraryUtils.IsByPassedKeyword(String[] byPassKeywords, String line)
2024-06-17 17:28:17.480 [E] ?::?::Exception message : Length cannot be less than zero.
Parameter name: length
2024-06-17 17:28:17.480 [E] ?::?::Inner Exception : 
2024-06-17 17:28:17.480 [E] ?::?::IsByPassedKeyword method failed 
System.ArgumentOutOfRangeException: Length cannot be less than zero.
Parameter name: length
   at System.String.Substring(Int32 startIndex, Int32 length)
   at HP.GFriend.Core.LibraryUtils.IsByPassedKeyword(String[] byPassKeywords, String line)
2024-06-17 17:28:17.480 [E] ?::?::Exception message : Length cannot be less than zero.
Parameter name: length
2024-06-17 17:28:17.480 [E] ?::?::Inner Exception : 
2024-06-17 17:28:17.480 [E] ?::?::IsByPassedKeyword method failed 
System.ArgumentOutOfRangeException: Length cannot be less than zero.
Parameter name: length
   at System.String.Substring(Int32 startIndex, Int32 length)
   at HP.GFriend.Core.LibraryUtils.IsByPassedKeyword(String[] byPassKeywords, String line)
2024-06-17 17:28:17.480 [E] ?::?::Exception message : Length cannot be less than zero.
Parameter name: length
2024-06-17 17:28:17.480 [E] ?::?::Inner Exception : 
2024-06-17 17:28:17.480 [E] ?::?::IsByPassedKeyword method failed 
System.ArgumentOutOfRangeException: Length cannot be less than zero.
Parameter name: length
   at System.String.Substring(Int32 startIndex, Int32 length)
   at HP.GFriend.Core.LibraryUtils.IsByPassedKeyword(String[] byPassKeywords, String line)
2024-06-17 17:28:17.480 [E] ?::?::Exception message : Length cannot be less than zero.
Parameter name: length
2024-06-17 17:28:17.480 [E] ?::?::Inner Exception : 
2024-06-17 17:28:17.480 [E] ?::?::IsByPassedKeyword method failed 
System.ArgumentOutOfRangeException: Length cannot be less than zero.
Parameter name: length
   at System.String.Substring(Int32 startIndex, Int32 length)
   at HP.GFriend.Core.LibraryUtils.IsByPassedKeyword(String[] byPassKeywords, String line)
2024-06-17 17:28:17.480 [E] ?::?::Exception message : Length cannot be less than zero.
Parameter name: length
2024-06-17 17:28:17.480 [E] ?::?::Inner Exception : 
2024-06-17 17:28:17.480 [E] ?::?::IsByPassedKeyword method failed 
System.ArgumentOutOfRangeException: Length cannot be less than zero.
Parameter name: length
   at System.String.Substring(Int32 startIndex, Int32 length)
   at HP.GFriend.Core.LibraryUtils.IsByPassedKeyword(String[] byPassKeywords, String line)
2024-06-17 17:28:17.480 [E] ?::?::Exception message : Length cannot be less than zero.
Parameter name: length
2024-06-17 17:28:17.480 [E] ?::?::Inner Exception : 
2024-06-17 17:28:17.480 [E] ?::?::IsByPassedKeyword method failed 
System.ArgumentOutOfRangeException: Length cannot be less than zero.
Parameter name: length
   at System.String.Substring(Int32 startIndex, Int32 length)
   at HP.GFriend.Core.LibraryUtils.IsByPassedKeyword(String[] byPassKeywords, String line)
2024-06-17 17:28:17.480 [E] ?::?::Exception message : Length cannot be less than zero.
Parameter name: length
2024-06-17 17:28:17.480 [E] ?::?::Inner Exception : 
2024-06-17 17:28:17.480 [E] ?::?::IsByPassedKeyword method failed 
System.ArgumentOutOfRangeException: Length cannot be less than zero.
Parameter name: length
   at System.String.Substring(Int32 startIndex, Int32 length)
   at HP.GFriend.Core.LibraryUtils.IsByPassedKeyword(String[] byPassKeywords, String line)
2024-06-17 17:28:17.480 [E] ?::?::Exception message : Length cannot be less than zero.
Parameter name: length
2024-06-17 17:28:17.480 [E] ?::?::Inner Exception : 
2024-06-17 17:28:17.480 [E] ?::?::IsByPassedKeyword method failed 
System.ArgumentOutOfRangeException: Length cannot be less than zero.
Parameter name: length
   at System.String.Substring(Int32 startIndex, Int32 length)
   at HP.GFriend.Core.LibraryUtils.IsByPassedKeyword(String[] byPassKeywords, String line)
2024-06-17 17:28:17.480 [E] ?::?::Exception message : Length cannot be less than zero.
Parameter name: length
2024-06-17 17:28:17.480 [E] ?::?::Inner Exception : 
2024-06-17 17:28:17.480 [E] ?::?::IsByPassedKeyword method failed 
System.ArgumentOutOfRangeException: Length cannot be less than zero.
Parameter name: length
   at System.String.Substring(Int32 startIndex, Int32 length)
   at HP.GFriend.Core.LibraryUtils.IsByPassedKeyword(String[] byPassKeywords, String line)
2024-06-17 17:28:17.480 [E] ?::?::Exception message : Length cannot be less than zero.
Parameter name: length
2024-06-17 17:28:17.480 [E] ?::?::Inner Exception : 
2024-06-17 17:28:17.480 [E] ?::?::IsByPassedKeyword method failed 
System.ArgumentOutOfRangeException: Length cannot be less than zero.
Parameter name: length
   at System.String.Substring(Int32 startIndex, Int32 length)
   at HP.GFriend.Core.LibraryUtils.IsByPassedKeyword(String[] byPassKeywords, String line)
2024-06-17 17:28:17.480 [E] ?::?::Exception message : Length cannot be less than zero.
Parameter name: length
2024-06-17 17:28:17.480 [E] ?::?::Inner Exception : 
2024-06-17 17:28:17.480 [E] ?::?::IsByPassedKeyword method failed 
System.ArgumentOutOfRangeException: Length cannot be less than zero.
Parameter name: length
   at System.String.Substring(Int32 startIndex, Int32 length)
   at HP.GFriend.Core.LibraryUtils.IsByPassedKeyword(String[] byPassKeywords, String line)
2024-06-17 17:28:17.480 [E] ?::?::Exception message : Length cannot be less than zero.
Parameter name: length
2024-06-17 17:28:17.480 [E] ?::?::Inner Exception : 
2024-06-17 17:28:17.480 [E] ?::?::IsByPassedKeyword method failed 
System.ArgumentOutOfRangeException: Length cannot be less than zero.
Parameter name: length
   at System.String.Substring(Int32 startIndex, Int32 length)
   at HP.GFriend.Core.LibraryUtils.IsByPassedKeyword(String[] byPassKeywords, String line)
2024-06-17 17:28:17.480 [E] ?::?::Exception message : Length cannot be less than zero.
Parameter name: length
2024-06-17 17:28:17.480 [E] ?::?::Inner Exception : 
2024-06-17 17:28:17.480 [E] ?::?::IsByPassedKeyword method failed 
System.ArgumentOutOfRangeException: Length cannot be less than zero.
Parameter name: length
   at System.String.Substring(Int32 startIndex, Int32 length)
   at HP.GFriend.Core.LibraryUtils.IsByPassedKeyword(String[] byPassKeywords, String line)
2024-06-17 17:28:17.480 [E] ?::?::Exception message : Length cannot be less than zero.
Parameter name: length
2024-06-17 17:28:17.480 [E] ?::?::Inner Exception : 
2024-06-17 17:28:17.480 [E] ?::?::IsByPassedKeyword method failed 
System.ArgumentOutOfRangeException: Length cannot be less than zero.
Parameter name: length
   at System.String.Substring(Int32 startIndex, Int32 length)
   at HP.GFriend.Core.LibraryUtils.IsByPassedKeyword(String[] byPassKeywords, String line)
2024-06-17 17:28:17.480 [E] ?::?::Exception message : Length cannot be less than zero.
Parameter name: length
2024-06-17 17:28:17.480 [E] ?::?::Inner Exception : 
2024-06-17 17:28:17.480 [E] ?::?::IsByPassedKeyword method failed 
System.ArgumentOutOfRangeException: Length cannot be less than zero.
Parameter name: length
   at System.String.Substring(Int32 startIndex, Int32 length)
   at HP.GFriend.Core.LibraryUtils.IsByPassedKeyword(String[] byPassKeywords, String line)
2024-06-17 17:28:17.480 [E] ?::?::Exception message : Length cannot be less than zero.
Parameter name: length
2024-06-17 17:28:17.480 [E] ?::?::Inner Exception : 
2024-06-17 17:28:17.480 [E] ?::?::IsByPassedKeyword method failed 
System.ArgumentOutOfRangeException: Length cannot be less than zero.
Parameter name: length
   at System.String.Substring(Int32 startIndex, Int32 length)
   at HP.GFriend.Core.LibraryUtils.IsByPassedKeyword(String[] byPassKeywords, String line)
2024-06-17 17:28:17.480 [E] ?::?::Exception message : Length cannot be less than zero.
Parameter name: length
2024-06-17 17:28:17.480 [E] ?::?::Inner Exception : 
2024-06-17 17:28:17.480 [E] ?::?::IsByPassedKeyword method failed 
System.ArgumentOutOfRangeException: Length cannot be less than zero.
Parameter name: length
   at System.String.Substring(Int32 startIndex, Int32 length)
   at HP.GFriend.Core.LibraryUtils.IsByPassedKeyword(String[] byPassKeywords, String line)
2024-06-17 17:28:17.480 [E] ?::?::Exception message : Length cannot be less than zero.
Parameter name: length
2024-06-17 17:28:17.480 [E] ?::?::Inner Exception : 
2024-06-17 17:28:17.480 [E] ?::?::IsByPassedKeyword method failed 
System.ArgumentOutOfRangeException: Length cannot be less than zero.
Parameter name: length
   at System.String.Substring(Int32 startIndex, Int32 length)
   at HP.GFriend.Core.LibraryUtils.IsByPassedKeyword(String[] byPassKeywords, String line)
2024-06-17 17:28:17.480 [E] ?::?::Exception message : Length cannot be less than zero.
Parameter name: length
2024-06-17 17:28:17.480 [E] ?::?::Inner Exception : 
2024-06-17 17:28:17.480 [E] ?::?::IsByPassedKeyword method failed 
System.ArgumentOutOfRangeException: Length cannot be less than zero.
Parameter name: length
   at System.String.Substring(Int32 startIndex, Int32 length)
   at HP.GFriend.Core.LibraryUtils.IsByPassedKeyword(String[] byPassKeywords, String line)
2024-06-17 17:28:17.480 [E] ?::?::Exception message : Length cannot be less than zero.
Parameter name: length
2024-06-17 17:28:17.480 [E] ?::?::Inner Exception : 
2024-06-17 17:28:17.480 [E] ?::?::IsByPassedKeyword method failed 
System.ArgumentOutOfRangeException: Length cannot be less than zero.
Parameter name: length
   at System.String.Substring(Int32 startIndex, Int32 length)
   at HP.GFriend.Core.LibraryUtils.IsByPassedKeyword(String[] byPassKeywords, String line)
2024-06-17 17:28:17.480 [E] ?::?::Exception message : Length cannot be less than zero.
Parameter name: length
2024-06-17 17:28:17.480 [E] ?::?::Inner Exception : 
2024-06-17 17:28:17.480 [E] ?::?::IsByPassedKeyword method failed 
System.ArgumentOutOfRangeException: Length cannot be less than zero.
Parameter name: length
   at System.String.Substring(Int32 startIndex, Int32 length)
   at HP.GFriend.Core.LibraryUtils.IsByPassedKeyword(String[] byPassKeywords, String line)
2024-06-17 17:28:17.480 [E] ?::?::Exception message : Length cannot be less than zero.
Parameter name: length
2024-06-17 17:28:17.480 [E] ?::?::Inner Exception : 
2024-06-17 17:28:17.480 [E] ?::?::IsByPassedKeyword method failed 
System.ArgumentOutOfRangeException: Length cannot be less than zero.
Parameter name: length
   at System.String.Substring(Int32 startIndex, Int32 length)
   at HP.GFriend.Core.LibraryUtils.IsByPassedKeyword(String[] byPassKeywords, String line)
2024-06-17 17:28:17.480 [E] ?::?::Exception message : Length cannot be less than zero.
Parameter name: length
2024-06-17 17:28:17.480 [E] ?::?::Inner Exception : 
2024-06-17 17:28:17.480 [E] ?::?::IsByPassedKeyword method failed 
System.ArgumentOutOfRangeException: Length cannot be less than zero.
Parameter name: length
   at System.String.Substring(Int32 startIndex, Int32 length)
   at HP.GFriend.Core.LibraryUtils.IsByPassedKeyword(String[] byPassKeywords, String line)
2024-06-17 17:28:17.480 [E] ?::?::Exception message : Length cannot be less than zero.
Parameter name: length
2024-06-17 17:28:17.480 [E] ?::?::Inner Exception : 
2024-06-17 17:28:17.480 [E] ?::?::IsByPassedKeyword method failed 
System.ArgumentOutOfRangeException: Length cannot be less than zero.
Parameter name: length
   at System.String.Substring(Int32 startIndex, Int32 length)
   at HP.GFriend.Core.LibraryUtils.IsByPassedKeyword(String[] byPassKeywords, String line)
2024-06-17 17:28:17.480 [E] ?::?::Exception message : Length cannot be less than zero.
Parameter name: length
2024-06-17 17:28:17.480 [E] ?::?::Inner Exception : 
2024-06-17 17:28:17.496 [T] ?::?::Parsing done
2024-06-17 17:28:17.496 [T] ?::?::Used_Destination_Selection_Function is crated
2024-06-17 17:28:17.496 [T] ?::?::Creating custom library with C:\GFriend_PotG\scripts\Acual Script\Acual Script\Click_Print_Button.gflib
2024-06-17 17:28:17.496 [T] ?::?::GFriend version : 2.55.1.1
2024-06-17 17:28:17.496 [T] ?::?::Parsing start
2024-06-17 17:28:17.496 [T] ?::?::Parsing Variable File : C:\GFriend_PotG\scripts\Acual Script\Acual Script\Testfile.gfvar
2024-06-17 17:28:17.496 [D] ?::?::Post Action
2024-06-17 17:28:17.496 [T] ?::?::All Used Libraries::C:\GFriend_PotG\scripts\Acual Script\Acual Script\Click_Print_Button.gflib
2024-06-17 17:28:17.496 [T] ?::?::Device ID : __NO__DUT__
2024-06-17 17:28:17.496 [T] ?::?::BuiltIn is used BuiltIn
2024-06-17 17:28:17.496 [T] ?::?::Windows is used Windows
2024-06-17 17:28:17.496 [T] ?::?::Device ID : __DEFUALT__DUT__
2024-06-17 17:28:17.496 [T] ?::?::Hallasan is used Hallasan
2024-06-17 17:28:17.496 [E] ?::?::IsByPassedKeyword method failed 
System.ArgumentOutOfRangeException: Length cannot be less than zero.
Parameter name: length
   at System.String.Substring(Int32 startIndex, Int32 length)
   at HP.GFriend.Core.LibraryUtils.IsByPassedKeyword(String[] byPassKeywords, String line)
2024-06-17 17:28:17.496 [E] ?::?::Exception message : Length cannot be less than zero.
Parameter name: length
2024-06-17 17:28:17.496 [E] ?::?::Inner Exception : 
2024-06-17 17:28:17.496 [E] ?::?::IsByPassedKeyword method failed 
System.ArgumentOutOfRangeException: Length cannot be less than zero.
Parameter name: length
   at System.String.Substring(Int32 startIndex, Int32 length)
   at HP.GFriend.Core.LibraryUtils.IsByPassedKeyword(String[] byPassKeywords, String line)
2024-06-17 17:28:17.496 [E] ?::?::Exception message : Length cannot be less than zero.
Parameter name: length
2024-06-17 17:28:17.496 [E] ?::?::Inner Exception : 
2024-06-17 17:28:17.496 [E] ?::?::IsByPassedKeyword method failed 
System.ArgumentOutOfRangeException: Length cannot be less than zero.
Parameter name: length
   at System.String.Substring(Int32 startIndex, Int32 length)
   at HP.GFriend.Core.LibraryUtils.IsByPassedKeyword(String[] byPassKeywords, String line)
2024-06-17 17:28:17.496 [E] ?::?::Exception message : Length cannot be less than zero.
Parameter name: length
2024-06-17 17:28:17.496 [E] ?::?::Inner Exception : 
2024-06-17 17:28:17.496 [T] ?::?::Parsing done
2024-06-17 17:28:17.496 [T] ?::?::Click_Print_Button is crated
2024-06-17 17:28:17.496 [T] ?::?::Creating custom library with C:\GFriend_PotG\scripts\Acual Script\Acual Script\Destination_Selection_PSA_Application.gflib
2024-06-17 17:28:17.496 [T] ?::?::GFriend version : 2.55.1.1
2024-06-17 17:28:17.496 [T] ?::?::Parsing start
2024-06-17 17:28:17.496 [T] ?::?::Parsing Variable File : C:\GFriend_PotG\scripts\Acual Script\Acual Script\Testfile.gfvar
2024-06-17 17:28:17.496 [D] ?::?::Post Action
2024-06-17 17:28:17.496 [T] ?::?::All Used Libraries::C:\GFriend_PotG\scripts\Acual Script\Acual Script\Destination_Selection_PSA_Application.gflib
2024-06-17 17:28:17.496 [T] ?::?::Device ID : __NO__DUT__
2024-06-17 17:28:17.496 [T] ?::?::BuiltIn is used BuiltIn
2024-06-17 17:28:17.496 [T] ?::?::Windows is used Windows
2024-06-17 17:28:17.496 [T] ?::?::XML is used XML
2024-06-17 17:28:17.496 [T] ?::?::Device ID : __DEFUALT__DUT__
2024-06-17 17:28:17.496 [T] ?::?::Hallasan is used Hallasan
2024-06-17 17:28:17.496 [E] ?::?::IsByPassedKeyword method failed 
System.ArgumentOutOfRangeException: Length cannot be less than zero.
Parameter name: length
   at System.String.Substring(Int32 startIndex, Int32 length)
   at HP.GFriend.Core.LibraryUtils.IsByPassedKeyword(String[] byPassKeywords, String line)
2024-06-17 17:28:17.496 [E] ?::?::Exception message : Length cannot be less than zero.
Parameter name: length
2024-06-17 17:28:17.496 [E] ?::?::Inner Exception : 
2024-06-17 17:28:17.496 [E] ?::?::IsByPassedKeyword method failed 
System.ArgumentOutOfRangeException: Length cannot be less than zero.
Parameter name: length
   at System.String.Substring(Int32 startIndex, Int32 length)
   at HP.GFriend.Core.LibraryUtils.IsByPassedKeyword(String[] byPassKeywords, String line)
2024-06-17 17:28:17.496 [E] ?::?::Exception message : Length cannot be less than zero.
Parameter name: length
2024-06-17 17:28:17.496 [E] ?::?::Inner Exception : 
2024-06-17 17:28:17.496 [E] ?::?::IsByPassedKeyword method failed 
System.ArgumentOutOfRangeException: Length cannot be less than zero.
Parameter name: length
   at System.String.Substring(Int32 startIndex, Int32 length)
   at HP.GFriend.Core.LibraryUtils.IsByPassedKeyword(String[] byPassKeywords, String line)
2024-06-17 17:28:17.496 [E] ?::?::Exception message : Length cannot be less than zero.
Parameter name: length
2024-06-17 17:28:17.496 [E] ?::?::Inner Exception : 
2024-06-17 17:28:17.496 [E] ?::?::IsByPassedKeyword method failed 
System.ArgumentOutOfRangeException: Length cannot be less than zero.
Parameter name: length
   at System.String.Substring(Int32 startIndex, Int32 length)
   at HP.GFriend.Core.LibraryUtils.IsByPassedKeyword(String[] byPassKeywords, String line)
2024-06-17 17:28:17.496 [E] ?::?::Exception message : Length cannot be less than zero.
Parameter name: length
2024-06-17 17:28:17.496 [E] ?::?::Inner Exception : 
2024-06-17 17:28:17.496 [E] ?::?::IsByPassedKeyword method failed 
System.ArgumentOutOfRangeException: Length cannot be less than zero.
Parameter name: length
   at System.String.Substring(Int32 startIndex, Int32 length)
   at HP.GFriend.Core.LibraryUtils.IsByPassedKeyword(String[] byPassKeywords, String line)
2024-06-17 17:28:17.496 [E] ?::?::Exception message : Length cannot be less than zero.
Parameter name: length
2024-06-17 17:28:17.496 [E] ?::?::Inner Exception : 
2024-06-17 17:28:17.496 [E] ?::?::IsByPassedKeyword method failed 
System.ArgumentOutOfRangeException: Length cannot be less than zero.
Parameter name: length
   at System.String.Substring(Int32 startIndex, Int32 length)
   at HP.GFriend.Core.LibraryUtils.IsByPassedKeyword(String[] byPassKeywords, String line)
2024-06-17 17:28:17.496 [E] ?::?::Exception message : Length cannot be less than zero.
Parameter name: length
2024-06-17 17:28:17.496 [E] ?::?::Inner Exception : 
2024-06-17 17:28:17.496 [E] ?::?::IsByPassedKeyword method failed 
System.ArgumentOutOfRangeException: Length cannot be less than zero.
Parameter name: length
   at System.String.Substring(Int32 startIndex, Int32 length)
   at HP.GFriend.Core.LibraryUtils.IsByPassedKeyword(String[] byPassKeywords, String line)
2024-06-17 17:28:17.496 [E] ?::?::Exception message : Length cannot be less than zero.
Parameter name: length
2024-06-17 17:28:17.496 [E] ?::?::Inner Exception : 
2024-06-17 17:28:17.496 [E] ?::?::IsByPassedKeyword method failed 
System.ArgumentOutOfRangeException: Length cannot be less than zero.
Parameter name: length
   at System.String.Substring(Int32 startIndex, Int32 length)
   at HP.GFriend.Core.LibraryUtils.IsByPassedKeyword(String[] byPassKeywords, String line)
2024-06-17 17:28:17.511 [E] ?::?::Exception message : Length cannot be less than zero.
Parameter name: length
2024-06-17 17:28:17.511 [E] ?::?::Inner Exception : 
2024-06-17 17:28:17.511 [E] ?::?::IsByPassedKeyword method failed 
System.ArgumentOutOfRangeException: Length cannot be less than zero.
Parameter name: length
   at System.String.Substring(Int32 startIndex, Int32 length)
   at HP.GFriend.Core.LibraryUtils.IsByPassedKeyword(String[] byPassKeywords, String line)
2024-06-17 17:28:17.511 [E] ?::?::Exception message : Length cannot be less than zero.
Parameter name: length
2024-06-17 17:28:17.511 [E] ?::?::Inner Exception : 
2024-06-17 17:28:17.511 [E] ?::?::IsByPassedKeyword method failed 
System.ArgumentOutOfRangeException: Length cannot be less than zero.
Parameter name: length
   at System.String.Substring(Int32 startIndex, Int32 length)
   at HP.GFriend.Core.LibraryUtils.IsByPassedKeyword(String[] byPassKeywords, String line)
2024-06-17 17:28:17.511 [E] ?::?::Exception message : Length cannot be less than zero.
Parameter name: length
2024-06-17 17:28:17.511 [E] ?::?::Inner Exception : 
2024-06-17 17:28:17.511 [E] ?::?::IsByPassedKeyword method failed 
System.ArgumentOutOfRangeException: Length cannot be less than zero.
Parameter name: length
   at System.String.Substring(Int32 startIndex, Int32 length)
   at HP.GFriend.Core.LibraryUtils.IsByPassedKeyword(String[] byPassKeywords, String line)
2024-06-17 17:28:17.511 [E] ?::?::Exception message : Length cannot be less than zero.
Parameter name: length
2024-06-17 17:28:17.511 [E] ?::?::Inner Exception : 
2024-06-17 17:28:17.511 [E] ?::?::IsByPassedKeyword method failed 
System.ArgumentOutOfRangeException: Length cannot be less than zero.
Parameter name: length
   at System.String.Substring(Int32 startIndex, Int32 length)
   at HP.GFriend.Core.LibraryUtils.IsByPassedKeyword(String[] byPassKeywords, String line)
2024-06-17 17:28:17.511 [E] ?::?::Exception message : Length cannot be less than zero.
Parameter name: length
2024-06-17 17:28:17.511 [E] ?::?::Inner Exception : 
2024-06-17 17:28:17.511 [E] ?::?::IsByPassedKeyword method failed 
System.ArgumentOutOfRangeException: Length cannot be less than zero.
Parameter name: length
   at System.String.Substring(Int32 startIndex, Int32 length)
   at HP.GFriend.Core.LibraryUtils.IsByPassedKeyword(String[] byPassKeywords, String line)
2024-06-17 17:28:17.511 [E] ?::?::Exception message : Length cannot be less than zero.
Parameter name: length
2024-06-17 17:28:17.511 [E] ?::?::Inner Exception : 
2024-06-17 17:28:17.511 [E] ?::?::IsByPassedKeyword method failed 
System.ArgumentOutOfRangeException: Length cannot be less than zero.
Parameter name: length
   at System.String.Substring(Int32 startIndex, Int32 length)
   at HP.GFriend.Core.LibraryUtils.IsByPassedKeyword(String[] byPassKeywords, String line)
2024-06-17 17:28:17.511 [E] ?::?::Exception message : Length cannot be less than zero.
Parameter name: length
2024-06-17 17:28:17.511 [E] ?::?::Inner Exception : 
2024-06-17 17:28:17.511 [E] ?::?::IsByPassedKeyword method failed 
System.ArgumentOutOfRangeException: Length cannot be less than zero.
Parameter name: length
   at System.String.Substring(Int32 startIndex, Int32 length)
   at HP.GFriend.Core.LibraryUtils.IsByPassedKeyword(String[] byPassKeywords, String line)
2024-06-17 17:28:17.511 [E] ?::?::Exception message : Length cannot be less than zero.
Parameter name: length
2024-06-17 17:28:17.511 [E] ?::?::Inner Exception : 
2024-06-17 17:28:17.511 [E] ?::?::IsByPassedKeyword method failed 
System.ArgumentOutOfRangeException: Length cannot be less than zero.
Parameter name: length
   at System.String.Substring(Int32 startIndex, Int32 length)
   at HP.GFriend.Core.LibraryUtils.IsByPassedKeyword(String[] byPassKeywords, String line)
2024-06-17 17:28:17.511 [E] ?::?::Exception message : Length cannot be less than zero.
Parameter name: length
2024-06-17 17:28:17.511 [E] ?::?::Inner Exception : 
2024-06-17 17:28:17.511 [E] ?::?::IsByPassedKeyword method failed 
System.ArgumentOutOfRangeException: Length cannot be less than zero.
Parameter name: length
   at System.String.Substring(Int32 startIndex, Int32 length)
   at HP.GFriend.Core.LibraryUtils.IsByPassedKeyword(String[] byPassKeywords, String line)
2024-06-17 17:28:17.511 [E] ?::?::Exception message : Length cannot be less than zero.
Parameter name: length
2024-06-17 17:28:17.511 [E] ?::?::Inner Exception : 
2024-06-17 17:28:17.511 [E] ?::?::IsByPassedKeyword method failed 
System.ArgumentOutOfRangeException: Length cannot be less than zero.
Parameter name: length
   at System.String.Substring(Int32 startIndex, Int32 length)
   at HP.GFriend.Core.LibraryUtils.IsByPassedKeyword(String[] byPassKeywords, String line)
2024-06-17 17:28:17.511 [E] ?::?::Exception message : Length cannot be less than zero.
Parameter name: length
2024-06-17 17:28:17.511 [E] ?::?::Inner Exception : 
2024-06-17 17:28:17.580 [T] ?::?::Parsing done
2024-06-17 17:28:17.580 [T] ?::?::Destination_Selection_PSA_Application is crated
2024-06-17 17:28:17.580 [D] ?::?::Post Action
2024-06-17 17:28:17.580 [T] ?::?::All Used Libraries::C:\GFriend_PotG\scripts\Acual Script\Acual Script\PSA_DragonFly.txt
2024-06-17 17:28:17.580 [T] ?::?::Device ID : __NO__DUT__
2024-06-17 17:28:17.580 [T] ?::?::BuiltIn is used BuiltIn
2024-06-17 17:28:17.580 [T] ?::?::XML is used XML
2024-06-17 17:28:17.580 [T] ?::?::Windows is used Windows
2024-06-17 17:28:17.580 [T] ?::?::Device ID : __DEFUALT__DUT__
2024-06-17 17:28:17.580 [T] ?::?::Hallasan is used Hallasan
2024-06-17 17:28:17.580 [T] ?::?::Destination_Selection_Application is used Destination_Selection_Application
2024-06-17 17:28:17.580 [T] ?::?::Used_Destination_Selection_Function is used Used_Destination_Selection_Function
2024-06-17 17:28:17.580 [T] ?::?::Click_Print_Button is used Click_Print_Button
2024-06-17 17:28:17.580 [T] ?::?::Destination_Selection_PSA_Application is used Destination_Selection_PSA_Application
2024-06-17 17:28:17.580 [E] ?::?::IsByPassedKeyword method failed 
System.ArgumentOutOfRangeException: Length cannot be less than zero.
Parameter name: length
   at System.String.Substring(Int32 startIndex, Int32 length)
   at HP.GFriend.Core.LibraryUtils.IsByPassedKeyword(String[] byPassKeywords, String line)
2024-06-17 17:28:17.580 [E] ?::?::Exception message : Length cannot be less than zero.
Parameter name: length
2024-06-17 17:28:17.580 [E] ?::?::Inner Exception : 
2024-06-17 17:28:17.580 [E] ?::?::IsByPassedKeyword method failed 
System.ArgumentOutOfRangeException: Length cannot be less than zero.
Parameter name: length
   at System.String.Substring(Int32 startIndex, Int32 length)
   at HP.GFriend.Core.LibraryUtils.IsByPassedKeyword(String[] byPassKeywords, String line)
2024-06-17 17:28:17.580 [E] ?::?::Exception message : Length cannot be less than zero.
Parameter name: length
2024-06-17 17:28:17.580 [E] ?::?::Inner Exception : 
2024-06-17 17:28:17.580 [E] ?::?::IsByPassedKeyword method failed 
System.ArgumentOutOfRangeException: Length cannot be less than zero.
Parameter name: length
   at System.String.Substring(Int32 startIndex, Int32 length)
   at HP.GFriend.Core.LibraryUtils.IsByPassedKeyword(String[] byPassKeywords, String line)
2024-06-17 17:28:17.580 [E] ?::?::Exception message : Length cannot be less than zero.
Parameter name: length
2024-06-17 17:28:17.580 [E] ?::?::Inner Exception : 
2024-06-17 17:28:17.580 [E] ?::?::IsByPassedKeyword method failed 
System.ArgumentOutOfRangeException: Length cannot be less than zero.
Parameter name: length
   at System.String.Substring(Int32 startIndex, Int32 length)
   at HP.GFriend.Core.LibraryUtils.IsByPassedKeyword(String[] byPassKeywords, String line)
2024-06-17 17:28:17.580 [E] ?::?::Exception message : Length cannot be less than zero.
Parameter name: length
2024-06-17 17:28:17.580 [E] ?::?::Inner Exception : 
2024-06-17 17:28:17.580 [E] ?::?::IsByPassedKeyword method failed 
System.ArgumentOutOfRangeException: Length cannot be less than zero.
Parameter name: length
   at System.String.Substring(Int32 startIndex, Int32 length)
   at HP.GFriend.Core.LibraryUtils.IsByPassedKeyword(String[] byPassKeywords, String line)
2024-06-17 17:28:17.580 [E] ?::?::Exception message : Length cannot be less than zero.
Parameter name: length
2024-06-17 17:28:17.580 [E] ?::?::Inner Exception : 
2024-06-17 17:28:17.580 [E] ?::?::IsByPassedKeyword method failed 
System.ArgumentOutOfRangeException: Length cannot be less than zero.
Parameter name: length
   at System.String.Substring(Int32 startIndex, Int32 length)
   at HP.GFriend.Core.LibraryUtils.IsByPassedKeyword(String[] byPassKeywords, String line)
2024-06-17 17:28:17.580 [E] ?::?::Exception message : Length cannot be less than zero.
Parameter name: length
2024-06-17 17:28:17.580 [E] ?::?::Inner Exception : 
2024-06-17 17:28:17.580 [E] ?::?::IsByPassedKeyword method failed 
System.ArgumentOutOfRangeException: Length cannot be less than zero.
Parameter name: length
   at System.String.Substring(Int32 startIndex, Int32 length)
   at HP.GFriend.Core.LibraryUtils.IsByPassedKeyword(String[] byPassKeywords, String line)
2024-06-17 17:28:17.580 [E] ?::?::Exception message : Length cannot be less than zero.
Parameter name: length
2024-06-17 17:28:17.580 [E] ?::?::Inner Exception : 
2024-06-17 17:28:17.580 [E] ?::?::IsByPassedKeyword method failed 
System.ArgumentOutOfRangeException: Length cannot be less than zero.
Parameter name: length
   at System.String.Substring(Int32 startIndex, Int32 length)
   at HP.GFriend.Core.LibraryUtils.IsByPassedKeyword(String[] byPassKeywords, String line)
2024-06-17 17:28:17.580 [E] ?::?::Exception message : Length cannot be less than zero.
Parameter name: length
2024-06-17 17:28:17.580 [E] ?::?::Inner Exception : 
2024-06-17 17:28:17.580 [E] ?::?::IsByPassedKeyword method failed 
System.ArgumentOutOfRangeException: Length cannot be less than zero.
Parameter name: length
   at System.String.Substring(Int32 startIndex, Int32 length)
   at HP.GFriend.Core.LibraryUtils.IsByPassedKeyword(String[] byPassKeywords, String line)
2024-06-17 17:28:17.580 [E] ?::?::Exception message : Length cannot be less than zero.
Parameter name: length
2024-06-17 17:28:17.580 [E] ?::?::Inner Exception : 
2024-06-17 17:28:17.580 [E] ?::?::IsByPassedKeyword method failed 
System.ArgumentOutOfRangeException: Length cannot be less than zero.
Parameter name: length
   at System.String.Substring(Int32 startIndex, Int32 length)
   at HP.GFriend.Core.LibraryUtils.IsByPassedKeyword(String[] byPassKeywords, String line)
2024-06-17 17:28:17.580 [E] ?::?::Exception message : Length cannot be less than zero.
Parameter name: length
2024-06-17 17:28:17.580 [E] ?::?::Inner Exception : 
2024-06-17 17:28:17.580 [E] ?::?::IsByPassedKeyword method failed 
System.ArgumentOutOfRangeException: Length cannot be less than zero.
Parameter name: length
   at System.String.Substring(Int32 startIndex, Int32 length)
   at HP.GFriend.Core.LibraryUtils.IsByPassedKeyword(String[] byPassKeywords, String line)
2024-06-17 17:28:17.580 [E] ?::?::Exception message : Length cannot be less than zero.
Parameter name: length
2024-06-17 17:28:17.580 [E] ?::?::Inner Exception : 
2024-06-17 17:28:17.580 [E] ?::?::IsByPassedKeyword method failed 
System.ArgumentOutOfRangeException: Length cannot be less than zero.
Parameter name: length
   at System.String.Substring(Int32 startIndex, Int32 length)
   at HP.GFriend.Core.LibraryUtils.IsByPassedKeyword(String[] byPassKeywords, String line)
2024-06-17 17:28:17.580 [E] ?::?::Exception message : Length cannot be less than zero.
Parameter name: length
2024-06-17 17:28:17.580 [E] ?::?::Inner Exception : 
2024-06-17 17:28:17.580 [E] ?::?::IsByPassedKeyword method failed 
System.ArgumentOutOfRangeException: Length cannot be less than zero.
Parameter name: length
   at System.String.Substring(Int32 startIndex, Int32 length)
   at HP.GFriend.Core.LibraryUtils.IsByPassedKeyword(String[] byPassKeywords, String line)
2024-06-17 17:28:17.580 [E] ?::?::Exception message : Length cannot be less than zero.
Parameter name: length
2024-06-17 17:28:17.580 [E] ?::?::Inner Exception : 
2024-06-17 17:28:17.580 [E] ?::?::IsByPassedKeyword method failed 
System.ArgumentOutOfRangeException: Length cannot be less than zero.
Parameter name: length
   at System.String.Substring(Int32 startIndex, Int32 length)
   at HP.GFriend.Core.LibraryUtils.IsByPassedKeyword(String[] byPassKeywords, String line)
2024-06-17 17:28:17.580 [E] ?::?::Exception message : Length cannot be less than zero.
Parameter name: length
2024-06-17 17:28:17.580 [E] ?::?::Inner Exception : 
2024-06-17 17:28:17.580 [E] ?::?::IsByPassedKeyword method failed 
System.ArgumentOutOfRangeException: Length cannot be less than zero.
Parameter name: length
   at System.String.Substring(Int32 startIndex, Int32 length)
   at HP.GFriend.Core.LibraryUtils.IsByPassedKeyword(String[] byPassKeywords, String line)
2024-06-17 17:28:17.580 [E] ?::?::Exception message : Length cannot be less than zero.
Parameter name: length
2024-06-17 17:28:17.580 [E] ?::?::Inner Exception : 
2024-06-17 17:28:17.580 [E] ?::?::IsByPassedKeyword method failed 
System.ArgumentOutOfRangeException: Length cannot be less than zero.
Parameter name: length
   at System.String.Substring(Int32 startIndex, Int32 length)
   at HP.GFriend.Core.LibraryUtils.IsByPassedKeyword(String[] byPassKeywords, String line)
2024-06-17 17:28:17.580 [E] ?::?::Exception message : Length cannot be less than zero.
Parameter name: length
2024-06-17 17:28:17.580 [E] ?::?::Inner Exception : 
2024-06-17 17:28:17.580 [E] ?::?::IsByPassedKeyword method failed 
System.ArgumentOutOfRangeException: Length cannot be less than zero.
Parameter name: length
   at System.String.Substring(Int32 startIndex, Int32 length)
   at HP.GFriend.Core.LibraryUtils.IsByPassedKeyword(String[] byPassKeywords, String line)
2024-06-17 17:28:17.580 [E] ?::?::Exception message : Length cannot be less than zero.
Parameter name: length
2024-06-17 17:28:17.580 [E] ?::?::Inner Exception : 
2024-06-17 17:28:17.580 [E] ?::?::IsByPassedKeyword method failed 
System.ArgumentOutOfRangeException: Length cannot be less than zero.
Parameter name: length
   at System.String.Substring(Int32 startIndex, Int32 length)
   at HP.GFriend.Core.LibraryUtils.IsByPassedKeyword(String[] byPassKeywords, String line)
2024-06-17 17:28:17.580 [E] ?::?::Exception message : Length cannot be less than zero.
Parameter name: length
2024-06-17 17:28:17.580 [E] ?::?::Inner Exception : 
2024-06-17 17:28:17.580 [E] ?::?::IsByPassedKeyword method failed 
System.ArgumentOutOfRangeException: Length cannot be less than zero.
Parameter name: length
   at System.String.Substring(Int32 startIndex, Int32 length)
   at HP.GFriend.Core.LibraryUtils.IsByPassedKeyword(String[] byPassKeywords, String line)
2024-06-17 17:28:17.580 [E] ?::?::Exception message : Length cannot be less than zero.
Parameter name: length
2024-06-17 17:28:17.580 [E] ?::?::Inner Exception : 
2024-06-17 17:28:17.580 [E] ?::?::IsByPassedKeyword method failed 
System.ArgumentOutOfRangeException: Length cannot be less than zero.
Parameter name: length
   at System.String.Substring(Int32 startIndex, Int32 length)
   at HP.GFriend.Core.LibraryUtils.IsByPassedKeyword(String[] byPassKeywords, String line)
2024-06-17 17:28:17.580 [E] ?::?::Exception message : Length cannot be less than zero.
Parameter name: length
2024-06-17 17:28:17.580 [E] ?::?::Inner Exception : 
2024-06-17 17:28:17.580 [E] ?::?::IsByPassedKeyword method failed 
System.ArgumentOutOfRangeException: Length cannot be less than zero.
Parameter name: length
   at System.String.Substring(Int32 startIndex, Int32 length)
   at HP.GFriend.Core.LibraryUtils.IsByPassedKeyword(String[] byPassKeywords, String line)
2024-06-17 17:28:17.580 [E] ?::?::Exception message : Length cannot be less than zero.
Parameter name: length
2024-06-17 17:28:17.580 [E] ?::?::Inner Exception : 
2024-06-17 17:28:17.580 [E] ?::?::IsByPassedKeyword method failed 
System.ArgumentOutOfRangeException: Length cannot be less than zero.
Parameter name: length
   at System.String.Substring(Int32 startIndex, Int32 length)
   at HP.GFriend.Core.LibraryUtils.IsByPassedKeyword(String[] byPassKeywords, String line)
2024-06-17 17:28:17.580 [E] ?::?::Exception message : Length cannot be less than zero.
Parameter name: length
2024-06-17 17:28:17.580 [E] ?::?::Inner Exception : 
2024-06-17 17:28:17.580 [E] ?::?::IsByPassedKeyword method failed 
System.ArgumentOutOfRangeException: Length cannot be less than zero.
Parameter name: length
   at System.String.Substring(Int32 startIndex, Int32 length)
   at HP.GFriend.Core.LibraryUtils.IsByPassedKeyword(String[] byPassKeywords, String line)
2024-06-17 17:28:17.580 [E] ?::?::Exception message : Length cannot be less than zero.
Parameter name: length
2024-06-17 17:28:17.580 [E] ?::?::Inner Exception : 
2024-06-17 17:28:17.580 [E] ?::?::IsByPassedKeyword method failed 
System.ArgumentOutOfRangeException: Length cannot be less than zero.
Parameter name: length
   at System.String.Substring(Int32 startIndex, Int32 length)
   at HP.GFriend.Core.LibraryUtils.IsByPassedKeyword(String[] byPassKeywords, String line)
2024-06-17 17:28:17.580 [E] ?::?::Exception message : Length cannot be less than zero.
Parameter name: length
2024-06-17 17:28:17.580 [E] ?::?::Inner Exception : 
2024-06-17 17:28:17.580 [E] ?::?::IsByPassedKeyword method failed 
System.ArgumentOutOfRangeException: Length cannot be less than zero.
Parameter name: length
   at System.String.Substring(Int32 startIndex, Int32 length)
   at HP.GFriend.Core.LibraryUtils.IsByPassedKeyword(String[] byPassKeywords, String line)
2024-06-17 17:28:17.580 [E] ?::?::Exception message : Length cannot be less than zero.
Parameter name: length
2024-06-17 17:28:17.580 [E] ?::?::Inner Exception : 
2024-06-17 17:28:17.580 [E] ?::?::IsByPassedKeyword method failed 
System.ArgumentOutOfRangeException: Length cannot be less than zero.
Parameter name: length
   at System.String.Substring(Int32 startIndex, Int32 length)
   at HP.GFriend.Core.LibraryUtils.IsByPassedKeyword(String[] byPassKeywords, String line)
2024-06-17 17:28:17.580 [E] ?::?::Exception message : Length cannot be less than zero.
Parameter name: length
2024-06-17 17:28:17.580 [E] ?::?::Inner Exception : 
2024-06-17 17:28:17.590 [E] ?::?::IsByPassedKeyword method failed 
System.ArgumentOutOfRangeException: Length cannot be less than zero.
Parameter name: length
   at System.String.Substring(Int32 startIndex, Int32 length)
   at HP.GFriend.Core.LibraryUtils.IsByPassedKeyword(String[] byPassKeywords, String line)
2024-06-17 17:28:17.590 [E] ?::?::Exception message : Length cannot be less than zero.
Parameter name: length
2024-06-17 17:28:17.590 [E] ?::?::Inner Exception : 
2024-06-17 17:28:17.590 [E] ?::?::IsByPassedKeyword method failed 
System.ArgumentOutOfRangeException: Length cannot be less than zero.
Parameter name: length
   at System.String.Substring(Int32 startIndex, Int32 length)
   at HP.GFriend.Core.LibraryUtils.IsByPassedKeyword(String[] byPassKeywords, String line)
2024-06-17 17:28:17.590 [E] ?::?::Exception message : Length cannot be less than zero.
Parameter name: length
2024-06-17 17:28:17.590 [E] ?::?::Inner Exception : 
2024-06-17 17:28:17.590 [E] ?::?::IsByPassedKeyword method failed 
System.ArgumentOutOfRangeException: Length cannot be less than zero.
Parameter name: length
   at System.String.Substring(Int32 startIndex, Int32 length)
   at HP.GFriend.Core.LibraryUtils.IsByPassedKeyword(String[] byPassKeywords, String line)
2024-06-17 17:28:17.590 [E] ?::?::Exception message : Length cannot be less than zero.
Parameter name: length
2024-06-17 17:28:17.590 [E] ?::?::Inner Exception : 
2024-06-17 17:28:17.590 [E] ?::?::IsByPassedKeyword method failed 
System.ArgumentOutOfRangeException: Length cannot be less than zero.
Parameter name: length
   at System.String.Substring(Int32 startIndex, Int32 length)
   at HP.GFriend.Core.LibraryUtils.IsByPassedKeyword(String[] byPassKeywords, String line)
2024-06-17 17:28:17.590 [E] ?::?::Exception message : Length cannot be less than zero.
Parameter name: length
2024-06-17 17:28:17.590 [E] ?::?::Inner Exception : 
2024-06-17 17:28:17.590 [E] ?::?::IsByPassedKeyword method failed 
System.ArgumentOutOfRangeException: Length cannot be less than zero.
Parameter name: length
   at System.String.Substring(Int32 startIndex, Int32 length)
   at HP.GFriend.Core.LibraryUtils.IsByPassedKeyword(String[] byPassKeywords, String line)
2024-06-17 17:28:17.590 [E] ?::?::Exception message : Length cannot be less than zero.
Parameter name: length
2024-06-17 17:28:17.590 [E] ?::?::Inner Exception : 
2024-06-17 17:28:17.590 [E] ?::?::IsByPassedKeyword method failed 
System.ArgumentOutOfRangeException: Length cannot be less than zero.
Parameter name: length
   at System.String.Substring(Int32 startIndex, Int32 length)
   at HP.GFriend.Core.LibraryUtils.IsByPassedKeyword(String[] byPassKeywords, String line)
2024-06-17 17:28:17.590 [E] ?::?::Exception message : Length cannot be less than zero.
Parameter name: length
2024-06-17 17:28:17.590 [E] ?::?::Inner Exception : 
2024-06-17 17:28:17.590 [E] ?::?::IsByPassedKeyword method failed 
System.ArgumentOutOfRangeException: Length cannot be less than zero.
Parameter name: length
   at System.String.Substring(Int32 startIndex, Int32 length)
   at HP.GFriend.Core.LibraryUtils.IsByPassedKeyword(String[] byPassKeywords, String line)
2024-06-17 17:28:17.590 [E] ?::?::Exception message : Length cannot be less than zero.
Parameter name: length
2024-06-17 17:28:17.590 [E] ?::?::Inner Exception : 
2024-06-17 17:28:17.590 [E] ?::?::IsByPassedKeyword method failed 
System.ArgumentOutOfRangeException: Length cannot be less than zero.
Parameter name: length
   at System.String.Substring(Int32 startIndex, Int32 length)
   at HP.GFriend.Core.LibraryUtils.IsByPassedKeyword(String[] byPassKeywords, String line)
2024-06-17 17:28:17.590 [E] ?::?::Exception message : Length cannot be less than zero.
Parameter name: length
2024-06-17 17:28:17.590 [E] ?::?::Inner Exception : 
2024-06-17 17:28:17.590 [E] ?::?::IsByPassedKeyword method failed 
System.ArgumentOutOfRangeException: Length cannot be less than zero.
Parameter name: length
   at System.String.Substring(Int32 startIndex, Int32 length)
   at HP.GFriend.Core.LibraryUtils.IsByPassedKeyword(String[] byPassKeywords, String line)
2024-06-17 17:28:17.590 [E] ?::?::Exception message : Length cannot be less than zero.
Parameter name: length
2024-06-17 17:28:17.590 [E] ?::?::Inner Exception : 
2024-06-17 17:28:17.590 [E] ?::?::IsByPassedKeyword method failed 
System.ArgumentOutOfRangeException: Length cannot be less than zero.
Parameter name: length
   at System.String.Substring(Int32 startIndex, Int32 length)
   at HP.GFriend.Core.LibraryUtils.IsByPassedKeyword(String[] byPassKeywords, String line)
2024-06-17 17:28:17.590 [E] ?::?::Exception message : Length cannot be less than zero.
Parameter name: length
2024-06-17 17:28:17.590 [E] ?::?::Inner Exception : 
2024-06-17 17:28:17.590 [E] ?::?::IsByPassedKeyword method failed 
System.ArgumentOutOfRangeException: Length cannot be less than zero.
Parameter name: length
   at System.String.Substring(Int32 startIndex, Int32 length)
   at HP.GFriend.Core.LibraryUtils.IsByPassedKeyword(String[] byPassKeywords, String line)
2024-06-17 17:28:17.590 [E] ?::?::Exception message : Length cannot be less than zero.
Parameter name: length
2024-06-17 17:28:17.590 [E] ?::?::Inner Exception : 
2024-06-17 17:28:17.590 [E] ?::?::IsByPassedKeyword method failed 
System.ArgumentOutOfRangeException: Length cannot be less than zero.
Parameter name: length
   at System.String.Substring(Int32 startIndex, Int32 length)
   at HP.GFriend.Core.LibraryUtils.IsByPassedKeyword(String[] byPassKeywords, String line)
2024-06-17 17:28:17.590 [E] ?::?::Exception message : Length cannot be less than zero.
Parameter name: length
2024-06-17 17:28:17.590 [E] ?::?::Inner Exception : 
2024-06-17 17:28:17.590 [E] ?::?::IsByPassedKeyword method failed 
System.ArgumentOutOfRangeException: Length cannot be less than zero.
Parameter name: length
   at System.String.Substring(Int32 startIndex, Int32 length)
   at HP.GFriend.Core.LibraryUtils.IsByPassedKeyword(String[] byPassKeywords, String line)
2024-06-17 17:28:17.590 [E] ?::?::Exception message : Length cannot be less than zero.
Parameter name: length
2024-06-17 17:28:17.590 [E] ?::?::Inner Exception : 
2024-06-17 17:28:17.590 [E] ?::?::IsByPassedKeyword method failed 
System.ArgumentOutOfRangeException: Length cannot be less than zero.
Parameter name: length
   at System.String.Substring(Int32 startIndex, Int32 length)
   at HP.GFriend.Core.LibraryUtils.IsByPassedKeyword(String[] byPassKeywords, String line)
2024-06-17 17:28:17.590 [E] ?::?::Exception message : Length cannot be less than zero.
Parameter name: length
2024-06-17 17:28:17.590 [E] ?::?::Inner Exception : 
2024-06-17 17:28:17.590 [E] ?::?::IsByPassedKeyword method failed 
System.ArgumentOutOfRangeException: Length cannot be less than zero.
Parameter name: length
   at System.String.Substring(Int32 startIndex, Int32 length)
   at HP.GFriend.Core.LibraryUtils.IsByPassedKeyword(String[] byPassKeywords, String line)
2024-06-17 17:28:17.590 [E] ?::?::Exception message : Length cannot be less than zero.
Parameter name: length
2024-06-17 17:28:17.590 [E] ?::?::Inner Exception : 
2024-06-17 17:28:17.590 [E] ?::?::IsByPassedKeyword method failed 
System.ArgumentOutOfRangeException: Length cannot be less than zero.
Parameter name: length
   at System.String.Substring(Int32 startIndex, Int32 length)
   at HP.GFriend.Core.LibraryUtils.IsByPassedKeyword(String[] byPassKeywords, String line)
2024-06-17 17:28:17.590 [E] ?::?::Exception message : Length cannot be less than zero.
Parameter name: length
2024-06-17 17:28:17.590 [E] ?::?::Inner Exception : 
2024-06-17 17:28:17.590 [E] ?::?::IsByPassedKeyword method failed 
System.ArgumentOutOfRangeException: Length cannot be less than zero.
Parameter name: length
   at System.String.Substring(Int32 startIndex, Int32 length)
   at HP.GFriend.Core.LibraryUtils.IsByPassedKeyword(String[] byPassKeywords, String line)
2024-06-17 17:28:17.590 [E] ?::?::Exception message : Length cannot be less than zero.
Parameter name: length
2024-06-17 17:28:17.590 [E] ?::?::Inner Exception : 
2024-06-17 17:28:17.590 [E] ?::?::IsByPassedKeyword method failed 
System.ArgumentOutOfRangeException: Length cannot be less than zero.
Parameter name: length
   at System.String.Substring(Int32 startIndex, Int32 length)
   at HP.GFriend.Core.LibraryUtils.IsByPassedKeyword(String[] byPassKeywords, String line)
2024-06-17 17:28:17.590 [E] ?::?::Exception message : Length cannot be less than zero.
Parameter name: length
2024-06-17 17:28:17.590 [E] ?::?::Inner Exception : 
2024-06-17 17:28:17.590 [E] ?::?::IsByPassedKeyword method failed 
System.ArgumentOutOfRangeException: Length cannot be less than zero.
Parameter name: length
   at System.String.Substring(Int32 startIndex, Int32 length)
   at HP.GFriend.Core.LibraryUtils.IsByPassedKeyword(String[] byPassKeywords, String line)
2024-06-17 17:28:17.590 [E] ?::?::Exception message : Length cannot be less than zero.
Parameter name: length
2024-06-17 17:28:17.590 [E] ?::?::Inner Exception : 
2024-06-17 17:28:17.590 [E] ?::?::IsByPassedKeyword method failed 
System.ArgumentOutOfRangeException: Length cannot be less than zero.
Parameter name: length
   at System.String.Substring(Int32 startIndex, Int32 length)
   at HP.GFriend.Core.LibraryUtils.IsByPassedKeyword(String[] byPassKeywords, String line)
2024-06-17 17:28:17.590 [E] ?::?::Exception message : Length cannot be less than zero.
Parameter name: length
2024-06-17 17:28:17.590 [E] ?::?::Inner Exception : 
2024-06-17 17:28:17.590 [E] ?::?::IsByPassedKeyword method failed 
System.ArgumentOutOfRangeException: Length cannot be less than zero.
Parameter name: length
   at System.String.Substring(Int32 startIndex, Int32 length)
   at HP.GFriend.Core.LibraryUtils.IsByPassedKeyword(String[] byPassKeywords, String line)
2024-06-17 17:28:17.590 [E] ?::?::Exception message : Length cannot be less than zero.
Parameter name: length
2024-06-17 17:28:17.590 [E] ?::?::Inner Exception : 
2024-06-17 17:28:17.590 [E] ?::?::IsByPassedKeyword method failed 
System.ArgumentOutOfRangeException: Length cannot be less than zero.
Parameter name: length
   at System.String.Substring(Int32 startIndex, Int32 length)
   at HP.GFriend.Core.LibraryUtils.IsByPassedKeyword(String[] byPassKeywords, String line)
2024-06-17 17:28:17.590 [E] ?::?::Exception message : Length cannot be less than zero.
Parameter name: length
2024-06-17 17:28:17.590 [E] ?::?::Inner Exception : 
2024-06-17 17:28:17.590 [T] ?::?::Loading Library : BuiltIn -> BuiltIn
2024-06-17 17:28:17.590 [T] ?::?::Library type is native library.
2024-06-17 17:28:17.590 [T] ?::?::Loading Library : XML -> XML
2024-06-17 17:28:17.590 [T] ?::?::Library type is native library.
2024-06-17 17:28:17.590 [T] ?::?::Loading Library : Windows -> Windows
2024-06-17 17:28:17.590 [T] ?::?::Library type is native library.
2024-06-17 17:28:17.606 [T] ?::?::Loading Library : Hallasan -> Hallasan
2024-06-17 17:28:17.606 [T] ?::?::Library type is native library.
2024-06-17 17:28:17.606 [T] ?::?::Loading Library : Destination_Selection_Application -> Destination_Selection_Application
2024-06-17 17:28:17.606 [T] ?::?::Library type is custom library.
2024-06-17 17:28:17.606 [T] ?::?::Loading Library : Used_Destination_Selection_Function -> Used_Destination_Selection_Function
2024-06-17 17:28:17.606 [T] ?::?::Library type is custom library.
2024-06-17 17:28:17.606 [T] ?::?::Loading Library : Click_Print_Button -> Click_Print_Button
2024-06-17 17:28:17.606 [T] ?::?::Library type is custom library.
2024-06-17 17:28:17.606 [T] ?::?::Loading Library : Destination_Selection_PSA_Application -> Destination_Selection_PSA_Application
2024-06-17 17:28:17.606 [T] ?::?::Library type is custom library.
2024-06-17 17:28:17.606 [T] ?::?::Prevent PC to sleep
2024-06-17 17:28:17.606 [D] ?::?::HP Smart printing
2024-06-17 17:28:17.606 [T] ?::?::Line Number :13 Destination_Selection_PSA_Application.Destination Selection_Factory_defaults_PSA is called
2024-06-17 17:28:17.606 [T] ?::?::Line Number :37 Hallasan.Open File For Print (C:\GFriend_PotG\Potg_Driver\PotG Testfile\PSA\YMC_PSA_FactoryDefaults.pdf,HP_PrintSupport_App) is called
2024-06-17 17:28:17.606 [T] ?::?::Open Acrobat Reader
2024-06-17 17:28:19.641 [T] ?::?::Process is started with C:\GFriend_PotG\Potg_Driver\PotG Testfile\PSA\YMC_PSA_FactoryDefaults.pdf and Process Id is 16400
2024-06-17 17:28:29.644 [T] ?::?::Current focused process id : 13132
2024-06-17 17:28:29.644 [D] ?::?::Finding target in 
2024-06-17 17:28:29.660 [T] ?::?::Get Acrobat Reader
2024-06-17 17:28:29.660 [D] ?::?::Finding target in 
2024-06-17 17:28:31.749 [D] ?::?::Get Print Dialog
2024-06-17 17:28:36.751 [D] ?::?::Finding target in YMC_PSA_FactoryDefaults.pdf - Adobe Acrobat Reader (64-bit)
2024-06-17 17:28:36.751 [D] ?::?::Select printer combobox
2024-06-17 17:28:36.751 [D] ?::?::Finding target in 
2024-06-17 17:28:36.751 [T] ?::?::Expand/Collapse Pattern
2024-06-17 17:28:36.751 [T] ?::?::Expand
2024-06-17 17:28:36.940 [D] ?::?::Printer select
2024-06-17 17:28:36.940 [D] ?::?::Finding target in Printer:
2024-06-17 17:28:36.940 [T] ?::?::Select Pattern
2024-06-17 17:28:39.983 [D] ?::?::Finding printer properties
2024-06-17 17:28:39.983 [D] ?::?::Finding target in 
2024-06-17 17:28:39.983 [D] ?::?::Properties element is null? : False
2024-06-17 17:28:39.983 [T] ?::?::Invoke Pattern
2024-06-17 17:28:40.030 [D] ?::?::UI Automation Event : InvokePatternIdentifiers.InvokedEvent
2024-06-17 17:28:50.023 [T] ?::?::Keyword executed with result = Pass
2024-06-17 17:28:50.038 [T] ?::?::Line Number :38 Windows.Wait For Name (HP_PrintSupport_App,30) is called
2024-06-17 17:28:50.038 [D] ?::?::Finding target in YMC_PSA_FactoryDefaults.pdf - Adobe Acrobat Reader (64-bit)
2024-06-17 17:28:50.052 [T] ?::?::Keyword executed with result = Pass
2024-06-17 17:28:50.052 [T] ?::?::Line Number :39 Sleep(6) is called
2024-06-17 17:28:56.057 [T] ?::?::Keyword executed with result = Pass
2024-06-17 17:28:56.057 [T] ?::?::Line Number :14 Used_Destination_Selection_Function.not Used Destination Selection Function is called
2024-06-17 17:28:56.057 [T] ?::?::Line Number :15 Destination_Selection_PSA_Application.Expections_Error is called
2024-06-17 17:28:56.057 [T] ?::?::Line Number :11 Windows.Capture Full Screen (SS) is called
2024-06-17 17:28:56.135 [T] ?::?::Keyword executed with result = Pass
2024-06-17 17:28:56.135 [T] ?::?::Line Number :0 If :  Windows.Select Child Window With Title (HP_PrintSupport_App,5) is called
2024-06-17 17:28:56.135 [D] ?::?::Finding target in YMC_PSA_FactoryDefaults.pdf - Adobe Acrobat Reader (64-bit)
2024-06-17 17:28:56.716 [D] ?::?::Finding target in YMC_PSA_FactoryDefaults.pdf - Adobe Acrobat Reader (64-bit)
2024-06-17 17:28:57.284 [D] ?::?::Finding target in YMC_PSA_FactoryDefaults.pdf - Adobe Acrobat Reader (64-bit)
2024-06-17 17:28:57.850 [D] ?::?::Finding target in YMC_PSA_FactoryDefaults.pdf - Adobe Acrobat Reader (64-bit)
2024-06-17 17:28:58.417 [D] ?::?::Finding target in YMC_PSA_FactoryDefaults.pdf - Adobe Acrobat Reader (64-bit)
2024-06-17 17:28:58.985 [D] ?::?::Finding target in YMC_PSA_FactoryDefaults.pdf - Adobe Acrobat Reader (64-bit)
2024-06-17 17:28:59.550 [D] ?::?::Finding target in YMC_PSA_FactoryDefaults.pdf - Adobe Acrobat Reader (64-bit)
2024-06-17 17:29:00.115 [D] ?::?::Finding target in YMC_PSA_FactoryDefaults.pdf - Adobe Acrobat Reader (64-bit)
2024-06-17 17:29:00.682 [D] ?::?::Finding target in YMC_PSA_FactoryDefaults.pdf - Adobe Acrobat Reader (64-bit)
2024-06-17 17:29:01.297 [T] ?::?::Keyword executed with result = Fail
2024-06-17 17:29:01.297 [T] ?::?::Line Number :18 Pass (Childpop was not displayed) is called
2024-06-17 17:29:01.297 [T] ?::?::Keyword executed with result = Pass
2024-06-17 17:29:01.297 [T] ?::?::Line Number :20 Windows.Capture Full Screen (SSS) is called
2024-06-17 17:29:01.375 [T] ?::?::Keyword executed with result = Pass
2024-06-17 17:29:01.375 [T] ?::?::Line Number :0 If :  Windows.Select Application (HP_PrintSupport_App,5) is called
2024-06-17 17:29:01.375 [D] ?::?::Checking : 
2024-06-17 17:29:01.375 [D] ?::?::Checking : 
2024-06-17 17:29:01.375 [D] ?::?::Checking : YMC_PSA_FactoryDefaults.pdf - Adobe Acrobat Reader (64-bit)
2024-06-17 17:29:01.391 [D] ?::?::Checking : GFriend
2024-06-17 17:29:01.391 [D] ?::?::Checking : Program Manager
2024-06-17 17:29:01.391 [D] ?::?::Null return
2024-06-17 17:29:01.909 [D] ?::?::Checking : 
2024-06-17 17:29:01.909 [D] ?::?::Checking : 
2024-06-17 17:29:01.909 [D] ?::?::Checking : YMC_PSA_FactoryDefaults.pdf - Adobe Acrobat Reader (64-bit)
2024-06-17 17:29:01.909 [D] ?::?::Checking : GFriend
2024-06-17 17:29:01.909 [D] ?::?::Checking : Program Manager
2024-06-17 17:29:01.909 [D] ?::?::Null return
2024-06-17 17:29:02.429 [D] ?::?::Checking : 
2024-06-17 17:29:02.429 [D] ?::?::Checking : 
2024-06-17 17:29:02.429 [D] ?::?::Checking : YMC_PSA_FactoryDefaults.pdf - Adobe Acrobat Reader (64-bit)
2024-06-17 17:29:02.429 [D] ?::?::Checking : GFriend
2024-06-17 17:29:02.429 [D] ?::?::Checking : Program Manager
2024-06-17 17:29:02.429 [D] ?::?::Null return
2024-06-17 17:29:02.949 [D] ?::?::Checking : 
2024-06-17 17:29:02.949 [D] ?::?::Checking : 
2024-06-17 17:29:02.949 [D] ?::?::Checking : YMC_PSA_FactoryDefaults.pdf - Adobe Acrobat Reader (64-bit)
2024-06-17 17:29:02.949 [D] ?::?::Checking : GFriend
2024-06-17 17:29:02.949 [D] ?::?::Checking : Program Manager
2024-06-17 17:29:02.949 [D] ?::?::Null return
2024-06-17 17:29:03.469 [D] ?::?::Checking : 
2024-06-17 17:29:03.469 [D] ?::?::Checking : 
2024-06-17 17:29:03.469 [D] ?::?::Checking : YMC_PSA_FactoryDefaults.pdf - Adobe Acrobat Reader (64-bit)
2024-06-17 17:29:03.484 [D] ?::?::Checking : GFriend
2024-06-17 17:29:03.484 [D] ?::?::Checking : Program Manager
2024-06-17 17:29:03.484 [D] ?::?::Null return
2024-06-17 17:29:03.992 [D] ?::?::Checking : 
2024-06-17 17:29:03.992 [D] ?::?::Checking : 
2024-06-17 17:29:03.992 [D] ?::?::Checking : YMC_PSA_FactoryDefaults.pdf - Adobe Acrobat Reader (64-bit)
2024-06-17 17:29:03.992 [D] ?::?::Checking : GFriend
2024-06-17 17:29:03.992 [D] ?::?::Checking : Program Manager
2024-06-17 17:29:03.992 [D] ?::?::Null return
2024-06-17 17:29:04.511 [D] ?::?::Checking : 
2024-06-17 17:29:04.511 [D] ?::?::Checking : 
2024-06-17 17:29:04.511 [D] ?::?::Checking : YMC_PSA_FactoryDefaults.pdf - Adobe Acrobat Reader (64-bit)
2024-06-17 17:29:04.511 [D] ?::?::Checking : GFriend
2024-06-17 17:29:04.511 [D] ?::?::Checking : Program Manager
2024-06-17 17:29:04.511 [D] ?::?::Null return
2024-06-17 17:29:05.034 [D] ?::?::Checking : 
2024-06-17 17:29:05.034 [D] ?::?::Checking : 
2024-06-17 17:29:05.034 [D] ?::?::Checking : YMC_PSA_FactoryDefaults.pdf - Adobe Acrobat Reader (64-bit)
2024-06-17 17:29:05.034 [D] ?::?::Checking : GFriend
2024-06-17 17:29:05.034 [D] ?::?::Checking : Program Manager
2024-06-17 17:29:05.034 [D] ?::?::Null return
2024-06-17 17:29:05.553 [D] ?::?::Checking : 
2024-06-17 17:29:05.553 [D] ?::?::Checking : 
2024-06-17 17:29:05.553 [D] ?::?::Checking : YMC_PSA_FactoryDefaults.pdf - Adobe Acrobat Reader (64-bit)
2024-06-17 17:29:05.553 [D] ?::?::Checking : GFriend
2024-06-17 17:29:05.569 [D] ?::?::Checking : Program Manager
2024-06-17 17:29:05.569 [D] ?::?::Null return
2024-06-17 17:29:06.074 [D] ?::?::Checking : 
2024-06-17 17:29:06.074 [D] ?::?::Checking : 
2024-06-17 17:29:06.074 [D] ?::?::Checking : YMC_PSA_FactoryDefaults.pdf - Adobe Acrobat Reader (64-bit)
2024-06-17 17:29:06.074 [D] ?::?::Checking : GFriend
2024-06-17 17:29:06.074 [D] ?::?::Checking : Program Manager
2024-06-17 17:29:06.074 [D] ?::?::Null return
2024-06-17 17:29:06.658 [T] ?::?::Keyword executed with result = Fail
2024-06-17 17:29:06.658 [T] ?::?::Line Number :27 Pass (Childpop was not displayed) is called
2024-06-17 17:29:06.658 [T] ?::?::Keyword executed with result = Pass
2024-06-17 17:29:06.658 [T] ?::?::Line Number :16 Windows.Wait For ID (ui_Preset_Combo,5) is called
2024-06-17 17:29:06.658 [D] ?::?::Finding target in Nothing
2024-06-17 17:29:06.658 [D] ?::?::Missing target. Get focused
2024-06-17 17:29:06.658 [D] ?::?::Finding target in 
2024-06-17 17:29:06.689 [D] ?::?::Finding target in HP PrintSupportApp
2024-06-17 17:29:06.705 [T] ?::?::Keyword executed with result = Pass
2024-06-17 17:29:06.705 [T] ?::?::Line Number :17 Windows.Click ID With Mouse (ui_Preset_Combo) is called
2024-06-17 17:29:06.705 [D] ?::?::Finding target in Nothing
2024-06-17 17:29:06.705 [D] ?::?::Missing target. Get focused
2024-06-17 17:29:06.705 [D] ?::?::Finding target in 
2024-06-17 17:29:06.721 [D] ?::?::Finding target in HP PrintSupportApp
2024-06-17 17:29:07.256 [T] ?::?::Selected element name : 
2024-06-17 17:29:07.381 [T] ?::?::Keyword executed with result = Pass
2024-06-17 17:29:07.381 [T] ?::?::Line Number :18 Windows.Wait For Name (Factory Defaults,5) is called
2024-06-17 17:29:07.381 [D] ?::?::Finding target in Nothing
2024-06-17 17:29:07.381 [D] ?::?::Missing target. Get focused
2024-06-17 17:29:07.413 [D] ?::?::Finding target in 
2024-06-17 17:29:07.429 [D] ?::?::Finding target in PopupHost
2024-06-17 17:29:07.444 [T] ?::?::Keyword executed with result = Pass
2024-06-17 17:29:07.444 [T] ?::?::Line Number :19 Windows.Click Name (Factory Defaults) is called
2024-06-17 17:29:07.444 [D] ?::?::Finding target in Nothing
2024-06-17 17:29:07.444 [D] ?::?::Missing target. Get focused
2024-06-17 17:29:07.444 [D] ?::?::Finding target in 
2024-06-17 17:29:07.460 [D] ?::?::Finding target in PopupHost
2024-06-17 17:29:07.460 [T] ?::?::Select Pattern
2024-06-17 17:29:07.498 [T] ?::?::Keyword executed with result = Pass
2024-06-17 17:29:07.498 [T] ?::?::Line Number :20 Windows.Capture Screen Shot(Factory defaults.jpg) is called
2024-06-17 17:29:07.570 [T] ?::?::Keyword executed with result = Pass
2024-06-17 17:29:07.585 [T] ?::?::Line Number :21 Sleep(5) is called
2024-06-17 17:29:12.610 [T] ?::?::Keyword executed with result = Pass
2024-06-17 17:29:12.610 [T] ?::?::Line Number :22 Hallasan.Confirm is called
2024-06-17 17:29:12.610 [D] ?::?::Finding target in Nothing
2024-06-17 17:29:12.610 [D] ?::?::Missing target. Get focused
2024-06-17 17:29:12.610 [D] ?::?::Finding target in 
2024-06-17 17:29:12.625 [D] ?::?::Finding target in HP PrintSupportApp
2024-06-17 17:29:12.672 [T] ?::?::Selected element name : OK
2024-06-17 17:29:12.672 [T] ?::?::Invoke Pattern
2024-06-17 17:29:12.688 [D] ?::?::UI Automation Event : InvokePatternIdentifiers.InvokedEvent
2024-06-17 17:29:12.905 [T] ?::?::Keyword executed with result = Pass
2024-06-17 17:29:12.908 [T] ?::?::Line Number :23 Sleep(5) is called
2024-06-17 17:29:17.936 [T] ?::?::Keyword executed with result = Pass
2024-06-17 17:29:17.936 [T] ?::?::Line Number :24 Click_Print_Button.Print is called
2024-06-17 17:29:17.968 [T] ?::?::Line Number :8 Hallasan.Click Print Button is called
2024-06-17 17:29:19.988 [D] ?::?::Finding target in Nothing
2024-06-17 17:29:19.988 [D] ?::?::Missing target. Get focused
2024-06-17 17:29:19.988 [D] ?::?::Finding target in 
2024-06-17 17:29:20.004 [D] ?::?::Finding target in YMC_PSA_FactoryDefaults.pdf - Adobe Acrobat Reader (64-bit)
2024-06-17 17:29:20.035 [T] ?::?::Invoke Pattern
2024-06-17 17:29:20.067 [D] ?::?::UI Automation Event : InvokePatternIdentifiers.InvokedEvent
2024-06-17 17:29:20.082 [T] ?::?::Keyword executed with result = Pass
2024-06-17 17:29:20.082 [T] ?::?::Line Number :9 Sleep(10) is called
2024-06-17 17:29:30.120 [T] ?::?::Keyword executed with result = Pass
2024-06-17 17:29:30.120 [T] ?::?::Line Number :0 If :  Hallasan.Close Application is called
2024-06-17 17:29:30.153 [T] ?::?::Keyword executed with result = Pass
2024-06-17 17:29:30.167 [T] ?::?::Line Number :23 Sleep(10) is called
2024-06-17 17:29:40.197 [T] ?::?::Keyword executed with result = Pass
2024-06-17 17:29:40.213 [T] ?::?::Line Number :25 Destination_Selection_PSA_Application.PT Value_Factory_defaults_PSA is called
2024-06-17 17:29:40.245 [T] ?::?::Line Number :44 XML.Load From File (C:\temp\H_JobSetup_OutPT.xml) is called
2024-06-17 17:29:40.276 [T] ?::?::Keyword executed with result = Pass
2024-06-17 17:29:40.292 [T] ?::?::Line Number :45 XML.Get Attribute (${value},//*[@name='psk:JobDuplexAllDocumentsContiguously']/psf:Option,name) is called
2024-06-17 17:29:40.307 [T] ?::?::Keyword executed with result = Pass
2024-06-17 17:29:40.307 [T] ?::?::Line Number :46 Equals (${value},psk:OneSided) is called
2024-06-17 17:29:40.339 [T] ?::?::Keyword executed with result = Pass
2024-06-17 17:29:40.339 [T] ?::?::Line Number :47 XML.Get Attribute (${value},//*[@name='ns0000:JobTelemetryUserOption']/psf:Option,name) is called
2024-06-17 17:29:40.354 [T] ?::?::Keyword executed with result = Pass
2024-06-17 17:29:40.354 [T] ?::?::Line Number :48 Equals (${value},ns0000:OptIn) is called
2024-06-17 17:29:40.386 [T] ?::?::Keyword executed with result = Pass
2024-06-17 17:29:40.386 [T] ?::?::Line Number :49 Run Command(cmd /c copy c:\temp\H_JobSetup_OutPT.xml "${OUTPUT_FOLDER}",${commandOutput},5) is called
2024-06-17 17:29:40.433 [T] ?::?::Keyword executed with result = Pass
2024-06-17 17:29:40.464 [T] ?::?::Line Number :33 Destination_Selection_PSA_Application.Destination Selection_Envelopes_PSA is called
2024-06-17 17:29:40.495 [T] ?::?::Line Number :59 Hallasan.Open File For Print (C:\GFriend_PotG\Potg_Driver\PotG Testfile\PSA\YMC_PSA_ENVELOPES.pdf,HP_PrintSupport_App) is called
2024-06-17 17:29:40.495 [T] ?::?::Open Acrobat Reader
2024-06-17 17:29:42.536 [T] ?::?::Process is started with C:\GFriend_PotG\Potg_Driver\PotG Testfile\PSA\YMC_PSA_ENVELOPES.pdf and Process Id is 10824
2024-06-17 17:29:52.548 [T] ?::?::Current focused process id : 18368
2024-06-17 17:29:52.548 [D] ?::?::Finding target in 
2024-06-17 17:29:52.564 [T] ?::?::Get Acrobat Reader
2024-06-17 17:29:52.564 [D] ?::?::Finding target in 
2024-06-17 17:29:54.662 [D] ?::?::Get Print Dialog
2024-06-17 17:29:59.668 [D] ?::?::Finding target in YMC_PSA_ENVELOPES.pdf - Adobe Acrobat Reader (64-bit)
2024-06-17 17:29:59.668 [D] ?::?::Select printer combobox
2024-06-17 17:29:59.683 [D] ?::?::Finding target in 
2024-06-17 17:29:59.683 [T] ?::?::Expand/Collapse Pattern
2024-06-17 17:29:59.683 [T] ?::?::Expand
2024-06-17 17:29:59.872 [D] ?::?::Printer select
2024-06-17 17:29:59.872 [D] ?::?::Finding target in Printer:
2024-06-17 17:29:59.872 [T] ?::?::Select Pattern
2024-06-17 17:30:02.915 [D] ?::?::Finding printer properties
2024-06-17 17:30:02.915 [D] ?::?::Finding target in 
2024-06-17 17:30:02.931 [D] ?::?::Properties element is null? : False
2024-06-17 17:30:02.931 [T] ?::?::Invoke Pattern
2024-06-17 17:30:02.977 [D] ?::?::UI Automation Event : InvokePatternIdentifiers.InvokedEvent
2024-06-17 17:30:12.982 [T] ?::?::Keyword executed with result = Pass
2024-06-17 17:30:12.982 [T] ?::?::Line Number :60 Windows.Wait For Name (HP_PrintSupport_App,30) is called
2024-06-17 17:30:12.982 [D] ?::?::Finding target in YMC_PSA_ENVELOPES.pdf - Adobe Acrobat Reader (64-bit)
2024-06-17 17:30:12.998 [T] ?::?::Keyword executed with result = Pass
2024-06-17 17:30:12.998 [T] ?::?::Line Number :61 Sleep(6) is called
2024-06-17 17:30:19.039 [T] ?::?::Keyword executed with result = Pass
2024-06-17 17:30:19.055 [T] ?::?::Line Number :34 Used_Destination_Selection_Function.not Used Destination Selection Function is called
2024-06-17 17:30:19.086 [T] ?::?::Line Number :35 Destination_Selection_PSA_Application.Expections_Error is called
2024-06-17 17:30:19.117 [T] ?::?::Line Number :11 Windows.Capture Full Screen (SS) is called
2024-06-17 17:30:19.196 [T] ?::?::Keyword executed with result = Pass
2024-06-17 17:30:19.196 [T] ?::?::Line Number :0 If :  Windows.Select Child Window With Title (HP_PrintSupport_App,5) is called
2024-06-17 17:30:19.196 [D] ?::?::Finding target in YMC_PSA_ENVELOPES.pdf - Adobe Acrobat Reader (64-bit)
2024-06-17 17:30:19.765 [D] ?::?::Finding target in YMC_PSA_ENVELOPES.pdf - Adobe Acrobat Reader (64-bit)
2024-06-17 17:30:20.333 [D] ?::?::Finding target in YMC_PSA_ENVELOPES.pdf - Adobe Acrobat Reader (64-bit)
2024-06-17 17:30:20.901 [D] ?::?::Finding target in YMC_PSA_ENVELOPES.pdf - Adobe Acrobat Reader (64-bit)
2024-06-17 17:30:21.469 [D] ?::?::Finding target in YMC_PSA_ENVELOPES.pdf - Adobe Acrobat Reader (64-bit)
2024-06-17 17:30:22.036 [D] ?::?::Finding target in YMC_PSA_ENVELOPES.pdf - Adobe Acrobat Reader (64-bit)
2024-06-17 17:30:22.606 [D] ?::?::Finding target in YMC_PSA_ENVELOPES.pdf - Adobe Acrobat Reader (64-bit)
2024-06-17 17:30:23.175 [D] ?::?::Finding target in YMC_PSA_ENVELOPES.pdf - Adobe Acrobat Reader (64-bit)
2024-06-17 17:30:23.743 [D] ?::?::Finding target in YMC_PSA_ENVELOPES.pdf - Adobe Acrobat Reader (64-bit)
2024-06-17 17:30:24.373 [T] ?::?::Keyword executed with result = Fail
2024-06-17 17:30:24.373 [T] ?::?::Line Number :18 Pass (Childpop was not displayed) is called
2024-06-17 17:30:24.404 [T] ?::?::Keyword executed with result = Pass
2024-06-17 17:30:24.404 [T] ?::?::Line Number :20 Windows.Capture Full Screen (SSS) is called
2024-06-17 17:30:24.483 [T] ?::?::Keyword executed with result = Pass
2024-06-17 17:30:24.483 [T] ?::?::Line Number :0 If :  Windows.Select Application (HP_PrintSupport_App,5) is called
2024-06-17 17:30:24.483 [D] ?::?::Checking : 
2024-06-17 17:30:24.483 [D] ?::?::Checking : 
2024-06-17 17:30:24.483 [D] ?::?::Checking : YMC_PSA_ENVELOPES.pdf - Adobe Acrobat Reader (64-bit)
2024-06-17 17:30:24.498 [D] ?::?::Checking : GFriend
2024-06-17 17:30:24.498 [D] ?::?::Checking : Program Manager
2024-06-17 17:30:24.498 [D] ?::?::Null return
2024-06-17 17:30:25.020 [D] ?::?::Checking : 
2024-06-17 17:30:25.020 [D] ?::?::Checking : 
2024-06-17 17:30:25.020 [D] ?::?::Checking : YMC_PSA_ENVELOPES.pdf - Adobe Acrobat Reader (64-bit)
2024-06-17 17:30:25.020 [D] ?::?::Checking : GFriend
2024-06-17 17:30:25.020 [D] ?::?::Checking : Program Manager
2024-06-17 17:30:25.020 [D] ?::?::Null return
2024-06-17 17:30:25.540 [D] ?::?::Checking : 
2024-06-17 17:30:25.540 [D] ?::?::Checking : 
2024-06-17 17:30:25.540 [D] ?::?::Checking : YMC_PSA_ENVELOPES.pdf - Adobe Acrobat Reader (64-bit)
2024-06-17 17:30:25.540 [D] ?::?::Checking : GFriend
2024-06-17 17:30:25.540 [D] ?::?::Checking : Program Manager
2024-06-17 17:30:25.540 [D] ?::?::Null return
2024-06-17 17:30:26.059 [D] ?::?::Checking : 
2024-06-17 17:30:26.059 [D] ?::?::Checking : 
2024-06-17 17:30:26.059 [D] ?::?::Checking : YMC_PSA_ENVELOPES.pdf - Adobe Acrobat Reader (64-bit)
2024-06-17 17:30:26.059 [D] ?::?::Checking : GFriend
2024-06-17 17:30:26.059 [D] ?::?::Checking : Program Manager
2024-06-17 17:30:26.059 [D] ?::?::Null return
2024-06-17 17:30:26.580 [D] ?::?::Checking : 
2024-06-17 17:30:26.580 [D] ?::?::Checking : 
2024-06-17 17:30:26.580 [D] ?::?::Checking : YMC_PSA_ENVELOPES.pdf - Adobe Acrobat Reader (64-bit)
2024-06-17 17:30:26.580 [D] ?::?::Checking : GFriend
2024-06-17 17:30:26.580 [D] ?::?::Checking : Program Manager
2024-06-17 17:30:26.580 [D] ?::?::Null return
2024-06-17 17:30:27.102 [D] ?::?::Checking : 
2024-06-17 17:30:27.102 [D] ?::?::Checking : 
2024-06-17 17:30:27.102 [D] ?::?::Checking : YMC_PSA_ENVELOPES.pdf - Adobe Acrobat Reader (64-bit)
2024-06-17 17:30:27.102 [D] ?::?::Checking : GFriend
2024-06-17 17:30:27.102 [D] ?::?::Checking : Program Manager
2024-06-17 17:30:27.102 [D] ?::?::Null return
2024-06-17 17:30:27.622 [D] ?::?::Checking : 
2024-06-17 17:30:27.622 [D] ?::?::Checking : 
2024-06-17 17:30:27.622 [D] ?::?::Checking : YMC_PSA_ENVELOPES.pdf - Adobe Acrobat Reader (64-bit)
2024-06-17 17:30:27.622 [D] ?::?::Checking : GFriend
2024-06-17 17:30:27.622 [D] ?::?::Checking : Program Manager
2024-06-17 17:30:27.622 [D] ?::?::Null return
2024-06-17 17:30:28.143 [D] ?::?::Checking : 
2024-06-17 17:30:28.143 [D] ?::?::Checking : 
2024-06-17 17:30:28.143 [D] ?::?::Checking : YMC_PSA_ENVELOPES.pdf - Adobe Acrobat Reader (64-bit)
2024-06-17 17:30:28.143 [D] ?::?::Checking : GFriend
2024-06-17 17:30:28.143 [D] ?::?::Checking : Program Manager
2024-06-17 17:30:28.143 [D] ?::?::Null return
2024-06-17 17:30:28.665 [D] ?::?::Checking : 
2024-06-17 17:30:28.665 [D] ?::?::Checking : 
2024-06-17 17:30:28.665 [D] ?::?::Checking : YMC_PSA_ENVELOPES.pdf - Adobe Acrobat Reader (64-bit)
2024-06-17 17:30:28.665 [D] ?::?::Checking : GFriend
2024-06-17 17:30:28.665 [D] ?::?::Checking : Program Manager
2024-06-17 17:30:28.665 [D] ?::?::Null return
2024-06-17 17:30:29.185 [D] ?::?::Checking : 
2024-06-17 17:30:29.185 [D] ?::?::Checking : 
2024-06-17 17:30:29.185 [D] ?::?::Checking : YMC_PSA_ENVELOPES.pdf - Adobe Acrobat Reader (64-bit)
2024-06-17 17:30:29.185 [D] ?::?::Checking : GFriend
2024-06-17 17:30:29.185 [D] ?::?::Checking : Program Manager
2024-06-17 17:30:29.185 [D] ?::?::Null return
2024-06-17 17:30:29.769 [T] ?::?::Keyword executed with result = Fail
2024-06-17 17:30:29.769 [T] ?::?::Line Number :27 Pass (Childpop was not displayed) is called
2024-06-17 17:30:29.800 [T] ?::?::Keyword executed with result = Pass
2024-06-17 17:30:29.816 [T] ?::?::Line Number :36 Windows.Wait For ID (ui_Preset_Combo,5) is called
2024-06-17 17:30:29.816 [D] ?::?::Finding target in Nothing
2024-06-17 17:30:29.816 [D] ?::?::Missing target. Get focused
2024-06-17 17:30:29.816 [D] ?::?::Finding target in 
2024-06-17 17:30:29.847 [D] ?::?::Finding target in HP PrintSupportApp
2024-06-17 17:30:29.866 [T] ?::?::Keyword executed with result = Pass
2024-06-17 17:30:29.879 [T] ?::?::Line Number :37 Windows.Click ID With Mouse (ui_Preset_Combo) is called
2024-06-17 17:30:29.879 [D] ?::?::Finding target in Nothing
2024-06-17 17:30:29.879 [D] ?::?::Missing target. Get focused
2024-06-17 17:30:29.879 [D] ?::?::Finding target in 
2024-06-17 17:30:29.894 [D] ?::?::Finding target in HP PrintSupportApp
2024-06-17 17:30:30.414 [T] ?::?::Selected element name : 
2024-06-17 17:30:30.557 [T] ?::?::Keyword executed with result = Pass
2024-06-17 17:30:30.557 [T] ?::?::Line Number :38 Windows.Wait For Name (Envelopes,5) is called
2024-06-17 17:30:30.557 [D] ?::?::Finding target in Nothing
2024-06-17 17:30:30.557 [D] ?::?::Missing target. Get focused
2024-06-17 17:30:30.573 [D] ?::?::Finding target in 
2024-06-17 17:30:30.604 [D] ?::?::Finding target in PopupHost
2024-06-17 17:30:30.619 [T] ?::?::Keyword executed with result = Pass
2024-06-17 17:30:30.619 [T] ?::?::Line Number :39 Windows.Click Name (Envelopes) is called
2024-06-17 17:30:30.619 [D] ?::?::Finding target in Nothing
2024-06-17 17:30:30.619 [D] ?::?::Missing target. Get focused
2024-06-17 17:30:30.619 [D] ?::?::Finding target in 
2024-06-17 17:30:30.635 [D] ?::?::Finding target in PopupHost
2024-06-17 17:30:30.635 [T] ?::?::Select Pattern
2024-06-17 17:30:30.745 [T] ?::?::Keyword executed with result = Pass
2024-06-17 17:30:30.745 [T] ?::?::Line Number :40 Windows.Capture Screen Shot(Envelopes.jpg) is called
2024-06-17 17:30:30.823 [T] ?::?::Keyword executed with result = Pass
2024-06-17 17:30:30.839 [T] ?::?::Line Number :41 Sleep(5) is called
2024-06-17 17:30:35.857 [T] ?::?::Keyword executed with result = Pass
2024-06-17 17:30:35.857 [T] ?::?::Line Number :42 Hallasan.Confirm is called
2024-06-17 17:30:35.857 [D] ?::?::Finding target in Nothing
2024-06-17 17:30:35.857 [D] ?::?::Missing target. Get focused
2024-06-17 17:30:35.857 [D] ?::?::Finding target in 
2024-06-17 17:30:35.885 [D] ?::?::Finding target in HP PrintSupportApp
2024-06-17 17:30:35.935 [T] ?::?::Selected element name : OK
2024-06-17 17:30:35.935 [T] ?::?::Invoke Pattern
2024-06-17 17:30:35.935 [D] ?::?::UI Automation Event : InvokePatternIdentifiers.InvokedEvent
2024-06-17 17:30:36.108 [T] ?::?::Keyword executed with result = Pass
2024-06-17 17:30:36.108 [T] ?::?::Line Number :43 Sleep(5) is called
2024-06-17 17:30:41.144 [T] ?::?::Keyword executed with result = Pass
2024-06-17 17:30:41.144 [T] ?::?::Line Number :44 Click_Print_Button.Print is called
2024-06-17 17:30:41.176 [T] ?::?::Line Number :8 Hallasan.Click Print Button is called
2024-06-17 17:30:43.185 [D] ?::?::Finding target in Nothing
2024-06-17 17:30:43.185 [D] ?::?::Missing target. Get focused
2024-06-17 17:30:43.185 [D] ?::?::Finding target in 
2024-06-17 17:30:43.201 [D] ?::?::Finding target in YMC_PSA_ENVELOPES.pdf - Adobe Acrobat Reader (64-bit)
2024-06-17 17:30:43.232 [T] ?::?::Invoke Pattern
2024-06-17 17:30:43.263 [D] ?::?::UI Automation Event : InvokePatternIdentifiers.InvokedEvent
2024-06-17 17:30:43.279 [T] ?::?::Keyword executed with result = Pass
2024-06-17 17:30:43.279 [T] ?::?::Line Number :9 Sleep(10) is called
2024-06-17 17:30:53.312 [T] ?::?::Keyword executed with result = Pass
2024-06-17 17:30:53.312 [T] ?::?::Line Number :0 If :  Hallasan.Close Application is called
2024-06-17 17:30:53.343 [T] ?::?::Keyword executed with result = Pass
2024-06-17 17:30:53.343 [T] ?::?::Line Number :23 Sleep(10) is called
2024-06-17 17:31:03.376 [T] ?::?::Keyword executed with result = Pass
2024-06-17 17:31:03.392 [T] ?::?::Line Number :45 Destination_Selection_PSA_Application.PT Value_EnvelopePlain_PSA is called
2024-06-17 17:31:03.424 [T] ?::?::Line Number :66 XML.Load From File (C:\temp\H_JobSetup_OutPT.xml) is called
2024-06-17 17:31:03.439 [T] ?::?::Keyword executed with result = Pass
2024-06-17 17:31:03.439 [T] ?::?::Line Number :67 XML.Get Attribute (${value},//*[@name='psk:PageMediaType']/psf:Option,name) is called
2024-06-17 17:31:03.471 [T] ?::?::Keyword executed with result = Pass
2024-06-17 17:31:03.471 [T] ?::?::Line Number :68 Equals (${value},psk:Label) is called
2024-06-17 17:31:03.486 [T] ?::?::Keyword executed with result = Pass
2024-06-17 17:31:03.486 [T] ?::?::Line Number :69 XML.Get Attribute (${value},//*[@name='ns0000:JobTelemetryUserOption']/psf:Option,name) is called
2024-06-17 17:31:03.520 [T] ?::?::Keyword executed with result = Pass
2024-06-17 17:31:03.520 [T] ?::?::Line Number :70 Equals (${value},ns0000:OptIn) is called
2024-06-17 17:31:03.533 [T] ?::?::Keyword executed with result = Pass
2024-06-17 17:31:03.549 [T] ?::?::Line Number :71 Run Command(cmd /c copy c:\temp\H_JobSetup_OutPT.xml "${OUTPUT_FOLDER}",${commandOutput},5) is called
2024-06-17 17:31:03.580 [T] ?::?::Keyword executed with result = Pass
2024-06-17 17:31:03.620 [T] ?::?::Line Number :53 Destination_Selection_PSA_Application.Destination Selection_Labels_PSA is called
2024-06-17 17:31:03.643 [T] ?::?::Line Number :81 Hallasan.Open File For Print (C:\GFriend_PotG\Potg_Driver\PotG Testfile\PSA\YMC_PSA_LABELS.pdf,HP_PrintSupport_App) is called
2024-06-17 17:31:03.643 [T] ?::?::Open Acrobat Reader
2024-06-17 17:31:05.676 [T] ?::?::Process is started with C:\GFriend_PotG\Potg_Driver\PotG Testfile\PSA\YMC_PSA_LABELS.pdf and Process Id is 17508
2024-06-17 17:31:15.688 [T] ?::?::Current focused process id : 21112
2024-06-17 17:31:15.688 [D] ?::?::Finding target in 
2024-06-17 17:31:15.704 [T] ?::?::Get Acrobat Reader
2024-06-17 17:31:15.704 [D] ?::?::Finding target in 
2024-06-17 17:31:17.791 [D] ?::?::Get Print Dialog
2024-06-17 17:31:22.793 [D] ?::?::Finding target in YMC_PSA_LABELS.pdf - Adobe Acrobat Reader (64-bit)
2024-06-17 17:31:22.793 [D] ?::?::Select printer combobox
2024-06-17 17:31:22.793 [D] ?::?::Finding target in 
2024-06-17 17:31:22.793 [T] ?::?::Expand/Collapse Pattern
2024-06-17 17:31:22.793 [T] ?::?::Expand
2024-06-17 17:31:22.981 [D] ?::?::Printer select
2024-06-17 17:31:22.981 [D] ?::?::Finding target in Printer:
2024-06-17 17:31:22.981 [T] ?::?::Select Pattern
2024-06-17 17:31:26.038 [D] ?::?::Finding printer properties
2024-06-17 17:31:26.038 [D] ?::?::Finding target in 
2024-06-17 17:31:26.038 [D] ?::?::Properties element is null? : False
2024-06-17 17:31:26.038 [T] ?::?::Invoke Pattern
2024-06-17 17:31:26.085 [D] ?::?::UI Automation Event : InvokePatternIdentifiers.InvokedEvent
2024-06-17 17:31:36.087 [T] ?::?::Keyword executed with result = Pass
2024-06-17 17:31:36.087 [T] ?::?::Line Number :82 Windows.Wait For Name (HP_PrintSupport_App,30) is called
2024-06-17 17:31:36.087 [D] ?::?::Finding target in YMC_PSA_LABELS.pdf - Adobe Acrobat Reader (64-bit)
2024-06-17 17:31:36.119 [T] ?::?::Keyword executed with result = Pass
2024-06-17 17:31:36.119 [T] ?::?::Line Number :83 Sleep(6) is called
2024-06-17 17:31:42.148 [T] ?::?::Keyword executed with result = Pass
2024-06-17 17:31:42.164 [T] ?::?::Line Number :54 Used_Destination_Selection_Function.not Used Destination Selection Function is called
2024-06-17 17:31:42.226 [T] ?::?::Line Number :55 Destination_Selection_PSA_Application.Expections_Error is called
2024-06-17 17:31:42.242 [T] ?::?::Line Number :11 Windows.Capture Full Screen (SS) is called
2024-06-17 17:31:42.334 [T] ?::?::Keyword executed with result = Pass
2024-06-17 17:31:42.337 [T] ?::?::Line Number :0 If :  Windows.Select Child Window With Title (HP_PrintSupport_App,5) is called
2024-06-17 17:31:42.337 [D] ?::?::Finding target in YMC_PSA_LABELS.pdf - Adobe Acrobat Reader (64-bit)
2024-06-17 17:31:42.903 [D] ?::?::Finding target in YMC_PSA_LABELS.pdf - Adobe Acrobat Reader (64-bit)
2024-06-17 17:31:43.460 [D] ?::?::Finding target in YMC_PSA_LABELS.pdf - Adobe Acrobat Reader (64-bit)
2024-06-17 17:31:44.026 [D] ?::?::Finding target in YMC_PSA_LABELS.pdf - Adobe Acrobat Reader (64-bit)
2024-06-17 17:31:44.595 [D] ?::?::Finding target in YMC_PSA_LABELS.pdf - Adobe Acrobat Reader (64-bit)
2024-06-17 17:31:45.164 [D] ?::?::Finding target in YMC_PSA_LABELS.pdf - Adobe Acrobat Reader (64-bit)
2024-06-17 17:31:45.733 [D] ?::?::Finding target in YMC_PSA_LABELS.pdf - Adobe Acrobat Reader (64-bit)
2024-06-17 17:31:46.301 [D] ?::?::Finding target in YMC_PSA_LABELS.pdf - Adobe Acrobat Reader (64-bit)
2024-06-17 17:31:46.869 [D] ?::?::Finding target in YMC_PSA_LABELS.pdf - Adobe Acrobat Reader (64-bit)
2024-06-17 17:31:47.499 [T] ?::?::Keyword executed with result = Fail
2024-06-17 17:31:47.499 [T] ?::?::Line Number :18 Pass (Childpop was not displayed) is called
2024-06-17 17:31:47.530 [T] ?::?::Keyword executed with result = Pass
2024-06-17 17:31:47.530 [T] ?::?::Line Number :20 Windows.Capture Full Screen (SSS) is called
2024-06-17 17:31:47.624 [T] ?::?::Keyword executed with result = Pass
2024-06-17 17:31:47.640 [T] ?::?::Line Number :0 If :  Windows.Select Application (HP_PrintSupport_App,5) is called
2024-06-17 17:31:47.640 [D] ?::?::Checking : 
2024-06-17 17:31:47.640 [D] ?::?::Checking : 
2024-06-17 17:31:47.640 [D] ?::?::Checking : YMC_PSA_LABELS.pdf - Adobe Acrobat Reader (64-bit)
2024-06-17 17:31:47.656 [D] ?::?::Checking : GFriend
2024-06-17 17:31:47.656 [D] ?::?::Checking : Program Manager
2024-06-17 17:31:47.656 [D] ?::?::Null return
2024-06-17 17:31:48.176 [D] ?::?::Checking : 
2024-06-17 17:31:48.176 [D] ?::?::Checking : 
2024-06-17 17:31:48.176 [D] ?::?::Checking : YMC_PSA_LABELS.pdf - Adobe Acrobat Reader (64-bit)
2024-06-17 17:31:48.176 [D] ?::?::Checking : GFriend
2024-06-17 17:31:48.176 [D] ?::?::Checking : Program Manager
2024-06-17 17:31:48.176 [D] ?::?::Null return
2024-06-17 17:31:48.697 [D] ?::?::Checking : 
2024-06-17 17:31:48.697 [D] ?::?::Checking : 
2024-06-17 17:31:48.697 [D] ?::?::Checking : YMC_PSA_LABELS.pdf - Adobe Acrobat Reader (64-bit)
2024-06-17 17:31:48.697 [D] ?::?::Checking : GFriend
2024-06-17 17:31:48.697 [D] ?::?::Checking : Program Manager
2024-06-17 17:31:48.697 [D] ?::?::Null return
2024-06-17 17:31:49.217 [D] ?::?::Checking : 
2024-06-17 17:31:49.217 [D] ?::?::Checking : 
2024-06-17 17:31:49.217 [D] ?::?::Checking : YMC_PSA_LABELS.pdf - Adobe Acrobat Reader (64-bit)
2024-06-17 17:31:49.217 [D] ?::?::Checking : GFriend
2024-06-17 17:31:49.217 [D] ?::?::Checking : Program Manager
2024-06-17 17:31:49.217 [D] ?::?::Null return
2024-06-17 17:31:49.738 [D] ?::?::Checking : 
2024-06-17 17:31:49.738 [D] ?::?::Checking : 
2024-06-17 17:31:49.738 [D] ?::?::Checking : YMC_PSA_LABELS.pdf - Adobe Acrobat Reader (64-bit)
2024-06-17 17:31:49.738 [D] ?::?::Checking : GFriend
2024-06-17 17:31:49.738 [D] ?::?::Checking : Program Manager
2024-06-17 17:31:49.738 [D] ?::?::Null return
2024-06-17 17:31:50.258 [D] ?::?::Checking : 
2024-06-17 17:31:50.258 [D] ?::?::Checking : 
2024-06-17 17:31:50.258 [D] ?::?::Checking : YMC_PSA_LABELS.pdf - Adobe Acrobat Reader (64-bit)
2024-06-17 17:31:50.258 [D] ?::?::Checking : GFriend
2024-06-17 17:31:50.258 [D] ?::?::Checking : Program Manager
2024-06-17 17:31:50.258 [D] ?::?::Null return
2024-06-17 17:31:50.779 [D] ?::?::Checking : 
2024-06-17 17:31:50.779 [D] ?::?::Checking : 
2024-06-17 17:31:50.779 [D] ?::?::Checking : YMC_PSA_LABELS.pdf - Adobe Acrobat Reader (64-bit)
2024-06-17 17:31:50.779 [D] ?::?::Checking : GFriend
2024-06-17 17:31:50.779 [D] ?::?::Checking : Program Manager
2024-06-17 17:31:50.779 [D] ?::?::Null return
2024-06-17 17:31:51.299 [D] ?::?::Checking : 
2024-06-17 17:31:51.299 [D] ?::?::Checking : 
2024-06-17 17:31:51.299 [D] ?::?::Checking : YMC_PSA_LABELS.pdf - Adobe Acrobat Reader (64-bit)
2024-06-17 17:31:51.299 [D] ?::?::Checking : GFriend
2024-06-17 17:31:51.299 [D] ?::?::Checking : Program Manager
2024-06-17 17:31:51.299 [D] ?::?::Null return
2024-06-17 17:31:51.820 [D] ?::?::Checking : 
2024-06-17 17:31:51.820 [D] ?::?::Checking : 
2024-06-17 17:31:51.820 [D] ?::?::Checking : YMC_PSA_LABELS.pdf - Adobe Acrobat Reader (64-bit)
2024-06-17 17:31:51.820 [D] ?::?::Checking : GFriend
2024-06-17 17:31:51.820 [D] ?::?::Checking : Program Manager
2024-06-17 17:31:51.820 [D] ?::?::Null return
2024-06-17 17:31:52.340 [D] ?::?::Checking : 
2024-06-17 17:31:52.340 [D] ?::?::Checking : 
2024-06-17 17:31:52.340 [D] ?::?::Checking : YMC_PSA_LABELS.pdf - Adobe Acrobat Reader (64-bit)
2024-06-17 17:31:52.340 [D] ?::?::Checking : GFriend
2024-06-17 17:31:52.340 [D] ?::?::Checking : Program Manager
2024-06-17 17:31:52.340 [D] ?::?::Null return
2024-06-17 17:31:52.940 [T] ?::?::Keyword executed with result = Fail
2024-06-17 17:31:52.940 [T] ?::?::Line Number :27 Pass (Childpop was not displayed) is called
2024-06-17 17:31:52.971 [T] ?::?::Keyword executed with result = Pass
2024-06-17 17:31:52.987 [T] ?::?::Line Number :56 Windows.Wait For ID (ui_Preset_Combo,5) is called
2024-06-17 17:31:52.987 [D] ?::?::Finding target in Nothing
2024-06-17 17:31:52.987 [D] ?::?::Missing target. Get focused
2024-06-17 17:31:52.987 [D] ?::?::Finding target in 
2024-06-17 17:31:53.002 [D] ?::?::Finding target in HP PrintSupportApp
2024-06-17 17:31:53.034 [T] ?::?::Keyword executed with result = Pass
2024-06-17 17:31:53.049 [T] ?::?::Line Number :57 Windows.Click ID With Mouse (ui_Preset_Combo) is called
2024-06-17 17:31:53.049 [D] ?::?::Finding target in Nothing
2024-06-17 17:31:53.049 [D] ?::?::Missing target. Get focused
2024-06-17 17:31:53.049 [D] ?::?::Finding target in 
2024-06-17 17:31:53.065 [D] ?::?::Finding target in HP PrintSupportApp
2024-06-17 17:31:53.600 [T] ?::?::Selected element name : 
2024-06-17 17:31:53.741 [T] ?::?::Keyword executed with result = Pass
2024-06-17 17:31:53.756 [T] ?::?::Line Number :58 Windows.Wait For Name (Labels,5) is called
2024-06-17 17:31:53.756 [D] ?::?::Finding target in Nothing
2024-06-17 17:31:53.756 [D] ?::?::Missing target. Get focused
2024-06-17 17:31:53.766 [D] ?::?::Finding target in 
2024-06-17 17:31:53.788 [D] ?::?::Finding target in PopupHost
2024-06-17 17:31:53.804 [T] ?::?::Keyword executed with result = Pass
2024-06-17 17:31:53.804 [T] ?::?::Line Number :59 Windows.Click Name (Labels) is called
2024-06-17 17:31:53.804 [D] ?::?::Finding target in Nothing
2024-06-17 17:31:53.804 [D] ?::?::Missing target. Get focused
2024-06-17 17:31:53.804 [D] ?::?::Finding target in 
2024-06-17 17:31:53.819 [D] ?::?::Finding target in PopupHost
2024-06-17 17:31:53.819 [T] ?::?::Select Pattern
2024-06-17 17:31:53.945 [T] ?::?::Keyword executed with result = Pass
2024-06-17 17:31:53.945 [T] ?::?::Line Number :60 Windows.Capture Screen Shot(Labels.jpg) is called
2024-06-17 17:31:54.024 [T] ?::?::Keyword executed with result = Pass
2024-06-17 17:31:54.039 [T] ?::?::Line Number :61 Sleep(5) is called
2024-06-17 17:31:59.064 [T] ?::?::Keyword executed with result = Pass
2024-06-17 17:31:59.080 [T] ?::?::Line Number :62 Hallasan.Confirm is called
2024-06-17 17:31:59.080 [D] ?::?::Finding target in Nothing
2024-06-17 17:31:59.080 [D] ?::?::Missing target. Get focused
2024-06-17 17:31:59.080 [D] ?::?::Finding target in 
2024-06-17 17:31:59.096 [D] ?::?::Finding target in HP PrintSupportApp
2024-06-17 17:31:59.143 [T] ?::?::Selected element name : OK
2024-06-17 17:31:59.143 [T] ?::?::Invoke Pattern
2024-06-17 17:31:59.159 [D] ?::?::UI Automation Event : InvokePatternIdentifiers.InvokedEvent
2024-06-17 17:31:59.316 [T] ?::?::Keyword executed with result = Pass
2024-06-17 17:31:59.331 [T] ?::?::Line Number :63 Sleep(5) is called
2024-06-17 17:32:04.362 [T] ?::?::Keyword executed with result = Pass
2024-06-17 17:32:04.362 [T] ?::?::Line Number :64 Click_Print_Button.Print is called
2024-06-17 17:32:04.398 [T] ?::?::Line Number :8 Hallasan.Click Print Button is called
2024-06-17 17:32:06.410 [D] ?::?::Finding target in Nothing
2024-06-17 17:32:06.410 [D] ?::?::Missing target. Get focused
2024-06-17 17:32:06.410 [D] ?::?::Finding target in 
2024-06-17 17:32:06.425 [D] ?::?::Finding target in YMC_PSA_LABELS.pdf - Adobe Acrobat Reader (64-bit)
2024-06-17 17:32:06.457 [T] ?::?::Invoke Pattern
2024-06-17 17:32:06.488 [D] ?::?::UI Automation Event : InvokePatternIdentifiers.InvokedEvent
2024-06-17 17:32:06.505 [T] ?::?::Keyword executed with result = Pass
2024-06-17 17:32:06.505 [T] ?::?::Line Number :9 Sleep(10) is called
2024-06-17 17:32:16.542 [T] ?::?::Keyword executed with result = Pass
2024-06-17 17:32:16.542 [T] ?::?::Line Number :0 If :  Hallasan.Close Application is called
2024-06-17 17:32:16.573 [T] ?::?::Keyword executed with result = Pass
2024-06-17 17:32:16.573 [T] ?::?::Line Number :23 Sleep(10) is called
2024-06-17 17:32:26.611 [T] ?::?::Keyword executed with result = Pass
2024-06-17 17:32:26.626 [T] ?::?::Line Number :65 Destination_Selection_PSA_Application.PT Value_Label_PSA is called
2024-06-17 17:32:26.658 [T] ?::?::Line Number :88 XML.Load From File (C:\temp\H_JobSetup_OutPT.xml) is called
2024-06-17 17:32:26.673 [T] ?::?::Keyword executed with result = Pass
2024-06-17 17:32:26.673 [T] ?::?::Line Number :89 XML.Get Attribute (${value},//*[@name='psk:PageMediaType']/psf:Option,name) is called
2024-06-17 17:32:26.705 [T] ?::?::Keyword executed with result = Pass
2024-06-17 17:32:26.705 [T] ?::?::Line Number :90 Equals (${value},psk:Label) is called
2024-06-17 17:32:26.720 [T] ?::?::Keyword executed with result = Pass
2024-06-17 17:32:26.736 [T] ?::?::Line Number :91 XML.Get Attribute (${value},//*[@name='ns0000:JobTelemetryUserOption']/psf:Option,name) is called
2024-06-17 17:32:26.768 [T] ?::?::Keyword executed with result = Pass
2024-06-17 17:32:26.768 [T] ?::?::Line Number :92 Equals (${value},ns0000:OptIn) is called
2024-06-17 17:32:26.799 [T] ?::?::Keyword executed with result = Pass
2024-06-17 17:32:26.799 [T] ?::?::Line Number :93 Run Command(cmd /c copy c:\temp\H_JobSetup_OutPT.xml "${OUTPUT_FOLDER}",${commandOutput},5) is called
2024-06-17 17:32:26.940 [T] ?::?::Keyword executed with result = Pass
2024-06-17 17:32:26.987 [T] ?::?::Line Number :71 Destination_Selection_PSA_Application.Destination Selection_PPUI_Refresh_PSA is called
2024-06-17 17:32:27.018 [T] ?::?::Line Number :104 Hallasan.Open File For Print (C:\GFriend_PotG\Potg_Driver\PotG Testfile\PSA\YMC_PSA_REFRESH.pdf,HP_PrintSupport_App) is called
2024-06-17 17:32:27.018 [T] ?::?::Open Acrobat Reader
2024-06-17 17:32:29.062 [T] ?::?::Process is started with C:\GFriend_PotG\Potg_Driver\PotG Testfile\PSA\YMC_PSA_REFRESH.pdf and Process Id is 10560
2024-06-17 17:32:39.070 [T] ?::?::Current focused process id : 19260
2024-06-17 17:32:39.070 [D] ?::?::Finding target in 
2024-06-17 17:32:39.086 [T] ?::?::Get Acrobat Reader
2024-06-17 17:32:39.087 [D] ?::?::Finding target in 
2024-06-17 17:32:41.180 [D] ?::?::Get Print Dialog
2024-06-17 17:32:46.195 [D] ?::?::Finding target in YMC_PSA_REFRESH.pdf - Adobe Acrobat Reader (64-bit)
2024-06-17 17:32:46.211 [D] ?::?::Select printer combobox
2024-06-17 17:32:46.211 [D] ?::?::Finding target in 
2024-06-17 17:32:46.211 [T] ?::?::Expand/Collapse Pattern
2024-06-17 17:32:46.211 [T] ?::?::Expand
2024-06-17 17:32:46.385 [D] ?::?::Printer select
2024-06-17 17:32:46.385 [D] ?::?::Finding target in Printer:
2024-06-17 17:32:46.385 [T] ?::?::Select Pattern
2024-06-17 17:32:49.427 [D] ?::?::Finding printer properties
2024-06-17 17:32:49.427 [D] ?::?::Finding target in 
2024-06-17 17:32:49.427 [D] ?::?::Properties element is null? : False
2024-06-17 17:32:49.427 [T] ?::?::Invoke Pattern
2024-06-17 17:32:49.474 [D] ?::?::UI Automation Event : InvokePatternIdentifiers.InvokedEvent
2024-06-17 17:32:59.486 [T] ?::?::Keyword executed with result = Pass
2024-06-17 17:32:59.486 [T] ?::?::Line Number :105 Windows.Wait For Name (HP_PrintSupport_App,30) is called
2024-06-17 17:32:59.486 [D] ?::?::Finding target in YMC_PSA_REFRESH.pdf - Adobe Acrobat Reader (64-bit)
2024-06-17 17:32:59.517 [T] ?::?::Keyword executed with result = Pass
2024-06-17 17:32:59.536 [T] ?::?::Line Number :106 Sleep(6) is called
2024-06-17 17:33:05.568 [T] ?::?::Keyword executed with result = Pass
2024-06-17 17:33:05.583 [T] ?::?::Line Number :72 Used_Destination_Selection_Function.not Used Destination Selection Function is called
2024-06-17 17:33:05.630 [T] ?::?::Line Number :73 Destination_Selection_PSA_Application.Expections_Error is called
2024-06-17 17:33:05.678 [T] ?::?::Line Number :11 Windows.Capture Full Screen (SS) is called
2024-06-17 17:33:05.740 [T] ?::?::Keyword executed with result = Pass
2024-06-17 17:33:05.740 [T] ?::?::Line Number :0 If :  Windows.Select Child Window With Title (HP_PrintSupport_App,5) is called
2024-06-17 17:33:05.753 [D] ?::?::Finding target in YMC_PSA_REFRESH.pdf - Adobe Acrobat Reader (64-bit)
2024-06-17 17:33:06.324 [D] ?::?::Finding target in YMC_PSA_REFRESH.pdf - Adobe Acrobat Reader (64-bit)
2024-06-17 17:33:06.907 [D] ?::?::Finding target in YMC_PSA_REFRESH.pdf - Adobe Acrobat Reader (64-bit)
2024-06-17 17:33:07.475 [D] ?::?::Finding target in YMC_PSA_REFRESH.pdf - Adobe Acrobat Reader (64-bit)
2024-06-17 17:33:08.042 [D] ?::?::Finding target in YMC_PSA_REFRESH.pdf - Adobe Acrobat Reader (64-bit)
2024-06-17 17:33:08.609 [D] ?::?::Finding target in YMC_PSA_REFRESH.pdf - Adobe Acrobat Reader (64-bit)
2024-06-17 17:33:09.193 [D] ?::?::Finding target in YMC_PSA_REFRESH.pdf - Adobe Acrobat Reader (64-bit)
2024-06-17 17:33:09.759 [D] ?::?::Finding target in YMC_PSA_REFRESH.pdf - Adobe Acrobat Reader (64-bit)
2024-06-17 17:33:10.328 [D] ?::?::Finding target in YMC_PSA_REFRESH.pdf - Adobe Acrobat Reader (64-bit)
2024-06-17 17:33:10.971 [T] ?::?::Keyword executed with result = Fail
2024-06-17 17:33:10.971 [T] ?::?::Line Number :18 Pass (Childpop was not displayed) is called
2024-06-17 17:33:10.987 [T] ?::?::Keyword executed with result = Pass
2024-06-17 17:33:11.003 [T] ?::?::Line Number :20 Windows.Capture Full Screen (SSS) is called
2024-06-17 17:33:11.081 [T] ?::?::Keyword executed with result = Pass
2024-06-17 17:33:11.081 [T] ?::?::Line Number :0 If :  Windows.Select Application (HP_PrintSupport_App,5) is called
2024-06-17 17:33:11.081 [D] ?::?::Checking : 
2024-06-17 17:33:11.081 [D] ?::?::Checking : 
2024-06-17 17:33:11.081 [D] ?::?::Checking : YMC_PSA_REFRESH.pdf - Adobe Acrobat Reader (64-bit)
2024-06-17 17:33:11.097 [D] ?::?::Checking : GFriend
2024-06-17 17:33:11.112 [D] ?::?::Checking : Program Manager
2024-06-17 17:33:11.112 [D] ?::?::Null return
2024-06-17 17:33:11.617 [D] ?::?::Checking : 
2024-06-17 17:33:11.617 [D] ?::?::Checking : 
2024-06-17 17:33:11.617 [D] ?::?::Checking : YMC_PSA_REFRESH.pdf - Adobe Acrobat Reader (64-bit)
2024-06-17 17:33:11.617 [D] ?::?::Checking : GFriend
2024-06-17 17:33:11.617 [D] ?::?::Checking : Program Manager
2024-06-17 17:33:11.617 [D] ?::?::Null return
2024-06-17 17:33:12.137 [D] ?::?::Checking : 
2024-06-17 17:33:12.137 [D] ?::?::Checking : 
2024-06-17 17:33:12.137 [D] ?::?::Checking : YMC_PSA_REFRESH.pdf - Adobe Acrobat Reader (64-bit)
2024-06-17 17:33:12.137 [D] ?::?::Checking : GFriend
2024-06-17 17:33:12.137 [D] ?::?::Checking : Program Manager
2024-06-17 17:33:12.137 [D] ?::?::Null return
2024-06-17 17:33:12.658 [D] ?::?::Checking : 
2024-06-17 17:33:12.658 [D] ?::?::Checking : 
2024-06-17 17:33:12.658 [D] ?::?::Checking : YMC_PSA_REFRESH.pdf - Adobe Acrobat Reader (64-bit)
2024-06-17 17:33:12.658 [D] ?::?::Checking : GFriend
2024-06-17 17:33:12.658 [D] ?::?::Checking : Program Manager
2024-06-17 17:33:12.658 [D] ?::?::Null return
2024-06-17 17:33:13.182 [D] ?::?::Checking : 
2024-06-17 17:33:13.182 [D] ?::?::Checking : 
2024-06-17 17:33:13.182 [D] ?::?::Checking : YMC_PSA_REFRESH.pdf - Adobe Acrobat Reader (64-bit)
2024-06-17 17:33:13.182 [D] ?::?::Checking : GFriend
2024-06-17 17:33:13.197 [D] ?::?::Checking : Program Manager
2024-06-17 17:33:13.197 [D] ?::?::Null return
2024-06-17 17:33:13.703 [D] ?::?::Checking : 
2024-06-17 17:33:13.703 [D] ?::?::Checking : 
2024-06-17 17:33:13.703 [D] ?::?::Checking : YMC_PSA_REFRESH.pdf - Adobe Acrobat Reader (64-bit)
2024-06-17 17:33:13.703 [D] ?::?::Checking : GFriend
2024-06-17 17:33:13.703 [D] ?::?::Checking : Program Manager
2024-06-17 17:33:13.703 [D] ?::?::Null return
2024-06-17 17:33:14.224 [D] ?::?::Checking : 
2024-06-17 17:33:14.224 [D] ?::?::Checking : 
2024-06-17 17:33:14.224 [D] ?::?::Checking : YMC_PSA_REFRESH.pdf - Adobe Acrobat Reader (64-bit)
2024-06-17 17:33:14.224 [D] ?::?::Checking : GFriend
2024-06-17 17:33:14.224 [D] ?::?::Checking : Program Manager
2024-06-17 17:33:14.224 [D] ?::?::Null return
2024-06-17 17:33:14.744 [D] ?::?::Checking : 
2024-06-17 17:33:14.744 [D] ?::?::Checking : 
2024-06-17 17:33:14.744 [D] ?::?::Checking : YMC_PSA_REFRESH.pdf - Adobe Acrobat Reader (64-bit)
2024-06-17 17:33:14.744 [D] ?::?::Checking : GFriend
2024-06-17 17:33:14.744 [D] ?::?::Checking : Program Manager
2024-06-17 17:33:14.744 [D] ?::?::Null return
2024-06-17 17:33:15.266 [D] ?::?::Checking : 
2024-06-17 17:33:15.266 [D] ?::?::Checking : 
2024-06-17 17:33:15.266 [D] ?::?::Checking : YMC_PSA_REFRESH.pdf - Adobe Acrobat Reader (64-bit)
2024-06-17 17:33:15.266 [D] ?::?::Checking : GFriend
2024-06-17 17:33:15.266 [D] ?::?::Checking : Program Manager
2024-06-17 17:33:15.266 [D] ?::?::Null return
2024-06-17 17:33:15.787 [D] ?::?::Checking : 
2024-06-17 17:33:15.787 [D] ?::?::Checking : 
2024-06-17 17:33:15.787 [D] ?::?::Checking : YMC_PSA_REFRESH.pdf - Adobe Acrobat Reader (64-bit)
2024-06-17 17:33:15.787 [D] ?::?::Checking : GFriend
2024-06-17 17:33:15.787 [D] ?::?::Checking : Program Manager
2024-06-17 17:33:15.787 [D] ?::?::Null return
2024-06-17 17:33:16.371 [T] ?::?::Keyword executed with result = Fail
2024-06-17 17:33:16.383 [T] ?::?::Line Number :27 Pass (Childpop was not displayed) is called
2024-06-17 17:33:16.403 [T] ?::?::Keyword executed with result = Pass
2024-06-17 17:33:16.434 [T] ?::?::Line Number :74 Windows.Click ID (RefreshButton) is called
2024-06-17 17:33:16.434 [D] ?::?::Finding target in Nothing
2024-06-17 17:33:16.434 [D] ?::?::Missing target. Get focused
2024-06-17 17:33:16.434 [D] ?::?::Finding target in 
2024-06-17 17:33:16.450 [D] ?::?::Finding target in HP PrintSupportApp
2024-06-17 17:33:16.450 [T] ?::?::Selected element name : 
2024-06-17 17:33:16.450 [T] ?::?::Invoke Pattern
2024-06-17 17:33:16.465 [D] ?::?::UI Automation Event : InvokePatternIdentifiers.InvokedEvent
2024-06-17 17:33:16.483 [T] ?::?::Keyword executed with result = Pass
2024-06-17 17:33:16.483 [T] ?::?::Line Number :75 Windows.Capture Screen Shot(RefreshButton.jpg) is called
2024-06-17 17:33:16.575 [T] ?::?::Keyword executed with result = Pass
2024-06-17 17:33:16.575 [T] ?::?::Line Number :76 Sleep(5) is called
2024-06-17 17:33:21.598 [T] ?::?::Keyword executed with result = Pass
2024-06-17 17:33:21.598 [T] ?::?::Line Number :77 Hallasan.Confirm is called
2024-06-17 17:33:21.598 [D] ?::?::Finding target in Nothing
2024-06-17 17:33:21.598 [D] ?::?::Missing target. Get focused
2024-06-17 17:33:21.598 [D] ?::?::Finding target in 
2024-06-17 17:33:21.614 [D] ?::?::Finding target in HP PrintSupportApp
2024-06-17 17:33:21.661 [T] ?::?::Selected element name : OK
2024-06-17 17:33:21.661 [T] ?::?::Invoke Pattern
2024-06-17 17:33:21.676 [D] ?::?::UI Automation Event : InvokePatternIdentifiers.InvokedEvent
2024-06-17 17:33:21.849 [T] ?::?::Keyword executed with result = Pass
2024-06-17 17:33:21.865 [T] ?::?::Line Number :78 Sleep(5) is called
2024-06-17 17:33:26.891 [T] ?::?::Keyword executed with result = Pass
2024-06-17 17:33:26.891 [T] ?::?::Line Number :79 Click_Print_Button.Print is called
2024-06-17 17:33:26.922 [T] ?::?::Line Number :8 Hallasan.Click Print Button is called
2024-06-17 17:33:28.946 [D] ?::?::Finding target in Nothing
2024-06-17 17:33:28.946 [D] ?::?::Missing target. Get focused
2024-06-17 17:33:28.946 [D] ?::?::Finding target in 
2024-06-17 17:33:28.962 [D] ?::?::Finding target in YMC_PSA_REFRESH.pdf - Adobe Acrobat Reader (64-bit)
2024-06-17 17:33:28.993 [T] ?::?::Invoke Pattern
2024-06-17 17:33:29.024 [D] ?::?::UI Automation Event : InvokePatternIdentifiers.InvokedEvent
2024-06-17 17:33:29.040 [T] ?::?::Keyword executed with result = Pass
2024-06-17 17:33:29.040 [T] ?::?::Line Number :9 Sleep(10) is called
2024-06-17 17:33:39.072 [T] ?::?::Keyword executed with result = Pass
2024-06-17 17:33:39.072 [T] ?::?::Line Number :0 If :  Hallasan.Close Application is called
2024-06-17 17:33:39.103 [T] ?::?::Keyword executed with result = Pass
2024-06-17 17:33:39.103 [T] ?::?::Line Number :23 Sleep(10) is called
2024-06-17 17:33:49.145 [T] ?::?::Keyword executed with result = Pass
2024-06-17 17:33:49.167 [T] ?::?::Line Number :80 Destination_Selection_PSA_Application.PT Value_Label_PSA is called
2024-06-17 17:33:49.208 [T] ?::?::Line Number :88 XML.Load From File (C:\temp\H_JobSetup_OutPT.xml) is called
2024-06-17 17:33:49.208 [T] ?::?::Keyword executed with result = Pass
2024-06-17 17:33:49.239 [T] ?::?::Line Number :89 XML.Get Attribute (${value},//*[@name='psk:PageMediaType']/psf:Option,name) is called
2024-06-17 17:33:49.255 [T] ?::?::Keyword executed with result = Pass
2024-06-17 17:33:49.255 [T] ?::?::Line Number :90 Equals (${value},psk:Label) is called
2024-06-17 17:33:49.286 [T] ?::?::Keyword executed with result = Pass
2024-06-17 17:33:49.286 [T] ?::?::Line Number :91 XML.Get Attribute (${value},//*[@name='ns0000:JobTelemetryUserOption']/psf:Option,name) is called
2024-06-17 17:33:49.302 [T] ?::?::Keyword executed with result = Pass
2024-06-17 17:33:49.302 [T] ?::?::Line Number :92 Equals (${value},ns0000:OptIn) is called
2024-06-17 17:33:49.333 [T] ?::?::Keyword executed with result = Pass
2024-06-17 17:33:49.333 [T] ?::?::Line Number :93 Run Command(cmd /c copy c:\temp\H_JobSetup_OutPT.xml "${OUTPUT_FOLDER}",${commandOutput},5) is called
2024-06-17 17:33:49.459 [T] ?::?::Keyword executed with result = Pass
2024-06-17 17:33:49.506 [T] ?::?::Line Number :87 Destination_Selection_PSA_Application.Destination Selection_InfoIcon is called
2024-06-17 17:33:49.537 [T] ?::?::Line Number :123 Hallasan.Open File For Print (C:\GFriend_PotG\Potg_Driver\PotG Testfile\PSA\YMC_PSA_InformationIcon.pdf,HP_PrintSupport_App) is called
2024-06-17 17:33:49.537 [T] ?::?::Open Acrobat Reader
2024-06-17 17:33:51.562 [T] ?::?::Process is started with C:\GFriend_PotG\Potg_Driver\PotG Testfile\PSA\YMC_PSA_InformationIcon.pdf and Process Id is 13960
2024-06-17 17:34:01.575 [T] ?::?::Current focused process id : 16908
2024-06-17 17:34:01.575 [D] ?::?::Finding target in 
2024-06-17 17:34:01.575 [T] ?::?::Get Acrobat Reader
2024-06-17 17:34:01.591 [D] ?::?::Finding target in 
2024-06-17 17:34:03.677 [D] ?::?::Get Print Dialog
2024-06-17 17:34:08.684 [D] ?::?::Finding target in YMC_PSA_InformationIcon.pdf - Adobe Acrobat Reader (64-bit)
2024-06-17 17:34:08.684 [D] ?::?::Select printer combobox
2024-06-17 17:34:08.684 [D] ?::?::Finding target in 
2024-06-17 17:34:08.699 [T] ?::?::Expand/Collapse Pattern
2024-06-17 17:34:08.699 [T] ?::?::Expand
2024-06-17 17:34:08.858 [D] ?::?::Printer select
2024-06-17 17:34:08.858 [D] ?::?::Finding target in Printer:
2024-06-17 17:34:08.858 [T] ?::?::Select Pattern
2024-06-17 17:34:11.901 [D] ?::?::Finding printer properties
2024-06-17 17:34:11.902 [D] ?::?::Finding target in 
2024-06-17 17:34:11.917 [D] ?::?::Properties element is null? : False
2024-06-17 17:34:11.917 [T] ?::?::Invoke Pattern
2024-06-17 17:34:11.949 [D] ?::?::UI Automation Event : InvokePatternIdentifiers.InvokedEvent
2024-06-17 17:34:21.960 [T] ?::?::Keyword executed with result = Pass
2024-06-17 17:34:21.960 [T] ?::?::Line Number :124 Windows.Wait For Name (HP_PrintSupport_App,30) is called
2024-06-17 17:34:21.960 [D] ?::?::Finding target in YMC_PSA_InformationIcon.pdf - Adobe Acrobat Reader (64-bit)
2024-06-17 17:34:21.975 [T] ?::?::Keyword executed with result = Pass
2024-06-17 17:34:21.991 [T] ?::?::Line Number :125 Sleep(6) is called
2024-06-17 17:34:28.010 [T] ?::?::Keyword executed with result = Pass
2024-06-17 17:34:28.025 [T] ?::?::Line Number :88 Used_Destination_Selection_Function.not Used Destination Selection Function is called
2024-06-17 17:34:28.072 [T] ?::?::Line Number :89 Destination_Selection_PSA_Application.Expections_Error is called
2024-06-17 17:34:28.104 [T] ?::?::Line Number :11 Windows.Capture Full Screen (SS) is called
2024-06-17 17:34:28.182 [T] ?::?::Keyword executed with result = Pass
2024-06-17 17:34:28.182 [T] ?::?::Line Number :0 If :  Windows.Select Child Window With Title (HP_PrintSupport_App,5) is called
2024-06-17 17:34:28.182 [D] ?::?::Finding target in YMC_PSA_InformationIcon.pdf - Adobe Acrobat Reader (64-bit)
2024-06-17 17:34:28.750 [D] ?::?::Finding target in YMC_PSA_InformationIcon.pdf - Adobe Acrobat Reader (64-bit)
2024-06-17 17:34:29.318 [D] ?::?::Finding target in YMC_PSA_InformationIcon.pdf - Adobe Acrobat Reader (64-bit)
2024-06-17 17:34:29.888 [D] ?::?::Finding target in YMC_PSA_InformationIcon.pdf - Adobe Acrobat Reader (64-bit)
2024-06-17 17:34:30.453 [D] ?::?::Finding target in YMC_PSA_InformationIcon.pdf - Adobe Acrobat Reader (64-bit)
2024-06-17 17:34:31.021 [D] ?::?::Finding target in YMC_PSA_InformationIcon.pdf - Adobe Acrobat Reader (64-bit)
2024-06-17 17:34:31.604 [D] ?::?::Finding target in YMC_PSA_InformationIcon.pdf - Adobe Acrobat Reader (64-bit)
2024-06-17 17:34:32.172 [D] ?::?::Finding target in YMC_PSA_InformationIcon.pdf - Adobe Acrobat Reader (64-bit)
2024-06-17 17:34:32.739 [D] ?::?::Finding target in YMC_PSA_InformationIcon.pdf - Adobe Acrobat Reader (64-bit)
2024-06-17 17:34:33.382 [T] ?::?::Keyword executed with result = Fail
2024-06-17 17:34:33.382 [T] ?::?::Line Number :18 Pass (Childpop was not displayed) is called
2024-06-17 17:34:33.398 [T] ?::?::Keyword executed with result = Pass
2024-06-17 17:34:33.413 [T] ?::?::Line Number :20 Windows.Capture Full Screen (SSS) is called
2024-06-17 17:34:33.492 [T] ?::?::Keyword executed with result = Pass
2024-06-17 17:34:33.507 [T] ?::?::Line Number :0 If :  Windows.Select Application (HP_PrintSupport_App,5) is called
2024-06-17 17:34:33.507 [D] ?::?::Checking : 
2024-06-17 17:34:33.507 [D] ?::?::Checking : 
2024-06-17 17:34:33.507 [D] ?::?::Checking : YMC_PSA_InformationIcon.pdf - Adobe Acrobat Reader (64-bit)
2024-06-17 17:34:33.523 [D] ?::?::Checking : GFriend
2024-06-17 17:34:33.523 [D] ?::?::Checking : Program Manager
2024-06-17 17:34:33.523 [D] ?::?::Null return
2024-06-17 17:34:34.043 [D] ?::?::Checking : 
2024-06-17 17:34:34.043 [D] ?::?::Checking : 
2024-06-17 17:34:34.043 [D] ?::?::Checking : YMC_PSA_InformationIcon.pdf - Adobe Acrobat Reader (64-bit)
2024-06-17 17:34:34.043 [D] ?::?::Checking : GFriend
2024-06-17 17:34:34.043 [D] ?::?::Checking : Program Manager
2024-06-17 17:34:34.043 [D] ?::?::Null return
2024-06-17 17:34:34.563 [D] ?::?::Checking : 
2024-06-17 17:34:34.563 [D] ?::?::Checking : 
2024-06-17 17:34:34.563 [D] ?::?::Checking : YMC_PSA_InformationIcon.pdf - Adobe Acrobat Reader (64-bit)
2024-06-17 17:34:34.563 [D] ?::?::Checking : GFriend
2024-06-17 17:34:34.563 [D] ?::?::Checking : Program Manager
2024-06-17 17:34:34.563 [D] ?::?::Null return
2024-06-17 17:34:35.082 [D] ?::?::Checking : 
2024-06-17 17:34:35.082 [D] ?::?::Checking : 
2024-06-17 17:34:35.082 [D] ?::?::Checking : YMC_PSA_InformationIcon.pdf - Adobe Acrobat Reader (64-bit)
2024-06-17 17:34:35.082 [D] ?::?::Checking : GFriend
2024-06-17 17:34:35.098 [D] ?::?::Checking : Program Manager
2024-06-17 17:34:35.098 [D] ?::?::Null return
2024-06-17 17:34:35.604 [D] ?::?::Checking : 
2024-06-17 17:34:35.604 [D] ?::?::Checking : 
2024-06-17 17:34:35.604 [D] ?::?::Checking : YMC_PSA_InformationIcon.pdf - Adobe Acrobat Reader (64-bit)
2024-06-17 17:34:35.604 [D] ?::?::Checking : GFriend
2024-06-17 17:34:35.604 [D] ?::?::Checking : Program Manager
2024-06-17 17:34:35.604 [D] ?::?::Null return
2024-06-17 17:34:36.126 [D] ?::?::Checking : 
2024-06-17 17:34:36.126 [D] ?::?::Checking : 
2024-06-17 17:34:36.126 [D] ?::?::Checking : YMC_PSA_InformationIcon.pdf - Adobe Acrobat Reader (64-bit)
2024-06-17 17:34:36.126 [D] ?::?::Checking : GFriend
2024-06-17 17:34:36.126 [D] ?::?::Checking : Program Manager
2024-06-17 17:34:36.126 [D] ?::?::Null return
2024-06-17 17:34:36.647 [D] ?::?::Checking : 
2024-06-17 17:34:36.647 [D] ?::?::Checking : 
2024-06-17 17:34:36.647 [D] ?::?::Checking : YMC_PSA_InformationIcon.pdf - Adobe Acrobat Reader (64-bit)
2024-06-17 17:34:36.647 [D] ?::?::Checking : GFriend
2024-06-17 17:34:36.647 [D] ?::?::Checking : Program Manager
2024-06-17 17:34:36.647 [D] ?::?::Null return
2024-06-17 17:34:37.167 [D] ?::?::Checking : 
2024-06-17 17:34:37.167 [D] ?::?::Checking : 
2024-06-17 17:34:37.167 [D] ?::?::Checking : YMC_PSA_InformationIcon.pdf - Adobe Acrobat Reader (64-bit)
2024-06-17 17:34:37.167 [D] ?::?::Checking : GFriend
2024-06-17 17:34:37.178 [D] ?::?::Checking : Program Manager
2024-06-17 17:34:37.178 [D] ?::?::Null return
2024-06-17 17:34:37.688 [D] ?::?::Checking : 
2024-06-17 17:34:37.688 [D] ?::?::Checking : 
2024-06-17 17:34:37.688 [D] ?::?::Checking : YMC_PSA_InformationIcon.pdf - Adobe Acrobat Reader (64-bit)
2024-06-17 17:34:37.688 [D] ?::?::Checking : GFriend
2024-06-17 17:34:37.688 [D] ?::?::Checking : Program Manager
2024-06-17 17:34:37.688 [D] ?::?::Null return
2024-06-17 17:34:38.210 [D] ?::?::Checking : 
2024-06-17 17:34:38.210 [D] ?::?::Checking : 
2024-06-17 17:34:38.210 [D] ?::?::Checking : YMC_PSA_InformationIcon.pdf - Adobe Acrobat Reader (64-bit)
2024-06-17 17:34:38.210 [D] ?::?::Checking : GFriend
2024-06-17 17:34:38.210 [D] ?::?::Checking : Program Manager
2024-06-17 17:34:38.210 [D] ?::?::Null return
2024-06-17 17:34:38.808 [T] ?::?::Keyword executed with result = Fail
2024-06-17 17:34:38.808 [T] ?::?::Line Number :27 Pass (Childpop was not displayed) is called
2024-06-17 17:34:38.823 [T] ?::?::Keyword executed with result = Pass
2024-06-17 17:34:38.854 [T] ?::?::Line Number :90 Windows.Click ID With Mouse (AboutIcon) is called
2024-06-17 17:34:38.854 [D] ?::?::Finding target in Nothing
2024-06-17 17:34:38.854 [D] ?::?::Missing target. Get focused
2024-06-17 17:34:38.854 [D] ?::?::Finding target in 
2024-06-17 17:34:38.883 [D] ?::?::Finding target in HP PrintSupportApp
2024-06-17 17:34:39.407 [T] ?::?::Selected element name : 
2024-06-17 17:34:39.533 [T] ?::?::Keyword executed with result = Pass
2024-06-17 17:34:39.533 [T] ?::?::Line Number :91 Sleep(5) is called
2024-06-17 17:34:44.563 [T] ?::?::Keyword executed with result = Pass
2024-06-17 17:34:44.563 [T] ?::?::Line Number :92 Windows.Is Exist (DriverNameTextBlock) is called
2024-06-17 17:34:44.563 [D] ?::?::Finding target in Nothing
2024-06-17 17:34:44.563 [D] ?::?::Missing target. Get focused
2024-06-17 17:34:44.579 [D] ?::?::Finding target in 
2024-06-17 17:34:44.594 [D] ?::?::Finding target in HP PrintSupportApp
2024-06-17 17:34:44.673 [T] ?::?::Keyword executed with result = Pass
2024-06-17 17:34:44.688 [T] ?::?::Line Number :93 Sleep(5) is called
2024-06-17 17:34:49.718 [T] ?::?::Keyword executed with result = Pass
2024-06-17 17:34:49.718 [T] ?::?::Line Number :94 Windows.Click Name (OK) is called
2024-06-17 17:34:49.718 [D] ?::?::Finding target in Nothing
2024-06-17 17:34:49.718 [D] ?::?::Missing target. Get focused
2024-06-17 17:34:49.718 [D] ?::?::Finding target in 
2024-06-17 17:34:49.749 [D] ?::?::Finding target in HP PrintSupportApp
2024-06-17 17:34:49.796 [T] ?::?::Invoke Pattern
2024-06-17 17:34:49.796 [D] ?::?::UI Automation Event : InvokePatternIdentifiers.InvokedEvent
2024-06-17 17:34:49.984 [T] ?::?::Keyword executed with result = Pass
2024-06-17 17:34:50.000 [T] ?::?::Line Number :95 Windows.Capture Screen Shot(InformationIcon.jpg) is called
2024-06-17 17:34:50.094 [T] ?::?::Keyword executed with result = Pass
2024-06-17 17:34:50.110 [T] ?::?::Line Number :96 Sleep(5) is called
2024-06-17 17:34:55.143 [T] ?::?::Keyword executed with result = Pass
2024-06-17 17:34:55.143 [T] ?::?::Line Number :97 Click_Print_Button.Print is called
2024-06-17 17:34:55.190 [T] ?::?::Line Number :8 Hallasan.Click Print Button is called
2024-06-17 17:34:57.196 [D] ?::?::Finding target in Nothing
2024-06-17 17:34:57.196 [D] ?::?::Missing target. Get focused
2024-06-17 17:34:57.196 [D] ?::?::Finding target in 
2024-06-17 17:34:57.212 [D] ?::?::Finding target in YMC_PSA_InformationIcon.pdf - Adobe Acrobat Reader (64-bit)
2024-06-17 17:34:57.243 [T] ?::?::Invoke Pattern
2024-06-17 17:34:57.259 [D] ?::?::UI Automation Event : InvokePatternIdentifiers.InvokedEvent
2024-06-17 17:34:57.275 [T] ?::?::Keyword executed with result = Pass
2024-06-17 17:34:57.290 [T] ?::?::Line Number :9 Sleep(10) is called
2024-06-17 17:35:07.325 [T] ?::?::Keyword executed with result = Pass
2024-06-17 17:35:07.325 [T] ?::?::Line Number :0 If :  Hallasan.Close Application is called
2024-06-17 17:35:07.358 [T] ?::?::Keyword executed with result = Pass
2024-06-17 17:35:07.372 [T] ?::?::Line Number :23 Sleep(10) is called
2024-06-17 17:35:17.397 [T] ?::?::Keyword executed with result = Pass
2024-06-17 17:35:17.413 [T] ?::?::Line Number :98 Destination_Selection_PSA_Application.PT Value_InfoIcon_PSA is called
2024-06-17 17:35:17.444 [T] ?::?::Line Number :131 XML.Load From File (C:\temp\H_JobSetup_OutPT.xml) is called
2024-06-17 17:35:17.460 [T] ?::?::Keyword executed with result = Pass
2024-06-17 17:35:17.491 [T] ?::?::Line Number :132 XML.Get Attribute (${value},//*[@name='ns0000:JobTelemetryUserOption']/psf:Option,name) is called
2024-06-17 17:35:17.507 [T] ?::?::Keyword executed with result = Pass
2024-06-17 17:35:17.507 [T] ?::?::Line Number :133 Equals (${value},ns0000:OptIn) is called
2024-06-17 17:35:17.522 [T] ?::?::Keyword executed with result = Pass
2024-06-17 17:35:17.538 [T] ?::?::Line Number :134 Run Command(cmd /c copy c:\temp\H_JobSetup_OutPT.xml "${OUTPUT_FOLDER}",${commandOutput},5) is called
2024-06-17 17:35:17.664 [T] ?::?::Keyword executed with result = Pass
2024-06-17 17:35:17.695 [T] ?::?::Line Number :105 Destination_Selection_PSA_Application.Destination Selection_Collate_On is called
2024-06-17 17:35:17.726 [T] ?::?::Line Number :343 Hallasan.Open File For Print (C:\GFriend_PotG\Potg_Driver\PotG Testfile\PSA\YMC_PSA_CollateON.pdf,HP_PrintSupport_App) is called
2024-06-17 17:35:17.726 [T] ?::?::Open Acrobat Reader
2024-06-17 17:35:19.758 [T] ?::?::Process is started with C:\GFriend_PotG\Potg_Driver\PotG Testfile\PSA\YMC_PSA_CollateON.pdf and Process Id is 6792
2024-06-17 17:35:29.760 [T] ?::?::Current focused process id : 9700
2024-06-17 17:35:29.760 [D] ?::?::Finding target in 
2024-06-17 17:35:29.775 [T] ?::?::Get Acrobat Reader
2024-06-17 17:35:29.775 [D] ?::?::Finding target in 
2024-06-17 17:35:31.864 [D] ?::?::Get Print Dialog
2024-06-17 17:35:36.873 [D] ?::?::Finding target in YMC_PSA_CollateON.pdf - Adobe Acrobat Reader (64-bit)
2024-06-17 17:35:36.873 [D] ?::?::Select printer combobox
2024-06-17 17:35:36.873 [D] ?::?::Finding target in 
2024-06-17 17:35:36.873 [T] ?::?::Expand/Collapse Pattern
2024-06-17 17:35:36.873 [T] ?::?::Expand
2024-06-17 17:35:37.030 [D] ?::?::Printer select
2024-06-17 17:35:37.030 [D] ?::?::Finding target in Printer:
2024-06-17 17:35:37.030 [T] ?::?::Select Pattern
2024-06-17 17:35:40.070 [D] ?::?::Finding printer properties
2024-06-17 17:35:40.070 [D] ?::?::Finding target in 
2024-06-17 17:35:40.070 [D] ?::?::Properties element is null? : False
2024-06-17 17:35:40.070 [T] ?::?::Invoke Pattern
2024-06-17 17:35:40.117 [D] ?::?::UI Automation Event : InvokePatternIdentifiers.InvokedEvent
2024-06-17 17:35:50.120 [T] ?::?::Keyword executed with result = Pass
2024-06-17 17:35:50.120 [T] ?::?::Line Number :344 Windows.Wait For Name (HP_PrintSupport_App,30) is called
2024-06-17 17:35:50.120 [D] ?::?::Finding target in YMC_PSA_CollateON.pdf - Adobe Acrobat Reader (64-bit)
2024-06-17 17:35:50.135 [T] ?::?::Keyword executed with result = Pass
2024-06-17 17:35:50.151 [T] ?::?::Line Number :345 Sleep(6) is called
2024-06-17 17:35:56.175 [T] ?::?::Keyword executed with result = Pass
2024-06-17 17:35:56.193 [T] ?::?::Line Number :106 Used_Destination_Selection_Function.not Used Destination Selection Function is called
2024-06-17 17:35:56.238 [T] ?::?::Line Number :107 Destination_Selection_PSA_Application.Expections_Error is called
2024-06-17 17:35:56.269 [T] ?::?::Line Number :11 Windows.Capture Full Screen (SS) is called
2024-06-17 17:35:56.363 [T] ?::?::Keyword executed with result = Pass
2024-06-17 17:35:56.363 [T] ?::?::Line Number :0 If :  Windows.Select Child Window With Title (HP_PrintSupport_App,5) is called
2024-06-17 17:35:56.363 [D] ?::?::Finding target in YMC_PSA_CollateON.pdf - Adobe Acrobat Reader (64-bit)
2024-06-17 17:35:56.931 [D] ?::?::Finding target in YMC_PSA_CollateON.pdf - Adobe Acrobat Reader (64-bit)
2024-06-17 17:35:57.500 [D] ?::?::Finding target in YMC_PSA_CollateON.pdf - Adobe Acrobat Reader (64-bit)
2024-06-17 17:35:58.068 [D] ?::?::Finding target in YMC_PSA_CollateON.pdf - Adobe Acrobat Reader (64-bit)
2024-06-17 17:35:58.636 [D] ?::?::Finding target in YMC_PSA_CollateON.pdf - Adobe Acrobat Reader (64-bit)
2024-06-17 17:35:59.203 [D] ?::?::Finding target in YMC_PSA_CollateON.pdf - Adobe Acrobat Reader (64-bit)
2024-06-17 17:35:59.770 [D] ?::?::Finding target in YMC_PSA_CollateON.pdf - Adobe Acrobat Reader (64-bit)
2024-06-17 17:36:00.337 [D] ?::?::Finding target in YMC_PSA_CollateON.pdf - Adobe Acrobat Reader (64-bit)
2024-06-17 17:36:00.919 [D] ?::?::Finding target in YMC_PSA_CollateON.pdf - Adobe Acrobat Reader (64-bit)
2024-06-17 17:36:01.549 [T] ?::?::Keyword executed with result = Fail
2024-06-17 17:36:01.549 [T] ?::?::Line Number :18 Pass (Childpop was not displayed) is called
2024-06-17 17:36:01.581 [T] ?::?::Keyword executed with result = Pass
2024-06-17 17:36:01.581 [T] ?::?::Line Number :20 Windows.Capture Full Screen (SSS) is called
2024-06-17 17:36:01.659 [T] ?::?::Keyword executed with result = Pass
2024-06-17 17:36:01.675 [T] ?::?::Line Number :0 If :  Windows.Select Application (HP_PrintSupport_App,5) is called
2024-06-17 17:36:01.675 [D] ?::?::Checking : 
2024-06-17 17:36:01.675 [D] ?::?::Checking : 
2024-06-17 17:36:01.675 [D] ?::?::Checking : YMC_PSA_CollateON.pdf - Adobe Acrobat Reader (64-bit)
2024-06-17 17:36:01.690 [D] ?::?::Checking : GFriend
2024-06-17 17:36:01.706 [D] ?::?::Checking : Program Manager
2024-06-17 17:36:01.706 [D] ?::?::Null return
2024-06-17 17:36:02.210 [D] ?::?::Checking : 
2024-06-17 17:36:02.210 [D] ?::?::Checking : 
2024-06-17 17:36:02.210 [D] ?::?::Checking : YMC_PSA_CollateON.pdf - Adobe Acrobat Reader (64-bit)
2024-06-17 17:36:02.210 [D] ?::?::Checking : GFriend
2024-06-17 17:36:02.210 [D] ?::?::Checking : Program Manager
2024-06-17 17:36:02.210 [D] ?::?::Null return
2024-06-17 17:36:02.729 [D] ?::?::Checking : 
2024-06-17 17:36:02.729 [D] ?::?::Checking : 
2024-06-17 17:36:02.729 [D] ?::?::Checking : YMC_PSA_CollateON.pdf - Adobe Acrobat Reader (64-bit)
2024-06-17 17:36:02.729 [D] ?::?::Checking : GFriend
2024-06-17 17:36:02.729 [D] ?::?::Checking : Program Manager
2024-06-17 17:36:02.729 [D] ?::?::Null return
2024-06-17 17:36:03.253 [D] ?::?::Checking : 
2024-06-17 17:36:03.253 [D] ?::?::Checking : 
2024-06-17 17:36:03.253 [D] ?::?::Checking : YMC_PSA_CollateON.pdf - Adobe Acrobat Reader (64-bit)
2024-06-17 17:36:03.253 [D] ?::?::Checking : GFriend
2024-06-17 17:36:03.253 [D] ?::?::Checking : Program Manager
2024-06-17 17:36:03.253 [D] ?::?::Null return
2024-06-17 17:36:03.773 [D] ?::?::Checking : 
2024-06-17 17:36:03.773 [D] ?::?::Checking : 
2024-06-17 17:36:03.773 [D] ?::?::Checking : YMC_PSA_CollateON.pdf - Adobe Acrobat Reader (64-bit)
2024-06-17 17:36:03.773 [D] ?::?::Checking : GFriend
2024-06-17 17:36:03.773 [D] ?::?::Checking : Program Manager
2024-06-17 17:36:03.773 [D] ?::?::Null return
2024-06-17 17:36:04.293 [D] ?::?::Checking : 
2024-06-17 17:36:04.293 [D] ?::?::Checking : 
2024-06-17 17:36:04.293 [D] ?::?::Checking : YMC_PSA_CollateON.pdf - Adobe Acrobat Reader (64-bit)
2024-06-17 17:36:04.293 [D] ?::?::Checking : GFriend
2024-06-17 17:36:04.293 [D] ?::?::Checking : Program Manager
2024-06-17 17:36:04.293 [D] ?::?::Null return
2024-06-17 17:36:04.813 [D] ?::?::Checking : 
2024-06-17 17:36:04.817 [D] ?::?::Checking : 
2024-06-17 17:36:04.817 [D] ?::?::Checking : YMC_PSA_CollateON.pdf - Adobe Acrobat Reader (64-bit)
2024-06-17 17:36:04.817 [D] ?::?::Checking : GFriend
2024-06-17 17:36:04.817 [D] ?::?::Checking : Program Manager
2024-06-17 17:36:04.817 [D] ?::?::Null return
2024-06-17 17:36:05.335 [D] ?::?::Checking : 
2024-06-17 17:36:05.335 [D] ?::?::Checking : 
2024-06-17 17:36:05.335 [D] ?::?::Checking : YMC_PSA_CollateON.pdf - Adobe Acrobat Reader (64-bit)
2024-06-17 17:36:05.335 [D] ?::?::Checking : GFriend
2024-06-17 17:36:05.335 [D] ?::?::Checking : Program Manager
2024-06-17 17:36:05.335 [D] ?::?::Null return
2024-06-17 17:36:05.855 [D] ?::?::Checking : 
2024-06-17 17:36:05.855 [D] ?::?::Checking : 
2024-06-17 17:36:05.855 [D] ?::?::Checking : YMC_PSA_CollateON.pdf - Adobe Acrobat Reader (64-bit)
2024-06-17 17:36:05.855 [D] ?::?::Checking : GFriend
2024-06-17 17:36:05.870 [D] ?::?::Checking : Program Manager
2024-06-17 17:36:05.870 [D] ?::?::Null return
2024-06-17 17:36:06.376 [D] ?::?::Checking : 
2024-06-17 17:36:06.376 [D] ?::?::Checking : 
2024-06-17 17:36:06.376 [D] ?::?::Checking : YMC_PSA_CollateON.pdf - Adobe Acrobat Reader (64-bit)
2024-06-17 17:36:06.376 [D] ?::?::Checking : GFriend
2024-06-17 17:36:06.376 [D] ?::?::Checking : Program Manager
2024-06-17 17:36:06.376 [D] ?::?::Null return
2024-06-17 17:36:06.973 [T] ?::?::Keyword executed with result = Fail
2024-06-17 17:36:06.973 [T] ?::?::Line Number :27 Pass (Childpop was not displayed) is called
2024-06-17 17:36:07.004 [T] ?::?::Keyword executed with result = Pass
2024-06-17 17:36:07.025 [T] ?::?::Line Number :108 Windows.Set Toggle (SSCControl,On) is called
2024-06-17 17:36:07.025 [D] ?::?::Finding target in Nothing
2024-06-17 17:36:07.025 [D] ?::?::Missing target. Get focused
2024-06-17 17:36:07.036 [D] ?::?::Finding target in 
2024-06-17 17:36:07.052 [D] ?::?::Finding target in HP PrintSupportApp
2024-06-17 17:36:07.083 [T] ?::?::Current Toggle State : On
2024-06-17 17:36:07.099 [T] ?::?::Keyword executed with result = Pass
2024-06-17 17:36:07.099 [T] ?::?::Line Number :109 Windows.Capture Screen Shot(Collate-ON.jpg) is called
2024-06-17 17:36:07.193 [T] ?::?::Keyword executed with result = Pass
2024-06-17 17:36:07.208 [T] ?::?::Line Number :110 Sleep(5) is called
2024-06-17 17:36:12.231 [T] ?::?::Keyword executed with result = Pass
2024-06-17 17:36:12.238 [T] ?::?::Line Number :111 Hallasan.Confirm is called
2024-06-17 17:36:12.238 [D] ?::?::Finding target in Nothing
2024-06-17 17:36:12.238 [D] ?::?::Missing target. Get focused
2024-06-17 17:36:12.238 [D] ?::?::Finding target in 
2024-06-17 17:36:12.263 [D] ?::?::Finding target in HP PrintSupportApp
2024-06-17 17:36:12.310 [T] ?::?::Selected element name : OK
2024-06-17 17:36:12.310 [T] ?::?::Invoke Pattern
2024-06-17 17:36:12.310 [D] ?::?::UI Automation Event : InvokePatternIdentifiers.InvokedEvent
2024-06-17 17:36:12.498 [T] ?::?::Keyword executed with result = Pass
2024-06-17 17:36:12.514 [T] ?::?::Line Number :112 Sleep(5) is called
2024-06-17 17:36:17.555 [T] ?::?::Keyword executed with result = Pass
2024-06-17 17:36:17.571 [T] ?::?::Line Number :113 Click_Print_Button.Print is called
2024-06-17 17:36:17.602 [T] ?::?::Line Number :8 Hallasan.Click Print Button is called
2024-06-17 17:36:19.618 [D] ?::?::Finding target in Nothing
2024-06-17 17:36:19.618 [D] ?::?::Missing target. Get focused
2024-06-17 17:36:19.618 [D] ?::?::Finding target in 
2024-06-17 17:36:19.634 [D] ?::?::Finding target in YMC_PSA_CollateON.pdf - Adobe Acrobat Reader (64-bit)
2024-06-17 17:36:19.665 [T] ?::?::Invoke Pattern
2024-06-17 17:36:19.681 [D] ?::?::UI Automation Event : InvokePatternIdentifiers.InvokedEvent
2024-06-17 17:36:19.696 [T] ?::?::Keyword executed with result = Pass
2024-06-17 17:36:19.696 [T] ?::?::Line Number :9 Sleep(10) is called
2024-06-17 17:36:29.730 [T] ?::?::Keyword executed with result = Pass
2024-06-17 17:36:29.730 [T] ?::?::Line Number :0 If :  Hallasan.Close Application is called
2024-06-17 17:36:29.761 [T] ?::?::Keyword executed with result = Pass
2024-06-17 17:36:29.777 [T] ?::?::Line Number :23 Sleep(10) is called
2024-06-17 17:36:39.804 [T] ?::?::Keyword executed with result = Pass
2024-06-17 17:36:39.820 [T] ?::?::Line Number :114 Destination_Selection_PSA_Application.PT Value_Collated is called
2024-06-17 17:36:39.851 [T] ?::?::Line Number :352 XML.Load From File (C:\temp\H_JobSetup_OutPT.xml) is called
2024-06-17 17:36:39.867 [T] ?::?::Keyword executed with result = Pass
2024-06-17 17:36:39.883 [T] ?::?::Line Number :353 XML.Get Attribute (${value},//*[@name='psk:DocumentCollate']/psf:Option,name) is called
2024-06-17 17:36:39.914 [T] ?::?::Keyword executed with result = Pass
2024-06-17 17:36:39.919 [T] ?::?::Line Number :354 Equals (${value},psk:Collated) is called
2024-06-17 17:36:39.946 [T] ?::?::Keyword executed with result = Pass
2024-06-17 17:36:39.946 [T] ?::?::Line Number :355 XML.Get Attribute (${value},//*[@name='ns0000:JobTelemetryUserOption']/psf:Option,name) is called
2024-06-17 17:36:39.961 [T] ?::?::Keyword executed with result = Pass
2024-06-17 17:36:39.961 [T] ?::?::Line Number :356 Equals (${value},ns0000:OptIn) is called
2024-06-17 17:36:39.992 [T] ?::?::Keyword executed with result = Pass
2024-06-17 17:36:39.992 [T] ?::?::Line Number :357 Run Command(cmd /c copy c:\temp\H_JobSetup_OutPT.xml "${OUTPUT_FOLDER}",${commandOutput},5) is called
2024-06-17 17:36:40.024 [T] ?::?::Keyword executed with result = Pass
2024-06-17 17:36:40.087 [T] ?::?::Line Number :121 Destination_Selection_PSA_Application.Destination Selection_Collate_Off is called
2024-06-17 17:36:40.119 [T] ?::?::Line Number :363 Hallasan.Open File For Print (C:\GFriend_PotG\Potg_Driver\PotG Testfile\PSA\YMC_PSA_CollateOFF.pdf,HP_PrintSupport_App) is called
2024-06-17 17:36:40.119 [T] ?::?::Open Acrobat Reader
2024-06-17 17:36:42.157 [T] ?::?::Process is started with C:\GFriend_PotG\Potg_Driver\PotG Testfile\PSA\YMC_PSA_CollateOFF.pdf and Process Id is 4888
2024-06-17 17:36:52.171 [T] ?::?::Current focused process id : 20144
2024-06-17 17:36:52.171 [D] ?::?::Finding target in 
2024-06-17 17:36:52.186 [T] ?::?::Get Acrobat Reader
2024-06-17 17:36:52.186 [D] ?::?::Finding target in 
2024-06-17 17:36:54.283 [D] ?::?::Get Print Dialog
2024-06-17 17:36:59.291 [D] ?::?::Finding target in YMC_PSA_CollateOFF.pdf - Adobe Acrobat Reader (64-bit)
2024-06-17 17:36:59.291 [D] ?::?::Select printer combobox
2024-06-17 17:36:59.306 [D] ?::?::Finding target in 
2024-06-17 17:36:59.306 [T] ?::?::Expand/Collapse Pattern
2024-06-17 17:36:59.306 [T] ?::?::Expand
2024-06-17 17:36:59.495 [D] ?::?::Printer select
2024-06-17 17:36:59.495 [D] ?::?::Finding target in Printer:
2024-06-17 17:36:59.495 [T] ?::?::Select Pattern
2024-06-17 17:37:02.548 [D] ?::?::Finding printer properties
2024-06-17 17:37:02.548 [D] ?::?::Finding target in 
2024-06-17 17:37:02.564 [D] ?::?::Properties element is null? : False
2024-06-17 17:37:02.564 [T] ?::?::Invoke Pattern
2024-06-17 17:37:02.611 [D] ?::?::UI Automation Event : InvokePatternIdentifiers.InvokedEvent
2024-06-17 17:37:12.617 [T] ?::?::Keyword executed with result = Pass
2024-06-17 17:37:12.617 [T] ?::?::Line Number :364 Windows.Wait For Name (HP_PrintSupport_App,30) is called
2024-06-17 17:37:12.617 [D] ?::?::Finding target in YMC_PSA_CollateOFF.pdf - Adobe Acrobat Reader (64-bit)
2024-06-17 17:37:12.633 [T] ?::?::Keyword executed with result = Pass
2024-06-17 17:37:12.649 [T] ?::?::Line Number :365 Sleep(6) is called
2024-06-17 17:37:18.679 [T] ?::?::Keyword executed with result = Pass
2024-06-17 17:37:18.695 [T] ?::?::Line Number :122 Used_Destination_Selection_Function.not Used Destination Selection Function is called
2024-06-17 17:37:18.742 [T] ?::?::Line Number :123 Destination_Selection_PSA_Application.Expections_Error is called
2024-06-17 17:37:18.779 [T] ?::?::Line Number :11 Windows.Capture Full Screen (SS) is called
2024-06-17 17:37:18.852 [T] ?::?::Keyword executed with result = Pass
2024-06-17 17:37:18.852 [T] ?::?::Line Number :0 If :  Windows.Select Child Window With Title (HP_PrintSupport_App,5) is called
2024-06-17 17:37:18.852 [D] ?::?::Finding target in YMC_PSA_CollateOFF.pdf - Adobe Acrobat Reader (64-bit)
2024-06-17 17:37:19.434 [D] ?::?::Finding target in YMC_PSA_CollateOFF.pdf - Adobe Acrobat Reader (64-bit)
2024-06-17 17:37:20.001 [D] ?::?::Finding target in YMC_PSA_CollateOFF.pdf - Adobe Acrobat Reader (64-bit)
2024-06-17 17:37:20.569 [D] ?::?::Finding target in YMC_PSA_CollateOFF.pdf - Adobe Acrobat Reader (64-bit)
2024-06-17 17:37:21.137 [D] ?::?::Finding target in YMC_PSA_CollateOFF.pdf - Adobe Acrobat Reader (64-bit)
2024-06-17 17:37:21.704 [D] ?::?::Finding target in YMC_PSA_CollateOFF.pdf - Adobe Acrobat Reader (64-bit)
2024-06-17 17:37:22.273 [D] ?::?::Finding target in YMC_PSA_CollateOFF.pdf - Adobe Acrobat Reader (64-bit)
2024-06-17 17:37:22.855 [D] ?::?::Finding target in YMC_PSA_CollateOFF.pdf - Adobe Acrobat Reader (64-bit)
2024-06-17 17:37:23.422 [D] ?::?::Finding target in YMC_PSA_CollateOFF.pdf - Adobe Acrobat Reader (64-bit)
2024-06-17 17:37:24.069 [T] ?::?::Keyword executed with result = Fail
2024-06-17 17:37:24.069 [T] ?::?::Line Number :18 Pass (Childpop was not displayed) is called
2024-06-17 17:37:24.084 [T] ?::?::Keyword executed with result = Pass
2024-06-17 17:37:24.100 [T] ?::?::Line Number :20 Windows.Capture Full Screen (SSS) is called
2024-06-17 17:37:24.178 [T] ?::?::Keyword executed with result = Pass
2024-06-17 17:37:24.178 [T] ?::?::Line Number :0 If :  Windows.Select Application (HP_PrintSupport_App,5) is called
2024-06-17 17:37:24.194 [D] ?::?::Checking : 
2024-06-17 17:37:24.194 [D] ?::?::Checking : 
2024-06-17 17:37:24.194 [D] ?::?::Checking : YMC_PSA_CollateOFF.pdf - Adobe Acrobat Reader (64-bit)
2024-06-17 17:37:24.210 [D] ?::?::Checking : GFriend
2024-06-17 17:37:24.210 [D] ?::?::Checking : Program Manager
2024-06-17 17:37:24.210 [D] ?::?::Null return
2024-06-17 17:37:24.729 [D] ?::?::Checking : 
2024-06-17 17:37:24.729 [D] ?::?::Checking : 
2024-06-17 17:37:24.729 [D] ?::?::Checking : YMC_PSA_CollateOFF.pdf - Adobe Acrobat Reader (64-bit)
2024-06-17 17:37:24.729 [D] ?::?::Checking : GFriend
2024-06-17 17:37:24.729 [D] ?::?::Checking : Program Manager
2024-06-17 17:37:24.729 [D] ?::?::Null return
2024-06-17 17:37:25.251 [D] ?::?::Checking : 
2024-06-17 17:37:25.251 [D] ?::?::Checking : 
2024-06-17 17:37:25.251 [D] ?::?::Checking : YMC_PSA_CollateOFF.pdf - Adobe Acrobat Reader (64-bit)
2024-06-17 17:37:25.251 [D] ?::?::Checking : GFriend
2024-06-17 17:37:25.251 [D] ?::?::Checking : Program Manager
2024-06-17 17:37:25.251 [D] ?::?::Null return
2024-06-17 17:37:25.774 [D] ?::?::Checking : 
2024-06-17 17:37:25.774 [D] ?::?::Checking : 
2024-06-17 17:37:25.774 [D] ?::?::Checking : YMC_PSA_CollateOFF.pdf - Adobe Acrobat Reader (64-bit)
2024-06-17 17:37:25.774 [D] ?::?::Checking : GFriend
2024-06-17 17:37:25.774 [D] ?::?::Checking : Program Manager
2024-06-17 17:37:25.774 [D] ?::?::Null return
2024-06-17 17:37:26.294 [D] ?::?::Checking : 
2024-06-17 17:37:26.294 [D] ?::?::Checking : 
2024-06-17 17:37:26.294 [D] ?::?::Checking : YMC_PSA_CollateOFF.pdf - Adobe Acrobat Reader (64-bit)
2024-06-17 17:37:26.294 [D] ?::?::Checking : GFriend
2024-06-17 17:37:26.294 [D] ?::?::Checking : Program Manager
2024-06-17 17:37:26.294 [D] ?::?::Null return
2024-06-17 17:37:26.813 [D] ?::?::Checking : 
2024-06-17 17:37:26.813 [D] ?::?::Checking : 
2024-06-17 17:37:26.813 [D] ?::?::Checking : YMC_PSA_CollateOFF.pdf - Adobe Acrobat Reader (64-bit)
2024-06-17 17:37:26.813 [D] ?::?::Checking : GFriend
2024-06-17 17:37:26.813 [D] ?::?::Checking : Program Manager
2024-06-17 17:37:26.813 [D] ?::?::Null return
2024-06-17 17:37:27.335 [D] ?::?::Checking : 
2024-06-17 17:37:27.335 [D] ?::?::Checking : 
2024-06-17 17:37:27.335 [D] ?::?::Checking : YMC_PSA_CollateOFF.pdf - Adobe Acrobat Reader (64-bit)
2024-06-17 17:37:27.335 [D] ?::?::Checking : GFriend
2024-06-17 17:37:27.335 [D] ?::?::Checking : Program Manager
2024-06-17 17:37:27.335 [D] ?::?::Null return
2024-06-17 17:37:27.854 [D] ?::?::Checking : 
2024-06-17 17:37:27.854 [D] ?::?::Checking : 
2024-06-17 17:37:27.854 [D] ?::?::Checking : YMC_PSA_CollateOFF.pdf - Adobe Acrobat Reader (64-bit)
2024-06-17 17:37:27.859 [D] ?::?::Checking : GFriend
2024-06-17 17:37:27.859 [D] ?::?::Checking : Program Manager
2024-06-17 17:37:27.859 [D] ?::?::Null return
2024-06-17 17:37:28.376 [D] ?::?::Checking : 
2024-06-17 17:37:28.376 [D] ?::?::Checking : 
2024-06-17 17:37:28.376 [D] ?::?::Checking : YMC_PSA_CollateOFF.pdf - Adobe Acrobat Reader (64-bit)
2024-06-17 17:37:28.376 [D] ?::?::Checking : GFriend
2024-06-17 17:37:28.376 [D] ?::?::Checking : Program Manager
2024-06-17 17:37:28.376 [D] ?::?::Null return
2024-06-17 17:37:28.895 [D] ?::?::Checking : 
2024-06-17 17:37:28.895 [D] ?::?::Checking : 
2024-06-17 17:37:28.895 [D] ?::?::Checking : YMC_PSA_CollateOFF.pdf - Adobe Acrobat Reader (64-bit)
2024-06-17 17:37:28.895 [D] ?::?::Checking : GFriend
2024-06-17 17:37:28.895 [D] ?::?::Checking : Program Manager
2024-06-17 17:37:28.895 [D] ?::?::Null return
2024-06-17 17:37:29.494 [T] ?::?::Keyword executed with result = Fail
2024-06-17 17:37:29.494 [T] ?::?::Line Number :27 Pass (Childpop was not displayed) is called
2024-06-17 17:37:29.509 [T] ?::?::Keyword executed with result = Pass
2024-06-17 17:37:29.540 [T] ?::?::Line Number :124 Windows.Set Toggle (SSCControl,Off) is called
2024-06-17 17:37:29.540 [D] ?::?::Finding target in Nothing
2024-06-17 17:37:29.540 [D] ?::?::Missing target. Get focused
2024-06-17 17:37:29.540 [D] ?::?::Finding target in 
2024-06-17 17:37:29.563 [D] ?::?::Finding target in HP PrintSupportApp
2024-06-17 17:37:29.588 [T] ?::?::Current Toggle State : On
2024-06-17 17:37:29.682 [T] ?::?::Keyword executed with result = Pass
2024-06-17 17:37:29.682 [T] ?::?::Line Number :125 Windows.Capture Screen Shot(Collate-Off.jpg) is called
2024-06-17 17:37:29.776 [T] ?::?::Keyword executed with result = Pass
2024-06-17 17:37:29.776 [T] ?::?::Line Number :126 Sleep(5) is called
2024-06-17 17:37:34.801 [T] ?::?::Keyword executed with result = Pass
2024-06-17 17:37:34.801 [T] ?::?::Line Number :127 Hallasan.Confirm is called
2024-06-17 17:37:34.801 [D] ?::?::Finding target in Nothing
2024-06-17 17:37:34.801 [D] ?::?::Missing target. Get focused
2024-06-17 17:37:34.801 [D] ?::?::Finding target in 
2024-06-17 17:37:34.816 [D] ?::?::Finding target in HP PrintSupportApp
2024-06-17 17:37:34.871 [T] ?::?::Selected element name : OK
2024-06-17 17:37:34.871 [T] ?::?::Invoke Pattern
2024-06-17 17:37:34.879 [D] ?::?::UI Automation Event : InvokePatternIdentifiers.InvokedEvent
2024-06-17 17:37:35.051 [T] ?::?::Keyword executed with result = Pass
2024-06-17 17:37:35.067 [T] ?::?::Line Number :128 Sleep(5) is called
2024-06-17 17:37:40.090 [T] ?::?::Keyword executed with result = Pass
2024-06-17 17:37:40.090 [T] ?::?::Line Number :129 Click_Print_Button.Print is called
2024-06-17 17:37:40.137 [T] ?::?::Line Number :8 Hallasan.Click Print Button is called
2024-06-17 17:37:42.152 [D] ?::?::Finding target in Nothing
2024-06-17 17:37:42.152 [D] ?::?::Missing target. Get focused
2024-06-17 17:37:42.153 [D] ?::?::Finding target in 
2024-06-17 17:37:42.153 [D] ?::?::Finding target in YMC_PSA_CollateOFF.pdf - Adobe Acrobat Reader (64-bit)
2024-06-17 17:37:42.200 [T] ?::?::Invoke Pattern
2024-06-17 17:37:42.215 [D] ?::?::UI Automation Event : InvokePatternIdentifiers.InvokedEvent
2024-06-17 17:37:42.231 [T] ?::?::Keyword executed with result = Pass
2024-06-17 17:37:42.231 [T] ?::?::Line Number :9 Sleep(10) is called
2024-06-17 17:37:52.266 [T] ?::?::Keyword executed with result = Pass
2024-06-17 17:37:52.266 [T] ?::?::Line Number :0 If :  Hallasan.Close Application is called
2024-06-17 17:37:52.281 [T] ?::?::Keyword executed with result = Pass
2024-06-17 17:37:52.297 [T] ?::?::Line Number :23 Sleep(10) is called
2024-06-17 17:38:02.323 [T] ?::?::Keyword executed with result = Pass
2024-06-17 17:38:02.338 [T] ?::?::Line Number :130 Destination_Selection_PSA_Application.PT Value_UnCollated is called
2024-06-17 17:38:02.370 [T] ?::?::Line Number :371 XML.Load From File (C:\temp\H_JobSetup_OutPT.xml) is called
2024-06-17 17:38:02.385 [T] ?::?::Keyword executed with result = Pass
2024-06-17 17:38:02.401 [T] ?::?::Line Number :372 XML.Get Attribute (${value},//*[@name='psk:DocumentCollate']/psf:Option,name) is called
2024-06-17 17:38:02.417 [T] ?::?::Keyword executed with result = Pass
2024-06-17 17:38:02.439 [T] ?::?::Line Number :373 Equals (${value},psk:Collated) is called
2024-06-17 17:38:02.448 [T] ?::?::Keyword executed with result = Pass
2024-06-17 17:38:02.464 [T] ?::?::Line Number :374 XML.Get Attribute (${value},//*[@name='ns0000:JobTelemetryUserOption']/psf:Option,name) is called
2024-06-17 17:38:02.479 [T] ?::?::Keyword executed with result = Pass
2024-06-17 17:38:02.495 [T] ?::?::Line Number :375 Equals (${value},ns0000:OptIn) is called
2024-06-17 17:38:02.511 [T] ?::?::Keyword executed with result = Pass
2024-06-17 17:38:02.526 [T] ?::?::Line Number :376 Run Command(cmd /c copy c:\temp\H_JobSetup_OutPT.xml "${OUTPUT_FOLDER}",${commandOutput},5) is called
2024-06-17 17:38:02.636 [T] ?::?::Keyword executed with result = Pass
