<?xml version="1.0" encoding="UTF-8"?>
<TestSuite Name="Sand">
  <StartTime>
2023-02-27 18:03:05
</StartTime>
  <TestCase Name="28.Pages per Sheet:6UP_BottomRight_Boder">
    <StartTime>
2023-02-27 18:03:05
</StartTime>
    <Repeat RepeatCount="1">
      <StartTime>
2023-02-27 18:03:05
</StartTime>
      <Loop LoopCount="1">
        <StartTime>
2023-02-27 18:03:05
</StartTime>
        <Statement StatementName="Destination_Selection_Application.Destination Selection_6UP_BottomRight_Boder">
          <StartTime>
2023-02-27 18:03:05
</StartTime>
          <StartTime>
2023-02-27 18:03:05
</StartTime>
          <Statement StatementName="Hallasan.Open File For Print (C:\GFriend_PotG\Potg_Driver\PotG Testfile\YMC_6UP_BottomRight_Boder.pdf,HP Smart Printing)">
            <StartTime>
2023-02-27 18:03:05
</StartTime>
            <Result>
Error
</Result>
            <ErrorDescription>
Unexpected exception
</ErrorDescription>
            <AdditionalInfo>
System.Reflection.TargetInvocationException: Exception has been thrown by the target of an invocation. ---&gt; System.NullReferenceException: Object reference not set to an instance of an object.
   at HP.GFriend.Utils.UIAManaged.ApplicationUtilsManaged.OpenAcrobatReader(String filePath, String printerName, WindowsManaged windowsController) in C:\Jenkins\workspace\Build_And_Release_GFriend_Official\GFUtils\UIAManaged\ApplicationUtilsManaged.cs:line 37
   at HP.GFriend.Keywords.ApplicationUtils.OpenAcrobatReader(String filePath, String printerName, Windows windowsController) in C:\Jenkins\workspace\Build_And_Release_GFriend_Official\GFLibraries\GFK.Windows\ApplicationUtils.cs:line 292
   --- End of inner exception stack trace ---
   at System.RuntimeMethodHandle.InvokeMethod(Object target, Object[] arguments, Signature sig, Boolean constructor)
   at System.Reflection.RuntimeMethodInfo.UnsafeInvokeInternal(Object obj, Object[] parameters, Object[] arguments)
   at System.Reflection.RuntimeMethodInfo.Invoke(Object obj, BindingFlags invokeAttr, Binder binder, Object[] parameters, CultureInfo culture)
   at System.RuntimeType.InvokeMember(String name, BindingFlags bindingFlags, Binder binder, Object target, Object[] providedArgs, ParameterModifier[] modifiers, CultureInfo culture, String[] namedParams)
   at HP.GFriend.Core.Execution.Executor.Execute(Statement aStatement, TestDataManager testDataManager, Int32 repeat, Int32 stackLevel, Dictionary`2 arguments)
</AdditionalInfo>
            <EndTime>
2023-02-27 18:03:33
</EndTime>
          </Statement>
          <Statement StatementName="Windows.Wait For Name (HP Smart Printing,30)">
            <StartTime>
2023-02-27 18:03:33
</StartTime>
            <Result>
Fail
</Result>
            <ErrorDescription>
Can not find element with given name : HP Smart Printing
</ErrorDescription>
            <ScreenShot>
.\Windows_Screenshot_230227_18040329.png
</ScreenShot>
            <EndTime>
2023-02-27 18:04:03
</EndTime>
          </Statement>
          <Statement StatementName="Sleep(6)">
            <StartTime>
2023-02-27 18:04:03
</StartTime>
            <Result>
Pass
</Result>
            <EndTime>
2023-02-27 18:04:09
</EndTime>
          </Statement>
          <Result>
Fail
</Result>
          <EndTime>
2023-02-27 18:04:09
</EndTime>
          <Result>
Fail
</Result>
          <EndTime>
2023-02-27 18:04:09
</EndTime>
        </Statement>
        <Statement StatementName="Used_Destination_Selection_Function.not Used Destination Selection Function">
          <StartTime>
2023-02-27 18:04:09
</StartTime>
          <StartTime>
2023-02-27 18:04:09
</StartTime>
          <Result>
Pass
</Result>
          <EndTime>
2023-02-27 18:04:09
</EndTime>
          <Result>
Pass
</Result>
          <EndTime>
2023-02-27 18:04:09
</EndTime>
        </Statement>
        <Statement StatementName="Hallasan.Set Combobox (Part.DocumentNUp,Option.6)">
          <StartTime>
2023-02-27 18:04:09
</StartTime>
          <Result>
Fail
</Result>
          <ErrorDescription>
Can not find combobox : Part.DocumentNUp
</ErrorDescription>
          <EndTime>
2023-02-27 18:04:11
</EndTime>
        </Statement>
        <Statement StatementName="Hallasan.Set Combobox (Part.PresentationDirection,Option.BottomRight)">
          <StartTime>
2023-02-27 18:04:11
</StartTime>
          <Result>
Fail
</Result>
          <ErrorDescription>
Can not find combobox : Part.PresentationDirection
</ErrorDescription>
          <EndTime>
2023-02-27 18:04:13
</EndTime>
        </Statement>
        <Statement StatementName="Hallasan.Set Toggle(Part.NUpBorders,On)">
          <StartTime>
2023-02-27 18:04:13
</StartTime>
          <Result>
Error
</Result>
          <ErrorDescription>
Error during Toggle
</ErrorDescription>
          <AdditionalInfo>
System.NullReferenceException: Object reference not set to an instance of an object.
   at HP.GFriend.Keywords.Windows.SetToggle(String toggleAutomationID, String toggleOnOff) in C:\Jenkins\workspace\Build_And_Release_GFriend_Official\GFLibraries\GFK.Windows\Windows.cs:line 2329
</AdditionalInfo>
          <EndTime>
2023-02-27 18:04:15
</EndTime>
        </Statement>
        <Statement StatementName="Windows.Capture Screen Shot(Capture.jpg)">
          <StartTime>
2023-02-27 18:04:15
</StartTime>
          <Result>
Pass
</Result>
          <ScreenShot>
.\Windows_Screenshot_230227_18041549.png
</ScreenShot>
          <EndTime>
2023-02-27 18:04:15
</EndTime>
        </Statement>
        <Statement StatementName="Sleep(5)">
          <StartTime>
2023-02-27 18:04:15
</StartTime>
          <Result>
Pass
</Result>
          <EndTime>
2023-02-27 18:04:20
</EndTime>
        </Statement>
        <Statement StatementName="Hallasan.Confirm">
          <StartTime>
2023-02-27 18:04:20
</StartTime>
          <Result>
Fail
</Result>
          <ErrorDescription>
Can not find element with given automation ID : App.OK
</ErrorDescription>
          <ScreenShot>
.\Hallasan_Screenshot_230227_18042361.png
</ScreenShot>
          <EndTime>
2023-02-27 18:04:23
</EndTime>
        </Statement>
        <Statement StatementName="Sleep(5)">
          <StartTime>
2023-02-27 18:04:23
</StartTime>
          <Result>
Pass
</Result>
          <EndTime>
2023-02-27 18:04:28
</EndTime>
        </Statement>
        <Statement StatementName="Click_Print_Button.Print">
          <StartTime>
2023-02-27 18:04:28
</StartTime>
          <StartTime>
2023-02-27 18:04:28
</StartTime>
          <Statement StatementName="Hallasan.Click Print Button">
            <StartTime>
2023-02-27 18:04:28
</StartTime>
          </Statement>
        </Statement>
      </Loop>
    </Repeat>
  </TestCase>
</TestSuite>