<?xml version="1.0" encoding="UTF-8"?>
<TestSuite Name="PSA_DragonFly">
  <StartTime>
2024-06-19 11:01:53
</StartTime>
  <TestCase Name="3.Preset-Label">
    <StartTime>
2024-06-19 11:01:53
</StartTime>
    <Statement StatementName="Destination_Selection_PSA_Application.Destination Selection_Labels_PSA">
      <StartTime>
2024-06-19 11:01:53
</StartTime>
      <StartTime>
2024-06-19 11:01:53
</StartTime>
      <Statement StatementName="Hallasan.Open File For Print (C:\GFriend_PotG\Potg_Driver\PotG Testfile\PSA\YMC_PSA_LABELS.pdf,HP_PrintSupport_App)">
        <StartTime>
2024-06-19 11:01:53
</StartTime>
        <Result>
Fail
</Result>
        <ErrorDescription>
Fail to get control
</ErrorDescription>
        <ScreenShot>
.\Hallasan_Screenshot_240619_11021180.png
</ScreenShot>
        <EndTime>
2024-06-19 11:02:11
</EndTime>
      </Statement>
      <Statement StatementName="Windows.Wait For Name (HP_PrintSupport_App,30)">
        <StartTime>
2024-06-19 11:02:11
</StartTime>
        <Result>
Fail
</Result>
        <ErrorDescription>
Can not find element with given name : HP_PrintSupport_App
</ErrorDescription>
        <ScreenShot>
.\Windows_Screenshot_240619_11024225.png
</ScreenShot>
        <EndTime>
2024-06-19 11:02:42
</EndTime>
      </Statement>
      <Statement StatementName="Sleep(6)">
        <StartTime>
2024-06-19 11:02:42
</StartTime>
        <Result>
Pass
</Result>
        <EndTime>
2024-06-19 11:02:48
</EndTime>
      </Statement>
      <Result>
FAIL
</Result>
      <EndTime>
2024-06-19 11:02:48
</EndTime>
      <Result>
Fail
</Result>
      <EndTime>
2024-06-19 11:02:48
</EndTime>
    </Statement>
    <Statement StatementName="Used_Destination_Selection_Function.not Used Destination Selection Function">
      <StartTime>
2024-06-19 11:02:48
</StartTime>
      <StartTime>
2024-06-19 11:02:48
</StartTime>
      <Result>
PASS
</Result>
      <EndTime>
2024-06-19 11:02:48
</EndTime>
      <Result>
Pass
</Result>
      <EndTime>
2024-06-19 11:02:48
</EndTime>
    </Statement>
    <Statement StatementName="Destination_Selection_PSA_Application.Expections_Error">
      <StartTime>
2024-06-19 11:02:48
</StartTime>
      <StartTime>
2024-06-19 11:02:48
</StartTime>
      <Statement StatementName="Windows.Capture Full Screen (SS)">
        <StartTime>
2024-06-19 11:02:48
</StartTime>
        <Result>
Pass
</Result>
        <ScreenShot>
.\Windows_Screenshot_240619_11024834.png
</ScreenShot>
        <EndTime>
2024-06-19 11:02:48
</EndTime>
      </Statement>
      <If Condition=" Windows.Select Child Window With Title (HP_PrintSupport_App,5)">
        <StartTime>
2024-06-19 11:02:48
</StartTime>
        <ConditionResult>
FAIL
</ConditionResult>
        <ErrorDescription>
Can not find target application
</ErrorDescription>
        <ScreenShot>
.\Windows_Screenshot_240619_11025394.png
</ScreenShot>
        <StatementBlock Kind="FAIL">
          <StartTime>
2024-06-19 11:02:53
</StartTime>
          <Block>
            <StartTime>
2024-06-19 11:02:53
</StartTime>
            <Statement StatementName="Pass (Childpop was not displayed)">
              <StartTime>
2024-06-19 11:02:53
</StartTime>
              <Result>
Pass
</Result>
              <Output>
Childpop was not displayed
</Output>
              <EndTime>
2024-06-19 11:02:53
</EndTime>
            </Statement>
            <Result>
PASS
</Result>
            <EndTime>
2024-06-19 11:02:53
</EndTime>
          </Block>
          <EndTime>
2024-06-19 11:02:53
</EndTime>
          <Result>
PASS
</Result>
        </StatementBlock>
        <Result>
PASS
</Result>
        <EndTime>
2024-06-19 11:02:53
</EndTime>
      </If>
      <Statement StatementName="Windows.Capture Full Screen (SSS)">
        <StartTime>
2024-06-19 11:02:53
</StartTime>
        <Result>
Pass
</Result>
        <ScreenShot>
.\Windows_Screenshot_240619_11025403.png
</ScreenShot>
        <EndTime>
2024-06-19 11:02:54
</EndTime>
      </Statement>
      <If Condition=" Windows.Select Application (HP_PrintSupport_App,5)">
        <StartTime>
2024-06-19 11:02:54
</StartTime>
        <ConditionResult>
FAIL
</ConditionResult>
        <ErrorDescription>
Can not find target application
</ErrorDescription>
        <ScreenShot>
.\Windows_Screenshot_240619_11025935.png
</ScreenShot>
        <StatementBlock Kind="FAIL">
          <StartTime>
2024-06-19 11:02:59
</StartTime>
          <Block>
            <StartTime>
2024-06-19 11:02:59
</StartTime>
            <Statement StatementName="Pass (Childpop was not displayed)">
              <StartTime>
2024-06-19 11:02:59
</StartTime>
              <Result>
Pass
</Result>
              <Output>
Childpop was not displayed
</Output>
              <EndTime>
2024-06-19 11:02:59
</EndTime>
            </Statement>
            <Result>
PASS
</Result>
            <EndTime>
2024-06-19 11:02:59
</EndTime>
          </Block>
          <EndTime>
2024-06-19 11:02:59
</EndTime>
          <Result>
PASS
</Result>
        </StatementBlock>
        <Result>
PASS
</Result>
        <EndTime>
2024-06-19 11:02:59
</EndTime>
      </If>
      <Result>
PASS
</Result>
      <EndTime>
2024-06-19 11:02:59
</EndTime>
      <Result>
Pass
</Result>
      <EndTime>
2024-06-19 11:02:59
</EndTime>
    </Statement>
    <Statement StatementName="Windows.Wait For ID (ui_Preset_Combo,5)">
      <StartTime>
2024-06-19 11:02:59
</StartTime>
      <Result>
Fail
</Result>
      <ErrorDescription>
Can not find element with given automation ID : ui_Preset_Combo
</ErrorDescription>
      <ScreenShot>
.\Windows_Screenshot_240619_11030489.png
</ScreenShot>
      <EndTime>
2024-06-19 11:03:04
</EndTime>
    </Statement>
    <Statement StatementName="Windows.Click ID With Mouse (ui_Preset_Combo)">
      <StartTime>
2024-06-19 11:03:04
</StartTime>
      <Result>
Fail
</Result>
      <ErrorDescription>
Can not find element with given automation ID : ui_Preset_Combo
</ErrorDescription>
      <ScreenShot>
.\Windows_Screenshot_240619_11030839.png
</ScreenShot>
      <EndTime>
2024-06-19 11:03:08
</EndTime>
    </Statement>
    <Statement StatementName="Windows.Wait For Name (Labels,5)">
      <StartTime>
2024-06-19 11:03:08
</StartTime>
      <Result>
Fail
</Result>
      <ErrorDescription>
Can not find element with given name : Labels
</ErrorDescription>
      <ScreenShot>
.\Windows_Screenshot_240619_11031401.png
</ScreenShot>
      <EndTime>
2024-06-19 11:03:14
</EndTime>
    </Statement>
    <Statement StatementName="Windows.Click Name (Labels)">
      <StartTime>
2024-06-19 11:03:14
</StartTime>
      <Result>
Fail
</Result>
      <ErrorDescription>
Can not find element with given Text : Labels
</ErrorDescription>
      <ScreenShot>
.\Windows_Screenshot_240619_11031758.png
</ScreenShot>
      <EndTime>
2024-06-19 11:03:17
</EndTime>
    </Statement>
    <Statement StatementName="Windows.Capture Screen Shot(Labels.jpg)">
      <StartTime>
2024-06-19 11:03:17
</StartTime>
      <Result>
Pass
</Result>
      <ScreenShot>
.\Windows_Screenshot_240619_11031765.png
</ScreenShot>
      <EndTime>
2024-06-19 11:03:17
</EndTime>
    </Statement>
    <Statement StatementName="Sleep(5)">
      <StartTime>
2024-06-19 11:03:17
</StartTime>
      <Result>
Pass
</Result>
      <EndTime>
2024-06-19 11:03:22
</EndTime>
    </Statement>
    <Statement StatementName="Hallasan.Confirm">
      <StartTime>
2024-06-19 11:03:22
</StartTime>
      <Result>
Fail
</Result>
      <ErrorDescription>
Can not find element with given automation ID : App.OK
</ErrorDescription>
      <ScreenShot>
.\Hallasan_Screenshot_240619_11032622.png
</ScreenShot>
      <EndTime>
2024-06-19 11:03:26
</EndTime>
    </Statement>
    <Statement StatementName="Sleep(5)">
      <StartTime>
2024-06-19 11:03:26
</StartTime>
      <Result>
Pass
</Result>
      <EndTime>
2024-06-19 11:03:31
</EndTime>
    </Statement>
    <Statement StatementName="Click_Print_Button.Print">
      <StartTime>
2024-06-19 11:03:31
</StartTime>
      <StartTime>
2024-06-19 11:03:31
</StartTime>
      <Statement StatementName="Hallasan.Click Print Button">
        <StartTime>
2024-06-19 11:03:31
</StartTime>
        <Result>
Error
</Result>
        <ErrorDescription>
Error during click print button
</ErrorDescription>
        <AdditionalInfo>
System.NullReferenceException: Object reference not set to an instance of an object.
   at HP.GFriend.Keywords.ApplicationUtils.ClickPrintButtonInAcrobatReader(Windows windowsController) in C:\Jenkins\workspace\Build_And_Release_GFriend_Official\GFLibraries\GFK.Windows\ApplicationUtils.cs:line 398
   at HP.GFriend.Keywords.Windows.ClickPrintButton() in C:\Jenkins\workspace\Build_And_Release_GFriend_Official\GFLibraries\GFK.Windows\Windows.cs:line 1009
</AdditionalInfo>
        <EndTime>
2024-06-19 11:03:38
</EndTime>
      </Statement>
      <Statement StatementName="Sleep(10)">
        <StartTime>
2024-06-19 11:03:38
</StartTime>
        <Result>
Pass
</Result>
        <EndTime>
2024-06-19 11:03:48
</EndTime>
      </Statement>
      <If Condition=" Hallasan.Close Application">
        <StartTime>
2024-06-19 11:03:48
</StartTime>
        <ConditionResult>
FAIL
</ConditionResult>
        <ErrorDescription>
No application to close
</ErrorDescription>
        <StatementBlock Kind="FAIL">
          <StartTime>
2024-06-19 11:03:48
</StartTime>
          <Block>
            <StartTime>
2024-06-19 11:03:48
</StartTime>
            <Result>
PASS
</Result>
            <EndTime>
2024-06-19 11:03:48
</EndTime>
          </Block>
          <EndTime>
2024-06-19 11:03:48
</EndTime>
          <Result>
PASS
</Result>
        </StatementBlock>
        <Result>
PASS
</Result>
        <EndTime>
2024-06-19 11:03:48
</EndTime>
      </If>
      <Statement StatementName="Sleep(10)">
        <StartTime>
2024-06-19 11:03:48
</StartTime>
        <Result>
Pass
</Result>
        <EndTime>
2024-06-19 11:03:58
</EndTime>
      </Statement>
      <Result>
ERROR
</Result>
      <EndTime>
2024-06-19 11:03:58
</EndTime>
      <Result>
Error
</Result>
      <EndTime>
2024-06-19 11:03:58
</EndTime>
    </Statement>
    <Statement StatementName="Destination_Selection_PSA_Application.PT Value_Label_PSA">
      <StartTime>
2024-06-19 11:03:58
</StartTime>
      <StartTime>
2024-06-19 11:03:58
</StartTime>
      <Statement StatementName="XML.Load From File (C:\temp\H_JobSetup_OutPT.xml)">
        <StartTime>
2024-06-19 11:03:58
</StartTime>
        <Result>
Pass
</Result>
        <EndTime>
2024-06-19 11:03:58
</EndTime>
      </Statement>
      <Statement StatementName="XML.Get Attribute (${value},//*[@name='psk:PageMediaType']/psf:Option,name)">
        <StartTime>
2024-06-19 11:03:58
</StartTime>
        <Result>
Pass
</Result>
        <Output>
psk:Label
</Output>
        <EndTime>
2024-06-19 11:03:58
</EndTime>
      </Statement>
      <Statement StatementName="Equals (${value},psk:Label)">
        <StartTime>
2024-06-19 11:03:58
</StartTime>
        <Result>
Pass
</Result>
        <EndTime>
2024-06-19 11:03:58
</EndTime>
      </Statement>
      <Statement StatementName="XML.Get Attribute (${value},//*[@name='ns0000:JobTelemetryUserOption']/psf:Option,name)">
        <StartTime>
2024-06-19 11:03:58
</StartTime>
        <Result>
Pass
</Result>
        <Output>
ns0000:OptIn
</Output>
        <EndTime>
2024-06-19 11:03:58
</EndTime>
      </Statement>
      <Statement StatementName="Equals (${value},ns0000:OptIn)">
        <StartTime>
2024-06-19 11:03:58
</StartTime>
        <Result>
Pass
</Result>
        <EndTime>
2024-06-19 11:03:58
</EndTime>
      </Statement>
      <Statement StatementName="Run Command(cmd /c copy c:\temp\H_JobSetup_OutPT.xml &quot;${OUTPUT_FOLDER}&quot;,${commandOutput},5)">
        <StartTime>
2024-06-19 11:03:58
</StartTime>
        <Result>
Pass
</Result>
        <Output>
        1 file(s) copied.

</Output>
        <EndTime>
2024-06-19 11:03:59
</EndTime>
      </Statement>
      <Result>
PASS
</Result>
      <EndTime>
2024-06-19 11:03:59
</EndTime>
      <Result>
Pass
</Result>
      <EndTime>
2024-06-19 11:03:59
</EndTime>
    </Statement>
    <Result>
ERROR
</Result>
    <EndTime>
2024-06-19 11:03:59
</EndTime>
  </TestCase>
  <TestCase Name="7.Collate-OFF">
    <StartTime>
2024-06-19 11:03:59
</StartTime>
    <Statement StatementName="Destination_Selection_PSA_Application.Destination Selection_Collate_Off">
      <StartTime>
2024-06-19 11:03:59
</StartTime>
      <StartTime>
2024-06-19 11:03:59
</StartTime>
      <Statement StatementName="Hallasan.Open File For Print (C:\GFriend_PotG\Potg_Driver\PotG Testfile\PSA\YMC_PSA_CollateOFF.pdf,HP_PrintSupport_App)">
        <StartTime>
2024-06-19 11:03:59
</StartTime>
        <Result>
Fail
</Result>
        <ErrorDescription>
Fail to open Printer Dialogue
</ErrorDescription>
        <EndTime>
2024-06-19 11:05:04
</EndTime>
      </Statement>
      <Statement StatementName="Windows.Wait For Name (HP_PrintSupport_App,30)">
        <StartTime>
2024-06-19 11:05:04
</StartTime>
        <Result>
Fail
</Result>
        <ErrorDescription>
Can not find element with given name : HP_PrintSupport_App
</ErrorDescription>
        <ScreenShot>
.\Windows_Screenshot_240619_11053452.png
</ScreenShot>
        <EndTime>
2024-06-19 11:05:34
</EndTime>
      </Statement>
      <Statement StatementName="Sleep(6)">
        <StartTime>
2024-06-19 11:05:34
</StartTime>
        <Result>
Pass
</Result>
        <EndTime>
2024-06-19 11:05:40
</EndTime>
      </Statement>
      <Result>
FAIL
</Result>
      <EndTime>
2024-06-19 11:05:40
</EndTime>
      <Result>
Fail
</Result>
      <EndTime>
2024-06-19 11:05:40
</EndTime>
    </Statement>
    <Statement StatementName="Used_Destination_Selection_Function.not Used Destination Selection Function">
      <StartTime>
2024-06-19 11:05:40
</StartTime>
      <StartTime>
2024-06-19 11:05:40
</StartTime>
      <Result>
PASS
</Result>
      <EndTime>
2024-06-19 11:05:40
</EndTime>
      <Result>
Pass
</Result>
      <EndTime>
2024-06-19 11:05:40
</EndTime>
    </Statement>
    <Statement StatementName="Destination_Selection_PSA_Application.Expections_Error">
      <StartTime>
2024-06-19 11:05:40
</StartTime>
      <StartTime>
2024-06-19 11:05:40
</StartTime>
      <Statement StatementName="Windows.Capture Full Screen (SS)">
        <StartTime>
2024-06-19 11:05:40
</StartTime>
        <Result>
Pass
</Result>
        <ScreenShot>
.\Windows_Screenshot_240619_11054070.png
</ScreenShot>
        <EndTime>
2024-06-19 11:05:40
</EndTime>
      </Statement>
      <If Condition="If :  Windows.Select Child Window With Title (HP_PrintSupport_App,5)">
        <StartTime>
2024-06-19 11:05:40
</StartTime>
        <ConditionResult>
FAIL
</ConditionResult>
        <ErrorDescription>
Can not find target application
</ErrorDescription>
        <ScreenShot>
.\Windows_Screenshot_240619_11054590.png
</ScreenShot>
        <StatementBlock Kind="FAIL">
          <StartTime>
2024-06-19 11:05:45
</StartTime>
          <Block>
            <StartTime>
2024-06-19 11:05:45
</StartTime>
            <Statement StatementName="Pass (Childpop was not displayed)">
              <StartTime>
2024-06-19 11:05:45
</StartTime>
              <Result>
Pass
</Result>
              <Output>
Childpop was not displayed
</Output>
              <EndTime>
2024-06-19 11:05:45
</EndTime>
            </Statement>
            <Result>
PASS
</Result>
            <EndTime>
2024-06-19 11:05:45
</EndTime>
          </Block>
          <EndTime>
2024-06-19 11:05:45
</EndTime>
          <Result>
PASS
</Result>
        </StatementBlock>
        <Result>
PASS
</Result>
        <EndTime>
2024-06-19 11:05:45
</EndTime>
      </If>
      <Statement StatementName="Windows.Capture Full Screen (SSS)">
        <StartTime>
2024-06-19 11:05:45
</StartTime>
        <Result>
Pass
</Result>
        <ScreenShot>
.\Windows_Screenshot_240619_11054598.png
</ScreenShot>
        <EndTime>
2024-06-19 11:05:46
</EndTime>
      </Statement>
      <If Condition="If :  Windows.Select Application (HP_PrintSupport_App,5)">
        <StartTime>
2024-06-19 11:05:46
</StartTime>
        <ConditionResult>
FAIL
</ConditionResult>
        <ErrorDescription>
Can not find target application
</ErrorDescription>
        <ScreenShot>
.\Windows_Screenshot_240619_11055144.png
</ScreenShot>
        <StatementBlock Kind="FAIL">
          <StartTime>
2024-06-19 11:05:51
</StartTime>
          <Block>
            <StartTime>
2024-06-19 11:05:51
</StartTime>
            <Statement StatementName="Pass (Childpop was not displayed)">
              <StartTime>
2024-06-19 11:05:51
</StartTime>
              <Result>
Pass
</Result>
              <Output>
Childpop was not displayed
</Output>
              <EndTime>
2024-06-19 11:05:51
</EndTime>
            </Statement>
            <Result>
PASS
</Result>
            <EndTime>
2024-06-19 11:05:51
</EndTime>
          </Block>
          <EndTime>
2024-06-19 11:05:51
</EndTime>
          <Result>
PASS
</Result>
        </StatementBlock>
        <Result>
PASS
</Result>
        <EndTime>
2024-06-19 11:05:51
</EndTime>
      </If>
      <Result>
PASS
</Result>
      <EndTime>
2024-06-19 11:05:51
</EndTime>
      <Result>
Pass
</Result>
      <EndTime>
2024-06-19 11:05:51
</EndTime>
    </Statement>
    <Statement StatementName="Windows.Set Toggle (SSCControl,Off)">
      <StartTime>
2024-06-19 11:05:51
</StartTime>
      <Result>
Error
</Result>
      <ErrorDescription>
Error during Toggle
</ErrorDescription>
      <AdditionalInfo>
System.NullReferenceException: Object reference not set to an instance of an object.
   at HP.GFriend.Keywords.Windows.SetToggle(String toggleAutomationID, String toggleOnOff) in C:\Jenkins\workspace\Build_And_Release_GFriend_Official\GFLibraries\GFK.Windows\Windows.cs:line 2635
</AdditionalInfo>
      <EndTime>
2024-06-19 11:05:53
</EndTime>
    </Statement>
    <Statement StatementName="Windows.Capture Screen Shot(Collate-Off.jpg)">
      <StartTime>
2024-06-19 11:05:53
</StartTime>
      <Result>
Pass
</Result>
      <ScreenShot>
.\Windows_Screenshot_240619_11055399.png
</ScreenShot>
      <EndTime>
2024-06-19 11:05:54
</EndTime>
    </Statement>
    <Statement StatementName="Sleep(5)">
      <StartTime>
2024-06-19 11:05:54
</StartTime>
      <Result>
Pass
</Result>
      <EndTime>
2024-06-19 11:05:59
</EndTime>
    </Statement>
    <Statement StatementName="Hallasan.Confirm">
      <StartTime>
2024-06-19 11:05:59
</StartTime>
      <Result>
Fail
</Result>
      <ErrorDescription>
Can not find element with given automation ID : App.OK
</ErrorDescription>
      <ScreenShot>
.\Hallasan_Screenshot_240619_11060267.png
</ScreenShot>
      <EndTime>
2024-06-19 11:06:02
</EndTime>
    </Statement>
    <Statement StatementName="Sleep(5)">
      <StartTime>
2024-06-19 11:06:02
</StartTime>
      <Result>
Pass
</Result>
      <EndTime>
2024-06-19 11:06:07
</EndTime>
    </Statement>
    <Statement StatementName="Click_Print_Button.Print">
      <StartTime>
2024-06-19 11:06:07
</StartTime>
      <StartTime>
2024-06-19 11:06:07
</StartTime>
      <Statement StatementName="Hallasan.Click Print Button">
        <StartTime>
2024-06-19 11:06:07
</StartTime>
        <Result>
Pass
</Result>
        <EndTime>
2024-06-19 11:06:09
</EndTime>
      </Statement>
      <Statement StatementName="Sleep(10)">
        <StartTime>
2024-06-19 11:06:09
</StartTime>
        <Result>
Pass
</Result>
        <EndTime>
2024-06-19 11:06:19
</EndTime>
      </Statement>
      <If Condition="If :  Hallasan.Close Application">
        <StartTime>
2024-06-19 11:06:19
</StartTime>
        <ConditionResult>
ERROR
</ConditionResult>
        <ErrorDescription>
Error during close
</ErrorDescription>
        <StatementBlock Kind="ERROR">
          <StartTime>
2024-06-19 11:06:20
</StartTime>
          <Block>
            <StartTime>
2024-06-19 11:06:20
</StartTime>
            <Result>
PASS
</Result>
            <EndTime>
2024-06-19 11:06:20
</EndTime>
          </Block>
          <EndTime>
2024-06-19 11:06:20
</EndTime>
          <Result>
PASS
</Result>
        </StatementBlock>
        <Result>
PASS
</Result>
        <EndTime>
2024-06-19 11:06:20
</EndTime>
      </If>
      <Statement StatementName="Sleep(10)">
        <StartTime>
2024-06-19 11:06:20
</StartTime>
        <Result>
Pass
</Result>
        <EndTime>
2024-06-19 11:06:30
</EndTime>
      </Statement>
      <Result>
PASS
</Result>
      <EndTime>
2024-06-19 11:06:30
</EndTime>
      <Result>
Pass
</Result>
      <EndTime>
2024-06-19 11:06:30
</EndTime>
    </Statement>
    <Statement StatementName="Destination_Selection_PSA_Application.PT Value_UnCollated">
      <StartTime>
2024-06-19 11:06:30
</StartTime>
      <StartTime>
2024-06-19 11:06:30
</StartTime>
      <Statement StatementName="XML.Load From File (C:\temp\H_JobSetup_OutPT.xml)">
        <StartTime>
2024-06-19 11:06:30
</StartTime>
        <Result>
Pass
</Result>
        <EndTime>
2024-06-19 11:06:30
</EndTime>
      </Statement>
      <Statement StatementName="XML.Get Attribute (${value},//*[@name='psk:DocumentCollate']/psf:Option,name)">
        <StartTime>
2024-06-19 11:06:30
</StartTime>
        <Result>
Pass
</Result>
        <Output>
psk:Collated
</Output>
        <EndTime>
2024-06-19 11:06:30
</EndTime>
      </Statement>
      <Statement StatementName="Equals (${value},psk:Collated)">
        <StartTime>
2024-06-19 11:06:30
</StartTime>
        <Result>
Pass
</Result>
        <EndTime>
2024-06-19 11:06:30
</EndTime>
      </Statement>
      <Statement StatementName="XML.Get Attribute (${value},//*[@name='ns0000:JobTelemetryUserOption']/psf:Option,name)">
        <StartTime>
2024-06-19 11:06:30
</StartTime>
        <Result>
Pass
</Result>
        <Output>
ns0000:OptIn
</Output>
        <EndTime>
2024-06-19 11:06:30
</EndTime>
      </Statement>
      <Statement StatementName="Equals (${value},ns0000:OptIn)">
        <StartTime>
2024-06-19 11:06:30
</StartTime>
        <Result>
Pass
</Result>
        <EndTime>
2024-06-19 11:06:30
</EndTime>
      </Statement>
      <Statement StatementName="Run Command(cmd /c copy c:\temp\H_JobSetup_OutPT.xml &quot;${OUTPUT_FOLDER}&quot;,${commandOutput},5)">
        <StartTime>
2024-06-19 11:06:30
</StartTime>
        <Result>
Pass
</Result>
        <Output>
        1 file(s) copied.

</Output>
        <EndTime>
2024-06-19 11:06:30
</EndTime>
      </Statement>
      <Result>
PASS
</Result>
      <EndTime>
2024-06-19 11:06:30
</EndTime>
      <Result>
Pass
</Result>
      <EndTime>
2024-06-19 11:06:30
</EndTime>
    </Statement>
    <Result>
FAIL
</Result>
    <EndTime>
2024-06-19 11:06:30
</EndTime>
  </TestCase>
  <EndTime>
2024-06-19 11:06:30
</EndTime>
</TestSuite>